TN:
SF:src/js/components/AgentDetailsTable.tsx
FN:16,(anonymous_2)
FN:31,(anonymous_3)
FN:51,(anonymous_4)
FN:61,(anonymous_5)
FN:74,(anonymous_6)
FN:98,(anonymous_7)
FN:118,(anonymous_8)
FN:133,(anonymous_9)
FN:155,(anonymous_10)
FN:183,(anonymous_11)
FN:188,(anonymous_12)
FN:189,(anonymous_13)
FN:202,(anonymous_14)
FN:211,(anonymous_15)
FN:213,(anonymous_16)
FN:229,(anonymous_17)
FN:243,(anonymous_18)
FN:256,(anonymous_19)
FN:281,(anonymous_20)
FN:308,(anonymous_21)
FN:329,(anonymous_22)
FN:373,(anonymous_23)
FN:388,(anonymous_24)
FN:390,(anonymous_25)
FN:407,(anonymous_26)
FN:458,(anonymous_27)
FN:464,(anonymous_28)
FN:485,(anonymous_29)
FN:498,(anonymous_30)
FN:508,(anonymous_31)
FN:523,(anonymous_32)
FN:525,(anonymous_33)
FN:542,(anonymous_34)
FN:557,(anonymous_35)
FN:570,(anonymous_36)
FN:583,(anonymous_37)
FNF:36
FNH:0
FNDA:0,(anonymous_2)
FNDA:0,(anonymous_3)
FNDA:0,(anonymous_4)
FNDA:0,(anonymous_5)
FNDA:0,(anonymous_6)
FNDA:0,(anonymous_7)
FNDA:0,(anonymous_8)
FNDA:0,(anonymous_9)
FNDA:0,(anonymous_10)
FNDA:0,(anonymous_11)
FNDA:0,(anonymous_12)
FNDA:0,(anonymous_13)
FNDA:0,(anonymous_14)
FNDA:0,(anonymous_15)
FNDA:0,(anonymous_16)
FNDA:0,(anonymous_17)
FNDA:0,(anonymous_18)
FNDA:0,(anonymous_19)
FNDA:0,(anonymous_20)
FNDA:0,(anonymous_21)
FNDA:0,(anonymous_22)
FNDA:0,(anonymous_23)
FNDA:0,(anonymous_24)
FNDA:0,(anonymous_25)
FNDA:0,(anonymous_26)
FNDA:0,(anonymous_27)
FNDA:0,(anonymous_28)
FNDA:0,(anonymous_29)
FNDA:0,(anonymous_30)
FNDA:0,(anonymous_31)
FNDA:0,(anonymous_32)
FNDA:0,(anonymous_33)
FNDA:0,(anonymous_34)
FNDA:0,(anonymous_35)
FNDA:0,(anonymous_36)
FNDA:0,(anonymous_37)
DA:1,1
DA:16,1
DA:17,0
DA:18,0
DA:26,0
DA:31,0
DA:32,0
DA:33,0
DA:36,0
DA:37,0
DA:40,0
DA:41,0
DA:44,0
DA:45,0
DA:48,0
DA:49,0
DA:52,0
DA:58,0
DA:59,0
DA:62,0
DA:71,0
DA:74,0
DA:88,0
DA:89,0
DA:91,0
DA:99,0
DA:119,0
DA:134,0
DA:156,0
DA:183,0
DA:188,0
DA:190,0
DA:202,0
DA:203,0
DA:204,0
DA:212,0
DA:214,0
DA:230,0
DA:244,0
DA:256,0
DA:271,0
DA:272,0
DA:274,0
DA:282,0
DA:309,0
DA:330,0
DA:374,0
DA:389,0
DA:391,0
DA:408,0
DA:459,0
DA:465,0
DA:466,0
DA:486,0
DA:498,0
DA:499,0
DA:501,0
DA:509,0
DA:524,0
DA:526,0
DA:543,0
DA:558,0
DA:570,0
DA:571,0
DA:573,0
DA:575,0
DA:577,0
DA:579,0
DA:581,0
DA:584,0
DA:594,0
DA:608,1
LF:72
LH:3
BRDA:17,0,0,0
BRDA:32,1,0,0
BRDA:32,2,0,0
BRDA:32,2,1,0
BRDA:36,3,0,0
BRDA:37,4,0,0
BRDA:37,4,1,0
BRDA:40,5,0,0
BRDA:44,6,0,0
BRDA:48,7,0,0
BRDA:58,8,0,0
BRDA:76,9,0,0
BRDA:94,10,0,0
BRDA:94,10,1,0
BRDA:100,11,0,0
BRDA:100,11,1,0
BRDA:102,12,0,0
BRDA:102,12,1,0
BRDA:103,13,0,0
BRDA:103,13,1,0
BRDA:104,14,0,0
BRDA:104,14,1,0
BRDA:105,15,0,0
BRDA:105,15,1,0
BRDA:114,16,0,0
BRDA:114,16,1,0
BRDA:120,17,0,0
BRDA:120,17,1,0
BRDA:129,18,0,0
BRDA:129,18,1,0
BRDA:135,19,0,0
BRDA:135,19,1,0
BRDA:144,20,0,0
BRDA:144,20,1,0
BRDA:183,21,0,0
BRDA:183,21,1,0
BRDA:183,22,0,0
BRDA:183,22,1,0
BRDA:188,23,0,0
BRDA:188,23,1,0
BRDA:203,24,0,0
BRDA:207,25,0,0
BRDA:207,25,1,0
BRDA:216,26,0,0
BRDA:216,26,1,0
BRDA:225,27,0,0
BRDA:225,27,1,0
BRDA:231,28,0,0
BRDA:231,28,1,0
BRDA:239,29,0,0
BRDA:239,29,1,0
BRDA:258,30,0,0
BRDA:259,31,0,0
BRDA:277,32,0,0
BRDA:277,32,1,0
BRDA:286,33,0,0
BRDA:286,33,1,0
BRDA:287,34,0,0
BRDA:287,34,1,0
BRDA:288,35,0,0
BRDA:288,35,1,0
BRDA:289,36,0,0
BRDA:289,36,1,0
BRDA:290,37,0,0
BRDA:290,37,1,0
BRDA:291,38,0,0
BRDA:291,38,1,0
BRDA:296,39,0,0
BRDA:296,39,1,0
BRDA:304,40,0,0
BRDA:304,40,1,0
BRDA:310,41,0,0
BRDA:310,41,1,0
BRDA:312,42,0,0
BRDA:312,42,1,0
BRDA:313,43,0,0
BRDA:313,43,1,0
BRDA:314,44,0,0
BRDA:314,44,1,0
BRDA:315,45,0,0
BRDA:315,45,1,0
BRDA:325,46,0,0
BRDA:325,46,1,0
BRDA:331,47,0,0
BRDA:331,47,1,0
BRDA:340,48,0,0
BRDA:340,48,1,0
BRDA:340,48,2,0
BRDA:344,49,0,0
BRDA:344,49,1,0
BRDA:349,50,0,0
BRDA:349,50,1,0
BRDA:359,51,0,0
BRDA:359,51,1,0
BRDA:369,52,0,0
BRDA:369,52,1,0
BRDA:384,53,0,0
BRDA:384,53,1,0
BRDA:384,53,2,0
BRDA:403,54,0,0
BRDA:403,54,1,0
BRDA:409,55,0,0
BRDA:409,55,1,0
BRDA:418,56,0,0
BRDA:418,56,1,0
BRDA:424,57,0,0
BRDA:424,57,1,0
BRDA:430,58,0,0
BRDA:430,58,1,0
BRDA:438,59,0,0
BRDA:438,59,1,0
BRDA:438,59,2,0
BRDA:441,60,0,0
BRDA:441,60,1,0
BRDA:441,61,0,0
BRDA:441,61,1,0
BRDA:441,62,0,0
BRDA:441,62,1,0
BRDA:446,63,0,0
BRDA:446,63,1,0
BRDA:446,64,0,0
BRDA:446,64,1,0
BRDA:446,64,2,0
BRDA:466,65,0,0
BRDA:466,65,1,0
BRDA:481,66,0,0
BRDA:481,66,1,0
BRDA:504,67,0,0
BRDA:504,67,1,0
BRDA:519,68,0,0
BRDA:519,68,1,0
BRDA:519,68,2,0
BRDA:538,69,0,0
BRDA:538,69,1,0
BRDA:544,70,0,0
BRDA:544,70,1,0
BRDA:553,71,0,0
BRDA:553,71,1,0
BRDA:571,72,0,0
BRDA:571,72,1,0
BRDA:571,72,2,0
BRDA:571,72,3,0
BRDA:571,72,4,0
BRF:143
BRH:0
end_of_record
TN:
SF:src/js/components/AgentLogSidebar.tsx
FN:28,(anonymous_13)
FN:37,(anonymous_14)
FN:41,(anonymous_15)
FN:42,(anonymous_16)
FN:43,(anonymous_17)
FN:46,(anonymous_18)
FN:64,(anonymous_19)
FN:67,(anonymous_20)
FN:68,(anonymous_21)
FN:69,(anonymous_22)
FN:95,(anonymous_23)
FN:112,(anonymous_24)
FN:112,(anonymous_25)
FN:113,(anonymous_26)
FN:119,(anonymous_27)
FN:126,(anonymous_28)
FN:132,(anonymous_29)
FN:141,(anonymous_30)
FN:142,(anonymous_31)
FN:147,(anonymous_32)
FN:156,(anonymous_33)
FN:167,(anonymous_34)
FN:172,(anonymous_35)
FN:185,(anonymous_36)
FN:192,(anonymous_37)
FN:198,(anonymous_38)
FN:204,(anonymous_39)
FN:205,(anonymous_40)
FN:214,(anonymous_41)
FN:233,(anonymous_42)
FN:240,(anonymous_43)
FN:244,(anonymous_44)
FN:297,(anonymous_45)
FN:358,(anonymous_46)
FNF:34
FNH:26
FNDA:1714,(anonymous_13)
FNDA:847,(anonymous_14)
FNDA:822,(anonymous_15)
FNDA:821,(anonymous_16)
FNDA:821,(anonymous_17)
FNDA:827,(anonymous_18)
FNDA:72,(anonymous_19)
FNDA:16,(anonymous_20)
FNDA:10,(anonymous_21)
FNDA:16,(anonymous_22)
FNDA:387,(anonymous_23)
FNDA:0,(anonymous_24)
FNDA:0,(anonymous_25)
FNDA:0,(anonymous_26)
FNDA:0,(anonymous_27)
FNDA:365,(anonymous_28)
FNDA:16,(anonymous_29)
FNDA:16,(anonymous_30)
FNDA:16,(anonymous_31)
FNDA:365,(anonymous_32)
FNDA:349,(anonymous_33)
FNDA:47,(anonymous_34)
FNDA:0,(anonymous_35)
FNDA:0,(anonymous_36)
FNDA:47,(anonymous_37)
FNDA:50,(anonymous_38)
FNDA:0,(anonymous_39)
FNDA:3,(anonymous_40)
FNDA:62,(anonymous_41)
FNDA:372,(anonymous_42)
FNDA:62,(anonymous_43)
FNDA:372,(anonymous_44)
FNDA:0,(anonymous_45)
FNDA:62,(anonymous_46)
DA:1,1
DA:2,1
DA:3,1
DA:28,1
DA:33,1714
DA:34,1714
DA:35,1714
DA:37,1714
DA:38,847
DA:40,837
DA:41,827
DA:42,822
DA:43,822
DA:46,827
DA:49,10
DA:52,1714
DA:55,1
DA:64,1
DA:65,72
DA:67,72
DA:68,16
DA:69,16
DA:72,72
DA:74,32
DA:95,1
DA:96,387
DA:97,387
DA:98,387
DA:99,387
DA:100,387
DA:101,387
DA:102,387
DA:103,387
DA:104,387
DA:105,387
DA:106,387
DA:107,387
DA:112,387
DA:113,0
DA:114,0
DA:116,0
DA:117,0
DA:118,0
DA:119,0
DA:120,0
DA:126,387
DA:127,365
DA:132,273
DA:133,16
DA:134,0
DA:135,0
DA:136,0
DA:138,0
DA:140,16
DA:141,16
DA:142,16
DA:143,16
DA:147,365
DA:148,365
DA:149,249
DA:150,249
DA:156,387
DA:157,349
DA:158,24
DA:159,24
DA:160,24
DA:161,24
DA:162,24
DA:167,387
DA:172,47
DA:173,0
DA:174,0
DA:176,0
DA:178,0
DA:179,0
DA:185,47
DA:186,0
DA:189,47
DA:190,47
DA:192,47
DA:193,47
DA:194,47
DA:198,387
DA:199,50
DA:200,47
DA:201,47
DA:202,3
DA:203,3
DA:204,3
DA:205,3
DA:214,387
DA:215,62
DA:217,0
DA:219,0
DA:221,0
DA:224,62
DA:233,387
DA:240,387
DA:241,62
DA:242,62
DA:244,62
DA:245,372
DA:246,372
DA:247,372
DA:253,62
DA:256,387
DA:258,387
DA:298,0
DA:299,0
DA:300,0
DA:301,0
DA:359,62
DA:378,1
DA:383,1
LF:114
LH:90
BRDA:30,0,0,0
BRDA:31,1,0,0
BRDA:38,2,0,10
BRDA:40,3,0,827
BRDA:72,4,0,40
BRDA:107,5,0,379
BRDA:107,5,1,8
BRDA:120,6,0,0
BRDA:127,7,0,273
BRDA:128,8,0,365
BRDA:128,8,1,275
BRDA:128,8,2,275
BRDA:130,9,0,0
BRDA:130,9,1,275
BRDA:130,10,0,275
BRDA:130,10,1,275
BRDA:133,11,0,0
BRDA:133,12,0,0
BRDA:133,12,1,16
BRDA:133,13,0,16
BRDA:133,13,1,16
BRDA:134,14,0,0
BRDA:143,15,0,16
BRDA:148,16,0,249
BRDA:157,17,0,24
BRDA:157,18,0,349
BRDA:157,18,1,24
BRDA:157,18,2,24
BRDA:160,19,0,24
BRDA:173,20,0,0
BRDA:173,21,0,0
BRDA:173,21,1,0
BRDA:199,22,0,47
BRDA:199,22,1,3
BRDA:202,23,0,3
BRDA:215,24,0,0
BRDA:215,24,1,0
BRDA:215,24,2,0
BRDA:215,24,3,62
BRDA:215,24,4,62
BRDA:233,25,0,372
BRDA:233,25,1,0
BRDA:256,26,0,0
BRDA:300,27,0,0
BRDA:300,27,1,0
BRDA:300,28,0,0
BRDA:300,28,1,0
BRDA:300,29,0,0
BRDA:300,29,1,0
BRDA:322,30,0,387
BRDA:322,30,1,0
BRF:51
BRH:29
end_of_record
TN:
SF:src/js/components/ChatLogAnimated.tsx
FN:24,(anonymous_6)
FN:29,(anonymous_7)
FN:35,(anonymous_8)
FN:38,(anonymous_9)
FN:39,(anonymous_10)
FN:40,(anonymous_11)
FN:42,(anonymous_12)
FN:54,(anonymous_13)
FN:56,(anonymous_14)
FN:57,(anonymous_15)
FN:58,(anonymous_16)
FN:74,(anonymous_17)
FN:78,(anonymous_18)
FN:82,(anonymous_19)
FN:83,(anonymous_20)
FN:91,(anonymous_21)
FN:94,(anonymous_22)
FN:106,(anonymous_23)
FNF:18
FNH:3
FNDA:0,(anonymous_6)
FNDA:0,(anonymous_7)
FNDA:0,(anonymous_8)
FNDA:0,(anonymous_9)
FNDA:0,(anonymous_10)
FNDA:0,(anonymous_11)
FNDA:0,(anonymous_12)
FNDA:0,(anonymous_13)
FNDA:0,(anonymous_14)
FNDA:0,(anonymous_15)
FNDA:0,(anonymous_16)
FNDA:5,(anonymous_17)
FNDA:5,(anonymous_18)
FNDA:0,(anonymous_19)
FNDA:0,(anonymous_20)
FNDA:0,(anonymous_21)
FNDA:5,(anonymous_22)
FNDA:0,(anonymous_23)
DA:1,1
DA:3,1
DA:11,1
DA:24,1
DA:25,0
DA:26,0
DA:27,0
DA:29,0
DA:30,0
DA:31,0
DA:32,0
DA:35,0
DA:36,0
DA:37,0
DA:38,0
DA:39,0
DA:40,0
DA:42,0
DA:44,0
DA:47,0
DA:54,1
DA:55,0
DA:56,0
DA:57,0
DA:58,0
DA:60,0
DA:61,0
DA:74,1
DA:75,5
DA:76,5
DA:78,5
DA:79,5
DA:80,5
DA:81,0
DA:82,0
DA:83,0
DA:84,0
DA:85,0
DA:86,0
DA:89,0
DA:91,0
DA:94,5
DA:95,5
DA:96,5
DA:100,5
DA:107,0
DA:122,1
LF:47
LH:16
BRDA:24,0,0,0
BRDA:24,1,0,0
BRDA:36,2,0,0
BRDA:37,3,0,0
BRDA:60,4,0,0
BRDA:80,5,0,5
BRDA:85,6,0,0
BRDA:95,7,0,5
BRDA:103,8,0,5
BRDA:103,8,1,5
BRF:10
BRH:4
end_of_record
TN:
SF:src/js/components/CommentSidebar.tsx
FN:31,(anonymous_14)
FN:52,(anonymous_15)
FN:58,(anonymous_16)
FN:59,(anonymous_17)
FN:66,(anonymous_18)
FN:72,(anonymous_19)
FN:78,(anonymous_20)
FN:85,(anonymous_21)
FN:91,(anonymous_22)
FN:92,(anonymous_23)
FN:119,(anonymous_24)
FN:129,(anonymous_25)
FN:151,(anonymous_26)
FN:151,(anonymous_27)
FN:162,(anonymous_28)
FN:162,(anonymous_29)
FNF:16
FNH:5
FNDA:359,(anonymous_14)
FNDA:47,(anonymous_15)
FNDA:47,(anonymous_16)
FNDA:0,(anonymous_17)
FNDA:0,(anonymous_18)
FNDA:47,(anonymous_19)
FNDA:0,(anonymous_20)
FNDA:57,(anonymous_21)
FNDA:0,(anonymous_22)
FNDA:0,(anonymous_23)
FNDA:0,(anonymous_24)
FNDA:0,(anonymous_25)
FNDA:0,(anonymous_26)
FNDA:0,(anonymous_27)
FNDA:0,(anonymous_28)
FNDA:0,(anonymous_29)
DA:1,1
DA:2,1
DA:4,1
DA:22,1
DA:23,1
DA:24,1
DA:31,1
DA:44,359
DA:45,359
DA:46,359
DA:47,359
DA:48,359
DA:49,359
DA:50,359
DA:52,359
DA:54,47
DA:55,0
DA:58,359
DA:59,47
DA:60,0
DA:61,0
DA:62,0
DA:63,0
DA:66,47
DA:67,0
DA:68,0
DA:70,47
DA:71,47
DA:72,47
DA:73,47
DA:74,47
DA:78,359
DA:79,0
DA:80,0
DA:81,0
DA:82,0
DA:85,359
DA:86,57
DA:87,10
DA:88,10
DA:89,47
DA:90,0
DA:91,0
DA:92,0
DA:96,359
DA:98,10
DA:119,0
DA:129,0
DA:151,0
DA:152,0
DA:153,0
DA:154,0
DA:162,0
DA:163,0
DA:164,0
DA:165,0
DA:182,1
DA:186,1
LF:58
LH:34
BRDA:50,0,0,15
BRDA:50,0,1,344
BRDA:54,1,0,0
BRDA:55,2,0,0
BRDA:55,2,1,0
BRDA:60,3,0,0
BRDA:60,4,0,0
BRDA:60,4,1,0
BRDA:81,5,0,0
BRDA:81,5,1,0
BRDA:81,6,0,0
BRDA:81,6,1,0
BRDA:81,7,0,0
BRDA:81,7,1,0
BRDA:86,8,0,10
BRDA:86,8,1,47
BRDA:89,9,0,0
BRDA:96,10,0,349
BRDA:147,11,0,10
BRDA:147,11,1,0
BRF:20
BRH:6
end_of_record
TN:
SF:src/js/components/CommentWindow.tsx
FN:17,(anonymous_6)
FN:20,(anonymous_7)
FN:31,(anonymous_8)
FN:42,(anonymous_9)
FN:43,(anonymous_10)
FNF:5
FNH:1
FNDA:5,(anonymous_6)
FNDA:0,(anonymous_7)
FNDA:0,(anonymous_8)
FNDA:0,(anonymous_9)
FNDA:0,(anonymous_10)
DA:1,1
DA:17,1
DA:18,5
DA:20,5
DA:21,0
DA:22,0
DA:23,0
DA:27,5
DA:32,0
DA:42,0
DA:43,0
DA:58,1
LF:12
LH:6
BRDA:21,0,0,0
BRDA:43,1,0,0
BRDA:43,1,1,0
BRF:3
BRH:0
end_of_record
TN:
SF:src/js/components/EditStepsModal.tsx
FN:17,(anonymous_6)
FN:25,(anonymous_7)
FN:25,(anonymous_8)
FN:33,(anonymous_9)
FN:34,(anonymous_10)
FN:34,(anonymous_11)
FN:35,(anonymous_12)
FN:42,(anonymous_13)
FN:43,(anonymous_14)
FN:43,(anonymous_15)
FN:44,(anonymous_16)
FN:62,(anonymous_17)
FN:68,(anonymous_18)
FN:82,(anonymous_19)
FN:91,(anonymous_20)
FN:114,(anonymous_21)
FNF:16
FNH:4
FNDA:349,(anonymous_6)
FNDA:1396,(anonymous_7)
FNDA:4886,(anonymous_8)
FNDA:0,(anonymous_9)
FNDA:0,(anonymous_10)
FNDA:0,(anonymous_11)
FNDA:0,(anonymous_12)
FNDA:0,(anonymous_13)
FNDA:0,(anonymous_14)
FNDA:0,(anonymous_15)
FNDA:0,(anonymous_16)
FNDA:0,(anonymous_17)
FNDA:0,(anonymous_18)
FNDA:18,(anonymous_19)
FNDA:0,(anonymous_20)
FNDA:0,(anonymous_21)
DA:1,1
DA:2,1
DA:17,1
DA:24,349
DA:25,4886
DA:26,349
DA:27,349
DA:33,349
DA:34,0
DA:35,0
DA:42,349
DA:43,0
DA:44,0
DA:47,349
DA:49,3
DA:63,0
DA:68,0
DA:83,18
DA:91,0
DA:114,0
DA:126,1
LF:21
LH:13
BRDA:24,0,0,349
BRDA:24,0,1,0
BRDA:47,1,0,346
BRDA:61,2,0,3
BRDA:61,2,1,3
BRDA:81,3,0,3
BRDA:81,3,1,0
BRDA:85,4,0,6
BRDA:85,4,1,12
BRDA:85,5,0,18
BRDA:85,5,1,15
BRDA:93,6,0,18
BRDA:93,6,1,18
BRDA:93,6,2,15
BRF:14
BRH:12
end_of_record
TN:
SF:src/js/components/InvestigationHeader.tsx
FN:32,(anonymous_1)
FN:56,(anonymous_2)
FN:71,(anonymous_3)
FN:90,(anonymous_4)
FN:93,(anonymous_5)
FN:102,(anonymous_6)
FN:116,(anonymous_7)
FN:130,(anonymous_8)
FN:150,(anonymous_9)
FN:151,(anonymous_10)
FNF:10
FNH:9
FNDA:349,(anonymous_1)
FNDA:24,(anonymous_2)
FNDA:1,(anonymous_3)
FNDA:4,(anonymous_4)
FNDA:2792,(anonymous_5)
FNDA:3,(anonymous_6)
FNDA:5,(anonymous_7)
FNDA:3,(anonymous_8)
FNDA:24,(anonymous_9)
FNDA:0,(anonymous_10)
DA:1,1
DA:2,1
DA:3,1
DA:4,1
DA:32,1
DA:50,349
DA:56,349
DA:58,24
DA:59,24
DA:60,0
DA:61,0
DA:64,24
DA:71,349
DA:72,1
DA:73,1
DA:76,349
DA:90,4
DA:94,2792
DA:102,3
DA:116,5
DA:130,3
DA:150,24
DA:152,0
DA:153,0
DA:198,1
DA:203,1
LF:26
LH:22
BRDA:59,0,0,0
BRDA:59,0,1,24
BRDA:131,1,0,251
BRDA:131,1,1,98
BRDA:152,2,0,0
BRDA:152,3,0,0
BRDA:152,3,1,0
BRDA:152,3,2,0
BRDA:159,4,0,98
BRDA:159,4,1,251
BRDA:163,5,0,98
BRDA:163,5,1,33
BRDA:181,6,0,349
BRDA:181,6,1,259
BRF:14
BRH:9
end_of_record
TN:
SF:src/js/components/InvestigationStep.tsx
FN:20,btoaUnicode
FN:21,(anonymous_9)
FN:26,(anonymous_10)
FN:33,(anonymous_11)
FN:39,(anonymous_12)
FN:47,(anonymous_13)
FN:68,(anonymous_14)
FN:78,(anonymous_15)
FN:119,(anonymous_16)
FN:166,(anonymous_17)
FNF:10
FNH:2
FNDA:0,btoaUnicode
FNDA:0,(anonymous_9)
FNDA:1266,(anonymous_10)
FNDA:0,(anonymous_11)
FNDA:0,(anonymous_12)
FNDA:0,(anonymous_13)
FNDA:0,(anonymous_14)
FNDA:0,(anonymous_15)
FNDA:1055,(anonymous_16)
FNDA:0,(anonymous_17)
DA:3,1
DA:4,1
DA:5,1
DA:6,1
DA:7,1
DA:8,1
DA:9,1
DA:21,0
DA:22,0
DA:26,1
DA:27,1266
DA:29,1266
DA:33,1266
DA:34,0
DA:35,0
DA:39,1266
DA:40,0
DA:41,0
DA:44,0
DA:45,0
DA:49,0
DA:52,0
DA:53,0
DA:60,0
DA:61,0
DA:62,0
DA:63,0
DA:66,0
DA:69,0
DA:78,1266
DA:79,0
DA:82,0
DA:83,0
DA:97,0
DA:119,1266
DA:120,1055
DA:122,1
DA:124,55
DA:126,999
DA:130,1266
DA:166,0
DA:187,1
DA:193,1
LF:43
LH:21
BRDA:29,0,0,1266
BRDA:29,0,1,1266
BRDA:29,0,2,172
BRDA:29,0,3,172
BRDA:34,1,0,0
BRDA:39,2,0,0
BRDA:40,3,0,0
BRDA:40,4,0,0
BRDA:40,4,1,0
BRDA:44,5,0,0
BRDA:49,6,0,0
BRDA:49,6,1,0
BRDA:61,7,0,0
BRDA:61,8,0,0
BRDA:61,8,1,0
BRDA:79,9,0,0
BRDA:82,10,0,0
BRDA:82,11,0,0
BRDA:82,11,1,0
BRDA:84,12,0,0
BRDA:84,12,1,0
BRDA:85,13,0,0
BRDA:85,13,1,0
BRDA:98,14,0,0
BRDA:98,14,1,0
BRDA:99,15,0,0
BRDA:99,15,1,0
BRDA:120,16,0,1
BRDA:120,16,1,55
BRDA:120,16,2,999
BRDA:133,17,0,211
BRDA:133,17,1,1055
BRDA:140,18,0,211
BRDA:140,18,1,1055
BRDA:144,19,0,172
BRDA:144,19,1,1094
BRDA:144,20,0,1094
BRDA:144,20,1,172
BRDA:144,21,0,1266
BRDA:144,21,1,1266
BRDA:144,22,0,0
BRDA:144,22,1,1266
BRDA:144,23,0,1266
BRDA:144,23,1,1266
BRDA:146,24,0,1094
BRDA:146,24,1,0
BRDA:155,25,0,0
BRDA:155,25,1,1266
BRDA:157,26,0,0
BRDA:157,26,1,1266
BRDA:159,27,0,0
BRDA:159,27,1,1266
BRDA:161,28,0,1266
BRDA:161,28,1,0
BRDA:161,28,2,0
BRDA:172,29,0,1266
BRDA:172,29,1,211
BRDA:182,30,0,1266
BRDA:182,30,1,0
BRF:59
BRH:28
end_of_record
TN:
SF:src/js/components/InvestigationSteps.tsx
FN:23,(anonymous_1)
FN:38,(anonymous_2)
FN:45,(anonymous_3)
FN:78,(anonymous_4)
FN:108,(anonymous_5)
FN:112,(anonymous_6)
FNF:6
FNH:3
FNDA:211,(anonymous_1)
FNDA:0,(anonymous_2)
FNDA:0,(anonymous_3)
FNDA:0,(anonymous_4)
FNDA:1266,(anonymous_5)
FNDA:1266,(anonymous_6)
DA:1,1
DA:3,1
DA:4,1
DA:5,1
DA:23,1
DA:31,211
DA:32,211
DA:38,211
DA:39,0
DA:40,0
DA:45,211
DA:46,0
DA:47,0
DA:50,211
DA:78,0
DA:108,1266
DA:113,1266
DA:128,1
LF:18
LH:13
BRDA:53,0,0,211
BRDA:53,0,1,0
BRDA:53,0,2,0
BRF:3
BRH:1
end_of_record
TN:
SF:src/js/components/LocationMap.tsx
FN:23,(anonymous_14)
FN:58,(anonymous_15)
FN:63,(anonymous_16)
FN:63,(anonymous_17)
FN:71,(anonymous_18)
FN:107,(anonymous_19)
FN:111,(anonymous_20)
FN:138,(anonymous_21)
FN:148,(anonymous_22)
FN:182,(anonymous_23)
FN:197,(anonymous_24)
FNF:11
FNH:0
FNDA:0,(anonymous_14)
FNDA:0,(anonymous_15)
FNDA:0,(anonymous_16)
FNDA:0,(anonymous_17)
FNDA:0,(anonymous_18)
FNDA:0,(anonymous_19)
FNDA:0,(anonymous_20)
FNDA:0,(anonymous_21)
FNDA:0,(anonymous_22)
FNDA:0,(anonymous_23)
FNDA:0,(anonymous_24)
DA:1,1
DA:2,1
DA:3,1
DA:23,1
DA:28,0
DA:29,0
DA:30,0
DA:31,0
DA:32,0
DA:35,0
DA:58,0
DA:63,0
DA:64,0
DA:65,0
DA:66,0
DA:67,0
DA:71,0
DA:72,0
DA:78,0
DA:79,0
DA:80,0
DA:83,0
DA:89,0
DA:90,0
DA:92,0
DA:93,0
DA:107,0
DA:108,0
DA:111,0
DA:112,0
DA:127,0
DA:138,0
DA:139,0
DA:142,0
DA:146,0
DA:147,0
DA:148,0
DA:149,0
DA:151,0
DA:154,0
DA:155,0
DA:156,0
DA:157,0
DA:158,0
DA:160,0
DA:165,0
DA:168,0
DA:169,0
DA:183,0
DA:193,0
DA:198,0
DA:208,1
DA:213,1
LF:53
LH:6
BRDA:25,0,0,0
BRDA:26,1,0,0
BRDA:65,2,0,0
BRDA:72,3,0,0
BRDA:72,3,1,0
BRDA:72,3,2,0
BRDA:72,3,3,0
BRDA:78,4,0,0
BRDA:92,5,0,0
BRDA:92,6,0,0
BRDA:92,6,1,0
BRDA:115,7,0,0
BRDA:115,7,1,0
BRDA:131,8,0,0
BRDA:131,8,1,0
BRDA:146,9,0,0
BRDA:151,10,0,0
BRDA:151,10,1,0
BRDA:151,11,0,0
BRDA:151,11,1,0
BRDA:154,12,0,0
BRDA:154,12,1,0
BRDA:155,13,0,0
BRDA:155,13,1,0
BRDA:157,14,0,0
BRDA:157,14,1,0
BRDA:168,15,0,0
BRF:27
BRH:0
end_of_record
TN:
SF:src/js/components/NavigationBar.tsx
FN:15,(anonymous_1)
FN:21,(anonymous_2)
FN:35,(anonymous_3)
FNF:3
FNH:0
FNDA:0,(anonymous_1)
FNDA:0,(anonymous_2)
FNDA:0,(anonymous_3)
DA:1,0
DA:2,0
DA:15,0
DA:16,0
DA:21,0
DA:35,0
DA:48,0
LF:7
LH:0
BRDA:20,0,0,0
BRDA:20,0,1,0
BRDA:34,1,0,0
BRDA:34,1,1,0
BRF:4
BRH:0
end_of_record
TN:
SF:src/js/components/OverallRiskScore.tsx
FN:11,(anonymous_1)
FNF:1
FNH:1
FNDA:251,(anonymous_1)
DA:1,1
DA:11,1
DA:12,251
DA:22,1
LF:4
LH:4
BRF:0
BRH:0
end_of_record
TN:
SF:src/js/components/ProgressBar.tsx
FN:14,(anonymous_1)
FN:25,(anonymous_2)
FNF:2
FNH:2
FNDA:211,(anonymous_1)
FNDA:1266,(anonymous_2)
DA:1,1
DA:14,1
DA:16,211
DA:18,211
DA:26,1266
DA:33,1
LF:6
LH:6
BRF:0
BRH:0
end_of_record
TN:
SF:src/js/components/RiskScoreDisplay.tsx
FN:16,(anonymous_7)
FN:23,(anonymous_8)
FN:24,(anonymous_9)
FN:25,(anonymous_10)
FN:35,(anonymous_11)
FN:37,(anonymous_12)
FN:41,(anonymous_13)
FN:57,(anonymous_14)
FN:64,(anonymous_15)
FN:73,(anonymous_16)
FN:83,parseThoughts
FN:87,(anonymous_18)
FN:96,(anonymous_19)
FN:100,(anonymous_20)
FN:114,highlightTimestamps
FN:116,(anonymous_22)
FN:119,(anonymous_23)
FN:134,(anonymous_24)
FN:189,(anonymous_25)
FN:214,(anonymous_26)
FN:243,(anonymous_27)
FN:249,(anonymous_28)
FNF:22
FNH:5
FNDA:251,(anonymous_7)
FNDA:1218,(anonymous_8)
FNDA:812,(anonymous_9)
FNDA:0,(anonymous_10)
FNDA:251,(anonymous_11)
FNDA:0,(anonymous_12)
FNDA:1218,(anonymous_13)
FNDA:0,(anonymous_14)
FNDA:0,(anonymous_15)
FNDA:0,(anonymous_16)
FNDA:0,parseThoughts
FNDA:0,(anonymous_18)
FNDA:0,(anonymous_19)
FNDA:0,(anonymous_20)
FNDA:0,highlightTimestamps
FNDA:0,(anonymous_22)
FNDA:0,(anonymous_23)
FNDA:0,(anonymous_24)
FNDA:0,(anonymous_25)
FNDA:0,(anonymous_26)
FNDA:0,(anonymous_27)
FNDA:0,(anonymous_28)
DA:1,1
DA:2,1
DA:3,1
DA:4,1
DA:16,1
DA:18,251
DA:19,251
DA:22,251
DA:23,1218
DA:24,812
DA:25,0
DA:35,251
DA:36,251
DA:37,0
DA:40,251
DA:41,1218
DA:43,251
DA:44,0
DA:48,251
DA:57,251
DA:58,0
DA:59,0
DA:64,251
DA:65,0
DA:66,0
DA:67,0
DA:73,251
DA:74,0
DA:75,0
DA:84,0
DA:87,0
DA:88,0
DA:89,0
DA:90,0
DA:96,0
DA:97,0
DA:98,0
DA:101,0
DA:105,0
DA:116,0
DA:119,0
DA:121,0
DA:122,0
DA:123,0
DA:124,0
DA:125,0
DA:126,0
DA:128,0
DA:129,0
DA:132,0
DA:134,0
DA:135,0
DA:138,0
DA:139,0
DA:142,0
DA:146,0
DA:148,0
DA:151,0
DA:152,0
DA:157,0
DA:158,0
DA:161,251
DA:189,0
DA:214,0
DA:244,0
DA:249,0
DA:264,1
DA:268,1
LF:68
LH:22
BRDA:16,0,0,0
BRDA:23,1,0,1218
BRDA:23,1,1,1015
BRDA:24,2,0,812
BRDA:24,2,1,0
BRDA:24,3,0,0
BRDA:24,3,1,0
BRDA:24,4,0,0
BRDA:24,4,1,0
BRDA:24,5,0,0
BRDA:24,5,1,0
BRDA:24,6,0,0
BRDA:24,6,1,0
BRDA:27,7,0,0
BRDA:27,7,1,0
BRDA:27,8,0,0
BRDA:27,8,1,0
BRDA:27,9,0,0
BRDA:27,9,1,0
BRDA:27,10,0,0
BRDA:27,10,1,0
BRDA:27,11,0,0
BRDA:27,11,1,0
BRDA:28,12,0,0
BRDA:28,12,1,0
BRDA:29,13,0,0
BRDA:29,13,1,0
BRDA:29,13,2,0
BRDA:29,14,0,0
BRDA:29,14,1,0
BRDA:29,15,0,0
BRDA:29,15,1,0
BRDA:29,16,0,0
BRDA:29,16,1,0
BRDA:29,17,0,0
BRDA:29,17,1,0
BRDA:29,18,0,0
BRDA:29,18,1,0
BRDA:29,19,0,0
BRDA:29,19,1,0
BRDA:36,20,0,0
BRDA:36,20,1,251
BRDA:41,21,0,1218
BRDA:41,21,1,203
BRDA:43,22,0,0
BRDA:43,23,0,251
BRDA:43,23,1,251
BRDA:43,23,2,0
BRDA:43,24,0,250
BRDA:43,24,1,1
BRDA:43,25,0,251
BRDA:43,25,1,251
BRDA:43,26,0,250
BRDA:43,26,1,1
BRDA:43,27,0,251
BRDA:43,27,1,251
BRDA:43,28,0,0
BRDA:43,28,1,0
BRDA:43,29,0,0
BRDA:43,29,1,0
BRDA:43,30,0,0
BRDA:43,30,1,0
BRDA:43,31,0,0
BRDA:43,31,1,0
BRDA:48,32,0,0
BRDA:48,32,1,251
BRDA:49,33,0,0
BRDA:49,33,1,0
BRDA:49,34,0,0
BRDA:49,34,1,0
BRDA:49,35,0,0
BRDA:49,35,1,0
BRDA:49,36,0,0
BRDA:49,36,1,0
BRDA:49,37,0,0
BRDA:49,37,1,0
BRDA:50,38,0,251
BRDA:50,38,1,251
BRDA:50,39,0,250
BRDA:50,39,1,1
BRDA:50,40,0,251
BRDA:50,40,1,251
BRDA:50,41,0,250
BRDA:50,41,1,1
BRDA:50,42,0,251
BRDA:50,42,1,251
BRDA:65,43,0,0
BRDA:84,44,0,0
BRDA:97,45,0,0
BRDA:101,46,0,0
BRDA:101,46,1,0
BRDA:122,47,0,0
BRDA:122,47,1,0
BRDA:128,48,0,0
BRDA:128,48,1,0
BRDA:132,49,0,0
BRDA:132,49,1,0
BRDA:146,50,0,0
BRDA:146,50,1,0
BRDA:146,51,0,0
BRDA:146,51,1,0
BRDA:146,51,2,0
BRDA:164,52,0,251
BRDA:164,52,1,0
BRDA:164,52,2,0
BRDA:212,53,0,251
BRDA:212,53,1,0
BRDA:212,53,2,0
BRDA:230,54,0,0
BRDA:230,54,1,251
BRDA:232,55,0,0
BRDA:232,55,1,251
BRDA:233,56,0,0
BRDA:233,56,1,251
BRDA:247,57,0,0
BRDA:247,57,1,0
BRDA:249,58,0,0
BRDA:249,58,1,0
BRDA:250,59,0,0
BRDA:250,59,1,0
BRF:120
BRH:32
end_of_record
TN:
SF:src/js/components/Stopwatch.tsx
FN:13,(anonymous_6)
FN:16,(anonymous_7)
FN:19,(anonymous_8)
FN:34,(anonymous_9)
FNF:4
FNH:4
FNDA:568,(anonymous_6)
FNDA:50,(anonymous_7)
FNDA:150,(anonymous_8)
FNDA:48,(anonymous_9)
DA:1,1
DA:13,1
DA:14,568
DA:16,568
DA:17,50
DA:19,50
DA:20,150
DA:21,150
DA:22,150
DA:23,150
DA:24,150
DA:25,150
DA:29,50
DA:32,50
DA:33,48
DA:34,48
DA:38,568
DA:48,1
LF:18
LH:18
BRDA:13,0,0,260
BRDA:17,1,0,0
BRDA:20,2,0,150
BRDA:20,2,1,148
BRDA:32,3,0,48
BRDA:40,4,0,568
BRDA:40,4,1,568
BRF:7
BRH:6
end_of_record
TN:
SF:src/js/constants/definitions.ts
FNF:0
FNH:0
DA:4,1
DA:16,1
DA:21,1
DA:47,1
DA:52,1
DA:57,1
DA:66,1
LF:7
LH:7
BRF:0
BRH:0
end_of_record
TN:
SF:src/js/hooks/useConfig.tsx
FN:10,(anonymous_1)
FNF:1
FNH:0
FNDA:0,(anonymous_1)
DA:1,1
DA:10,1
DA:11,0
DA:12,0
LF:4
LH:2
BRDA:12,0,0,0
BRDA:12,0,1,0
BRF:2
BRH:0
end_of_record
TN:
SF:src/js/hooks/useSandbox.tsx
FN:9,(anonymous_0)
FNF:1
FNH:0
FNDA:0,(anonymous_0)
DA:1,1
DA:9,1
LF:2
LH:2
BRF:0
BRH:0
end_of_record
TN:
SF:src/js/pages/InvestigationPage.tsx
FN:39,messageContainsAny
FN:40,(anonymous_15)
FN:47,(anonymous_16)
FN:61,(anonymous_17)
FN:63,(anonymous_18)
FN:96,(anonymous_19)
FN:101,(anonymous_20)
FN:107,(anonymous_21)
FN:111,(anonymous_22)
FN:114,(anonymous_23)
FN:129,(anonymous_24)
FN:130,(anonymous_25)
FN:140,(anonymous_26)
FN:140,(anonymous_27)
FN:141,(anonymous_28)
FN:141,(anonymous_29)
FN:197,(anonymous_30)
FN:203,(anonymous_31)
FN:213,(anonymous_32)
FN:213,(anonymous_33)
FN:214,(anonymous_34)
FN:223,checkCancelled
FN:229,(anonymous_36)
FN:229,(anonymous_37)
FN:230,(anonymous_38)
FN:234,(anonymous_39)
FN:242,(anonymous_40)
FN:250,(anonymous_41)
FN:257,(anonymous_42)
FN:259,(anonymous_43)
FN:265,(anonymous_44)
FN:283,(anonymous_45)
FN:283,(anonymous_46)
FN:290,(anonymous_47)
FN:290,(anonymous_48)
FN:306,(anonymous_49)
FN:306,(anonymous_50)
FN:315,(anonymous_51)
FN:324,(anonymous_52)
FN:325,(anonymous_53)
FN:326,(anonymous_54)
FN:328,(anonymous_55)
FN:340,(anonymous_56)
FN:340,(anonymous_57)
FN:367,(anonymous_58)
FN:367,(anonymous_59)
FN:397,(anonymous_60)
FN:409,(anonymous_61)
FN:421,(anonymous_62)
FN:421,(anonymous_63)
FN:474,(anonymous_64)
FN:487,(anonymous_65)
FN:493,(anonymous_66)
FN:493,(anonymous_67)
FN:501,(anonymous_68)
FN:505,(anonymous_69)
FN:531,(anonymous_70)
FN:550,(anonymous_71)
FN:551,(anonymous_72)
FN:571,(anonymous_73)
FN:572,(anonymous_74)
FN:580,(anonymous_75)
FN:587,(anonymous_76)
FN:716,(anonymous_77)
FN:723,(anonymous_78)
FN:723,(anonymous_79)
FN:728,(anonymous_80)
FN:748,(anonymous_81)
FN:749,(anonymous_82)
FN:750,(anonymous_83)
FN:752,(anonymous_84)
FN:754,(anonymous_85)
FN:766,(anonymous_86)
FN:790,(anonymous_87)
FN:790,(anonymous_88)
FN:797,(anonymous_89)
FN:822,(anonymous_90)
FN:823,(anonymous_91)
FN:833,(anonymous_92)
FN:842,(anonymous_93)
FN:849,(anonymous_94)
FN:860,(anonymous_95)
FN:860,(anonymous_96)
FN:864,(anonymous_97)
FN:868,(anonymous_98)
FN:886,(anonymous_99)
FN:886,(anonymous_100)
FN:892,(anonymous_101)
FN:897,(anonymous_102)
FN:897,(anonymous_103)
FN:905,(anonymous_104)
FN:905,(anonymous_105)
FN:911,(anonymous_106)
FN:916,(anonymous_107)
FN:916,(anonymous_108)
FN:924,(anonymous_109)
FN:924,(anonymous_110)
FN:941,(anonymous_111)
FN:946,onMouseMove
FN:956,onMouseUp
FN:961,(anonymous_114)
FN:968,(anonymous_115)
FN:969,(anonymous_116)
FN:982,(anonymous_117)
FN:1013,(anonymous_118)
FN:1023,(anonymous_119)
FN:1033,(anonymous_120)
FN:1056,(anonymous_121)
FN:1057,(anonymous_122)
FN:1058,(anonymous_123)
FN:1059,(anonymous_124)
FN:1084,(anonymous_125)
FN:1096,(anonymous_126)
FN:1099,(anonymous_127)
FN:1111,(anonymous_128)
FNF:115
FNH:57
FNDA:16,messageContainsAny
FNDA:48,(anonymous_15)
FNDA:62,(anonymous_16)
FNDA:372,(anonymous_17)
FNDA:47,(anonymous_18)
FNDA:51,(anonymous_19)
FNDA:129,(anonymous_20)
FNDA:47,(anonymous_21)
FNDA:47,(anonymous_22)
FNDA:47,(anonymous_23)
FNDA:357,(anonymous_24)
FNDA:235,(anonymous_25)
FNDA:64,(anonymous_26)
FNDA:64,(anonymous_27)
FNDA:34,(anonymous_28)
FNDA:34,(anonymous_29)
FNDA:0,(anonymous_30)
FNDA:282,(anonymous_31)
FNDA:90,(anonymous_32)
FNDA:90,(anonymous_33)
FNDA:90,(anonymous_34)
FNDA:162,checkCancelled
FNDA:0,(anonymous_36)
FNDA:0,(anonymous_37)
FNDA:0,(anonymous_38)
FNDA:0,(anonymous_39)
FNDA:0,(anonymous_40)
FNDA:0,(anonymous_41)
FNDA:129,(anonymous_42)
FNDA:58,(anonymous_43)
FNDA:116,(anonymous_44)
FNDA:0,(anonymous_45)
FNDA:0,(anonymous_46)
FNDA:0,(anonymous_47)
FNDA:0,(anonymous_48)
FNDA:0,(anonymous_49)
FNDA:0,(anonymous_50)
FNDA:0,(anonymous_51)
FNDA:0,(anonymous_52)
FNDA:0,(anonymous_53)
FNDA:0,(anonymous_54)
FNDA:0,(anonymous_55)
FNDA:73,(anonymous_56)
FNDA:73,(anonymous_57)
FNDA:0,(anonymous_58)
FNDA:0,(anonymous_59)
FNDA:0,(anonymous_60)
FNDA:1,(anonymous_61)
FNDA:24,(anonymous_62)
FNDA:24,(anonymous_63)
FNDA:144,(anonymous_64)
FNDA:144,(anonymous_65)
FNDA:144,(anonymous_66)
FNDA:144,(anonymous_67)
FNDA:0,(anonymous_68)
FNDA:0,(anonymous_69)
FNDA:0,(anonymous_70)
FNDA:60,(anonymous_71)
FNDA:0,(anonymous_72)
FNDA:70,(anonymous_73)
FNDA:0,(anonymous_74)
FNDA:217,(anonymous_75)
FNDA:0,(anonymous_76)
FNDA:25,(anonymous_77)
FNDA:1,(anonymous_78)
FNDA:1,(anonymous_79)
FNDA:1,(anonymous_80)
FNDA:6,(anonymous_81)
FNDA:4,(anonymous_82)
FNDA:0,(anonymous_83)
FNDA:6,(anonymous_84)
FNDA:0,(anonymous_85)
FNDA:6,(anonymous_86)
FNDA:1,(anonymous_87)
FNDA:1,(anonymous_88)
FNDA:6,(anonymous_89)
FNDA:16,(anonymous_90)
FNDA:16,(anonymous_91)
FNDA:0,(anonymous_92)
FNDA:0,(anonymous_93)
FNDA:47,(anonymous_94)
FNDA:0,(anonymous_95)
FNDA:0,(anonymous_96)
FNDA:0,(anonymous_97)
FNDA:0,(anonymous_98)
FNDA:0,(anonymous_99)
FNDA:0,(anonymous_100)
FNDA:0,(anonymous_101)
FNDA:0,(anonymous_102)
FNDA:0,(anonymous_103)
FNDA:0,(anonymous_104)
FNDA:0,(anonymous_105)
FNDA:0,(anonymous_106)
FNDA:0,(anonymous_107)
FNDA:0,(anonymous_108)
FNDA:0,(anonymous_109)
FNDA:0,(anonymous_110)
FNDA:47,(anonymous_111)
FNDA:0,onMouseMove
FNDA:0,onMouseUp
FNDA:47,(anonymous_114)
FNDA:2189,(anonymous_115)
FNDA:2189,(anonymous_116)
FNDA:0,(anonymous_117)
FNDA:462,(anonymous_118)
FNDA:0,(anonymous_119)
FNDA:2189,(anonymous_120)
FNDA:0,(anonymous_121)
FNDA:0,(anonymous_122)
FNDA:0,(anonymous_123)
FNDA:0,(anonymous_124)
FNDA:0,(anonymous_125)
FNDA:3,(anonymous_126)
FNDA:0,(anonymous_127)
FNDA:0,(anonymous_128)
DA:1,1
DA:2,1
DA:3,1
DA:4,1
DA:5,1
DA:6,1
DA:7,1
DA:8,1
DA:9,1
DA:10,1
DA:11,1
DA:12,1
DA:13,1
DA:15,1
DA:16,1
DA:17,1
DA:28,1
DA:40,48
DA:47,62
DA:54,1
DA:61,1
DA:62,372
DA:63,372
DA:64,372
DA:65,372
DA:66,372
DA:67,372
DA:68,372
DA:69,372
DA:70,372
DA:71,372
DA:72,372
DA:73,372
DA:74,372
DA:75,372
DA:76,372
DA:77,372
DA:78,372
DA:86,372
DA:94,372
DA:95,372
DA:96,372
DA:97,372
DA:98,372
DA:100,372
DA:101,372
DA:102,129
DA:106,372
DA:107,372
DA:108,47
DA:111,372
DA:114,372
DA:115,47
DA:116,47
DA:117,0
DA:118,0
DA:119,0
DA:120,0
DA:129,372
DA:130,357
DA:140,372
DA:141,64
DA:142,17
DA:146,47
DA:147,47
DA:148,18
DA:149,29
DA:150,15
DA:153,14
DA:154,0
DA:158,14
DA:161,47
DA:162,0
DA:163,0
DA:164,0
DA:165,0
DA:168,47
DA:169,47
DA:170,47
DA:172,18
DA:173,18
DA:174,18
DA:175,18
DA:177,0
DA:178,0
DA:179,0
DA:180,0
DA:182,15
DA:183,15
DA:184,15
DA:185,15
DA:187,14
DA:188,14
DA:189,14
DA:190,14
DA:192,0
DA:195,47
DA:196,0
DA:197,0
DA:198,0
DA:199,0
DA:203,47
DA:204,282
DA:213,372
DA:214,90
DA:215,90
DA:216,90
DA:224,162
DA:225,1
DA:229,372
DA:230,0
DA:231,0
DA:234,0
DA:240,0
DA:242,0
DA:243,0
DA:244,0
DA:245,0
DA:246,0
DA:247,0
DA:248,0
DA:250,0
DA:257,372
DA:258,129
DA:259,58
DA:260,58
DA:261,0
DA:265,58
DA:266,116
DA:272,58
DA:274,0
DA:275,0
DA:283,372
DA:284,0
DA:285,0
DA:286,0
DA:288,0
DA:289,0
DA:290,0
DA:291,0
DA:295,0
DA:296,0
DA:297,0
DA:299,0
DA:300,0
DA:302,0
DA:303,0
DA:305,0
DA:306,0
DA:307,0
DA:315,372
DA:317,0
DA:323,0
DA:324,0
DA:325,0
DA:326,0
DA:327,0
DA:328,0
DA:330,0
DA:331,0
DA:340,372
DA:341,73
DA:342,73
DA:343,24
DA:345,49
DA:346,18
DA:348,31
DA:349,16
DA:351,15
DA:352,15
DA:354,0
DA:357,9
DA:358,9
DA:367,372
DA:368,0
DA:396,0
DA:398,0
DA:409,372
DA:410,1
DA:411,1
DA:412,1
DA:413,1
DA:414,1
DA:421,372
DA:422,24
DA:423,24
DA:425,24
DA:426,24
DA:428,24
DA:429,24
DA:430,24
DA:431,24
DA:432,24
DA:435,24
DA:436,24
DA:437,24
DA:438,24
DA:446,24
DA:455,24
DA:456,24
DA:457,24
DA:458,24
DA:459,24
DA:461,24
DA:462,24
DA:466,24
DA:467,0
DA:470,24
DA:472,24
DA:474,24
DA:475,144
DA:477,24
DA:481,24
DA:483,24
DA:484,24
DA:485,24
DA:487,144
DA:490,24
DA:491,24
DA:493,144
DA:494,144
DA:495,112
DA:500,112
DA:501,0
DA:505,0
DA:506,0
DA:507,0
DA:509,0
DA:514,112
DA:516,24
DA:519,88
DA:521,14
DA:525,74
DA:529,73
DA:531,0
DA:535,73
DA:536,64
DA:538,64
DA:541,64
DA:543,64
DA:544,64
DA:545,64
DA:546,64
DA:547,64
DA:550,64
DA:551,0
DA:552,0
DA:553,0
DA:554,0
DA:555,0
DA:557,0
DA:559,0
DA:562,0
DA:563,0
DA:565,0
DA:567,0
DA:571,70
DA:572,0
DA:573,0
DA:574,0
DA:575,0
DA:576,0
DA:580,217
DA:581,64
DA:582,64
DA:583,47
DA:584,47
DA:585,47
DA:586,0
DA:587,0
DA:589,0
DA:592,47
DA:593,47
DA:594,18
DA:596,47
DA:597,0
DA:599,47
DA:600,0
DA:602,47
DA:603,47
DA:605,47
DA:606,47
DA:613,64
DA:614,0
DA:615,0
DA:616,0
DA:617,0
DA:618,0
DA:623,64
DA:624,64
DA:628,0
DA:629,0
DA:630,0
DA:631,0
DA:632,0
DA:633,0
DA:634,0
DA:635,0
DA:637,0
DA:642,0
DA:643,0
DA:644,0
DA:645,0
DA:646,0
DA:647,0
DA:648,0
DA:649,0
DA:651,0
DA:652,0
DA:653,0
DA:655,0
DA:656,0
DA:657,0
DA:658,0
DA:659,0
DA:660,0
DA:661,0
DA:662,0
DA:663,0
DA:664,0
DA:665,0
DA:666,0
DA:667,0
DA:668,0
DA:670,0
DA:671,0
DA:672,0
DA:677,10
DA:678,1
DA:680,9
DA:681,0
DA:682,0
DA:683,9
DA:684,0
DA:685,0
DA:686,9
DA:687,6
DA:688,6
DA:689,3
DA:690,1
DA:691,1
DA:692,2
DA:693,1
DA:694,1
DA:695,1
DA:696,1
DA:697,1
DA:698,0
DA:699,0
DA:700,0
DA:701,0
DA:702,0
DA:703,0
DA:705,0
DA:706,0
DA:708,9
DA:716,372
DA:717,25
DA:723,372
DA:724,1
DA:725,1
DA:728,1
DA:733,1
DA:734,1
DA:735,1
DA:736,1
DA:739,1
DA:740,1
DA:741,1
DA:742,1
DA:743,1
DA:744,1
DA:747,1
DA:748,6
DA:749,4
DA:750,0
DA:751,1
DA:752,6
DA:753,1
DA:754,0
DA:757,1
DA:758,1
DA:759,0
DA:760,1
DA:761,0
DA:762,1
DA:763,0
DA:766,1
DA:767,6
DA:769,1
DA:770,1
DA:771,1
DA:780,5
DA:782,1
DA:783,1
DA:790,372
DA:791,1
DA:793,0
DA:795,1
DA:797,6
DA:798,1
DA:799,1
DA:800,0
DA:801,1
DA:802,1
DA:803,0
DA:804,0
DA:807,1
DA:808,0
DA:809,0
DA:812,1
DA:814,0
DA:822,372
DA:823,16
DA:824,16
DA:828,0
DA:833,0
DA:834,0
DA:835,0
DA:837,0
DA:839,0
DA:842,0
DA:843,0
DA:844,0
DA:849,372
DA:850,47
DA:851,47
DA:853,47
DA:854,47
DA:855,0
DA:857,47
DA:859,0
DA:860,0
DA:861,0
DA:862,0
DA:866,0
DA:870,0
DA:872,0
DA:876,372
DA:877,372
DA:878,372
DA:879,372
DA:880,372
DA:886,372
DA:887,0
DA:892,0
DA:893,0
DA:894,0
DA:895,0
DA:897,0
DA:905,372
DA:906,0
DA:911,0
DA:912,0
DA:913,0
DA:914,0
DA:916,0
DA:924,372
DA:925,0
DA:926,0
DA:927,0
DA:928,0
DA:929,0
DA:930,0
DA:932,0
DA:938,372
DA:939,372
DA:940,372
DA:941,372
DA:947,0
DA:948,0
DA:949,0
DA:950,0
DA:957,0
DA:959,47
DA:960,47
DA:961,47
DA:962,47
DA:963,47
DA:968,2189
DA:969,2189
DA:971,372
DA:982,0
DA:1014,462
DA:1024,0
DA:1034,2189
DA:1056,0
DA:1058,0
DA:1059,0
DA:1084,0
DA:1096,3
DA:1101,0
DA:1111,0
DA:1112,0
DA:1113,0
DA:1114,0
DA:1115,0
DA:1116,0
DA:1124,1
DA:1128,1
LF:500
LH:289
BRDA:111,0,0,47
BRDA:111,0,1,38
BRDA:116,1,0,0
BRDA:119,2,0,0
BRDA:119,2,1,0
BRDA:129,3,0,0
BRDA:141,4,0,17
BRDA:147,5,0,18
BRDA:147,5,1,29
BRDA:148,6,0,18
BRDA:148,6,1,18
BRDA:148,6,2,18
BRDA:148,7,0,0
BRDA:148,7,1,18
BRDA:148,8,0,18
BRDA:148,8,1,18
BRDA:149,9,0,15
BRDA:149,9,1,14
BRDA:150,10,0,15
BRDA:150,10,1,0
BRDA:150,10,2,0
BRDA:150,10,3,15
BRDA:150,10,4,15
BRDA:150,10,5,15
BRDA:150,10,6,0
BRDA:150,10,7,0
BRDA:150,10,8,0
BRDA:150,11,0,0
BRDA:150,11,1,15
BRDA:150,12,0,15
BRDA:150,12,1,15
BRDA:151,13,0,0
BRDA:151,13,1,15
BRDA:151,14,0,15
BRDA:151,14,1,15
BRDA:152,15,0,0
BRDA:152,15,1,0
BRDA:152,16,0,0
BRDA:152,16,1,0
BRDA:153,17,0,0
BRDA:153,17,1,14
BRDA:154,18,0,0
BRDA:154,18,1,0
BRDA:154,18,2,0
BRDA:154,18,3,0
BRDA:154,18,4,0
BRDA:154,18,5,0
BRDA:154,19,0,0
BRDA:154,19,1,0
BRDA:154,20,0,0
BRDA:154,20,1,0
BRDA:155,21,0,0
BRDA:155,21,1,0
BRDA:155,22,0,0
BRDA:155,22,1,0
BRDA:158,23,0,14
BRDA:158,23,1,14
BRDA:158,23,2,14
BRDA:158,24,0,0
BRDA:158,24,1,14
BRDA:158,25,0,14
BRDA:158,25,1,14
BRDA:161,26,0,0
BRDA:161,27,0,47
BRDA:161,27,1,47
BRDA:170,28,0,18
BRDA:170,28,1,0
BRDA:170,28,2,15
BRDA:170,28,3,14
BRDA:170,28,4,0
BRDA:195,29,0,0
BRDA:195,30,0,47
BRDA:195,30,1,47
BRDA:196,31,0,0
BRDA:196,31,1,0
BRDA:198,32,0,0
BRDA:198,33,0,0
BRDA:198,33,1,0
BRDA:204,34,0,47
BRDA:204,34,1,235
BRDA:224,35,0,1
BRDA:240,36,0,0
BRDA:240,37,0,0
BRDA:240,37,1,0
BRDA:258,38,0,58
BRDA:260,39,0,0
BRDA:260,40,0,58
BRDA:260,40,1,58
BRDA:260,41,0,0
BRDA:260,41,1,58
BRDA:260,42,0,58
BRDA:260,42,1,58
BRDA:260,43,0,0
BRDA:260,43,1,58
BRDA:260,44,0,58
BRDA:260,44,1,58
BRDA:265,45,0,58
BRDA:265,45,1,58
BRDA:266,46,0,116
BRDA:266,46,1,58
BRDA:266,46,2,58
BRDA:266,46,3,58
BRDA:272,47,0,0
BRDA:272,48,0,58
BRDA:272,48,1,0
BRDA:272,48,2,0
BRDA:272,48,3,0
BRDA:272,48,4,0
BRDA:273,49,0,0
BRDA:273,49,1,0
BRDA:273,50,0,0
BRDA:273,50,1,0
BRDA:288,51,0,0
BRDA:288,51,1,0
BRDA:288,51,2,0
BRDA:288,52,0,0
BRDA:288,52,1,0
BRDA:288,53,0,0
BRDA:288,53,1,0
BRDA:288,54,0,0
BRDA:288,54,1,0
BRDA:288,55,0,0
BRDA:288,55,1,0
BRDA:288,56,0,0
BRDA:288,56,1,0
BRDA:288,57,0,0
BRDA:288,57,1,0
BRDA:289,58,0,0
BRDA:289,58,1,0
BRDA:289,59,0,0
BRDA:289,59,1,0
BRDA:289,60,0,0
BRDA:289,60,1,0
BRDA:289,61,0,0
BRDA:289,61,1,0
BRDA:289,62,0,0
BRDA:289,62,1,0
BRDA:289,63,0,0
BRDA:289,63,1,0
BRDA:289,64,0,0
BRDA:289,64,1,0
BRDA:289,65,0,0
BRDA:289,65,1,0
BRDA:289,66,0,0
BRDA:289,66,1,0
BRDA:289,67,0,0
BRDA:289,67,1,0
BRDA:289,68,0,0
BRDA:289,68,1,0
BRDA:289,69,0,0
BRDA:289,69,1,0
BRDA:291,70,0,0
BRDA:291,70,1,0
BRDA:296,71,0,0
BRDA:296,72,0,0
BRDA:296,72,1,0
BRDA:299,73,0,0
BRDA:307,74,0,0
BRDA:307,74,1,0
BRDA:324,75,0,0
BRDA:324,75,1,0
BRDA:342,76,0,24
BRDA:345,77,0,18
BRDA:348,78,0,16
BRDA:351,79,0,15
BRDA:466,80,0,0
BRDA:475,81,0,24
BRDA:475,81,1,120
BRDA:500,82,0,0
BRDA:506,83,0,0
BRDA:506,83,1,0
BRDA:514,84,0,24
BRDA:519,85,0,14
BRDA:529,86,0,0
BRDA:543,87,0,64
BRDA:543,88,0,64
BRDA:543,88,1,64
BRDA:550,89,0,0
BRDA:550,90,0,64
BRDA:550,90,1,15
BRDA:550,91,0,0
BRDA:550,91,1,15
BRDA:550,92,0,15
BRDA:550,92,1,15
BRDA:550,93,0,0
BRDA:550,93,1,15
BRDA:550,94,0,15
BRDA:550,94,1,15
BRDA:551,95,0,0
BRDA:551,95,1,0
BRDA:551,96,0,0
BRDA:551,96,1,0
BRDA:551,97,0,0
BRDA:551,97,1,0
BRDA:551,98,0,0
BRDA:551,98,1,0
BRDA:554,99,0,0
BRDA:557,100,0,0
BRDA:559,101,0,0
BRDA:559,101,1,0
BRDA:559,102,0,0
BRDA:559,102,1,0
BRDA:571,103,0,0
BRDA:571,104,0,64
BRDA:571,104,1,14
BRDA:571,105,0,14
BRDA:571,105,1,0
BRDA:571,106,0,14
BRDA:571,106,1,14
BRDA:571,107,0,14
BRDA:571,107,1,0
BRDA:571,108,0,14
BRDA:571,108,1,0
BRDA:571,109,0,0
BRDA:571,109,1,14
BRDA:571,110,0,14
BRDA:571,110,1,14
BRDA:571,111,0,0
BRDA:571,111,1,14
BRDA:571,112,0,14
BRDA:571,112,1,14
BRDA:572,113,0,0
BRDA:572,113,1,0
BRDA:572,114,0,0
BRDA:572,114,1,0
BRDA:572,115,0,0
BRDA:572,115,1,0
BRDA:572,116,0,0
BRDA:572,116,1,0
BRDA:575,117,0,0
BRDA:580,118,0,0
BRDA:580,118,1,64
BRDA:580,119,0,64
BRDA:580,119,1,64
BRDA:581,120,0,0
BRDA:581,120,1,64
BRDA:581,121,0,64
BRDA:581,121,1,64
BRDA:582,122,0,47
BRDA:582,123,0,17
BRDA:582,123,1,47
BRDA:582,124,0,64
BRDA:582,124,1,64
BRDA:583,125,0,47
BRDA:583,125,1,0
BRDA:585,126,0,0
BRDA:585,127,0,29
BRDA:585,127,1,18
BRDA:585,128,0,47
BRDA:585,128,1,47
BRDA:587,129,0,0
BRDA:587,129,1,0
BRDA:593,130,0,18
BRDA:594,131,0,18
BRDA:594,131,1,0
BRDA:596,132,0,0
BRDA:599,133,0,0
BRDA:602,134,0,47
BRDA:602,134,1,47
BRDA:602,135,0,29
BRDA:602,135,1,18
BRDA:602,136,0,47
BRDA:602,136,1,47
BRDA:605,137,0,47
BRDA:605,138,0,47
BRDA:605,138,1,47
BRDA:613,139,0,0
BRDA:613,140,0,64
BRDA:613,140,1,14
BRDA:613,141,0,14
BRDA:613,141,1,0
BRDA:613,142,0,14
BRDA:613,142,1,14
BRDA:613,143,0,14
BRDA:613,143,1,0
BRDA:613,144,0,14
BRDA:613,144,1,0
BRDA:613,145,0,0
BRDA:613,145,1,14
BRDA:613,146,0,14
BRDA:613,146,1,14
BRDA:617,147,0,0
BRDA:629,148,0,0
BRDA:629,149,0,0
BRDA:629,149,1,0
BRDA:629,149,2,0
BRDA:629,149,3,0
BRDA:630,150,0,0
BRDA:630,150,1,0
BRDA:630,151,0,0
BRDA:630,151,1,0
BRDA:632,152,0,0
BRDA:632,153,0,0
BRDA:632,153,1,0
BRDA:635,154,0,0
BRDA:635,154,1,0
BRDA:635,154,2,0
BRDA:635,155,0,0
BRDA:635,155,1,0
BRDA:635,156,0,0
BRDA:635,156,1,0
BRDA:635,157,0,0
BRDA:635,157,1,0
BRDA:635,158,0,0
BRDA:635,158,1,0
BRDA:645,159,0,0
BRDA:655,160,0,0
BRDA:655,160,1,0
BRDA:657,161,0,0
BRDA:658,162,0,0
BRDA:659,163,0,0
BRDA:660,164,0,0
BRDA:661,165,0,0
BRDA:662,166,0,0
BRDA:665,167,0,0
BRDA:677,168,0,1
BRDA:677,168,1,9
BRDA:677,169,0,10
BRDA:677,169,1,10
BRDA:680,170,0,0
BRDA:680,170,1,9
BRDA:680,171,0,9
BRDA:680,171,1,9
BRDA:680,172,0,0
BRDA:680,172,1,9
BRDA:680,173,0,9
BRDA:680,173,1,9
BRDA:680,174,0,0
BRDA:680,174,1,9
BRDA:680,175,0,9
BRDA:680,175,1,9
BRDA:680,176,0,0
BRDA:680,176,1,9
BRDA:680,177,0,9
BRDA:680,177,1,9
BRDA:680,178,0,0
BRDA:680,178,1,9
BRDA:680,179,0,9
BRDA:680,179,1,9
BRDA:683,180,0,0
BRDA:683,180,1,9
BRDA:683,181,0,0
BRDA:683,181,1,9
BRDA:683,182,0,9
BRDA:683,182,1,9
BRDA:683,183,0,0
BRDA:683,183,1,9
BRDA:683,184,0,9
BRDA:683,184,1,9
BRDA:685,185,0,0
BRDA:685,185,1,0
BRDA:685,186,0,0
BRDA:685,186,1,0
BRDA:685,187,0,0
BRDA:685,187,1,0
BRDA:686,188,0,6
BRDA:686,188,1,3
BRDA:686,189,0,0
BRDA:686,189,1,9
BRDA:686,190,0,9
BRDA:686,190,1,9
BRDA:686,191,0,0
BRDA:686,191,1,9
BRDA:686,192,0,9
BRDA:686,192,1,9
BRDA:689,193,0,1
BRDA:689,193,1,2
BRDA:689,194,0,0
BRDA:689,194,1,3
BRDA:689,195,0,3
BRDA:689,195,1,3
BRDA:689,196,0,0
BRDA:689,196,1,3
BRDA:689,197,0,3
BRDA:689,197,1,3
BRDA:692,198,0,1
BRDA:692,198,1,1
BRDA:692,199,0,0
BRDA:692,199,1,2
BRDA:692,200,0,2
BRDA:692,200,1,2
BRDA:692,201,0,0
BRDA:692,201,1,2
BRDA:692,202,0,2
BRDA:692,202,1,2
BRDA:695,203,0,1
BRDA:695,203,1,0
BRDA:695,204,0,0
BRDA:695,204,1,1
BRDA:695,205,0,1
BRDA:695,205,1,1
BRDA:695,206,0,0
BRDA:695,206,1,1
BRDA:695,207,0,1
BRDA:695,207,1,1
BRDA:698,208,0,0
BRDA:698,208,1,0
BRDA:698,209,0,0
BRDA:698,209,1,0
BRDA:698,210,0,0
BRDA:698,210,1,0
BRDA:698,211,0,0
BRDA:698,211,1,0
BRDA:698,212,0,0
BRDA:698,212,1,0
BRDA:701,213,0,0
BRDA:701,213,1,0
BRDA:701,214,0,0
BRDA:701,214,1,0
BRDA:701,215,0,0
BRDA:701,215,1,0
BRDA:701,216,0,0
BRDA:701,216,1,0
BRDA:701,217,0,0
BRDA:701,217,1,0
BRDA:705,218,0,0
BRDA:705,218,1,0
BRDA:705,219,0,0
BRDA:705,219,1,0
BRDA:705,220,0,0
BRDA:705,220,1,0
BRDA:706,221,0,0
BRDA:706,221,1,0
BRDA:706,222,0,0
BRDA:706,222,1,0
BRDA:733,223,0,1
BRDA:748,224,0,6
BRDA:748,224,1,5
BRDA:749,225,0,4
BRDA:749,225,1,0
BRDA:749,226,0,0
BRDA:749,226,1,0
BRDA:749,227,0,0
BRDA:749,227,1,0
BRDA:749,228,0,0
BRDA:749,228,1,0
BRDA:749,229,0,0
BRDA:749,229,1,0
BRDA:750,230,0,0
BRDA:750,230,1,0
BRDA:750,231,0,0
BRDA:750,231,1,0
BRDA:750,232,0,0
BRDA:750,232,1,0
BRDA:750,233,0,0
BRDA:750,233,1,0
BRDA:750,234,0,0
BRDA:750,234,1,0
BRDA:752,235,0,6
BRDA:752,235,1,1
BRDA:753,236,0,0
BRDA:758,237,0,0
BRDA:758,237,1,1
BRDA:758,238,0,1
BRDA:758,238,1,0
BRDA:758,239,0,1
BRDA:758,239,1,0
BRDA:758,240,0,1
BRDA:758,240,1,1
BRDA:758,241,0,1
BRDA:758,241,1,0
BRDA:758,242,0,1
BRDA:758,242,1,1
BRDA:758,243,0,0
BRDA:758,243,1,0
BRDA:758,244,0,0
BRDA:758,244,1,0
BRDA:758,245,0,0
BRDA:758,245,1,0
BRDA:758,246,0,0
BRDA:758,246,1,0
BRDA:760,247,0,0
BRDA:760,247,1,1
BRDA:760,248,0,1
BRDA:760,248,1,0
BRDA:760,249,0,1
BRDA:760,249,1,0
BRDA:760,250,0,1
BRDA:760,250,1,1
BRDA:760,251,0,1
BRDA:760,251,1,0
BRDA:760,252,0,1
BRDA:760,252,1,1
BRDA:760,253,0,0
BRDA:760,253,1,0
BRDA:760,254,0,0
BRDA:760,254,1,0
BRDA:760,255,0,0
BRDA:760,255,1,0
BRDA:760,256,0,0
BRDA:760,256,1,0
BRDA:762,257,0,0
BRDA:762,258,0,1
BRDA:762,258,1,0
BRDA:762,259,0,1
BRDA:762,259,1,0
BRDA:762,260,0,1
BRDA:762,260,1,1
BRDA:762,261,0,1
BRDA:762,261,1,0
BRDA:762,262,0,1
BRDA:762,262,1,1
BRDA:762,263,0,0
BRDA:762,263,1,0
BRDA:762,264,0,0
BRDA:762,264,1,0
BRDA:762,265,0,0
BRDA:762,265,1,0
BRDA:762,266,0,0
BRDA:762,266,1,0
BRDA:767,267,0,1
BRDA:769,268,0,1
BRDA:769,268,1,0
BRDA:769,269,0,0
BRDA:769,269,1,1
BRDA:769,270,0,1
BRDA:769,270,1,1
BRDA:769,271,0,0
BRDA:769,271,1,0
BRDA:769,272,0,0
BRDA:769,272,1,0
BRDA:770,273,0,1
BRDA:770,273,1,0
BRDA:770,274,0,0
BRDA:770,274,1,1
BRDA:770,275,0,1
BRDA:770,275,1,1
BRDA:770,276,0,0
BRDA:770,276,1,0
BRDA:770,277,0,0
BRDA:770,277,1,0
BRDA:775,278,0,0
BRDA:775,278,1,1
BRDA:776,279,0,0
BRDA:776,279,1,1
BRDA:791,280,0,0
BRDA:799,281,0,0
BRDA:799,281,1,1
BRDA:799,282,0,1
BRDA:799,282,1,0
BRDA:799,283,0,0
BRDA:799,283,1,1
BRDA:799,284,0,1
BRDA:799,284,1,1
BRDA:799,285,0,0
BRDA:799,285,1,1
BRDA:799,286,0,1
BRDA:799,286,1,1
BRDA:799,287,0,0
BRDA:799,287,1,0
BRDA:799,288,0,0
BRDA:799,288,1,0
BRDA:799,289,0,0
BRDA:799,289,1,0
BRDA:799,290,0,0
BRDA:799,290,1,0
BRDA:801,291,0,1
BRDA:801,291,1,0
BRDA:801,292,0,1
BRDA:801,292,1,1
BRDA:801,293,0,0
BRDA:801,293,1,1
BRDA:801,294,0,1
BRDA:801,294,1,1
BRDA:801,295,0,0
BRDA:801,295,1,1
BRDA:801,296,0,1
BRDA:801,296,1,1
BRDA:801,297,0,0
BRDA:801,297,1,1
BRDA:801,298,0,1
BRDA:801,298,1,1
BRDA:801,299,0,0
BRDA:801,299,1,1
BRDA:801,300,0,1
BRDA:801,300,1,1
BRDA:803,301,0,0
BRDA:803,302,0,0
BRDA:803,302,1,0
BRDA:803,303,0,0
BRDA:803,303,1,0
BRDA:803,304,0,0
BRDA:803,304,1,0
BRDA:803,305,0,0
BRDA:803,305,1,0
BRDA:803,306,0,0
BRDA:803,306,1,0
BRDA:803,307,0,0
BRDA:803,307,1,0
BRDA:803,308,0,0
BRDA:803,308,1,0
BRDA:803,309,0,0
BRDA:803,309,1,0
BRDA:803,310,0,0
BRDA:803,310,1,0
BRDA:807,311,0,0
BRDA:807,312,0,1
BRDA:807,312,1,1
BRDA:824,313,0,0
BRDA:825,314,0,16
BRDA:825,314,1,16
BRDA:825,314,2,16
BRDA:825,314,3,16
BRDA:825,315,0,0
BRDA:825,315,1,16
BRDA:825,316,0,16
BRDA:825,316,1,16
BRDA:828,317,0,0
BRDA:828,317,1,0
BRDA:834,318,0,0
BRDA:843,319,0,0
BRDA:854,320,0,0
BRDA:857,321,0,0
BRDA:857,322,0,47
BRDA:857,322,1,0
BRDA:857,322,2,0
BRDA:861,323,0,0
BRDA:927,324,0,0
BRDA:927,325,0,0
BRDA:927,325,1,0
BRDA:947,326,0,0
BRDA:947,327,0,0
BRDA:947,327,1,0
BRDA:948,328,0,0
BRDA:948,328,1,0
BRDA:948,329,0,0
BRDA:948,329,1,0
BRDA:948,330,0,0
BRDA:948,330,1,0
BRDA:1013,331,0,372
BRDA:1013,331,1,258
BRDA:1018,332,0,372
BRDA:1018,332,1,24
BRDA:1023,333,0,372
BRDA:1023,333,1,0
BRDA:1030,334,0,372
BRDA:1030,334,1,372
BRDA:1030,334,2,282
BRDA:1042,335,0,372
BRDA:1042,335,1,98
BRDA:1042,335,2,274
BRDA:1058,336,0,0
BRDA:1059,337,0,0
BRDA:1066,338,0,372
BRDA:1066,338,1,234
BRF:645
BRH:268
end_of_record
TN:
SF:src/js/pages/Investigations.tsx
FN:25,(anonymous_13)
FN:25,(anonymous_14)
FN:40,(anonymous_15)
FN:40,(anonymous_16)
FN:48,(anonymous_17)
FN:65,(anonymous_18)
FN:65,(anonymous_19)
FN:67,(anonymous_20)
FN:67,(anonymous_21)
FN:84,(anonymous_22)
FN:84,(anonymous_23)
FN:86,(anonymous_24)
FN:86,(anonymous_25)
FN:102,(anonymous_26)
FN:111,(anonymous_27)
FN:111,(anonymous_28)
FN:128,(anonymous_29)
FN:136,(anonymous_30)
FN:138,(anonymous_31)
FN:148,(anonymous_32)
FN:149,(anonymous_33)
FN:149,(anonymous_34)
FN:155,(anonymous_35)
FN:155,(anonymous_36)
FN:170,(anonymous_37)
FN:185,(anonymous_38)
FN:185,(anonymous_39)
FN:204,(anonymous_40)
FN:204,(anonymous_41)
FN:212,(anonymous_42)
FN:212,(anonymous_43)
FN:247,(anonymous_44)
FN:250,(anonymous_45)
FNF:33
FNH:0
FNDA:0,(anonymous_13)
FNDA:0,(anonymous_14)
FNDA:0,(anonymous_15)
FNDA:0,(anonymous_16)
FNDA:0,(anonymous_17)
FNDA:0,(anonymous_18)
FNDA:0,(anonymous_19)
FNDA:0,(anonymous_20)
FNDA:0,(anonymous_21)
FNDA:0,(anonymous_22)
FNDA:0,(anonymous_23)
FNDA:0,(anonymous_24)
FNDA:0,(anonymous_25)
FNDA:0,(anonymous_26)
FNDA:0,(anonymous_27)
FNDA:0,(anonymous_28)
FNDA:0,(anonymous_29)
FNDA:0,(anonymous_30)
FNDA:0,(anonymous_31)
FNDA:0,(anonymous_32)
FNDA:0,(anonymous_33)
FNDA:0,(anonymous_34)
FNDA:0,(anonymous_35)
FNDA:0,(anonymous_36)
FNDA:0,(anonymous_37)
FNDA:0,(anonymous_38)
FNDA:0,(anonymous_39)
FNDA:0,(anonymous_40)
FNDA:0,(anonymous_41)
FNDA:0,(anonymous_42)
FNDA:0,(anonymous_43)
FNDA:0,(anonymous_44)
FNDA:0,(anonymous_45)
DA:1,0
DA:3,0
DA:6,0
DA:25,0
DA:26,0
DA:27,0
DA:30,0
DA:40,0
DA:41,0
DA:42,0
DA:48,0
DA:49,0
DA:51,0
DA:53,0
DA:55,0
DA:65,0
DA:66,0
DA:67,0
DA:71,0
DA:74,0
DA:84,0
DA:85,0
DA:86,0
DA:87,0
DA:90,0
DA:102,0
DA:103,0
DA:104,0
DA:105,0
DA:106,0
DA:111,0
DA:112,0
DA:113,0
DA:114,0
DA:115,0
DA:116,0
DA:118,0
DA:119,0
DA:121,0
DA:123,0
DA:125,0
DA:128,0
DA:129,0
DA:136,0
DA:137,0
DA:138,0
DA:140,0
DA:148,0
DA:149,0
DA:155,0
DA:156,0
DA:157,0
DA:158,0
DA:159,0
DA:160,0
DA:161,0
DA:162,0
DA:163,0
DA:164,0
DA:168,0
DA:169,0
DA:170,0
DA:171,0
DA:172,0
DA:173,0
DA:177,0
DA:179,0
DA:185,0
DA:186,0
DA:187,0
DA:188,0
DA:189,0
DA:190,0
DA:192,0
DA:193,0
DA:196,0
DA:198,0
DA:204,0
DA:205,0
DA:206,0
DA:207,0
DA:208,0
DA:209,0
DA:211,0
DA:212,0
DA:214,0
DA:216,0
DA:218,0
DA:221,0
DA:223,0
DA:248,0
DA:250,0
DA:278,0
DA:282,0
LF:94
LH:0
BRDA:26,0,0,0
BRDA:41,1,0,0
BRDA:53,2,0,0
BRDA:53,2,1,0
BRDA:66,3,0,0
BRDA:67,4,0,0
BRDA:67,4,1,0
BRDA:85,5,0,0
BRDA:103,6,0,0
BRDA:103,6,1,0
BRDA:115,7,0,0
BRDA:115,7,1,0
BRDA:137,8,0,0
BRDA:137,8,1,0
BRDA:149,9,0,0
BRDA:149,9,1,0
BRDA:160,10,0,0
BRDA:160,10,1,0
BRDA:163,11,0,0
BRDA:172,12,0,0
BRDA:189,13,0,0
BRDA:189,13,1,0
BRDA:208,14,0,0
BRDA:208,14,1,0
BRDA:228,15,0,0
BRDA:228,15,1,0
BRDA:229,16,0,0
BRDA:229,16,1,0
BRDA:232,17,0,0
BRDA:232,17,1,0
BRDA:238,18,0,0
BRDA:238,18,1,0
BRDA:248,19,0,0
BRDA:248,19,1,0
BRDA:254,20,0,0
BRDA:254,20,1,0
BRDA:266,21,0,0
BRDA:266,21,1,0
BRF:38
BRH:0
end_of_record
TN:
SF:src/js/services/ChatService.ts
FN:3,saveComment
FN:17,fetchCommentMessages
FN:25,fetchCommentLog
FNF:3
FNH:0
FNDA:0,saveComment
FNDA:0,fetchCommentMessages
FNDA:0,fetchCommentLog
DA:3,1
DA:8,0
DA:13,0
DA:14,0
DA:17,1
DA:20,0
DA:21,0
DA:22,0
DA:25,1
DA:29,0
DA:30,0
DA:31,0
DA:32,0
DA:38,0
DA:45,0
DA:46,0
DA:47,0
LF:17
LH:3
BRDA:13,0,0,0
BRDA:21,1,0,0
BRDA:29,2,0,0
BRDA:31,3,0,0
BRDA:46,4,0,0
BRF:5
BRH:0
end_of_record
TN:
SF:src/js/services/GAIAService.ts
FN:62,(anonymous_8)
FN:78,(anonymous_9)
FN:95,(anonymous_10)
FN:109,(anonymous_11)
FN:118,(anonymous_13)
FN:146,(anonymous_14)
FN:159,(anonymous_16)
FN:419,(anonymous_17)
FN:434,(anonymous_19)
FN:449,(anonymous_21)
FN:464,(anonymous_23)
FN:479,(anonymous_25)
FN:493,(anonymous_27)
FNF:13
FNH:0
FNDA:0,(anonymous_8)
FNDA:0,(anonymous_9)
FNDA:0,(anonymous_10)
FNDA:0,(anonymous_11)
FNDA:0,(anonymous_13)
FNDA:0,(anonymous_14)
FNDA:0,(anonymous_16)
FNDA:0,(anonymous_17)
FNDA:0,(anonymous_19)
FNDA:0,(anonymous_21)
FNDA:0,(anonymous_23)
FNDA:0,(anonymous_25)
FNDA:0,(anonymous_27)
DA:2,1
DA:6,1
DA:7,1
DA:18,1
DA:62,1
DA:64,0
DA:78,1
DA:96,0
DA:97,0
DA:98,0
DA:99,0
DA:110,0
DA:113,0
DA:114,0
DA:115,0
DA:116,0
DA:117,0
DA:118,0
DA:120,0
DA:122,0
DA:126,0
DA:127,0
DA:132,0
DA:133,0
DA:135,0
DA:147,0
DA:148,0
DA:150,0
DA:151,0
DA:160,0
DA:411,0
DA:420,0
DA:421,0
DA:424,0
DA:435,0
DA:436,0
DA:438,0
DA:439,0
DA:450,0
DA:451,0
DA:453,0
DA:454,0
DA:465,0
DA:466,0
DA:468,0
DA:469,0
DA:480,0
DA:481,0
DA:483,0
DA:484,0
DA:497,0
DA:498,0
DA:505,1
LF:53
LH:7
BRDA:95,0,0,0
BRDA:116,1,0,0
BRDA:116,2,0,0
BRDA:116,2,1,0
BRDA:132,3,0,0
BRDA:132,4,0,0
BRDA:132,4,1,0
BRDA:132,5,0,0
BRDA:132,5,1,0
BRDA:146,6,0,0
BRDA:147,7,0,0
BRDA:420,8,0,0
BRDA:434,9,0,0
BRDA:435,10,0,0
BRDA:449,11,0,0
BRDA:450,12,0,0
BRDA:464,13,0,0
BRDA:465,14,0,0
BRDA:479,15,0,0
BRDA:480,16,0,0
BRF:20
BRH:0
end_of_record
TN:
SF:src/js/services/envConstants.ts
FN:42,(anonymous_0)
FN:52,(anonymous_1)
FNF:2
FNH:0
FNDA:0,(anonymous_0)
FNDA:0,(anonymous_1)
DA:14,1
DA:42,1
DA:44,0
DA:52,1
DA:58,0
DA:65,1
LF:6
LH:4
BRDA:61,0,0,0
BRDA:61,0,1,0
BRDA:61,1,0,0
BRDA:61,1,1,0
BRDA:61,2,0,0
BRDA:61,2,1,0
BRDA:61,3,0,0
BRDA:61,3,1,0
BRF:8
BRH:0
end_of_record
TN:
SF:src/js/services/restService/WithRUMInteractionName.ts
FN:9,(anonymous_0)
FN:13,(anonymous_1)
FNF:2
FNH:0
FNDA:0,(anonymous_0)
FNDA:0,(anonymous_1)
DA:10,0
DA:14,0
DA:19,1
LF:3
LH:1
BRF:0
BRH:0
end_of_record
TN:
SF:src/js/services/restService/constants.ts
FN:2,(anonymous_0)
FN:3,(anonymous_1)
FN:4,(anonymous_2)
FNF:3
FNH:0
FNDA:0,(anonymous_0)
FNDA:0,(anonymous_1)
FNDA:0,(anonymous_2)
DA:1,1
DA:2,1
DA:3,1
DA:4,1
LF:4
LH:4
BRF:0
BRH:0
end_of_record
TN:
SF:src/js/services/restService/index.ts
FN:48,(anonymous_8)
FN:72,(anonymous_9)
FN:90,(anonymous_10)
FN:117,(anonymous_12)
FN:142,(anonymous_14)
FNF:5
FNH:0
FNDA:0,(anonymous_8)
FNDA:0,(anonymous_9)
FNDA:0,(anonymous_10)
FNDA:0,(anonymous_12)
FNDA:0,(anonymous_14)
DA:1,1
DA:3,1
DA:4,1
DA:5,1
DA:49,0
DA:50,0
DA:51,0
DA:53,0
DA:54,0
DA:55,0
DA:58,0
DA:59,0
DA:62,0
DA:63,0
DA:72,0
DA:73,0
DA:74,0
DA:98,0
DA:99,0
DA:100,0
DA:124,0
DA:125,0
DA:146,0
DA:147,0
DA:148,0
DA:149,0
DA:150,0
DA:151,0
DA:152,0
DA:153,0
DA:157,0
DA:158,0
DA:164,0
DA:165,0
DA:168,0
DA:181,1
LF:36
LH:5
BRDA:52,0,0,0
BRDA:52,0,1,0
BRDA:55,1,0,0
BRDA:55,1,1,0
BRDA:56,2,0,0
BRDA:56,2,1,0
BRDA:56,3,0,0
BRDA:56,3,1,0
BRDA:56,4,0,0
BRDA:56,4,1,0
BRDA:56,5,0,0
BRDA:56,5,1,0
BRDA:56,6,0,0
BRDA:56,6,1,0
BRDA:56,7,0,0
BRDA:56,7,1,0
BRDA:58,8,0,0
BRDA:62,9,0,0
BRDA:94,10,0,0
BRDA:95,11,0,0
BRDA:96,12,0,0
BRDA:103,13,0,0
BRDA:103,13,1,0
BRDA:103,14,0,0
BRDA:103,14,1,0
BRDA:103,15,0,0
BRDA:103,15,1,0
BRDA:120,16,0,0
BRDA:121,17,0,0
BRDA:122,18,0,0
BRDA:128,19,0,0
BRDA:128,19,1,0
BRDA:128,20,0,0
BRDA:128,20,1,0
BRDA:128,21,0,0
BRDA:128,21,1,0
BRDA:148,22,0,0
BRDA:148,22,1,0
BRDA:149,23,0,0
BRDA:149,23,1,0
BRDA:150,24,0,0
BRDA:151,25,0,0
BRDA:159,26,0,0
BRDA:159,26,1,0
BRDA:164,27,0,0
BRF:45
BRH:0
end_of_record
TN:
SF:src/js/services/restService/onRequestEnd.ts
FN:15,(anonymous_0)
FN:18,onRequestStartFn
FNF:2
FNH:0
FNDA:0,(anonymous_0)
FNDA:0,onRequestStartFn
DA:4,1
DA:15,1
DA:18,0
DA:19,0
DA:22,0
DA:23,0
DA:24,0
DA:25,0
DA:27,0
DA:33,0
DA:37,1
LF:11
LH:3
BRDA:22,0,0,0
BRDA:24,1,0,0
BRDA:24,1,1,0
BRDA:28,2,0,0
BRDA:28,2,1,0
BRF:5
BRH:0
end_of_record
TN:
SF:src/js/services/restService/onRequestStart.ts
FN:11,(anonymous_0)
FN:14,onRequestStartFn
FNF:2
FNH:0
FNDA:0,(anonymous_0)
FNDA:0,onRequestStartFn
DA:4,1
DA:11,1
DA:14,0
DA:15,0
DA:18,0
DA:21,1
LF:6
LH:3
BRF:0
BRH:0
end_of_record
TN:
SF:src/js/types/RiskAssessment.ts
FN:179,(anonymous_0)
FN:188,(anonymous_1)
FN:206,(anonymous_2)
FNF:3
FNH:3
FNDA:1,(anonymous_0)
FNDA:1,(anonymous_1)
FNDA:1,(anonymous_2)
DA:179,1
DA:180,1
DA:181,1
DA:182,1
DA:183,1
DA:184,1
DA:185,1
DA:188,1
DA:189,1
DA:190,1
DA:191,1
DA:192,1
DA:206,1
DA:207,1
DA:208,1
DA:209,1
DA:210,1
LF:17
LH:17
BRDA:179,0,0,1
BRDA:179,0,1,1
BRDA:188,1,0,1
BRDA:188,1,1,1
BRDA:206,2,0,1
BRDA:206,2,1,1
BRF:6
BRH:6
end_of_record
TN:
SF:src/js/utils/fetchFCIWrapper.ts
FN:28,(anonymous_7)
FN:29,(anonymous_8)
FN:29,(anonymous_9)
FNF:3
FNH:0
FNDA:0,(anonymous_7)
FNDA:0,(anonymous_8)
FNDA:0,(anonymous_9)
DA:5,1
DA:6,1
DA:7,1
DA:28,1
DA:29,0
DA:30,0
DA:33,0
DA:36,0
DA:38,0
DA:39,0
DA:40,0
DA:42,0
DA:43,0
DA:46,0
DA:48,0
DA:49,0
DA:51,0
DA:56,0
DA:58,0
DA:61,0
DA:64,1
LF:21
LH:5
BRDA:40,0,0,0
BRDA:40,0,1,0
BRDA:48,1,0,0
BRDA:48,1,1,0
BRDA:52,2,0,0
BRDA:52,2,1,0
BRDA:58,3,0,0
BRF:7
BRH:0
end_of_record
TN:
SF:src/js/utils/investigation.ts
FN:8,(anonymous_7)
FN:26,(anonymous_8)
FN:30,(anonymous_9)
FN:30,(anonymous_10)
FNF:4
FNH:4
FNDA:1375,(anonymous_7)
FNDA:18,(anonymous_8)
FNDA:18,(anonymous_9)
FNDA:108,(anonymous_10)
DA:8,1
DA:9,1375
DA:26,1
DA:30,18
DA:31,108
LF:5
LH:5
BRDA:31,0,0,18
BRDA:31,0,1,90
BRF:2
BRH:2
end_of_record
TN:
SF:src/js/utils/investigationDataUtils.ts
FN:11,validateResponse
FN:57,processNetworkData
FN:81,(anonymous_10)
FN:94,(anonymous_11)
FN:113,processDeviceData
FN:146,(anonymous_13)
FN:152,(anonymous_14)
FN:158,(anonymous_15)
FN:198,(anonymous_16)
FN:225,processLogData
FN:245,(anonymous_18)
FN:256,(anonymous_19)
FN:262,(anonymous_20)
FN:278,processLocationData
FNF:14
FNH:4
FNDA:64,validateResponse
FNDA:18,processNetworkData
FNDA:0,(anonymous_10)
FNDA:0,(anonymous_11)
FNDA:15,processDeviceData
FNDA:0,(anonymous_13)
FNDA:0,(anonymous_14)
FNDA:0,(anonymous_15)
FNDA:0,(anonymous_16)
FNDA:14,processLogData
FNDA:0,(anonymous_18)
FNDA:0,(anonymous_19)
FNDA:0,(anonymous_20)
FNDA:0,processLocationData
DA:1,1
DA:2,1
DA:11,1
DA:12,64
DA:13,64
DA:14,0
DA:15,0
DA:16,0
DA:19,64
DA:21,17
DA:22,17
DA:24,17
DA:25,17
DA:26,17
DA:27,17
DA:29,47
DA:30,18
DA:31,0
DA:32,0
DA:34,29
DA:35,15
DA:36,0
DA:37,0
DA:39,14
DA:40,14
DA:41,0
DA:42,0
DA:45,0
DA:46,0
DA:49,47
DA:57,1
DA:58,18
DA:59,18
DA:60,18
DA:61,18
DA:69,0
DA:70,0
DA:71,0
DA:80,18
DA:81,0
DA:88,18
DA:94,0
DA:113,1
DA:114,15
DA:115,15
DA:116,0
DA:120,15
DA:121,15
DA:125,0
DA:126,0
DA:132,15
DA:133,15
DA:134,0
DA:138,15
DA:139,15
DA:146,15
DA:152,15
DA:157,15
DA:158,0
DA:167,15
DA:168,15
DA:169,0
DA:170,0
DA:171,0
DA:172,0
DA:174,0
DA:176,0
DA:177,0
DA:179,0
DA:181,0
DA:187,15
DA:198,0
DA:225,1
DA:226,14
DA:227,14
DA:228,14
DA:232,0
DA:233,0
DA:238,14
DA:239,14
DA:240,0
DA:241,14
DA:242,14
DA:244,14
DA:245,0
DA:252,14
DA:257,0
DA:262,0
DA:278,1
DA:279,0
DA:280,0
DA:281,0
DA:286,0
DA:293,0
LF:94
LH:52
BRDA:13,0,0,0
BRDA:19,1,0,17
BRDA:19,1,1,47
BRDA:21,2,0,17
BRDA:21,2,1,0
BRDA:21,2,2,0
BRDA:22,3,0,17
BRDA:22,3,1,0
BRDA:22,3,2,0
BRDA:24,4,0,17
BRDA:24,5,0,17
BRDA:24,5,1,17
BRDA:29,6,0,18
BRDA:29,6,1,29
BRDA:30,7,0,0
BRDA:34,8,0,15
BRDA:34,8,1,14
BRDA:35,9,0,0
BRDA:35,10,0,15
BRDA:35,10,1,15
BRDA:35,10,2,0
BRDA:39,11,0,14
BRDA:39,11,1,0
BRDA:40,12,0,0
BRDA:59,13,0,18
BRDA:59,13,1,0
BRDA:59,14,0,0
BRDA:59,14,1,18
BRDA:59,15,0,18
BRDA:59,15,1,18
BRDA:63,16,0,18
BRDA:63,16,1,18
BRDA:64,17,0,18
BRDA:64,17,1,18
BRDA:69,18,0,0
BRDA:69,19,0,0
BRDA:69,19,1,0
BRDA:69,20,0,0
BRDA:69,20,1,0
BRDA:73,21,0,0
BRDA:73,21,1,0
BRDA:74,22,0,0
BRDA:74,22,1,0
BRDA:80,23,0,0
BRDA:80,23,1,18
BRDA:80,24,0,18
BRDA:80,24,1,0
BRDA:80,25,0,18
BRDA:80,25,1,18
BRDA:80,26,0,0
BRDA:80,26,1,18
BRDA:80,27,0,18
BRDA:80,27,1,18
BRDA:85,28,0,0
BRDA:85,28,1,0
BRDA:90,29,0,0
BRDA:90,29,1,18
BRDA:90,30,0,0
BRDA:90,30,1,18
BRDA:90,31,0,18
BRDA:90,31,1,18
BRDA:94,32,0,18
BRDA:94,32,1,0
BRDA:94,33,0,18
BRDA:94,33,1,18
BRDA:94,34,0,0
BRDA:94,34,1,18
BRDA:94,35,0,18
BRDA:94,35,1,18
BRDA:99,36,0,18
BRDA:99,36,1,0
BRDA:99,37,0,0
BRDA:99,37,1,18
BRDA:99,38,0,18
BRDA:99,38,1,18
BRDA:103,39,0,18
BRDA:103,39,1,18
BRDA:103,40,0,0
BRDA:103,40,1,18
BRDA:103,41,0,18
BRDA:103,41,1,18
BRDA:115,42,0,0
BRDA:115,42,1,15
BRDA:115,43,0,0
BRDA:115,43,1,15
BRDA:115,44,0,15
BRDA:115,44,1,15
BRDA:120,45,0,15
BRDA:120,45,1,0
BRDA:120,46,0,0
BRDA:120,46,1,15
BRDA:120,47,0,15
BRDA:120,47,1,15
BRDA:125,48,0,0
BRDA:125,49,0,0
BRDA:125,49,1,0
BRDA:125,50,0,0
BRDA:125,50,1,0
BRDA:133,51,0,0
BRDA:133,51,1,15
BRDA:133,52,0,0
BRDA:133,52,1,15
BRDA:133,53,0,15
BRDA:133,53,1,15
BRDA:138,54,0,15
BRDA:138,55,0,0
BRDA:138,55,1,15
BRDA:138,56,0,15
BRDA:138,56,1,15
BRDA:146,57,0,15
BRDA:146,57,1,15
BRDA:146,58,0,15
BRDA:146,58,1,0
BRDA:146,59,0,15
BRDA:146,59,1,15
BRDA:146,60,0,0
BRDA:146,60,1,15
BRDA:146,61,0,15
BRDA:146,61,1,15
BRDA:148,62,0,0
BRDA:148,62,1,0
BRDA:152,63,0,15
BRDA:152,63,1,15
BRDA:152,64,0,15
BRDA:152,64,1,0
BRDA:152,65,0,15
BRDA:152,65,1,15
BRDA:152,66,0,0
BRDA:152,66,1,15
BRDA:152,67,0,15
BRDA:152,67,1,15
BRDA:154,68,0,0
BRDA:154,68,1,0
BRDA:157,69,0,0
BRDA:157,69,1,15
BRDA:157,70,0,15
BRDA:157,70,1,0
BRDA:157,71,0,15
BRDA:157,71,1,15
BRDA:157,72,0,0
BRDA:157,72,1,15
BRDA:157,73,0,15
BRDA:157,73,1,15
BRDA:162,74,0,0
BRDA:162,74,1,0
BRDA:168,75,0,0
BRDA:168,76,0,0
BRDA:168,76,1,15
BRDA:168,77,0,15
BRDA:168,77,1,15
BRDA:170,78,0,0
BRDA:170,78,1,0
BRDA:176,79,0,0
BRDA:176,79,1,0
BRDA:176,80,0,0
BRDA:176,80,1,0
BRDA:194,81,0,0
BRDA:194,81,1,15
BRDA:194,82,0,0
BRDA:194,82,1,15
BRDA:194,83,0,15
BRDA:194,83,1,15
BRDA:198,84,0,15
BRDA:198,84,1,0
BRDA:198,85,0,15
BRDA:198,85,1,15
BRDA:198,86,0,0
BRDA:198,86,1,15
BRDA:198,87,0,15
BRDA:198,87,1,15
BRDA:203,88,0,15
BRDA:203,88,1,0
BRDA:203,89,0,0
BRDA:203,89,1,15
BRDA:203,90,0,15
BRDA:203,90,1,15
BRDA:208,91,0,15
BRDA:208,91,1,15
BRDA:208,92,0,0
BRDA:208,92,1,15
BRDA:208,93,0,15
BRDA:208,93,1,15
BRDA:212,94,0,0
BRDA:212,94,1,15
BRDA:212,95,0,15
BRDA:212,95,1,15
BRDA:213,96,0,0
BRDA:213,96,1,15
BRDA:213,97,0,0
BRDA:213,97,1,15
BRDA:213,98,0,15
BRDA:213,98,1,15
BRDA:214,99,0,0
BRDA:214,99,1,15
BRDA:214,100,0,15
BRDA:214,100,1,15
BRDA:215,101,0,0
BRDA:215,101,1,15
BRDA:215,102,0,15
BRDA:215,102,1,15
BRDA:216,103,0,0
BRDA:216,103,1,15
BRDA:216,104,0,15
BRDA:216,104,1,15
BRDA:227,105,0,14
BRDA:227,105,1,0
BRDA:227,106,0,0
BRDA:227,106,1,14
BRDA:227,107,0,14
BRDA:227,107,1,14
BRDA:232,108,0,0
BRDA:232,109,0,0
BRDA:232,109,1,0
BRDA:232,110,0,0
BRDA:232,110,1,0
BRDA:239,111,0,0
BRDA:239,111,1,14
BRDA:239,112,0,0
BRDA:239,112,1,14
BRDA:239,113,0,14
BRDA:239,113,1,14
BRDA:241,114,0,14
BRDA:241,115,0,0
BRDA:241,115,1,14
BRDA:241,116,0,14
BRDA:241,116,1,14
BRDA:244,117,0,0
BRDA:244,117,1,14
BRDA:244,118,0,14
BRDA:244,118,1,0
BRDA:244,119,0,14
BRDA:244,119,1,14
BRDA:244,120,0,0
BRDA:244,120,1,14
BRDA:244,121,0,14
BRDA:244,121,1,14
BRDA:249,122,0,0
BRDA:249,122,1,0
BRDA:254,123,0,14
BRDA:254,123,1,0
BRDA:256,124,0,14
BRDA:256,124,1,0
BRDA:256,125,0,14
BRDA:256,125,1,14
BRDA:256,126,0,14
BRDA:256,126,1,0
BRDA:256,127,0,14
BRDA:256,127,1,14
BRDA:259,128,0,14
BRDA:259,128,1,0
BRDA:259,129,0,14
BRDA:259,129,1,14
BRDA:260,130,0,14
BRDA:260,130,1,0
BRDA:260,131,0,14
BRDA:260,131,1,14
BRDA:262,132,0,14
BRDA:262,132,1,0
BRDA:262,133,0,14
BRDA:262,133,1,14
BRDA:262,134,0,0
BRDA:262,134,1,14
BRDA:262,135,0,14
BRDA:262,135,1,14
BRDA:268,136,0,14
BRDA:268,136,1,14
BRDA:268,137,0,0
BRDA:268,137,1,14
BRDA:268,138,0,14
BRDA:268,138,1,14
BRDA:280,139,0,0
BRDA:280,140,0,0
BRDA:280,140,1,0
BRDA:280,141,0,0
BRDA:280,141,1,0
BRDA:283,142,0,0
BRDA:283,142,1,0
BRDA:289,143,0,0
BRDA:289,143,1,0
BRDA:289,144,0,0
BRDA:289,144,1,0
BRDA:289,145,0,0
BRDA:289,145,1,0
BRDA:290,146,0,0
BRDA:290,146,1,0
BRDA:290,147,0,0
BRDA:290,147,1,0
BRDA:290,148,0,0
BRDA:290,148,1,0
BRDA:291,149,0,0
BRDA:291,149,1,0
BRDA:291,150,0,0
BRDA:291,150,1,0
BRDA:291,151,0,0
BRDA:291,151,1,0
BRF:295
BRH:168
end_of_record
TN:
SF:src/js/utils/investigationStepsConfig.ts
FN:64,createStep
FNF:1
FNH:1
FNDA:144,createStep
DA:1,1
DA:3,1
DA:42,1
DA:64,1
DA:74,144
LF:5
LH:5
BRDA:71,0,0,0
BRDA:72,1,0,144
BRF:2
BRH:1
end_of_record
TN:
SF:src/js/widgets/gaia/OlorinWidget.tsx
FN:23,(anonymous_8)
FN:23,(anonymous_9)
FN:35,getInvestigationIdFromUrl
FN:44,setInvestigationIdInUrl
FN:58,(anonymous_12)
FN:116,(anonymous_13)
FN:73,(anonymous_14)
FN:76,(anonymous_15)
FN:96,(anonymous_16)
FN:108,(anonymous_17)
FN:129,(anonymous_18)
FN:156,(anonymous_19)
FNF:12
FNH:0
FNDA:0,(anonymous_8)
FNDA:0,(anonymous_9)
FNDA:0,getInvestigationIdFromUrl
FNDA:0,setInvestigationIdInUrl
FNDA:0,(anonymous_12)
FNDA:0,(anonymous_13)
FNDA:0,(anonymous_14)
FNDA:0,(anonymous_15)
FNDA:0,(anonymous_16)
FNDA:0,(anonymous_17)
FNDA:0,(anonymous_18)
FNDA:0,(anonymous_19)
DA:1,0
DA:3,0
DA:4,0
DA:5,0
DA:6,0
DA:7,0
DA:8,0
DA:11,0
DA:12,0
DA:23,0
DA:24,0
DA:36,0
DA:37,0
DA:45,0
DA:46,0
DA:47,0
DA:48,0
DA:59,0
DA:60,0
DA:65,0
DA:66,0
DA:74,0
DA:76,0
DA:80,0
DA:86,0
DA:97,0
DA:109,0
DA:116,0
DA:117,0
DA:118,0
DA:130,0
DA:133,0
DA:134,0
DA:135,0
DA:136,0
DA:137,0
DA:138,0
DA:140,0
DA:143,0
DA:157,0
DA:159,0
DA:160,0
DA:161,0
DA:162,0
DA:164,0
DA:174,0
LF:46
LH:0
BRDA:134,0,0,0
BRDA:136,1,0,0
BRDA:147,2,0,0
BRDA:147,2,1,0
BRDA:150,3,0,0
BRDA:150,3,1,0
BRDA:157,4,0,0
BRDA:157,4,1,0
BRF:8
BRH:0
end_of_record
