{"meta": {"format": 3, "version": "7.13.1", "timestamp": "2026-02-02T17:38:46.559005", "branch_coverage": false, "show_contexts": false}, "files": {"app/services/voice/__init__.py": {"executed_lines": [6], "summary": {"covered_lines": 1, "num_statements": 6, "percent_covered": 16.666666666666668, "percent_covered_display": "17", "missing_lines": 5, "excluded_lines": 0, "percent_statements_covered": 16.666666666666668, "percent_statements_covered_display": "17"}, "missing_lines": [7, 8, 9, 10, 12], "excluded_lines": [], "functions": {"": {"executed_lines": [6], "summary": {"covered_lines": 1, "num_statements": 6, "percent_covered": 16.666666666666668, "percent_covered_display": "17", "missing_lines": 5, "excluded_lines": 0, "percent_statements_covered": 16.666666666666668, "percent_statements_covered_display": "17"}, "missing_lines": [7, 8, 9, 10, 12], "excluded_lines": [], "start_line": 1}}, "classes": {"": {"executed_lines": [6], "summary": {"covered_lines": 1, "num_statements": 6, "percent_covered": 16.666666666666668, "percent_covered_display": "17", "missing_lines": 5, "excluded_lines": 0, "percent_statements_covered": 16.666666666666668, "percent_statements_covered_display": "17"}, "missing_lines": [7, 8, 9, 10, 12], "excluded_lines": [], "start_line": 1}}}, "app/services/voice/chat_tool_executor.py": {"executed_lines": [6, 8, 9, 11, 12, 13], "summary": {"covered_lines": 6, "num_statements": 37, "percent_covered": 16.216216216216218, "percent_covered_display": "16", "missing_lines": 31, "excluded_lines": 0, "percent_statements_covered": 16.216216216216218, "percent_statements_covered_display": "16"}, "missing_lines": [15, 18, 34, 35, 37, 38, 41, 50, 55, 57, 60, 65, 68, 72, 78, 82, 85, 97, 99, 100, 101, 102, 104, 109, 110, 112, 118, 123, 124, 130, 137], "excluded_lines": [], "functions": {"execute_with_tools": {"executed_lines": [], "summary": {"covered_lines": 0, "num_statements": 14, "percent_covered": 0.0, "percent_covered_display": "0", "missing_lines": 14, "excluded_lines": 0, "percent_statements_covered": 0.0, "percent_statements_covered_display": "0"}, "missing_lines": [34, 35, 37, 38, 41, 50, 55, 57, 60, 65, 68, 72, 78, 82], "excluded_lines": [], "start_line": 18}, "_execute_tools": {"executed_lines": [], "summary": {"covered_lines": 0, "num_statements": 14, "percent_covered": 0.0, "percent_covered_display": "0", "missing_lines": 14, "excluded_lines": 0, "percent_statements_covered": 0.0, "percent_statements_covered_display": "0"}, "missing_lines": [97, 99, 100, 101, 102, 104, 109, 110, 112, 118, 123, 124, 130, 137], "excluded_lines": [], "start_line": 85}, "": {"executed_lines": [6, 8, 9, 11, 12, 13], "summary": {"covered_lines": 6, "num_statements": 9, "percent_covered": 66.66666666666667, "percent_covered_display": "67", "missing_lines": 3, "excluded_lines": 0, "percent_statements_covered": 66.66666666666667, "percent_statements_covered_display": "67"}, "missing_lines": [15, 18, 85], "excluded_lines": [], "start_line": 1}}, "classes": {"": {"executed_lines": [6, 8, 9, 11, 12, 13], "summary": {"covered_lines": 6, "num_statements": 37, "percent_covered": 16.216216216216218, "percent_covered_display": "16", "missing_lines": 31, "excluded_lines": 0, "percent_statements_covered": 16.216216216216218, "percent_statements_covered_display": "16"}, "missing_lines": [15, 18, 34, 35, 37, 38, 41, 50, 55, 57, 60, 65, 68, 72, 78, 82, 85, 97, 99, 100, 101, 102, 104, 109, 110, 112, 118, 123, 124, 130, 137], "excluded_lines": [], "start_line": 1}}}, "app/services/voice/context.py": {"executed_lines": [6, 7, 9, 10, 11, 13, 16, 17, 25, 26, 27, 28, 29, 30, 31, 32, 34, 35], "summary": {"covered_lines": 18, "num_statements": 39, "percent_covered": 46.15384615384615, "percent_covered_display": "46", "missing_lines": 21, "excluded_lines": 0, "percent_statements_covered": 46.15384615384615, "percent_statements_covered_display": "46"}, "missing_lines": [58, 59, 60, 61, 64, 65, 66, 67, 68, 69, 71, 79, 80, 87, 88, 89, 92, 93, 100, 101, 107], "excluded_lines": [], "functions": {"VoiceContext.from_request": {"executed_lines": [], "summary": {"covered_lines": 0, "num_statements": 21, "percent_covered": 0.0, "percent_covered_display": "0", "missing_lines": 21, "excluded_lines": 0, "percent_statements_covered": 0.0, "percent_statements_covered_display": "0"}, "missing_lines": [58, 59, 60, 61, 64, 65, 66, 67, 68, 69, 71, 79, 80, 87, 88, 89, 92, 93, 100, 101, 107], "excluded_lines": [], "start_line": 35}, "": {"executed_lines": [6, 7, 9, 10, 11, 13, 16, 17, 25, 26, 27, 28, 29, 30, 31, 32, 34, 35], "summary": {"covered_lines": 18, "num_statements": 18, "percent_covered": 100.0, "percent_covered_display": "100", "missing_lines": 0, "excluded_lines": 0, "percent_statements_covered": 100.0, "percent_statements_covered_display": "100"}, "missing_lines": [], "excluded_lines": [], "start_line": 1}}, "classes": {"VoiceContext": {"executed_lines": [], "summary": {"covered_lines": 0, "num_statements": 21, "percent_covered": 0.0, "percent_covered_display": "0", "missing_lines": 21, "excluded_lines": 0, "percent_statements_covered": 0.0, "percent_statements_covered_display": "0"}, "missing_lines": [58, 59, 60, 61, 64, 65, 66, 67, 68, 69, 71, 79, 80, 87, 88, 89, 92, 93, 100, 101, 107], "excluded_lines": [], "start_line": 17}, "": {"executed_lines": [6, 7, 9, 10, 11, 13, 16, 17, 25, 26, 27, 28, 29, 30, 31, 32, 34, 35], "summary": {"covered_lines": 18, "num_statements": 18, "percent_covered": 100.0, "percent_covered_display": "100", "missing_lines": 0, "excluded_lines": 0, "percent_statements_covered": 100.0, "percent_statements_covered_display": "100"}, "missing_lines": [], "excluded_lines": [], "start_line": 1}}}, "app/services/voice/conversation_memory.py": {"executed_lines": [6, 7, 8, 9, 11, 12, 14, 17, 25, 26, 27, 28, 30, 42, 81, 113, 124], "summary": {"covered_lines": 17, "num_statements": 49, "percent_covered": 34.69387755102041, "percent_covered_display": "35", "missing_lines": 32, "excluded_lines": 0, "percent_statements_covered": 34.69387755102041, "percent_statements_covered_display": "35"}, "missing_lines": [32, 33, 34, 36, 55, 56, 57, 61, 63, 66, 67, 69, 72, 77, 78, 79, 96, 97, 98, 99, 100, 103, 104, 105, 109, 111, 115, 116, 117, 118, 119, 120], "excluded_lines": [], "functions": {"ConversationMemory.__init__": {"executed_lines": [26, 27, 28], "summary": {"covered_lines": 3, "num_statements": 3, "percent_covered": 100.0, "percent_covered_display": "100", "missing_lines": 0, "excluded_lines": 0, "percent_statements_covered": 100.0, "percent_statements_covered_display": "100"}, "missing_lines": [], "excluded_lines": [], "start_line": 25}, "ConversationMemory._generate_secure_id": {"executed_lines": [], "summary": {"covered_lines": 0, "num_statements": 4, "percent_covered": 0.0, "percent_covered_display": "0", "missing_lines": 4, "excluded_lines": 0, "percent_statements_covered": 0.0, "percent_statements_covered_display": "0"}, "missing_lines": [32, 33, 34, 36], "excluded_lines": [], "start_line": 30}, "ConversationMemory.add_message": {"executed_lines": [], "summary": {"covered_lines": 0, "num_statements": 12, "percent_covered": 0.0, "percent_covered_display": "0", "missing_lines": 12, "excluded_lines": 0, "percent_statements_covered": 0.0, "percent_statements_covered_display": "0"}, "missing_lines": [55, 56, 57, 61, 63, 66, 67, 69, 72, 77, 78, 79], "excluded_lines": [], "start_line": 42}, "ConversationMemory.get_history": {"executed_lines": [], "summary": {"covered_lines": 0, "num_statements": 10, "percent_covered": 0.0, "percent_covered_display": "0", "missing_lines": 10, "excluded_lines": 0, "percent_statements_covered": 0.0, "percent_statements_covered_display": "0"}, "missing_lines": [96, 97, 98, 99, 100, 103, 104, 105, 109, 111], "excluded_lines": [], "start_line": 81}, "ConversationMemory.clear": {"executed_lines": [], "summary": {"covered_lines": 0, "num_statements": 6, "percent_covered": 0.0, "percent_covered_display": "0", "missing_lines": 6, "excluded_lines": 0, "percent_statements_covered": 0.0, "percent_statements_covered_display": "0"}, "missing_lines": [115, 116, 117, 118, 119, 120], "excluded_lines": [], "start_line": 113}, "": {"executed_lines": [6, 7, 8, 9, 11, 12, 14, 17, 25, 30, 42, 81, 113, 124], "summary": {"covered_lines": 14, "num_statements": 14, "percent_covered": 100.0, "percent_covered_display": "100", "missing_lines": 0, "excluded_lines": 0, "percent_statements_covered": 100.0, "percent_statements_covered_display": "100"}, "missing_lines": [], "excluded_lines": [], "start_line": 1}}, "classes": {"ConversationMemory": {"executed_lines": [26, 27, 28], "summary": {"covered_lines": 3, "num_statements": 35, "percent_covered": 8.571428571428571, "percent_covered_display": "9", "missing_lines": 32, "excluded_lines": 0, "percent_statements_covered": 8.571428571428571, "percent_statements_covered_display": "9"}, "missing_lines": [32, 33, 34, 36, 55, 56, 57, 61, 63, 66, 67, 69, 72, 77, 78, 79, 96, 97, 98, 99, 100, 103, 104, 105, 109, 111, 115, 116, 117, 118, 119, 120], "excluded_lines": [], "start_line": 17}, "": {"executed_lines": [6, 7, 8, 9, 11, 12, 14, 17, 25, 30, 42, 81, 113, 124], "summary": {"covered_lines": 14, "num_statements": 14, "percent_covered": 100.0, "percent_covered_display": "100", "missing_lines": 0, "excluded_lines": 0, "percent_statements_covered": 100.0, "percent_statements_covered_display": "100"}, "missing_lines": [], "excluded_lines": [], "start_line": 1}}}, "app/services/voice/error_messages.py": {"executed_lines": [6, 9, 68], "summary": {"covered_lines": 3, "num_statements": 5, "percent_covered": 60.0, "percent_covered_display": "60", "missing_lines": 2, "excluded_lines": 0, "percent_statements_covered": 60.0, "percent_statements_covered_display": "60"}, "missing_lines": [79, 80], "excluded_lines": [], "functions": {"get_error_message": {"executed_lines": [], "summary": {"covered_lines": 0, "num_statements": 2, "percent_covered": 0.0, "percent_covered_display": "0", "missing_lines": 2, "excluded_lines": 0, "percent_statements_covered": 0.0, "percent_statements_covered_display": "0"}, "missing_lines": [79, 80], "excluded_lines": [], "start_line": 68}, "": {"executed_lines": [6, 9, 68], "summary": {"covered_lines": 3, "num_statements": 3, "percent_covered": 100.0, "percent_covered_display": "100", "missing_lines": 0, "excluded_lines": 0, "percent_statements_covered": 100.0, "percent_statements_covered_display": "100"}, "missing_lines": [], "excluded_lines": [], "start_line": 1}}, "classes": {"": {"executed_lines": [6, 9, 68], "summary": {"covered_lines": 3, "num_statements": 5, "percent_covered": 60.0, "percent_covered_display": "60", "missing_lines": 2, "excluded_lines": 0, "percent_statements_covered": 60.0, "percent_statements_covered_display": "60"}, "missing_lines": [79, 80], "excluded_lines": [], "start_line": 1}}}, "app/services/voice/intent_handlers/__init__.py": {"executed_lines": [6], "summary": {"covered_lines": 1, "num_statements": 6, "percent_covered": 16.666666666666668, "percent_covered_display": "17", "missing_lines": 5, "excluded_lines": 0, "percent_statements_covered": 16.666666666666668, "percent_statements_covered_display": "17"}, "missing_lines": [7, 8, 9, 15, 17], "excluded_lines": [], "functions": {"": {"executed_lines": [6], "summary": {"covered_lines": 1, "num_statements": 6, "percent_covered": 16.666666666666668, "percent_covered_display": "17", "missing_lines": 5, "excluded_lines": 0, "percent_statements_covered": 16.666666666666668, "percent_statements_covered_display": "17"}, "missing_lines": [7, 8, 9, 15, 17], "excluded_lines": [], "start_line": 1}}, "classes": {"": {"executed_lines": [6], "summary": {"covered_lines": 1, "num_statements": 6, "percent_covered": 16.666666666666668, "percent_covered_display": "17", "missing_lines": 5, "excluded_lines": 0, "percent_statements_covered": 16.666666666666668, "percent_statements_covered_display": "17"}, "missing_lines": [7, 8, 9, 15, 17], "excluded_lines": [], "start_line": 1}}}, "app/services/voice/intent_handlers/chat_handler.py": {"executed_lines": [6, 8, 9, 10], "summary": {"covered_lines": 4, "num_statements": 15, "percent_covered": 26.666666666666668, "percent_covered_display": "27", "missing_lines": 11, "excluded_lines": 0, "percent_statements_covered": 26.666666666666668, "percent_statements_covered_display": "27"}, "missing_lines": [11, 13, 16, 30, 31, 33, 41, 50, 52, 53, 58], "excluded_lines": [], "functions": {"handle_chat": {"executed_lines": [], "summary": {"covered_lines": 0, "num_statements": 8, "percent_covered": 0.0, "percent_covered_display": "0", "missing_lines": 8, "excluded_lines": 0, "percent_statements_covered": 0.0, "percent_statements_covered_display": "0"}, "missing_lines": [30, 31, 33, 41, 50, 52, 53, 58], "excluded_lines": [], "start_line": 16}, "": {"executed_lines": [6, 8, 9, 10], "summary": {"covered_lines": 4, "num_statements": 7, "percent_covered": 57.142857142857146, "percent_covered_display": "57", "missing_lines": 3, "excluded_lines": 0, "percent_statements_covered": 57.142857142857146, "percent_statements_covered_display": "57"}, "missing_lines": [11, 13, 16], "excluded_lines": [], "start_line": 1}}, "classes": {"": {"executed_lines": [6, 8, 9, 10], "summary": {"covered_lines": 4, "num_statements": 15, "percent_covered": 26.666666666666668, "percent_covered_display": "27", "missing_lines": 11, "excluded_lines": 0, "percent_statements_covered": 26.666666666666668, "percent_statements_covered_display": "27"}, "missing_lines": [11, 13, 16, 30, 31, 33, 41, 50, 52, 53, 58], "excluded_lines": [], "start_line": 1}}}, "app/services/voice/intent_handlers/helpers.py": {"executed_lines": [], "summary": {"covered_lines": 0, "num_statements": 4, "percent_covered": 0.0, "percent_covered_display": "0", "missing_lines": 4, "excluded_lines": 0, "percent_statements_covered": 0.0, "percent_statements_covered_display": "0"}, "missing_lines": [6, 9, 12, 22], "excluded_lines": [], "functions": {"get_intent_gesture": {"executed_lines": [], "summary": {"covered_lines": 0, "num_statements": 2, "percent_covered": 0.0, "percent_covered_display": "0", "missing_lines": 2, "excluded_lines": 0, "percent_statements_covered": 0.0, "percent_statements_covered_display": "0"}, "missing_lines": [12, 22], "excluded_lines": [], "start_line": 9}, "": {"executed_lines": [], "summary": {"covered_lines": 0, "num_statements": 2, "percent_covered": 0.0, "percent_covered_display": "0", "missing_lines": 2, "excluded_lines": 0, "percent_statements_covered": 0.0, "percent_statements_covered_display": "0"}, "missing_lines": [6, 9], "excluded_lines": [], "start_line": 1}}, "classes": {"": {"executed_lines": [], "summary": {"covered_lines": 0, "num_statements": 4, "percent_covered": 0.0, "percent_covered_display": "0", "missing_lines": 4, "excluded_lines": 0, "percent_statements_covered": 0.0, "percent_statements_covered_display": "0"}, "missing_lines": [6, 9, 12, 22], "excluded_lines": [], "start_line": 1}}}, "app/services/voice/intent_handlers/kids_handler.py": {"executed_lines": [], "summary": {"covered_lines": 0, "num_statements": 51, "percent_covered": 0.0, "percent_covered_display": "0", "missing_lines": 51, "excluded_lines": 0, "percent_statements_covered": 0.0, "percent_statements_covered_display": "0"}, "missing_lines": [6, 7, 9, 10, 11, 12, 13, 15, 18, 25, 39, 41, 44, 45, 46, 49, 50, 57, 59, 61, 62, 71, 82, 84, 85, 86, 92, 98, 100, 120, 121, 126, 134, 144, 145, 149, 151, 153, 154, 155, 156, 159, 160, 161, 162, 163, 164, 165, 166, 168, 171], "excluded_lines": [], "functions": {"handle_kids": {"executed_lines": [], "summary": {"covered_lines": 0, "num_statements": 22, "percent_covered": 0.0, "percent_covered_display": "0", "missing_lines": 22, "excluded_lines": 0, "percent_statements_covered": 0.0, "percent_statements_covered_display": "0"}, "missing_lines": [39, 41, 44, 45, 46, 49, 50, 57, 59, 61, 62, 71, 82, 84, 85, 86, 92, 98, 100, 120, 121, 126], "excluded_lines": [], "start_line": 25}, "_detect_age_from_transcript": {"executed_lines": [], "summary": {"covered_lines": 0, "num_statements": 18, "percent_covered": 0.0, "percent_covered_display": "0", "missing_lines": 18, "excluded_lines": 0, "percent_statements_covered": 0.0, "percent_statements_covered_display": "0"}, "missing_lines": [144, 145, 149, 151, 153, 154, 155, 156, 159, 160, 161, 162, 163, 164, 165, 166, 168, 171], "excluded_lines": [], "start_line": 134}, "": {"executed_lines": [], "summary": {"covered_lines": 0, "num_statements": 11, "percent_covered": 0.0, "percent_covered_display": "0", "missing_lines": 11, "excluded_lines": 0, "percent_statements_covered": 0.0, "percent_statements_covered_display": "0"}, "missing_lines": [6, 7, 9, 10, 11, 12, 13, 15, 18, 25, 134], "excluded_lines": [], "start_line": 1}}, "classes": {"": {"executed_lines": [], "summary": {"covered_lines": 0, "num_statements": 51, "percent_covered": 0.0, "percent_covered_display": "0", "missing_lines": 51, "excluded_lines": 0, "percent_statements_covered": 0.0, "percent_statements_covered_display": "0"}, "missing_lines": [6, 7, 9, 10, 11, 12, 13, 15, 18, 25, 39, 41, 44, 45, 46, 49, 50, 57, 59, 61, 62, 71, 82, 84, 85, 86, 92, 98, 100, 120, 121, 126, 134, 144, 145, 149, 151, 153, 154, 155, 156, 159, 160, 161, 162, 163, 164, 165, 166, 168, 171], "excluded_lines": [], "start_line": 1}}}, "app/services/voice/intent_handlers/navigation_handler.py": {"executed_lines": [], "summary": {"covered_lines": 0, "num_statements": 26, "percent_covered": 0.0, "percent_covered_display": "0", "missing_lines": 26, "excluded_lines": 0, "percent_statements_covered": 0.0, "percent_statements_covered_display": "0"}, "missing_lines": [6, 9, 13, 22, 23, 24, 33, 42, 45, 53, 54, 55, 64, 73, 76, 77, 79, 80, 81, 83, 92, 95, 103, 104, 105, 114], "excluded_lines": [], "functions": {"handle_navigation": {"executed_lines": [], "summary": {"covered_lines": 0, "num_statements": 5, "percent_covered": 0.0, "percent_covered_display": "0", "missing_lines": 5, "excluded_lines": 0, "percent_statements_covered": 0.0, "percent_statements_covered_display": "0"}, "missing_lines": [13, 22, 23, 24, 33], "excluded_lines": [], "start_line": 9}, "handle_playback": {"executed_lines": [], "summary": {"covered_lines": 0, "num_statements": 5, "percent_covered": 0.0, "percent_covered_display": "0", "missing_lines": 5, "excluded_lines": 0, "percent_statements_covered": 0.0, "percent_statements_covered_display": "0"}, "missing_lines": [45, 53, 54, 55, 64], "excluded_lines": [], "start_line": 42}, "handle_scroll": {"executed_lines": [], "summary": {"covered_lines": 0, "num_statements": 6, "percent_covered": 0.0, "percent_covered_display": "0", "missing_lines": 6, "excluded_lines": 0, "percent_statements_covered": 0.0, "percent_statements_covered_display": "0"}, "missing_lines": [76, 77, 79, 80, 81, 83], "excluded_lines": [], "start_line": 73}, "handle_control": {"executed_lines": [], "summary": {"covered_lines": 0, "num_statements": 5, "percent_covered": 0.0, "percent_covered_display": "0", "missing_lines": 5, "excluded_lines": 0, "percent_statements_covered": 0.0, "percent_statements_covered_display": "0"}, "missing_lines": [95, 103, 104, 105, 114], "excluded_lines": [], "start_line": 92}, "": {"executed_lines": [], "summary": {"covered_lines": 0, "num_statements": 5, "percent_covered": 0.0, "percent_covered_display": "0", "missing_lines": 5, "excluded_lines": 0, "percent_statements_covered": 0.0, "percent_statements_covered_display": "0"}, "missing_lines": [6, 9, 42, 73, 92], "excluded_lines": [], "start_line": 1}}, "classes": {"": {"executed_lines": [], "summary": {"covered_lines": 0, "num_statements": 26, "percent_covered": 0.0, "percent_covered_display": "0", "missing_lines": 26, "excluded_lines": 0, "percent_statements_covered": 0.0, "percent_statements_covered_display": "0"}, "missing_lines": [6, 9, 13, 22, 23, 24, 33, 42, 45, 53, 54, 55, 64, 73, 76, 77, 79, 80, 81, 83, 92, 95, 103, 104, 105, 114], "excluded_lines": [], "start_line": 1}}}, "app/services/voice/intent_handlers/search_handler.py": {"executed_lines": [], "summary": {"covered_lines": 0, "num_statements": 61, "percent_covered": 0.0, "percent_covered_display": "0", "missing_lines": 61, "excluded_lines": 0, "percent_statements_covered": 0.0, "percent_statements_covered_display": "0"}, "missing_lines": [6, 7, 9, 10, 11, 12, 13, 14, 15, 17, 20, 39, 41, 43, 54, 55, 56, 57, 59, 62, 64, 72, 73, 78, 86, 93, 96, 102, 103, 106, 107, 110, 111, 115, 116, 119, 122, 124, 125, 126, 127, 128, 129, 134, 137, 139, 140, 141, 147, 148, 149, 154, 157, 159, 160, 161, 166, 167, 168, 169, 174], "excluded_lines": [], "functions": {"handle_search": {"executed_lines": [], "summary": {"covered_lines": 0, "num_statements": 13, "percent_covered": 0.0, "percent_covered_display": "0", "missing_lines": 13, "excluded_lines": 0, "percent_statements_covered": 0.0, "percent_statements_covered_display": "0"}, "missing_lines": [39, 41, 43, 54, 55, 56, 57, 59, 62, 64, 72, 73, 78], "excluded_lines": [], "start_line": 20}, "_classify_search_type": {"executed_lines": [], "summary": {"covered_lines": 0, "num_statements": 11, "percent_covered": 0.0, "percent_covered_display": "0", "missing_lines": 11, "excluded_lines": 0, "percent_statements_covered": 0.0, "percent_statements_covered_display": "0"}, "missing_lines": [93, 96, 102, 103, 106, 107, 110, 111, 115, 116, 119], "excluded_lines": [], "start_line": 86}, "_execute_live_search": {"executed_lines": [], "summary": {"covered_lines": 0, "num_statements": 7, "percent_covered": 0.0, "percent_covered_display": "0", "missing_lines": 7, "excluded_lines": 0, "percent_statements_covered": 0.0, "percent_statements_covered_display": "0"}, "missing_lines": [124, 125, 126, 127, 128, 129, 134], "excluded_lines": [], "start_line": 122}, "_execute_complex_vod_search": {"executed_lines": [], "summary": {"covered_lines": 0, "num_statements": 7, "percent_covered": 0.0, "percent_covered_display": "0", "missing_lines": 7, "excluded_lines": 0, "percent_statements_covered": 0.0, "percent_statements_covered_display": "0"}, "missing_lines": [139, 140, 141, 147, 148, 149, 154], "excluded_lines": [], "start_line": 137}, "_execute_simple_vod_search": {"executed_lines": [], "summary": {"covered_lines": 0, "num_statements": 8, "percent_covered": 0.0, "percent_covered_display": "0", "missing_lines": 8, "excluded_lines": 0, "percent_statements_covered": 0.0, "percent_statements_covered_display": "0"}, "missing_lines": [159, 160, 161, 166, 167, 168, 169, 174], "excluded_lines": [], "start_line": 157}, "": {"executed_lines": [], "summary": {"covered_lines": 0, "num_statements": 15, "percent_covered": 0.0, "percent_covered_display": "0", "missing_lines": 15, "excluded_lines": 0, "percent_statements_covered": 0.0, "percent_statements_covered_display": "0"}, "missing_lines": [6, 7, 9, 10, 11, 12, 13, 14, 15, 17, 20, 86, 122, 137, 157], "excluded_lines": [], "start_line": 1}}, "classes": {"": {"executed_lines": [], "summary": {"covered_lines": 0, "num_statements": 61, "percent_covered": 0.0, "percent_covered_display": "0", "missing_lines": 61, "excluded_lines": 0, "percent_statements_covered": 0.0, "percent_statements_covered_display": "0"}, "missing_lines": [6, 7, 9, 10, 11, 12, 13, 14, 15, 17, 20, 39, 41, 43, 54, 55, 56, 57, 59, 62, 64, 72, 73, 78, 86, 93, 96, 102, 103, 106, 107, 110, 111, 115, 116, 119, 122, 124, 125, 126, 127, 128, 129, 134, 137, 139, 140, 141, 147, 148, 149, 154, 157, 159, 160, 161, 166, 167, 168, 169, 174], "excluded_lines": [], "start_line": 1}}}, "app/services/voice/intent_keywords.py": {"executed_lines": [7, 14, 24, 33, 40, 47], "summary": {"covered_lines": 6, "num_statements": 6, "percent_covered": 100.0, "percent_covered_display": "100", "missing_lines": 0, "excluded_lines": 0, "percent_statements_covered": 100.0, "percent_statements_covered_display": "100"}, "missing_lines": [], "excluded_lines": [], "functions": {"": {"executed_lines": [7, 14, 24, 33, 40, 47], "summary": {"covered_lines": 6, "num_statements": 6, "percent_covered": 100.0, "percent_covered_display": "100", "missing_lines": 0, "excluded_lines": 0, "percent_statements_covered": 100.0, "percent_statements_covered_display": "100"}, "missing_lines": [], "excluded_lines": [], "start_line": 1}}, "classes": {"": {"executed_lines": [7, 14, 24, 33, 40, 47], "summary": {"covered_lines": 6, "num_statements": 6, "percent_covered": 100.0, "percent_covered_display": "100", "missing_lines": 0, "excluded_lines": 0, "percent_statements_covered": 100.0, "percent_statements_covered_display": "100"}, "missing_lines": [], "excluded_lines": [], "start_line": 1}}}, "app/services/voice/intent_router.py": {"executed_lines": [15, 16, 18, 19, 20, 21, 29], "summary": {"covered_lines": 7, "num_statements": 56, "percent_covered": 12.5, "percent_covered_display": "12", "missing_lines": 49, "excluded_lines": 0, "percent_statements_covered": 12.5, "percent_statements_covered_display": "12"}, "missing_lines": [40, 43, 46, 53, 54, 55, 56, 58, 60, 62, 79, 81, 92, 102, 105, 108, 109, 118, 127, 130, 131, 132, 135, 136, 139, 140, 143, 144, 147, 148, 151, 152, 155, 157, 175, 176, 177, 178, 179, 180, 181, 182, 183, 184, 185, 186, 187, 188, 190], "excluded_lines": [], "functions": {"IntentRouter.__init__": {"executed_lines": [], "summary": {"covered_lines": 0, "num_statements": 4, "percent_covered": 0.0, "percent_covered_display": "0", "missing_lines": 4, "excluded_lines": 0, "percent_statements_covered": 0.0, "percent_statements_covered_display": "0"}, "missing_lines": [53, 54, 55, 56], "excluded_lines": [], "start_line": 46}, "IntentRouter._generate_conversation_id": {"executed_lines": [], "summary": {"covered_lines": 0, "num_statements": 1, "percent_covered": 0.0, "percent_covered_display": "0", "missing_lines": 1, "excluded_lines": 0, "percent_statements_covered": 0.0, "percent_statements_covered_display": "0"}, "missing_lines": [60], "excluded_lines": [], "start_line": 58}, "IntentRouter.process_and_route": {"executed_lines": [], "summary": {"covered_lines": 0, "num_statements": 7, "percent_covered": 0.0, "percent_covered_display": "0", "missing_lines": 7, "excluded_lines": 0, "percent_statements_covered": 0.0, "percent_statements_covered_display": "0"}, "missing_lines": [79, 81, 92, 102, 105, 108, 109], "excluded_lines": [], "start_line": 62}, "IntentRouter._classify_intent": {"executed_lines": [], "summary": {"covered_lines": 0, "num_statements": 15, "percent_covered": 0.0, "percent_covered_display": "0", "missing_lines": 15, "excluded_lines": 0, "percent_statements_covered": 0.0, "percent_statements_covered_display": "0"}, "missing_lines": [127, 130, 131, 132, 135, 136, 139, 140, 143, 144, 147, 148, 151, 152, 155], "excluded_lines": [], "start_line": 118}, "IntentRouter._route_intent": {"executed_lines": [], "summary": {"covered_lines": 0, "num_statements": 15, "percent_covered": 0.0, "percent_covered_display": "0", "missing_lines": 15, "excluded_lines": 0, "percent_statements_covered": 0.0, "percent_statements_covered_display": "0"}, "missing_lines": [175, 176, 177, 178, 179, 180, 181, 182, 183, 184, 185, 186, 187, 188, 190], "excluded_lines": [], "start_line": 157}, "": {"executed_lines": [15, 16, 18, 19, 20, 21, 29], "summary": {"covered_lines": 7, "num_statements": 14, "percent_covered": 50.0, "percent_covered_display": "50", "missing_lines": 7, "excluded_lines": 0, "percent_statements_covered": 50.0, "percent_statements_covered_display": "50"}, "missing_lines": [40, 43, 46, 58, 62, 118, 157], "excluded_lines": [], "start_line": 1}}, "classes": {"IntentRouter": {"executed_lines": [], "summary": {"covered_lines": 0, "num_statements": 42, "percent_covered": 0.0, "percent_covered_display": "0", "missing_lines": 42, "excluded_lines": 0, "percent_statements_covered": 0.0, "percent_statements_covered_display": "0"}, "missing_lines": [53, 54, 55, 56, 60, 79, 81, 92, 102, 105, 108, 109, 127, 130, 131, 132, 135, 136, 139, 140, 143, 144, 147, 148, 151, 152, 155, 175, 176, 177, 178, 179, 180, 181, 182, 183, 184, 185, 186, 187, 188, 190], "excluded_lines": [], "start_line": 43}, "": {"executed_lines": [15, 16, 18, 19, 20, 21, 29], "summary": {"covered_lines": 7, "num_statements": 14, "percent_covered": 50.0, "percent_covered_display": "50", "missing_lines": 7, "excluded_lines": 0, "percent_statements_covered": 50.0, "percent_statements_covered_display": "50"}, "missing_lines": [40, 43, 46, 58, 62, 118, 157], "excluded_lines": [], "start_line": 1}}}, "app/services/voice/models.py": {"executed_lines": [6, 7, 8, 11, 13, 14, 15, 16, 17, 18, 19, 22, 24, 25, 28, 30, 31, 34, 36, 37, 38, 39, 40, 41, 44, 46, 47, 48, 49, 50], "summary": {"covered_lines": 30, "num_statements": 30, "percent_covered": 100.0, "percent_covered_display": "100", "missing_lines": 0, "excluded_lines": 0, "percent_statements_covered": 100.0, "percent_statements_covered_display": "100"}, "missing_lines": [], "excluded_lines": [], "functions": {"": {"executed_lines": [6, 7, 8, 11, 13, 14, 15, 16, 17, 18, 19, 22, 24, 25, 28, 30, 31, 34, 36, 37, 38, 39, 40, 41, 44, 46, 47, 48, 49, 50], "summary": {"covered_lines": 30, "num_statements": 30, "percent_covered": 100.0, "percent_covered_display": "100", "missing_lines": 0, "excluded_lines": 0, "percent_statements_covered": 100.0, "percent_statements_covered_display": "100"}, "missing_lines": [], "excluded_lines": [], "start_line": 1}}, "classes": {"VoiceIntent": {"executed_lines": [], "summary": {"covered_lines": 0, "num_statements": 0, "percent_covered": 100.0, "percent_covered_display": "100", "missing_lines": 0, "excluded_lines": 0, "percent_statements_covered": 100.0, "percent_statements_covered_display": "100"}, "missing_lines": [], "excluded_lines": [], "start_line": 11}, "VoiceAction": {"executed_lines": [], "summary": {"covered_lines": 0, "num_statements": 0, "percent_covered": 100.0, "percent_covered_display": "100", "missing_lines": 0, "excluded_lines": 0, "percent_statements_covered": 100.0, "percent_statements_covered_display": "100"}, "missing_lines": [], "excluded_lines": [], "start_line": 22}, "VoiceGesture": {"executed_lines": [], "summary": {"covered_lines": 0, "num_statements": 0, "percent_covered": 100.0, "percent_covered_display": "100", "missing_lines": 0, "excluded_lines": 0, "percent_statements_covered": 100.0, "percent_statements_covered_display": "100"}, "missing_lines": [], "excluded_lines": [], "start_line": 28}, "VoiceResponse": {"executed_lines": [], "summary": {"covered_lines": 0, "num_statements": 0, "percent_covered": 100.0, "percent_covered_display": "100", "missing_lines": 0, "excluded_lines": 0, "percent_statements_covered": 100.0, "percent_statements_covered_display": "100"}, "missing_lines": [], "excluded_lines": [], "start_line": 34}, "UnifiedVoiceRequest": {"executed_lines": [], "summary": {"covered_lines": 0, "num_statements": 0, "percent_covered": 100.0, "percent_covered_display": "100", "missing_lines": 0, "excluded_lines": 0, "percent_statements_covered": 100.0, "percent_statements_covered_display": "100"}, "missing_lines": [], "excluded_lines": [], "start_line": 44}, "": {"executed_lines": [6, 7, 8, 11, 13, 14, 15, 16, 17, 18, 19, 22, 24, 25, 28, 30, 31, 34, 36, 37, 38, 39, 40, 41, 44, 46, 47, 48, 49, 50], "summary": {"covered_lines": 30, "num_statements": 30, "percent_covered": 100.0, "percent_covered_display": "100", "missing_lines": 0, "excluded_lines": 0, "percent_statements_covered": 100.0, "percent_statements_covered_display": "100"}, "missing_lines": [], "excluded_lines": [], "start_line": 1}}}, "app/services/voice/response_formatter.py": {"executed_lines": [6, 9, 26], "summary": {"covered_lines": 3, "num_statements": 11, "percent_covered": 27.272727272727273, "percent_covered_display": "27", "missing_lines": 8, "excluded_lines": 0, "percent_statements_covered": 27.272727272727273, "percent_statements_covered_display": "27"}, "missing_lines": [19, 23, 38, 39, 42, 43, 46, 48], "excluded_lines": [], "functions": {"extract_text_from_response": {"executed_lines": [], "summary": {"covered_lines": 0, "num_statements": 2, "percent_covered": 0.0, "percent_covered_display": "0", "missing_lines": 2, "excluded_lines": 0, "percent_statements_covered": 0.0, "percent_statements_covered_display": "0"}, "missing_lines": [19, 23], "excluded_lines": [], "start_line": 9}, "format_for_voice": {"executed_lines": [], "summary": {"covered_lines": 0, "num_statements": 6, "percent_covered": 0.0, "percent_covered_display": "0", "missing_lines": 6, "excluded_lines": 0, "percent_statements_covered": 0.0, "percent_statements_covered_display": "0"}, "missing_lines": [38, 39, 42, 43, 46, 48], "excluded_lines": [], "start_line": 26}, "": {"executed_lines": [6, 9, 26], "summary": {"covered_lines": 3, "num_statements": 3, "percent_covered": 100.0, "percent_covered_display": "100", "missing_lines": 0, "excluded_lines": 0, "percent_statements_covered": 100.0, "percent_statements_covered_display": "100"}, "missing_lines": [], "excluded_lines": [], "start_line": 1}}, "classes": {"": {"executed_lines": [6, 9, 26], "summary": {"covered_lines": 3, "num_statements": 11, "percent_covered": 27.272727272727273, "percent_covered_display": "27", "missing_lines": 8, "excluded_lines": 0, "percent_statements_covered": 27.272727272727273, "percent_statements_covered_display": "27"}, "missing_lines": [19, 23, 38, 39, 42, 43, 46, 48], "excluded_lines": [], "start_line": 1}}}, "app/services/voice/tool_definitions.py": {"executed_lines": [6], "summary": {"covered_lines": 1, "num_statements": 1, "percent_covered": 100.0, "percent_covered_display": "100", "missing_lines": 0, "excluded_lines": 0, "percent_statements_covered": 100.0, "percent_statements_covered_display": "100"}, "missing_lines": [], "excluded_lines": [], "functions": {"": {"executed_lines": [6], "summary": {"covered_lines": 1, "num_statements": 1, "percent_covered": 100.0, "percent_covered_display": "100", "missing_lines": 0, "excluded_lines": 0, "percent_statements_covered": 100.0, "percent_statements_covered_display": "100"}, "missing_lines": [], "excluded_lines": [], "start_line": 1}}, "classes": {"": {"executed_lines": [6], "summary": {"covered_lines": 1, "num_statements": 1, "percent_covered": 100.0, "percent_covered_display": "100", "missing_lines": 0, "excluded_lines": 0, "percent_statements_covered": 100.0, "percent_statements_covered_display": "100"}, "missing_lines": [], "excluded_lines": [], "start_line": 1}}}, "app/services/voice/tool_executors/__init__.py": {"executed_lines": [6, 7, 8], "summary": {"covered_lines": 3, "num_statements": 5, "percent_covered": 60.0, "percent_covered_display": "60", "missing_lines": 2, "excluded_lines": 0, "percent_statements_covered": 60.0, "percent_statements_covered_display": "60"}, "missing_lines": [9, 11], "excluded_lines": [], "functions": {"": {"executed_lines": [6, 7, 8], "summary": {"covered_lines": 3, "num_statements": 5, "percent_covered": 60.0, "percent_covered_display": "60", "missing_lines": 2, "excluded_lines": 0, "percent_statements_covered": 60.0, "percent_statements_covered_display": "60"}, "missing_lines": [9, 11], "excluded_lines": [], "start_line": 1}}, "classes": {"": {"executed_lines": [6, 7, 8], "summary": {"covered_lines": 3, "num_statements": 5, "percent_covered": 60.0, "percent_covered_display": "60", "missing_lines": 2, "excluded_lines": 0, "percent_statements_covered": 60.0, "percent_statements_covered_display": "60"}, "missing_lines": [9, 11], "excluded_lines": [], "start_line": 1}}}, "app/services/voice/tool_executors/dispatcher.py": {"executed_lines": [], "summary": {"covered_lines": 0, "num_statements": 31, "percent_covered": 0.0, "percent_covered_display": "0", "missing_lines": 31, "excluded_lines": 0, "percent_statements_covered": 0.0, "percent_statements_covered_display": "0"}, "missing_lines": [6, 7, 9, 10, 11, 18, 19, 20, 22, 25, 36, 37, 39, 40, 42, 43, 44, 46, 47, 48, 50, 51, 52, 54, 55, 56, 59, 60, 62, 63, 67], "excluded_lines": [], "functions": {"execute_tool": {"executed_lines": [], "summary": {"covered_lines": 0, "num_statements": 21, "percent_covered": 0.0, "percent_covered_display": "0", "missing_lines": 21, "excluded_lines": 0, "percent_statements_covered": 0.0, "percent_statements_covered_display": "0"}, "missing_lines": [36, 37, 39, 40, 42, 43, 44, 46, 47, 48, 50, 51, 52, 54, 55, 56, 59, 60, 62, 63, 67], "excluded_lines": [], "start_line": 25}, "": {"executed_lines": [], "summary": {"covered_lines": 0, "num_statements": 10, "percent_covered": 0.0, "percent_covered_display": "0", "missing_lines": 10, "excluded_lines": 0, "percent_statements_covered": 0.0, "percent_statements_covered_display": "0"}, "missing_lines": [6, 7, 9, 10, 11, 18, 19, 20, 22, 25], "excluded_lines": [], "start_line": 1}}, "classes": {"": {"executed_lines": [], "summary": {"covered_lines": 0, "num_statements": 31, "percent_covered": 0.0, "percent_covered_display": "0", "missing_lines": 31, "excluded_lines": 0, "percent_statements_covered": 0.0, "percent_statements_covered_display": "0"}, "missing_lines": [6, 7, 9, 10, 11, 18, 19, 20, 22, 25, 36, 37, 39, 40, 42, 43, 44, 46, 47, 48, 50, 51, 52, 54, 55, 56, 59, 60, 62, 63, 67], "excluded_lines": [], "start_line": 1}}}, "app/services/voice/tool_executors/kids_content.py": {"executed_lines": [6, 8, 9], "summary": {"covered_lines": 3, "num_statements": 15, "percent_covered": 20.0, "percent_covered_display": "20", "missing_lines": 12, "excluded_lines": 0, "percent_statements_covered": 20.0, "percent_statements_covered_display": "20"}, "missing_lines": [11, 14, 30, 32, 38, 40, 46, 49, 55, 70, 71, 76], "excluded_lines": [], "functions": {"execute_get_kids_content": {"executed_lines": [], "summary": {"covered_lines": 0, "num_statements": 10, "percent_covered": 0.0, "percent_covered_display": "0", "missing_lines": 10, "excluded_lines": 0, "percent_statements_covered": 0.0, "percent_statements_covered_display": "0"}, "missing_lines": [30, 32, 38, 40, 46, 49, 55, 70, 71, 76], "excluded_lines": [], "start_line": 14}, "": {"executed_lines": [6, 8, 9], "summary": {"covered_lines": 3, "num_statements": 5, "percent_covered": 60.0, "percent_covered_display": "60", "missing_lines": 2, "excluded_lines": 0, "percent_statements_covered": 60.0, "percent_statements_covered_display": "60"}, "missing_lines": [11, 14], "excluded_lines": [], "start_line": 1}}, "classes": {"": {"executed_lines": [6, 8, 9], "summary": {"covered_lines": 3, "num_statements": 15, "percent_covered": 20.0, "percent_covered_display": "20", "missing_lines": 12, "excluded_lines": 0, "percent_statements_covered": 20.0, "percent_statements_covered_display": "20"}, "missing_lines": [11, 14, 30, 32, 38, 40, 46, 49, 55, 70, 71, 76], "excluded_lines": [], "start_line": 1}}}, "app/services/voice/tool_executors/live_channels.py": {"executed_lines": [6, 8, 9, 11, 14], "summary": {"covered_lines": 5, "num_statements": 15, "percent_covered": 33.333333333333336, "percent_covered_display": "33", "missing_lines": 10, "excluded_lines": 0, "percent_statements_covered": 33.333333333333336, "percent_statements_covered_display": "33"}, "missing_lines": [24, 25, 30, 31, 32, 34, 36, 50, 51, 56], "excluded_lines": [], "functions": {"execute_get_live_channels": {"executed_lines": [], "summary": {"covered_lines": 0, "num_statements": 10, "percent_covered": 0.0, "percent_covered_display": "0", "missing_lines": 10, "excluded_lines": 0, "percent_statements_covered": 0.0, "percent_statements_covered_display": "0"}, "missing_lines": [24, 25, 30, 31, 32, 34, 36, 50, 51, 56], "excluded_lines": [], "start_line": 14}, "": {"executed_lines": [6, 8, 9, 11, 14], "summary": {"covered_lines": 5, "num_statements": 5, "percent_covered": 100.0, "percent_covered_display": "100", "missing_lines": 0, "excluded_lines": 0, "percent_statements_covered": 100.0, "percent_statements_covered_display": "100"}, "missing_lines": [], "excluded_lines": [], "start_line": 1}}, "classes": {"": {"executed_lines": [6, 8, 9, 11, 14], "summary": {"covered_lines": 5, "num_statements": 15, "percent_covered": 33.333333333333336, "percent_covered_display": "33", "missing_lines": 10, "excluded_lines": 0, "percent_statements_covered": 33.333333333333336, "percent_statements_covered_display": "33"}, "missing_lines": [24, 25, 30, 31, 32, 34, 36, 50, 51, 56], "excluded_lines": [], "start_line": 1}}}, "app/services/voice/tool_executors/recommendations.py": {"executed_lines": [6, 8, 9, 11, 14], "summary": {"covered_lines": 5, "num_statements": 19, "percent_covered": 26.31578947368421, "percent_covered_display": "26", "missing_lines": 14, "excluded_lines": 0, "percent_statements_covered": 26.31578947368421, "percent_statements_covered_display": "26"}, "missing_lines": [30, 31, 34, 36, 38, 43, 46, 53, 57, 60, 66, 81, 82, 87], "excluded_lines": [], "functions": {"execute_get_recommendations": {"executed_lines": [], "summary": {"covered_lines": 0, "num_statements": 14, "percent_covered": 0.0, "percent_covered_display": "0", "missing_lines": 14, "excluded_lines": 0, "percent_statements_covered": 0.0, "percent_statements_covered_display": "0"}, "missing_lines": [30, 31, 34, 36, 38, 43, 46, 53, 57, 60, 66, 81, 82, 87], "excluded_lines": [], "start_line": 14}, "": {"executed_lines": [6, 8, 9, 11, 14], "summary": {"covered_lines": 5, "num_statements": 5, "percent_covered": 100.0, "percent_covered_display": "100", "missing_lines": 0, "excluded_lines": 0, "percent_statements_covered": 100.0, "percent_statements_covered_display": "100"}, "missing_lines": [], "excluded_lines": [], "start_line": 1}}, "classes": {"": {"executed_lines": [6, 8, 9, 11, 14], "summary": {"covered_lines": 5, "num_statements": 19, "percent_covered": 26.31578947368421, "percent_covered_display": "26", "missing_lines": 14, "excluded_lines": 0, "percent_statements_covered": 26.31578947368421, "percent_statements_covered_display": "26"}, "missing_lines": [30, 31, 34, 36, 38, 43, 46, 53, 57, 60, 66, 81, 82, 87], "excluded_lines": [], "start_line": 1}}}, "app/services/voice/tool_models.py": {"executed_lines": [5, 6, 9, 11, 12, 13, 14, 15, 16, 17, 19, 20, 26, 28, 29, 30, 33, 35, 38, 40, 41, 42, 45, 47, 49, 50], "summary": {"covered_lines": 26, "num_statements": 32, "percent_covered": 81.25, "percent_covered_display": "81", "missing_lines": 6, "excluded_lines": 0, "percent_statements_covered": 81.25, "percent_statements_covered_display": "81"}, "missing_lines": [21, 22, 23, 51, 52, 53], "excluded_lines": [], "functions": {"SearchContentInput.validate_query": {"executed_lines": [], "summary": {"covered_lines": 0, "num_statements": 3, "percent_covered": 0.0, "percent_covered_display": "0", "missing_lines": 3, "excluded_lines": 0, "percent_statements_covered": 0.0, "percent_statements_covered_display": "0"}, "missing_lines": [21, 22, 23], "excluded_lines": [], "start_line": 20}, "LookupUserGuideInput.validate_query": {"executed_lines": [], "summary": {"covered_lines": 0, "num_statements": 3, "percent_covered": 0.0, "percent_covered_display": "0", "missing_lines": 3, "excluded_lines": 0, "percent_statements_covered": 0.0, "percent_statements_covered_display": "0"}, "missing_lines": [51, 52, 53], "excluded_lines": [], "start_line": 50}, "": {"executed_lines": [5, 6, 9, 11, 12, 13, 14, 15, 16, 17, 19, 20, 26, 28, 29, 30, 33, 35, 38, 40, 41, 42, 45, 47, 49, 50], "summary": {"covered_lines": 26, "num_statements": 26, "percent_covered": 100.0, "percent_covered_display": "100", "missing_lines": 0, "excluded_lines": 0, "percent_statements_covered": 100.0, "percent_statements_covered_display": "100"}, "missing_lines": [], "excluded_lines": [], "start_line": 1}}, "classes": {"SearchContentInput": {"executed_lines": [], "summary": {"covered_lines": 0, "num_statements": 3, "percent_covered": 0.0, "percent_covered_display": "0", "missing_lines": 3, "excluded_lines": 0, "percent_statements_covered": 0.0, "percent_statements_covered_display": "0"}, "missing_lines": [21, 22, 23], "excluded_lines": [], "start_line": 9}, "GetRecommendationsInput": {"executed_lines": [], "summary": {"covered_lines": 0, "num_statements": 0, "percent_covered": 100.0, "percent_covered_display": "100", "missing_lines": 0, "excluded_lines": 0, "percent_statements_covered": 100.0, "percent_statements_covered_display": "100"}, "missing_lines": [], "excluded_lines": [], "start_line": 26}, "GetLiveChannelsInput": {"executed_lines": [], "summary": {"covered_lines": 0, "num_statements": 0, "percent_covered": 100.0, "percent_covered_display": "100", "missing_lines": 0, "excluded_lines": 0, "percent_statements_covered": 100.0, "percent_statements_covered_display": "100"}, "missing_lines": [], "excluded_lines": [], "start_line": 33}, "GetKidsContentInput": {"executed_lines": [], "summary": {"covered_lines": 0, "num_statements": 0, "percent_covered": 100.0, "percent_covered_display": "100", "missing_lines": 0, "excluded_lines": 0, "percent_statements_covered": 100.0, "percent_statements_covered_display": "100"}, "missing_lines": [], "excluded_lines": [], "start_line": 38}, "LookupUserGuideInput": {"executed_lines": [], "summary": {"covered_lines": 0, "num_statements": 3, "percent_covered": 0.0, "percent_covered_display": "0", "missing_lines": 3, "excluded_lines": 0, "percent_statements_covered": 0.0, "percent_statements_covered_display": "0"}, "missing_lines": [51, 52, 53], "excluded_lines": [], "start_line": 45}, "": {"executed_lines": [5, 6, 9, 11, 12, 13, 14, 15, 16, 17, 19, 20, 26, 28, 29, 30, 33, 35, 38, 40, 41, 42, 45, 47, 49, 50], "summary": {"covered_lines": 26, "num_statements": 26, "percent_covered": 100.0, "percent_covered_display": "100", "missing_lines": 0, "excluded_lines": 0, "percent_statements_covered": 100.0, "percent_statements_covered_display": "100"}, "missing_lines": [], "excluded_lines": [], "start_line": 1}}}, "app/services/voice/voice_formatters.py": {"executed_lines": [], "summary": {"covered_lines": 0, "num_statements": 41, "percent_covered": 0.0, "percent_covered_display": "0", "missing_lines": 41, "excluded_lines": 0, "percent_statements_covered": 0.0, "percent_statements_covered_display": "0"}, "missing_lines": [5, 8, 19, 21, 23, 28, 30, 32, 33, 34, 36, 37, 38, 39, 40, 41, 42, 43, 45, 46, 47, 50, 51, 53, 54, 55, 56, 57, 58, 60, 61, 64, 76, 78, 80, 85, 88, 89, 90, 91, 93], "excluded_lines": [], "functions": {"format_voice_search_results": {"executed_lines": [], "summary": {"covered_lines": 0, "num_statements": 29, "percent_covered": 0.0, "percent_covered_display": "0", "missing_lines": 29, "excluded_lines": 0, "percent_statements_covered": 0.0, "percent_statements_covered_display": "0"}, "missing_lines": [19, 21, 23, 28, 30, 32, 33, 34, 36, 37, 38, 39, 40, 41, 42, 43, 45, 46, 47, 50, 51, 53, 54, 55, 56, 57, 58, 60, 61], "excluded_lines": [], "start_line": 8}, "format_kids_response": {"executed_lines": [], "summary": {"covered_lines": 0, "num_statements": 9, "percent_covered": 0.0, "percent_covered_display": "0", "missing_lines": 9, "excluded_lines": 0, "percent_statements_covered": 0.0, "percent_statements_covered_display": "0"}, "missing_lines": [76, 78, 80, 85, 88, 89, 90, 91, 93], "excluded_lines": [], "start_line": 64}, "": {"executed_lines": [], "summary": {"covered_lines": 0, "num_statements": 3, "percent_covered": 0.0, "percent_covered_display": "0", "missing_lines": 3, "excluded_lines": 0, "percent_statements_covered": 0.0, "percent_statements_covered_display": "0"}, "missing_lines": [5, 8, 64], "excluded_lines": [], "start_line": 1}}, "classes": {"": {"executed_lines": [], "summary": {"covered_lines": 0, "num_statements": 41, "percent_covered": 0.0, "percent_covered_display": "0", "missing_lines": 41, "excluded_lines": 0, "percent_statements_covered": 0.0, "percent_statements_covered_display": "0"}, "missing_lines": [5, 8, 19, 21, 23, 28, 30, 32, 33, 34, 36, 37, 38, 39, 40, 41, 42, 43, 45, 46, 47, 50, 51, 53, 54, 55, 56, 57, 58, 60, 61, 64, 76, 78, 80, 85, 88, 89, 90, 91, 93], "excluded_lines": [], "start_line": 1}}}, "app/services/voice/wizard_chat_service.py": {"executed_lines": [6, 7, 8, 10, 11, 12, 13, 14, 15, 16], "summary": {"covered_lines": 10, "num_statements": 52, "percent_covered": 19.23076923076923, "percent_covered_display": "19", "missing_lines": 42, "excluded_lines": 0, "percent_statements_covered": 19.23076923076923, "percent_statements_covered_display": "19"}, "missing_lines": [18, 21, 24, 25, 26, 28, 29, 31, 52, 54, 57, 58, 59, 60, 64, 70, 73, 74, 78, 79, 83, 87, 88, 89, 93, 94, 95, 99, 100, 104, 110, 113, 116, 117, 122, 127, 128, 133, 142, 147, 148, 156], "excluded_lines": [], "functions": {"WizardChatService.__init__": {"executed_lines": [], "summary": {"covered_lines": 0, "num_statements": 4, "percent_covered": 0.0, "percent_covered_display": "0", "missing_lines": 4, "excluded_lines": 0, "percent_statements_covered": 0.0, "percent_statements_covered_display": "0"}, "missing_lines": [25, 26, 28, 29], "excluded_lines": [], "start_line": 24}, "WizardChatService.process_chat": {"executed_lines": [], "summary": {"covered_lines": 0, "num_statements": 34, "percent_covered": 0.0, "percent_covered_display": "0", "missing_lines": 34, "excluded_lines": 0, "percent_statements_covered": 0.0, "percent_statements_covered_display": "0"}, "missing_lines": [52, 54, 57, 58, 59, 60, 64, 70, 73, 74, 78, 79, 83, 87, 88, 89, 93, 94, 95, 99, 100, 104, 110, 113, 116, 117, 122, 127, 128, 133, 142, 147, 148, 156], "excluded_lines": [], "start_line": 31}, "": {"executed_lines": [6, 7, 8, 10, 11, 12, 13, 14, 15, 16], "summary": {"covered_lines": 10, "num_statements": 14, "percent_covered": 71.42857142857143, "percent_covered_display": "71", "missing_lines": 4, "excluded_lines": 0, "percent_statements_covered": 71.42857142857143, "percent_statements_covered_display": "71"}, "missing_lines": [18, 21, 24, 31], "excluded_lines": [], "start_line": 1}}, "classes": {"WizardChatService": {"executed_lines": [], "summary": {"covered_lines": 0, "num_statements": 38, "percent_covered": 0.0, "percent_covered_display": "0", "missing_lines": 38, "excluded_lines": 0, "percent_statements_covered": 0.0, "percent_statements_covered_display": "0"}, "missing_lines": [25, 26, 28, 29, 52, 54, 57, 58, 59, 60, 64, 70, 73, 74, 78, 79, 83, 87, 88, 89, 93, 94, 95, 99, 100, 104, 110, 113, 116, 117, 122, 127, 128, 133, 142, 147, 148, 156], "excluded_lines": [], "start_line": 21}, "": {"executed_lines": [6, 7, 8, 10, 11, 12, 13, 14, 15, 16], "summary": {"covered_lines": 10, "num_statements": 14, "percent_covered": 71.42857142857143, "percent_covered_display": "71", "missing_lines": 4, "excluded_lines": 0, "percent_statements_covered": 71.42857142857143, "percent_statements_covered_display": "71"}, "missing_lines": [18, 21, 24, 31], "excluded_lines": [], "start_line": 1}}}, "app/services/voice/wizard_prompts.py": {"executed_lines": [6, 9, 72], "summary": {"covered_lines": 3, "num_statements": 14, "percent_covered": 21.428571428571427, "percent_covered_display": "21", "missing_lines": 11, "excluded_lines": 0, "percent_statements_covered": 21.428571428571427, "percent_statements_covered_display": "21"}, "missing_lines": [83, 86, 87, 88, 89, 90, 91, 93, 94, 95, 97], "excluded_lines": [], "functions": {"get_system_prompt": {"executed_lines": [], "summary": {"covered_lines": 0, "num_statements": 11, "percent_covered": 0.0, "percent_covered_display": "0", "missing_lines": 11, "excluded_lines": 0, "percent_statements_covered": 0.0, "percent_statements_covered_display": "0"}, "missing_lines": [83, 86, 87, 88, 89, 90, 91, 93, 94, 95, 97], "excluded_lines": [], "start_line": 72}, "": {"executed_lines": [6, 9, 72], "summary": {"covered_lines": 3, "num_statements": 3, "percent_covered": 100.0, "percent_covered_display": "100", "missing_lines": 0, "excluded_lines": 0, "percent_statements_covered": 100.0, "percent_statements_covered_display": "100"}, "missing_lines": [], "excluded_lines": [], "start_line": 1}}, "classes": {"": {"executed_lines": [6, 9, 72], "summary": {"covered_lines": 3, "num_statements": 14, "percent_covered": 21.428571428571427, "percent_covered_display": "21", "missing_lines": 11, "excluded_lines": 0, "percent_statements_covered": 21.428571428571427, "percent_statements_covered_display": "21"}, "missing_lines": [83, 86, 87, 88, 89, 90, 91, 93, 94, 95, 97], "excluded_lines": [], "start_line": 1}}}, "app/services/voice/wizard_tools.py": {"executed_lines": [8, 15, 16], "summary": {"covered_lines": 3, "num_statements": 4, "percent_covered": 75.0, "percent_covered_display": "75", "missing_lines": 1, "excluded_lines": 0, "percent_statements_covered": 75.0, "percent_statements_covered_display": "75"}, "missing_lines": [23], "excluded_lines": [], "functions": {"": {"executed_lines": [8, 15, 16], "summary": {"covered_lines": 3, "num_statements": 4, "percent_covered": 75.0, "percent_covered_display": "75", "missing_lines": 1, "excluded_lines": 0, "percent_statements_covered": 75.0, "percent_statements_covered_display": "75"}, "missing_lines": [23], "excluded_lines": [], "start_line": 1}}, "classes": {"": {"executed_lines": [8, 15, 16], "summary": {"covered_lines": 3, "num_statements": 4, "percent_covered": 75.0, "percent_covered_display": "75", "missing_lines": 1, "excluded_lines": 0, "percent_statements_covered": 75.0, "percent_statements_covered_display": "75"}, "missing_lines": [23], "excluded_lines": [], "start_line": 1}}}}, "totals": {"covered_lines": 155, "num_statements": 631, "percent_covered": 24.564183835182252, "percent_covered_display": "25", "missing_lines": 476, "excluded_lines": 0, "percent_statements_covered": 24.564183835182252, "percent_statements_covered_display": "25"}}