{
  "/Users/gklainert/Documents/gaia-webplugin/src/js/components/AgentDetailsTable.tsx": {
    "path": "/Users/gklainert/Documents/gaia-webplugin/src/js/components/AgentDetailsTable.tsx",
    "statementMap": {
      "0": {
        "start": { "line": 1, "column": 0 },
        "end": { "line": 1, "column": 26 }
      },
      "1": {
        "start": { "line": 13, "column": 60 },
        "end": { "line": 603, "column": 1 }
      },
      "2": {
        "start": { "line": 14, "column": 4 },
        "end": { "line": 20, "column": null }
      },
      "3": {
        "start": { "line": 15, "column": 8 },
        "end": { "line": 19, "column": 10 }
      },
      "4": {
        "start": { "line": 23, "column": 45 },
        "end": { "line": 26, "column": 6 }
      },
      "5": {
        "start": { "line": 28, "column": 24 },
        "end": { "line": 69, "column": 5 }
      },
      "6": {
        "start": { "line": 29, "column": 8 },
        "end": { "line": 31, "column": null }
      },
      "7": {
        "start": { "line": 30, "column": 12 },
        "end": { "line": 30, "column": 63 }
      },
      "8": {
        "start": { "line": 33, "column": 8 },
        "end": { "line": 35, "column": null }
      },
      "9": {
        "start": { "line": 34, "column": 12 },
        "end": { "line": 34, "column": 105 }
      },
      "10": {
        "start": { "line": 37, "column": 8 },
        "end": { "line": 39, "column": null }
      },
      "11": {
        "start": { "line": 38, "column": 12 },
        "end": { "line": 38, "column": 66 }
      },
      "12": {
        "start": { "line": 41, "column": 8 },
        "end": { "line": 43, "column": null }
      },
      "13": {
        "start": { "line": 42, "column": 12 },
        "end": { "line": 42, "column": 66 }
      },
      "14": {
        "start": { "line": 45, "column": 8 },
        "end": { "line": 53, "column": null }
      },
      "15": {
        "start": { "line": 46, "column": 12 },
        "end": { "line": 52, "column": 14 }
      },
      "16": {
        "start": { "line": 49, "column": 24 },
        "end": { "line": 49, "column": 85 }
      },
      "17": {
        "start": { "line": 55, "column": 8 },
        "end": { "line": 66, "column": null }
      },
      "18": {
        "start": { "line": 56, "column": 12 },
        "end": { "line": 65, "column": 14 }
      },
      "19": {
        "start": { "line": 59, "column": 24 },
        "end": { "line": 61, "column": null }
      },
      "20": {
        "start": { "line": 68, "column": 8 },
        "end": { "line": 68, "column": 44 }
      },
      "21": {
        "start": { "line": 71, "column": 34 },
        "end": { "line": 197, "column": 5 }
      },
      "22": {
        "start": { "line": 86, "column": 12 },
        "end": { "line": 86, "column": 19 }
      },
      "23": {
        "start": { "line": 85, "column": 19 },
        "end": { "line": 86, "column": 12 }
      },
      "24": {
        "start": { "line": 88, "column": 8 },
        "end": { "line": 196, "column": 10 }
      },
      "25": {
        "start": { "line": 96, "column": 32 },
        "end": { "line": 103, "column": null }
      },
      "26": {
        "start": { "line": 116, "column": 32 },
        "end": { "line": 118, "column": null }
      },
      "27": {
        "start": { "line": 131, "column": 32 },
        "end": { "line": 133, "column": null }
      },
      "28": {
        "start": { "line": 153, "column": 40 },
        "end": { "line": 155, "column": null }
      },
      "29": {
        "start": { "line": 180, "column": 49 },
        "end": { "line": 180, "column": 94 }
      },
      "30": {
        "start": { "line": 185, "column": 58 },
        "end": { "line": 185, "column": 95 }
      },
      "31": {
        "start": { "line": 187, "column": 36 },
        "end": { "line": 189, "column": null }
      },
      "32": {
        "start": { "line": 199, "column": 33 },
        "end": { "line": 251, "column": 5 }
      },
      "33": {
        "start": { "line": 200, "column": 85 },
        "end": { "line": 200, "column": 92 }
      },
      "34": {
        "start": { "line": 200, "column": 80 },
        "end": { "line": 200, "column": 85 }
      },
      "35": {
        "start": { "line": 201, "column": 8 },
        "end": { "line": 250, "column": 10 }
      },
      "36": {
        "start": { "line": 209, "column": 32 },
        "end": { "line": 215, "column": null }
      },
      "37": {
        "start": { "line": 211, "column": 40 },
        "end": { "line": 213, "column": null }
      },
      "38": {
        "start": { "line": 227, "column": 32 },
        "end": { "line": 229, "column": null }
      },
      "39": {
        "start": { "line": 241, "column": 32 },
        "end": { "line": 243, "column": null }
      },
      "40": {
        "start": { "line": 253, "column": 32 },
        "end": { "line": 493, "column": 5 }
      },
      "41": {
        "start": { "line": 269, "column": 12 },
        "end": { "line": 269, "column": 19 }
      },
      "42": {
        "start": { "line": 268, "column": 19 },
        "end": { "line": 269, "column": 12 }
      },
      "43": {
        "start": { "line": 271, "column": 8 },
        "end": { "line": 492, "column": 10 }
      },
      "44": {
        "start": { "line": 279, "column": 32 },
        "end": { "line": 290, "column": null }
      },
      "45": {
        "start": { "line": 306, "column": 32 },
        "end": { "line": 314, "column": null }
      },
      "46": {
        "start": { "line": 327, "column": 32 },
        "end": { "line": 329, "column": null }
      },
      "47": {
        "start": { "line": 371, "column": 32 },
        "end": { "line": 373, "column": null }
      },
      "48": {
        "start": { "line": 386, "column": 32 },
        "end": { "line": 392, "column": null }
      },
      "49": {
        "start": { "line": 388, "column": 40 },
        "end": { "line": 390, "column": null }
      },
      "50": {
        "start": { "line": 405, "column": 32 },
        "end": { "line": 407, "column": null }
      },
      "51": {
        "start": { "line": 456, "column": 44 },
        "end": { "line": 465, "column": null }
      },
      "52": {
        "start": { "line": 462, "column": 111 },
        "end": { "line": 462, "column": 116 }
      },
      "53": {
        "start": { "line": 462, "column": 106 },
        "end": { "line": 462, "column": 111 }
      },
      "54": {
        "start": { "line": 463, "column": 56 },
        "end": { "line": 463, "column": 130 }
      },
      "55": {
        "start": { "line": 483, "column": 32 },
        "end": { "line": 485, "column": null }
      },
      "56": {
        "start": { "line": 495, "column": 29 },
        "end": { "line": 565, "column": 5 }
      },
      "57": {
        "start": { "line": 496, "column": 75 },
        "end": { "line": 496, "column": 82 }
      },
      "58": {
        "start": { "line": 496, "column": 70 },
        "end": { "line": 496, "column": 75 }
      },
      "59": {
        "start": { "line": 498, "column": 8 },
        "end": { "line": 564, "column": 10 }
      },
      "60": {
        "start": { "line": 506, "column": 32 },
        "end": { "line": 508, "column": null }
      },
      "61": {
        "start": { "line": 521, "column": 32 },
        "end": { "line": 527, "column": null }
      },
      "62": {
        "start": { "line": 523, "column": 40 },
        "end": { "line": 525, "column": null }
      },
      "63": {
        "start": { "line": 540, "column": 32 },
        "end": { "line": 542, "column": null }
      },
      "64": {
        "start": { "line": 555, "column": 32 },
        "end": { "line": 557, "column": null }
      },
      "65": {
        "start": { "line": 567, "column": 26 },
        "end": { "line": 589, "column": 5 }
      },
      "66": {
        "start": { "line": 568, "column": 8 },
        "end": { "line": 588, "column": null }
      },
      "67": {
        "start": { "line": 570, "column": 16 },
        "end": { "line": 570, "column": 47 }
      },
      "68": {
        "start": { "line": 572, "column": 16 },
        "end": { "line": 572, "column": 46 }
      },
      "69": {
        "start": { "line": 574, "column": 16 },
        "end": { "line": 574, "column": 45 }
      },
      "70": {
        "start": { "line": 576, "column": 16 },
        "end": { "line": 576, "column": 42 }
      },
      "71": {
        "start": { "line": 578, "column": 16 },
        "end": { "line": 587, "column": 18 }
      },
      "72": {
        "start": { "line": 581, "column": 28 },
        "end": { "line": 583, "column": null }
      },
      "73": {
        "start": { "line": 591, "column": 4 },
        "end": { "line": 602, "column": 6 }
      },
      "74": {
        "start": { "line": 605, "column": 0 },
        "end": { "line": 605, "column": 33 }
      }
    },
    "fnMap": {
      "0": {
        "name": "(anonymous_2)",
        "decl": {
          "start": { "line": 13, "column": 60 },
          "end": { "line": 13, "column": 61 }
        },
        "loc": {
          "start": { "line": 13, "column": 87 },
          "end": { "line": 603, "column": 1 }
        }
      },
      "1": {
        "name": "(anonymous_3)",
        "decl": {
          "start": { "line": 28, "column": 24 },
          "end": { "line": 28, "column": 25 }
        },
        "loc": {
          "start": { "line": 28, "column": 52 },
          "end": { "line": 69, "column": 5 }
        }
      },
      "2": {
        "name": "(anonymous_4)",
        "decl": {
          "start": { "line": 48, "column": 31 },
          "end": { "line": 48, "column": 32 }
        },
        "loc": {
          "start": { "line": 49, "column": 24 },
          "end": { "line": 49, "column": 85 }
        }
      },
      "3": {
        "name": "(anonymous_5)",
        "decl": {
          "start": { "line": 58, "column": 47 },
          "end": { "line": 58, "column": 48 }
        },
        "loc": {
          "start": { "line": 59, "column": 24 },
          "end": { "line": 61, "column": null }
        }
      },
      "4": {
        "name": "(anonymous_6)",
        "decl": {
          "start": { "line": 71, "column": 34 },
          "end": { "line": 71, "column": 37 }
        },
        "loc": {
          "start": { "line": 71, "column": 39 },
          "end": { "line": 197, "column": 5 }
        }
      },
      "5": {
        "name": "(anonymous_7)",
        "decl": {
          "start": { "line": 95, "column": 50 },
          "end": { "line": 95, "column": 51 }
        },
        "loc": {
          "start": { "line": 96, "column": 32 },
          "end": { "line": 103, "column": null }
        }
      },
      "6": {
        "name": "(anonymous_8)",
        "decl": {
          "start": { "line": 115, "column": 81 },
          "end": { "line": 115, "column": 82 }
        },
        "loc": {
          "start": { "line": 116, "column": 32 },
          "end": { "line": 118, "column": null }
        }
      },
      "7": {
        "name": "(anonymous_9)",
        "decl": {
          "start": { "line": 130, "column": 62 },
          "end": { "line": 130, "column": 63 }
        },
        "loc": {
          "start": { "line": 131, "column": 32 },
          "end": { "line": 133, "column": null }
        }
      },
      "8": {
        "name": "(anonymous_10)",
        "decl": {
          "start": { "line": 152, "column": 79 },
          "end": { "line": 152, "column": 80 }
        },
        "loc": {
          "start": { "line": 153, "column": 40 },
          "end": { "line": 155, "column": null }
        }
      },
      "9": {
        "name": "(anonymous_11)",
        "decl": {
          "start": { "line": 180, "column": 42 },
          "end": { "line": 180, "column": 45 }
        },
        "loc": {
          "start": { "line": 180, "column": 49 },
          "end": { "line": 180, "column": 94 }
        }
      },
      "10": {
        "name": "(anonymous_12)",
        "decl": {
          "start": { "line": 185, "column": 40 },
          "end": { "line": 185, "column": 41 }
        },
        "loc": {
          "start": { "line": 185, "column": 58 },
          "end": { "line": 185, "column": 95 }
        }
      },
      "11": {
        "name": "(anonymous_13)",
        "decl": {
          "start": { "line": 186, "column": 37 },
          "end": { "line": 186, "column": 38 }
        },
        "loc": {
          "start": { "line": 187, "column": 36 },
          "end": { "line": 189, "column": null }
        }
      },
      "12": {
        "name": "(anonymous_14)",
        "decl": {
          "start": { "line": 199, "column": 33 },
          "end": { "line": 199, "column": 36 }
        },
        "loc": {
          "start": { "line": 199, "column": 38 },
          "end": { "line": 251, "column": 5 }
        }
      },
      "13": {
        "name": "(anonymous_15)",
        "decl": {
          "start": { "line": 208, "column": 59 },
          "end": { "line": 208, "column": 60 }
        },
        "loc": {
          "start": { "line": 209, "column": 32 },
          "end": { "line": 215, "column": null }
        }
      },
      "14": {
        "name": "(anonymous_16)",
        "decl": {
          "start": { "line": 210, "column": 64 },
          "end": { "line": 210, "column": 65 }
        },
        "loc": {
          "start": { "line": 211, "column": 40 },
          "end": { "line": 213, "column": null }
        }
      },
      "15": {
        "name": "(anonymous_17)",
        "decl": {
          "start": { "line": 226, "column": 73 },
          "end": { "line": 226, "column": 74 }
        },
        "loc": {
          "start": { "line": 227, "column": 32 },
          "end": { "line": 229, "column": null }
        }
      },
      "16": {
        "name": "(anonymous_18)",
        "decl": {
          "start": { "line": 240, "column": 54 },
          "end": { "line": 240, "column": 55 }
        },
        "loc": {
          "start": { "line": 241, "column": 32 },
          "end": { "line": 243, "column": null }
        }
      },
      "17": {
        "name": "(anonymous_19)",
        "decl": {
          "start": { "line": 253, "column": 32 },
          "end": { "line": 253, "column": 35 }
        },
        "loc": {
          "start": { "line": 253, "column": 37 },
          "end": { "line": 493, "column": 5 }
        }
      },
      "18": {
        "name": "(anonymous_20)",
        "decl": {
          "start": { "line": 278, "column": 64 },
          "end": { "line": 278, "column": 65 }
        },
        "loc": {
          "start": { "line": 279, "column": 32 },
          "end": { "line": 290, "column": null }
        }
      },
      "19": {
        "name": "(anonymous_21)",
        "decl": {
          "start": { "line": 305, "column": 58 },
          "end": { "line": 305, "column": 59 }
        },
        "loc": {
          "start": { "line": 306, "column": 32 },
          "end": { "line": 314, "column": null }
        }
      },
      "20": {
        "name": "(anonymous_22)",
        "decl": {
          "start": { "line": 326, "column": 79 },
          "end": { "line": 326, "column": 80 }
        },
        "loc": {
          "start": { "line": 327, "column": 32 },
          "end": { "line": 329, "column": null }
        }
      },
      "21": {
        "name": "(anonymous_23)",
        "decl": {
          "start": { "line": 370, "column": 64 },
          "end": { "line": 370, "column": 65 }
        },
        "loc": {
          "start": { "line": 371, "column": 32 },
          "end": { "line": 373, "column": null }
        }
      },
      "22": {
        "name": "(anonymous_24)",
        "decl": {
          "start": { "line": 385, "column": 48 },
          "end": { "line": 385, "column": 49 }
        },
        "loc": {
          "start": { "line": 386, "column": 32 },
          "end": { "line": 392, "column": null }
        }
      },
      "23": {
        "name": "(anonymous_25)",
        "decl": {
          "start": { "line": 387, "column": 65 },
          "end": { "line": 387, "column": 66 }
        },
        "loc": {
          "start": { "line": 388, "column": 40 },
          "end": { "line": 390, "column": null }
        }
      },
      "24": {
        "name": "(anonymous_26)",
        "decl": {
          "start": { "line": 404, "column": 65 },
          "end": { "line": 404, "column": 66 }
        },
        "loc": {
          "start": { "line": 405, "column": 32 },
          "end": { "line": 407, "column": null }
        }
      },
      "25": {
        "name": "(anonymous_27)",
        "decl": {
          "start": { "line": 455, "column": 60 },
          "end": { "line": 455, "column": 61 }
        },
        "loc": {
          "start": { "line": 456, "column": 44 },
          "end": { "line": 465, "column": null }
        }
      },
      "26": {
        "name": "(anonymous_28)",
        "decl": {
          "start": { "line": 461, "column": 54 },
          "end": { "line": 461, "column": 57 }
        },
        "loc": {
          "start": { "line": 461, "column": 59 },
          "end": { "line": 464, "column": 53 }
        }
      },
      "27": {
        "name": "(anonymous_29)",
        "decl": {
          "start": { "line": 482, "column": 54 },
          "end": { "line": 482, "column": 55 }
        },
        "loc": {
          "start": { "line": 483, "column": 32 },
          "end": { "line": 485, "column": null }
        }
      },
      "28": {
        "name": "(anonymous_30)",
        "decl": {
          "start": { "line": 495, "column": 29 },
          "end": { "line": 495, "column": 32 }
        },
        "loc": {
          "start": { "line": 495, "column": 34 },
          "end": { "line": 565, "column": 5 }
        }
      },
      "29": {
        "name": "(anonymous_31)",
        "decl": {
          "start": { "line": 505, "column": 67 },
          "end": { "line": 505, "column": 68 }
        },
        "loc": {
          "start": { "line": 506, "column": 32 },
          "end": { "line": 508, "column": null }
        }
      },
      "30": {
        "name": "(anonymous_32)",
        "decl": {
          "start": { "line": 520, "column": 43 },
          "end": { "line": 520, "column": 44 }
        },
        "loc": {
          "start": { "line": 521, "column": 32 },
          "end": { "line": 527, "column": null }
        }
      },
      "31": {
        "name": "(anonymous_33)",
        "decl": {
          "start": { "line": 522, "column": 65 },
          "end": { "line": 522, "column": 66 }
        },
        "loc": {
          "start": { "line": 523, "column": 40 },
          "end": { "line": 525, "column": null }
        }
      },
      "32": {
        "name": "(anonymous_34)",
        "decl": {
          "start": { "line": 539, "column": 65 },
          "end": { "line": 539, "column": 66 }
        },
        "loc": {
          "start": { "line": 540, "column": 32 },
          "end": { "line": 542, "column": null }
        }
      },
      "33": {
        "name": "(anonymous_35)",
        "decl": {
          "start": { "line": 554, "column": 54 },
          "end": { "line": 554, "column": 55 }
        },
        "loc": {
          "start": { "line": 555, "column": 32 },
          "end": { "line": 557, "column": null }
        }
      },
      "34": {
        "name": "(anonymous_36)",
        "decl": {
          "start": { "line": 567, "column": 26 },
          "end": { "line": 567, "column": 29 }
        },
        "loc": {
          "start": { "line": 567, "column": 31 },
          "end": { "line": 589, "column": 5 }
        }
      },
      "35": {
        "name": "(anonymous_37)",
        "decl": {
          "start": { "line": 580, "column": 53 },
          "end": { "line": 580, "column": 54 }
        },
        "loc": {
          "start": { "line": 581, "column": 28 },
          "end": { "line": 583, "column": null }
        }
      }
    },
    "branchMap": {
      "0": {
        "loc": {
          "start": { "line": 14, "column": 4 },
          "end": { "line": 20, "column": null }
        },
        "type": "if",
        "locations": [
          {
            "start": { "line": 14, "column": 4 },
            "end": { "line": 20, "column": null }
          }
        ]
      },
      "1": {
        "loc": {
          "start": { "line": 29, "column": 8 },
          "end": { "line": 31, "column": null }
        },
        "type": "if",
        "locations": [
          {
            "start": { "line": 29, "column": 8 },
            "end": { "line": 31, "column": null }
          }
        ]
      },
      "2": {
        "loc": {
          "start": { "line": 29, "column": 12 },
          "end": { "line": 29, "column": 26 }
        },
        "type": "binary-expr",
        "locations": [
          {
            "start": { "line": 29, "column": 12 },
            "end": { "line": 29, "column": 26 }
          },
          {
            "start": { "line": 29, "column": 30 },
            "end": { "line": 29, "column": 49 }
          }
        ]
      },
      "3": {
        "loc": {
          "start": { "line": 33, "column": 8 },
          "end": { "line": 35, "column": null }
        },
        "type": "if",
        "locations": [
          {
            "start": { "line": 33, "column": 8 },
            "end": { "line": 35, "column": null }
          }
        ]
      },
      "4": {
        "loc": {
          "start": { "line": 34, "column": 44 },
          "end": { "line": 34, "column": 60 }
        },
        "type": "cond-expr",
        "locations": [
          {
            "start": { "line": 34, "column": 44 },
            "end": { "line": 34, "column": 60 }
          },
          {
            "start": { "line": 34, "column": 63 },
            "end": { "line": 34, "column": 77 }
          }
        ]
      },
      "5": {
        "loc": {
          "start": { "line": 37, "column": 8 },
          "end": { "line": 39, "column": null }
        },
        "type": "if",
        "locations": [
          {
            "start": { "line": 37, "column": 8 },
            "end": { "line": 39, "column": null }
          }
        ]
      },
      "6": {
        "loc": {
          "start": { "line": 41, "column": 8 },
          "end": { "line": 43, "column": null }
        },
        "type": "if",
        "locations": [
          {
            "start": { "line": 41, "column": 8 },
            "end": { "line": 43, "column": null }
          }
        ]
      },
      "7": {
        "loc": {
          "start": { "line": 45, "column": 8 },
          "end": { "line": 53, "column": null }
        },
        "type": "if",
        "locations": [
          {
            "start": { "line": 45, "column": 8 },
            "end": { "line": 53, "column": null }
          }
        ]
      },
      "8": {
        "loc": {
          "start": { "line": 55, "column": 8 },
          "end": { "line": 66, "column": null }
        },
        "type": "if",
        "locations": [
          {
            "start": { "line": 55, "column": 8 },
            "end": { "line": 66, "column": null }
          }
        ]
      },
      "9": {
        "loc": {
          "start": { "line": 73, "column": 31 },
          "end": { "line": 73, "column": 33 }
        },
        "type": "default-arg",
        "locations": [
          {
            "start": { "line": 73, "column": 31 },
            "end": { "line": 73, "column": 33 }
          }
        ]
      },
      "10": {
        "loc": {
          "start": { "line": 91, "column": 17 },
          "end": { "line": 91, "column": 44 }
        },
        "type": "binary-expr",
        "locations": [
          {
            "start": { "line": 91, "column": 17 },
            "end": { "line": 91, "column": 44 }
          },
          {
            "start": { "line": 92, "column": 20 },
            "end": { "line": 106, "column": null }
          }
        ]
      },
      "11": {
        "loc": {
          "start": { "line": 97, "column": 85 },
          "end": { "line": 97, "column": 105 }
        },
        "type": "binary-expr",
        "locations": [
          {
            "start": { "line": 97, "column": 85 },
            "end": { "line": 97, "column": 105 }
          },
          {
            "start": { "line": 97, "column": 109 },
            "end": { "line": 97, "column": 125 }
          }
        ]
      },
      "12": {
        "loc": {
          "start": { "line": 99, "column": 168 },
          "end": { "line": 99, "column": 177 }
        },
        "type": "binary-expr",
        "locations": [
          {
            "start": { "line": 99, "column": 168 },
            "end": { "line": 99, "column": 177 }
          },
          {
            "start": { "line": 99, "column": 181 },
            "end": { "line": 99, "column": 186 }
          }
        ]
      },
      "13": {
        "loc": {
          "start": { "line": 100, "column": 171 },
          "end": { "line": 100, "column": 183 }
        },
        "type": "binary-expr",
        "locations": [
          {
            "start": { "line": 100, "column": 171 },
            "end": { "line": 100, "column": 183 }
          },
          {
            "start": { "line": 100, "column": 187 },
            "end": { "line": 100, "column": 192 }
          }
        ]
      },
      "14": {
        "loc": {
          "start": { "line": 101, "column": 205 },
          "end": { "line": 101, "column": 230 }
        },
        "type": "cond-expr",
        "locations": [
          {
            "start": { "line": 101, "column": 205 },
            "end": { "line": 101, "column": 230 }
          },
          {
            "start": { "line": 101, "column": 233 },
            "end": { "line": 101, "column": 238 }
          }
        ]
      },
      "15": {
        "loc": {
          "start": { "line": 102, "column": 168 },
          "end": { "line": 102, "column": 178 }
        },
        "type": "binary-expr",
        "locations": [
          {
            "start": { "line": 102, "column": 168 },
            "end": { "line": 102, "column": 178 }
          },
          {
            "start": { "line": 102, "column": 182 },
            "end": { "line": 102, "column": 187 }
          }
        ]
      },
      "16": {
        "loc": {
          "start": { "line": 111, "column": 17 },
          "end": { "line": 111, "column": 48 }
        },
        "type": "binary-expr",
        "locations": [
          {
            "start": { "line": 111, "column": 17 },
            "end": { "line": 111, "column": 48 }
          },
          {
            "start": { "line": 112, "column": 20 },
            "end": { "line": 121, "column": null }
          }
        ]
      },
      "17": {
        "loc": {
          "start": { "line": 117, "column": 81 },
          "end": { "line": 117, "column": 94 }
        },
        "type": "binary-expr",
        "locations": [
          {
            "start": { "line": 117, "column": 81 },
            "end": { "line": 117, "column": 94 }
          },
          {
            "start": { "line": 117, "column": 98 },
            "end": { "line": 117, "column": 101 }
          }
        ]
      },
      "18": {
        "loc": {
          "start": { "line": 126, "column": 17 },
          "end": { "line": 126, "column": 29 }
        },
        "type": "binary-expr",
        "locations": [
          {
            "start": { "line": 126, "column": 17 },
            "end": { "line": 126, "column": 29 }
          },
          {
            "start": { "line": 127, "column": 20 },
            "end": { "line": 136, "column": null }
          }
        ]
      },
      "19": {
        "loc": {
          "start": { "line": 132, "column": 81 },
          "end": { "line": 132, "column": 94 }
        },
        "type": "binary-expr",
        "locations": [
          {
            "start": { "line": 132, "column": 81 },
            "end": { "line": 132, "column": 94 }
          },
          {
            "start": { "line": 132, "column": 98 },
            "end": { "line": 132, "column": 101 }
          }
        ]
      },
      "20": {
        "loc": {
          "start": { "line": 141, "column": 17 },
          "end": { "line": 141, "column": 38 }
        },
        "type": "binary-expr",
        "locations": [
          {
            "start": { "line": 141, "column": 17 },
            "end": { "line": 141, "column": 38 }
          },
          {
            "start": { "line": 142, "column": 20 },
            "end": { "line": 175, "column": null }
          }
        ]
      },
      "21": {
        "loc": {
          "start": { "line": 180, "column": 17 },
          "end": { "line": 180, "column": 106 }
        },
        "type": "binary-expr",
        "locations": [
          {
            "start": { "line": 180, "column": 17 },
            "end": { "line": 180, "column": 106 }
          },
          {
            "start": { "line": 181, "column": 20 },
            "end": { "line": 192, "column": null }
          }
        ]
      },
      "22": {
        "loc": {
          "start": { "line": 180, "column": 49 },
          "end": { "line": 180, "column": 67 }
        },
        "type": "binary-expr",
        "locations": [
          {
            "start": { "line": 180, "column": 49 },
            "end": { "line": 180, "column": 67 }
          },
          {
            "start": { "line": 180, "column": 71 },
            "end": { "line": 180, "column": 94 }
          }
        ]
      },
      "23": {
        "loc": {
          "start": { "line": 185, "column": 58 },
          "end": { "line": 185, "column": 72 }
        },
        "type": "binary-expr",
        "locations": [
          {
            "start": { "line": 185, "column": 58 },
            "end": { "line": 185, "column": 72 }
          },
          {
            "start": { "line": 185, "column": 76 },
            "end": { "line": 185, "column": 95 }
          }
        ]
      },
      "24": {
        "loc": {
          "start": { "line": 200, "column": 44 },
          "end": { "line": 200, "column": 46 }
        },
        "type": "default-arg",
        "locations": [
          {
            "start": { "line": 200, "column": 44 },
            "end": { "line": 200, "column": 46 }
          }
        ]
      },
      "25": {
        "loc": {
          "start": { "line": 204, "column": 17 },
          "end": { "line": 204, "column": 53 }
        },
        "type": "binary-expr",
        "locations": [
          {
            "start": { "line": 204, "column": 17 },
            "end": { "line": 204, "column": 53 }
          },
          {
            "start": { "line": 205, "column": 20 },
            "end": { "line": 218, "column": null }
          }
        ]
      },
      "26": {
        "loc": {
          "start": { "line": 213, "column": 94 },
          "end": { "line": 213, "column": 100 }
        },
        "type": "cond-expr",
        "locations": [
          {
            "start": { "line": 213, "column": 94 },
            "end": { "line": 213, "column": 100 }
          },
          {
            "start": { "line": 213, "column": 103 },
            "end": { "line": 213, "column": 116 }
          }
        ]
      },
      "27": {
        "loc": {
          "start": { "line": 222, "column": 17 },
          "end": { "line": 222, "column": 40 }
        },
        "type": "binary-expr",
        "locations": [
          {
            "start": { "line": 222, "column": 17 },
            "end": { "line": 222, "column": 40 }
          },
          {
            "start": { "line": 223, "column": 20 },
            "end": { "line": 232, "column": null }
          }
        ]
      },
      "28": {
        "loc": {
          "start": { "line": 228, "column": 81 },
          "end": { "line": 228, "column": 94 }
        },
        "type": "binary-expr",
        "locations": [
          {
            "start": { "line": 228, "column": 81 },
            "end": { "line": 228, "column": 94 }
          },
          {
            "start": { "line": 228, "column": 98 },
            "end": { "line": 228, "column": 101 }
          }
        ]
      },
      "29": {
        "loc": {
          "start": { "line": 236, "column": 17 },
          "end": { "line": 236, "column": 45 }
        },
        "type": "binary-expr",
        "locations": [
          {
            "start": { "line": 236, "column": 17 },
            "end": { "line": 236, "column": 45 }
          },
          {
            "start": { "line": 237, "column": 20 },
            "end": { "line": 246, "column": null }
          }
        ]
      },
      "30": {
        "loc": {
          "start": { "line": 255, "column": 33 },
          "end": { "line": 255, "column": 35 }
        },
        "type": "default-arg",
        "locations": [
          {
            "start": { "line": 255, "column": 33 },
            "end": { "line": 255, "column": 35 }
          }
        ]
      },
      "31": {
        "loc": {
          "start": { "line": 256, "column": 39 },
          "end": { "line": 256, "column": 41 }
        },
        "type": "default-arg",
        "locations": [
          {
            "start": { "line": 256, "column": 39 },
            "end": { "line": 256, "column": 41 }
          }
        ]
      },
      "32": {
        "loc": {
          "start": { "line": 274, "column": 17 },
          "end": { "line": 274, "column": 46 }
        },
        "type": "binary-expr",
        "locations": [
          {
            "start": { "line": 274, "column": 17 },
            "end": { "line": 274, "column": 46 }
          },
          {
            "start": { "line": 275, "column": 20 },
            "end": { "line": 296, "column": null }
          }
        ]
      },
      "33": {
        "loc": {
          "start": { "line": 283, "column": 94 },
          "end": { "line": 283, "column": 110 }
        },
        "type": "binary-expr",
        "locations": [
          {
            "start": { "line": 283, "column": 94 },
            "end": { "line": 283, "column": 110 }
          },
          {
            "start": { "line": 283, "column": 114 },
            "end": { "line": 283, "column": 119 }
          }
        ]
      },
      "34": {
        "loc": {
          "start": { "line": 284, "column": 100 },
          "end": { "line": 284, "column": 122 }
        },
        "type": "binary-expr",
        "locations": [
          {
            "start": { "line": 284, "column": 100 },
            "end": { "line": 284, "column": 122 }
          },
          {
            "start": { "line": 284, "column": 126 },
            "end": { "line": 284, "column": 131 }
          }
        ]
      },
      "35": {
        "loc": {
          "start": { "line": 285, "column": 92 },
          "end": { "line": 285, "column": 106 }
        },
        "type": "binary-expr",
        "locations": [
          {
            "start": { "line": 285, "column": 92 },
            "end": { "line": 285, "column": 106 }
          },
          {
            "start": { "line": 285, "column": 110 },
            "end": { "line": 285, "column": 115 }
          }
        ]
      },
      "36": {
        "loc": {
          "start": { "line": 286, "column": 89 },
          "end": { "line": 286, "column": 108 }
        },
        "type": "binary-expr",
        "locations": [
          {
            "start": { "line": 286, "column": 89 },
            "end": { "line": 286, "column": 108 }
          },
          {
            "start": { "line": 286, "column": 112 },
            "end": { "line": 286, "column": 117 }
          }
        ]
      },
      "37": {
        "loc": {
          "start": { "line": 287, "column": 91 },
          "end": { "line": 287, "column": 112 }
        },
        "type": "binary-expr",
        "locations": [
          {
            "start": { "line": 287, "column": 91 },
            "end": { "line": 287, "column": 112 }
          },
          {
            "start": { "line": 287, "column": 116 },
            "end": { "line": 287, "column": 121 }
          }
        ]
      },
      "38": {
        "loc": {
          "start": { "line": 288, "column": 95 },
          "end": { "line": 288, "column": 114 }
        },
        "type": "binary-expr",
        "locations": [
          {
            "start": { "line": 288, "column": 95 },
            "end": { "line": 288, "column": 114 }
          },
          {
            "start": { "line": 288, "column": 118 },
            "end": { "line": 288, "column": 123 }
          }
        ]
      },
      "39": {
        "loc": {
          "start": { "line": 293, "column": 29 },
          "end": { "line": 293, "column": 58 }
        },
        "type": "binary-expr",
        "locations": [
          {
            "start": { "line": 293, "column": 29 },
            "end": { "line": 293, "column": 58 }
          },
          {
            "start": { "line": 294, "column": 32 },
            "end": { "line": 294, "column": null }
          }
        ]
      },
      "40": {
        "loc": {
          "start": { "line": 301, "column": 17 },
          "end": { "line": 301, "column": 52 }
        },
        "type": "binary-expr",
        "locations": [
          {
            "start": { "line": 301, "column": 17 },
            "end": { "line": 301, "column": 52 }
          },
          {
            "start": { "line": 302, "column": 20 },
            "end": { "line": 317, "column": null }
          }
        ]
      },
      "41": {
        "loc": {
          "start": { "line": 307, "column": 85 },
          "end": { "line": 307, "column": 107 }
        },
        "type": "binary-expr",
        "locations": [
          {
            "start": { "line": 307, "column": 85 },
            "end": { "line": 307, "column": 107 }
          },
          {
            "start": { "line": 307, "column": 111 },
            "end": { "line": 307, "column": 128 }
          }
        ]
      },
      "42": {
        "loc": {
          "start": { "line": 309, "column": 41 },
          "end": { "line": 309, "column": 55 }
        },
        "type": "binary-expr",
        "locations": [
          {
            "start": { "line": 309, "column": 41 },
            "end": { "line": 309, "column": 55 }
          },
          {
            "start": { "line": 309, "column": 59 },
            "end": { "line": 309, "column": 141 }
          }
        ]
      },
      "43": {
        "loc": {
          "start": { "line": 310, "column": 41 },
          "end": { "line": 310, "column": 60 }
        },
        "type": "binary-expr",
        "locations": [
          {
            "start": { "line": 310, "column": 41 },
            "end": { "line": 310, "column": 60 }
          },
          {
            "start": { "line": 310, "column": 64 },
            "end": { "line": 310, "column": 153 }
          }
        ]
      },
      "44": {
        "loc": {
          "start": { "line": 311, "column": 41 },
          "end": { "line": 311, "column": 62 }
        },
        "type": "binary-expr",
        "locations": [
          {
            "start": { "line": 311, "column": 41 },
            "end": { "line": 311, "column": 62 }
          },
          {
            "start": { "line": 311, "column": 66 },
            "end": { "line": 311, "column": 159 }
          }
        ]
      },
      "45": {
        "loc": {
          "start": { "line": 312, "column": 41 },
          "end": { "line": 312, "column": 60 }
        },
        "type": "binary-expr",
        "locations": [
          {
            "start": { "line": 312, "column": 41 },
            "end": { "line": 312, "column": 60 }
          },
          {
            "start": { "line": 312, "column": 64 },
            "end": { "line": 312, "column": 156 }
          }
        ]
      },
      "46": {
        "loc": {
          "start": { "line": 322, "column": 17 },
          "end": { "line": 322, "column": 46 }
        },
        "type": "binary-expr",
        "locations": [
          {
            "start": { "line": 322, "column": 17 },
            "end": { "line": 322, "column": 46 }
          },
          {
            "start": { "line": 323, "column": 20 },
            "end": { "line": 332, "column": null }
          }
        ]
      },
      "47": {
        "loc": {
          "start": { "line": 328, "column": 81 },
          "end": { "line": 328, "column": 94 }
        },
        "type": "binary-expr",
        "locations": [
          {
            "start": { "line": 328, "column": 81 },
            "end": { "line": 328, "column": 94 }
          },
          {
            "start": { "line": 328, "column": 98 },
            "end": { "line": 328, "column": 101 }
          }
        ]
      },
      "48": {
        "loc": {
          "start": { "line": 337, "column": 18 },
          "end": { "line": 337, "column": 33 }
        },
        "type": "binary-expr",
        "locations": [
          {
            "start": { "line": 337, "column": 18 },
            "end": { "line": 337, "column": 33 }
          },
          {
            "start": { "line": 337, "column": 37 },
            "end": { "line": 337, "column": 52 }
          },
          {
            "start": { "line": 338, "column": 20 },
            "end": { "line": 351, "column": null }
          }
        ]
      },
      "49": {
        "loc": {
          "start": { "line": 341, "column": 29 },
          "end": { "line": 341, "column": 44 }
        },
        "type": "binary-expr",
        "locations": [
          {
            "start": { "line": 341, "column": 29 },
            "end": { "line": 341, "column": 44 }
          },
          {
            "start": { "line": 342, "column": 32 },
            "end": { "line": 343, "column": null }
          }
        ]
      },
      "50": {
        "loc": {
          "start": { "line": 346, "column": 29 },
          "end": { "line": 346, "column": 44 }
        },
        "type": "binary-expr",
        "locations": [
          {
            "start": { "line": 346, "column": 29 },
            "end": { "line": 346, "column": 44 }
          },
          {
            "start": { "line": 347, "column": 32 },
            "end": { "line": 348, "column": null }
          }
        ]
      },
      "51": {
        "loc": {
          "start": { "line": 356, "column": 17 },
          "end": { "line": 356, "column": 29 }
        },
        "type": "binary-expr",
        "locations": [
          {
            "start": { "line": 356, "column": 17 },
            "end": { "line": 356, "column": 29 }
          },
          {
            "start": { "line": 357, "column": 20 },
            "end": { "line": 361, "column": null }
          }
        ]
      },
      "52": {
        "loc": {
          "start": { "line": 366, "column": 17 },
          "end": { "line": 366, "column": 31 }
        },
        "type": "binary-expr",
        "locations": [
          {
            "start": { "line": 366, "column": 17 },
            "end": { "line": 366, "column": 31 }
          },
          {
            "start": { "line": 367, "column": 20 },
            "end": { "line": 376, "column": null }
          }
        ]
      },
      "53": {
        "loc": {
          "start": { "line": 381, "column": 17 },
          "end": { "line": 381, "column": 31 }
        },
        "type": "binary-expr",
        "locations": [
          {
            "start": { "line": 381, "column": 17 },
            "end": { "line": 381, "column": 31 }
          },
          {
            "start": { "line": 381, "column": 35 },
            "end": { "line": 381, "column": 60 }
          },
          {
            "start": { "line": 382, "column": 20 },
            "end": { "line": 395, "column": null }
          }
        ]
      },
      "54": {
        "loc": {
          "start": { "line": 400, "column": 17 },
          "end": { "line": 400, "column": 32 }
        },
        "type": "binary-expr",
        "locations": [
          {
            "start": { "line": 400, "column": 17 },
            "end": { "line": 400, "column": 32 }
          },
          {
            "start": { "line": 401, "column": 20 },
            "end": { "line": 410, "column": null }
          }
        ]
      },
      "55": {
        "loc": {
          "start": { "line": 406, "column": 81 },
          "end": { "line": 406, "column": 94 }
        },
        "type": "binary-expr",
        "locations": [
          {
            "start": { "line": 406, "column": 81 },
            "end": { "line": 406, "column": 94 }
          },
          {
            "start": { "line": 406, "column": 98 },
            "end": { "line": 406, "column": 101 }
          }
        ]
      },
      "56": {
        "loc": {
          "start": { "line": 415, "column": 17 },
          "end": { "line": 415, "column": 22 }
        },
        "type": "binary-expr",
        "locations": [
          {
            "start": { "line": 415, "column": 17 },
            "end": { "line": 415, "column": 22 }
          },
          {
            "start": { "line": 416, "column": 20 },
            "end": { "line": 430, "column": null }
          }
        ]
      },
      "57": {
        "loc": {
          "start": { "line": 421, "column": 29 },
          "end": { "line": 421, "column": 47 }
        },
        "type": "binary-expr",
        "locations": [
          {
            "start": { "line": 421, "column": 29 },
            "end": { "line": 421, "column": 47 }
          },
          {
            "start": { "line": 422, "column": 32 },
            "end": { "line": 422, "column": 115 }
          }
        ]
      },
      "58": {
        "loc": {
          "start": { "line": 427, "column": 76 },
          "end": { "line": 427, "column": 117 }
        },
        "type": "cond-expr",
        "locations": [
          {
            "start": { "line": 427, "column": 76 },
            "end": { "line": 427, "column": 117 }
          },
          {
            "start": { "line": 427, "column": 120 },
            "end": { "line": 427, "column": 144 }
          }
        ]
      },
      "59": {
        "loc": {
          "start": { "line": 435, "column": 18 },
          "end": { "line": 435, "column": 30 }
        },
        "type": "binary-expr",
        "locations": [
          {
            "start": { "line": 435, "column": 18 },
            "end": { "line": 435, "column": 30 }
          },
          {
            "start": { "line": 435, "column": 34 },
            "end": { "line": 435, "column": 48 }
          },
          {
            "start": { "line": 436, "column": 20 },
            "end": { "line": 473, "column": null }
          }
        ]
      },
      "60": {
        "loc": {
          "start": { "line": 438, "column": 25 },
          "end": { "line": 438, "column": 47 }
        },
        "type": "binary-expr",
        "locations": [
          {
            "start": { "line": 438, "column": 25 },
            "end": { "line": 438, "column": 47 }
          },
          {
            "start": { "line": 439, "column": 28 },
            "end": { "line": 440, "column": null }
          }
        ]
      },
      "61": {
        "loc": {
          "start": { "line": 438, "column": 37 },
          "end": { "line": 438, "column": 39 }
        },
        "type": "cond-expr",
        "locations": [
          {
            "start": { "line": 438, "column": 37 },
            "end": { "line": 438, "column": 39 }
          },
          {
            "start": { "line": 438, "column": 25 },
            "end": { "line": 438, "column": 47 }
          }
        ]
      },
      "62": {
        "loc": {
          "start": { "line": 438, "column": 25 },
          "end": { "line": 438, "column": 39 }
        },
        "type": "binary-expr",
        "locations": [
          {
            "start": { "line": 438, "column": 25 },
            "end": { "line": 438, "column": 39 }
          },
          {
            "start": { "line": 438, "column": 25 },
            "end": { "line": 438, "column": 39 }
          }
        ]
      },
      "63": {
        "loc": {
          "start": { "line": 444, "column": 28 },
          "end": { "line": 469, "column": null }
        },
        "type": "cond-expr",
        "locations": [
          {
            "start": { "line": 444, "column": 28 },
            "end": { "line": 469, "column": null }
          },
          {
            "start": { "line": 472, "column": 28 },
            "end": { "line": 472, "column": 96 }
          }
        ]
      },
      "64": {
        "loc": {
          "start": { "line": 443, "column": 25 },
          "end": { "line": 443, "column": 39 }
        },
        "type": "binary-expr",
        "locations": [
          {
            "start": { "line": 443, "column": 25 },
            "end": { "line": 443, "column": 39 }
          },
          {
            "start": { "line": 443, "column": 43 },
            "end": { "line": 443, "column": 72 }
          },
          {
            "start": { "line": 443, "column": 76 },
            "end": { "line": 443, "column": 101 }
          }
        ]
      },
      "65": {
        "loc": {
          "start": { "line": 463, "column": 94 },
          "end": { "line": 463, "column": 123 }
        },
        "type": "cond-expr",
        "locations": [
          {
            "start": { "line": 463, "column": 94 },
            "end": { "line": 463, "column": 123 }
          },
          {
            "start": { "line": 463, "column": 126 },
            "end": { "line": 463, "column": 129 }
          }
        ]
      },
      "66": {
        "loc": {
          "start": { "line": 478, "column": 17 },
          "end": { "line": 478, "column": 45 }
        },
        "type": "binary-expr",
        "locations": [
          {
            "start": { "line": 478, "column": 17 },
            "end": { "line": 478, "column": 45 }
          },
          {
            "start": { "line": 479, "column": 20 },
            "end": { "line": 488, "column": null }
          }
        ]
      },
      "67": {
        "loc": {
          "start": { "line": 501, "column": 17 },
          "end": { "line": 501, "column": 34 }
        },
        "type": "binary-expr",
        "locations": [
          {
            "start": { "line": 501, "column": 17 },
            "end": { "line": 501, "column": 34 }
          },
          {
            "start": { "line": 502, "column": 20 },
            "end": { "line": 511, "column": null }
          }
        ]
      },
      "68": {
        "loc": {
          "start": { "line": 516, "column": 17 },
          "end": { "line": 516, "column": 26 }
        },
        "type": "binary-expr",
        "locations": [
          {
            "start": { "line": 516, "column": 17 },
            "end": { "line": 516, "column": 26 }
          },
          {
            "start": { "line": 516, "column": 30 },
            "end": { "line": 516, "column": 50 }
          },
          {
            "start": { "line": 517, "column": 20 },
            "end": { "line": 530, "column": null }
          }
        ]
      },
      "69": {
        "loc": {
          "start": { "line": 535, "column": 17 },
          "end": { "line": 535, "column": 32 }
        },
        "type": "binary-expr",
        "locations": [
          {
            "start": { "line": 535, "column": 17 },
            "end": { "line": 535, "column": 32 }
          },
          {
            "start": { "line": 536, "column": 20 },
            "end": { "line": 545, "column": null }
          }
        ]
      },
      "70": {
        "loc": {
          "start": { "line": 541, "column": 81 },
          "end": { "line": 541, "column": 94 }
        },
        "type": "binary-expr",
        "locations": [
          {
            "start": { "line": 541, "column": 81 },
            "end": { "line": 541, "column": 94 }
          },
          {
            "start": { "line": 541, "column": 98 },
            "end": { "line": 541, "column": 101 }
          }
        ]
      },
      "71": {
        "loc": {
          "start": { "line": 550, "column": 17 },
          "end": { "line": 550, "column": 45 }
        },
        "type": "binary-expr",
        "locations": [
          {
            "start": { "line": 550, "column": 17 },
            "end": { "line": 550, "column": 45 }
          },
          {
            "start": { "line": 551, "column": 20 },
            "end": { "line": 560, "column": null }
          }
        ]
      },
      "72": {
        "loc": {
          "start": { "line": 569, "column": 12 },
          "end": { "line": 570, "column": 47 }
        },
        "type": "switch",
        "locations": [
          {
            "start": { "line": 569, "column": 12 },
            "end": { "line": 570, "column": 47 }
          },
          {
            "start": { "line": 571, "column": 12 },
            "end": { "line": 572, "column": 46 }
          },
          {
            "start": { "line": 573, "column": 12 },
            "end": { "line": 574, "column": 45 }
          },
          {
            "start": { "line": 575, "column": 12 },
            "end": { "line": 576, "column": 42 }
          },
          {
            "start": { "line": 577, "column": 12 },
            "end": { "line": 587, "column": 18 }
          }
        ]
      }
    },
    "s": {
      "0": 5,
      "1": 5,
      "2": 35,
      "3": 2,
      "4": 33,
      "5": 33,
      "6": 295,
      "7": 1,
      "8": 294,
      "9": 3,
      "10": 291,
      "11": 57,
      "12": 234,
      "13": 192,
      "14": 42,
      "15": 40,
      "16": 61,
      "17": 2,
      "18": 2,
      "19": 3,
      "20": 0,
      "21": 33,
      "22": 6,
      "23": 6,
      "24": 6,
      "25": 15,
      "26": 0,
      "27": 35,
      "28": 0,
      "29": 2,
      "30": 2,
      "31": 2,
      "32": 33,
      "33": 3,
      "34": 3,
      "35": 3,
      "36": 4,
      "37": 24,
      "38": 14,
      "39": 7,
      "40": 33,
      "41": 12,
      "42": 12,
      "43": 12,
      "44": 14,
      "45": 14,
      "46": 49,
      "47": 28,
      "48": 7,
      "49": 28,
      "50": 24,
      "51": 0,
      "52": 0,
      "53": 0,
      "54": 0,
      "55": 15,
      "56": 33,
      "57": 4,
      "58": 4,
      "59": 4,
      "60": 6,
      "61": 2,
      "62": 6,
      "63": 9,
      "64": 1,
      "65": 33,
      "66": 33,
      "67": 6,
      "68": 3,
      "69": 12,
      "70": 4,
      "71": 8,
      "72": 7,
      "73": 33,
      "74": 5
    },
    "f": {
      "0": 35,
      "1": 295,
      "2": 61,
      "3": 3,
      "4": 6,
      "5": 15,
      "6": 0,
      "7": 35,
      "8": 0,
      "9": 2,
      "10": 2,
      "11": 2,
      "12": 3,
      "13": 4,
      "14": 24,
      "15": 14,
      "16": 7,
      "17": 12,
      "18": 14,
      "19": 14,
      "20": 49,
      "21": 28,
      "22": 7,
      "23": 28,
      "24": 24,
      "25": 0,
      "26": 0,
      "27": 15,
      "28": 4,
      "29": 6,
      "30": 2,
      "31": 6,
      "32": 9,
      "33": 1,
      "34": 33,
      "35": 7
    },
    "b": {
      "0": [2],
      "1": [1],
      "2": [295, 294],
      "3": [3],
      "4": [3, 0],
      "5": [57],
      "6": [192],
      "7": [40],
      "8": [2],
      "9": [1],
      "10": [6, 5],
      "11": [15, 5],
      "12": [15, 5],
      "13": [15, 5],
      "14": [15, 0],
      "15": [15, 0],
      "16": [6, 0],
      "17": [0, 0],
      "18": [6, 5],
      "19": [35, 25],
      "20": [6, 0],
      "21": [6, 2],
      "22": [2, 2],
      "23": [2, 2],
      "24": [1],
      "25": [3, 2],
      "26": [0, 24],
      "27": [3, 2],
      "28": [14, 10],
      "29": [3, 3],
      "30": [5],
      "31": [5],
      "32": [12, 7],
      "33": [14, 7],
      "34": [14, 7],
      "35": [14, 7],
      "36": [14, 7],
      "37": [14, 7],
      "38": [14, 7],
      "39": [7, 0],
      "40": [12, 7],
      "41": [14, 7],
      "42": [14, 7],
      "43": [14, 7],
      "44": [14, 7],
      "45": [14, 7],
      "46": [12, 7],
      "47": [49, 35],
      "48": [12, 5, 7],
      "49": [7, 7],
      "50": [7, 7],
      "51": [12, 7],
      "52": [12, 7],
      "53": [12, 8, 7],
      "54": [12, 8],
      "55": [24, 16],
      "56": [12, 1],
      "57": [1, 0],
      "58": [0, 1],
      "59": [12, 12, 1],
      "60": [1, 0],
      "61": [1, 0],
      "62": [1, 1],
      "63": [0, 1],
      "64": [1, 1, 1],
      "65": [0, 0],
      "66": [12, 8],
      "67": [4, 2],
      "68": [4, 3, 2],
      "69": [4, 3],
      "70": [9, 6],
      "71": [4, 1],
      "72": [6, 3, 12, 4, 8]
    }
  },
  "/Users/gklainert/Documents/gaia-webplugin/src/js/components/AgentLogSidebar.tsx": {
    "path": "/Users/gklainert/Documents/gaia-webplugin/src/js/components/AgentLogSidebar.tsx",
    "statementMap": {
      "0": {
        "start": { "line": 1, "column": 0 },
        "end": { "line": 1, "column": 59 }
      },
      "1": {
        "start": { "line": 2, "column": 0 },
        "end": { "line": 2, "column": 61 }
      },
      "2": {
        "start": { "line": 3, "column": 0 },
        "end": { "line": 3, "column": 114 }
      },
      "3": {
        "start": { "line": 28, "column": 50 },
        "end": { "line": 53, "column": 1 }
      },
      "4": {
        "start": { "line": 33, "column": 42 },
        "end": { "line": 33, "column": 54 }
      },
      "5": {
        "start": { "line": 34, "column": 44 },
        "end": { "line": 34, "column": 55 }
      },
      "6": {
        "start": { "line": 35, "column": 42 },
        "end": { "line": 35, "column": 56 }
      },
      "7": {
        "start": { "line": 37, "column": 4 },
        "end": { "line": 50, "column": 53 }
      },
      "8": {
        "start": { "line": 38, "column": 8 },
        "end": { "line": 38, "column": 33 }
      },
      "9": {
        "start": { "line": 38, "column": 26 },
        "end": { "line": 38, "column": 33 }
      },
      "10": {
        "start": { "line": 40, "column": 8 },
        "end": { "line": 47, "column": null }
      },
      "11": {
        "start": { "line": 41, "column": 26 },
        "end": { "line": 44, "column": 25 }
      },
      "12": {
        "start": { "line": 42, "column": 16 },
        "end": { "line": 42, "column": 66 }
      },
      "13": {
        "start": { "line": 42, "column": 39 },
        "end": { "line": 42, "column": 64 }
      },
      "14": {
        "start": { "line": 43, "column": 16 },
        "end": { "line": 43, "column": 50 }
      },
      "15": {
        "start": { "line": 43, "column": 40 },
        "end": { "line": 43, "column": 48 }
      },
      "16": {
        "start": { "line": 46, "column": 12 },
        "end": { "line": 46, "column": 50 }
      },
      "17": {
        "start": { "line": 46, "column": 27 },
        "end": { "line": 46, "column": 47 }
      },
      "18": {
        "start": { "line": 49, "column": 8 },
        "end": { "line": 49, "column": 30 }
      },
      "19": {
        "start": { "line": 52, "column": 4 },
        "end": { "line": 52, "column": 92 }
      },
      "20": {
        "start": { "line": 55, "column": 0 },
        "end": { "line": 58, "column": 2 }
      },
      "21": {
        "start": { "line": 64, "column": 24 },
        "end": { "line": 83, "column": 1 }
      },
      "22": {
        "start": { "line": 65, "column": 38 },
        "end": { "line": 65, "column": 52 }
      },
      "23": {
        "start": { "line": 67, "column": 4 },
        "end": { "line": 70, "column": 11 }
      },
      "24": {
        "start": { "line": 68, "column": 22 },
        "end": { "line": 68, "column": 92 }
      },
      "25": {
        "start": { "line": 68, "column": 39 },
        "end": { "line": 68, "column": 58 }
      },
      "26": {
        "start": { "line": 69, "column": 8 },
        "end": { "line": 69, "column": 41 }
      },
      "27": {
        "start": { "line": 69, "column": 21 },
        "end": { "line": 69, "column": 40 }
      },
      "28": {
        "start": { "line": 72, "column": 4 },
        "end": { "line": 72, "column": 32 }
      },
      "29": {
        "start": { "line": 72, "column": 20 },
        "end": { "line": 72, "column": 32 }
      },
      "30": {
        "start": { "line": 74, "column": 4 },
        "end": { "line": 82, "column": 6 }
      },
      "31": {
        "start": { "line": 90, "column": 56 },
        "end": { "line": 405, "column": 1 }
      },
      "32": {
        "start": { "line": 91, "column": 28 },
        "end": { "line": 91, "column": 56 }
      },
      "33": {
        "start": { "line": 92, "column": 23 },
        "end": { "line": 92, "column": 51 }
      },
      "34": {
        "start": { "line": 93, "column": 26 },
        "end": { "line": 93, "column": 54 }
      },
      "35": {
        "start": { "line": 94, "column": 26 },
        "end": { "line": 94, "column": 39 }
      },
      "36": {
        "start": { "line": 95, "column": 22 },
        "end": { "line": 95, "column": 31 }
      },
      "37": {
        "start": { "line": 96, "column": 26 },
        "end": { "line": 96, "column": 35 }
      },
      "38": {
        "start": { "line": 97, "column": 42 },
        "end": { "line": 97, "column": 66 }
      },
      "39": {
        "start": { "line": 98, "column": 50 },
        "end": { "line": 98, "column": 61 }
      },
      "40": {
        "start": { "line": 99, "column": 26 },
        "end": { "line": 99, "column": 61 }
      },
      "41": {
        "start": { "line": 100, "column": 44 },
        "end": { "line": 100, "column": 60 }
      },
      "42": {
        "start": { "line": 101, "column": 38 },
        "end": { "line": 101, "column": 91 }
      },
      "43": {
        "start": { "line": 102, "column": 40 },
        "end": { "line": 102, "column": 55 }
      },
      "44": {
        "start": { "line": 103, "column": 32 },
        "end": { "line": 103, "column": 47 }
      },
      "45": {
        "start": { "line": 104, "column": 19 },
        "end": { "line": 104, "column": 99 }
      },
      "46": {
        "start": { "line": 109, "column": 27 },
        "end": { "line": 121, "column": 6 }
      },
      "47": {
        "start": { "line": 109, "column": 38 },
        "end": { "line": 121, "column": 6 }
      },
      "48": {
        "start": { "line": 110, "column": 24 },
        "end": { "line": 112, "column": 20 }
      },
      "49": {
        "start": { "line": 111, "column": 12 },
        "end": { "line": 111, "column": 158 }
      },
      "50": {
        "start": { "line": 113, "column": 8 },
        "end": { "line": 120, "column": null }
      },
      "51": {
        "start": { "line": 114, "column": 12 },
        "end": { "line": 114, "column": 57 }
      },
      "52": {
        "start": { "line": 115, "column": 12 },
        "end": { "line": 115, "column": 28 }
      },
      "53": {
        "start": { "line": 116, "column": 12 },
        "end": { "line": 116, "column": 70 }
      },
      "54": {
        "start": { "line": 116, "column": 29 },
        "end": { "line": 116, "column": 45 }
      },
      "55": {
        "start": { "line": 117, "column": 12 },
        "end": { "line": 117, "column": 41 }
      },
      "56": {
        "start": { "line": 117, "column": 28 },
        "end": { "line": 117, "column": 41 }
      },
      "57": {
        "start": { "line": 123, "column": 4 },
        "end": { "line": 155, "column": 70 }
      },
      "58": {
        "start": { "line": 124, "column": 8 },
        "end": { "line": 128, "column": null }
      },
      "59": {
        "start": { "line": 125, "column": 12 },
        "end": { "line": 125, "column": 33 }
      },
      "60": {
        "start": { "line": 126, "column": 12 },
        "end": { "line": 126, "column": 44 }
      },
      "61": {
        "start": { "line": 127, "column": 12 },
        "end": { "line": 127, "column": 19 }
      },
      "62": {
        "start": { "line": 129, "column": 8 },
        "end": { "line": 147, "column": null }
      },
      "63": {
        "start": { "line": 134, "column": 12 },
        "end": { "line": 146, "column": 51 }
      },
      "64": {
        "start": { "line": 135, "column": 16 },
        "end": { "line": 141, "column": null }
      },
      "65": {
        "start": { "line": 136, "column": 20 },
        "end": { "line": 139, "column": null }
      },
      "66": {
        "start": { "line": 137, "column": 24 },
        "end": { "line": 137, "column": 60 }
      },
      "67": {
        "start": { "line": 138, "column": 24 },
        "end": { "line": 138, "column": 53 }
      },
      "68": {
        "start": { "line": 140, "column": 20 },
        "end": { "line": 140, "column": 27 }
      },
      "69": {
        "start": { "line": 142, "column": 35 },
        "end": { "line": 142, "column": 56 }
      },
      "70": {
        "start": { "line": 143, "column": 16 },
        "end": { "line": 143, "column": 62 }
      },
      "71": {
        "start": { "line": 143, "column": 39 },
        "end": { "line": 143, "column": 60 }
      },
      "72": {
        "start": { "line": 144, "column": 16 },
        "end": { "line": 144, "column": 53 }
      },
      "73": {
        "start": { "line": 144, "column": 43 },
        "end": { "line": 144, "column": 51 }
      },
      "74": {
        "start": { "line": 145, "column": 16 },
        "end": { "line": 145, "column": 63 }
      },
      "75": {
        "start": { "line": 145, "column": 36 },
        "end": { "line": 145, "column": 63 }
      },
      "76": {
        "start": { "line": 149, "column": 8 },
        "end": { "line": 154, "column": 10 }
      },
      "77": {
        "start": { "line": 150, "column": 12 },
        "end": { "line": 153, "column": null }
      },
      "78": {
        "start": { "line": 151, "column": 16 },
        "end": { "line": 151, "column": 52 }
      },
      "79": {
        "start": { "line": 152, "column": 16 },
        "end": { "line": 152, "column": 45 }
      },
      "80": {
        "start": { "line": 158, "column": 4 },
        "end": { "line": 167, "column": 28 }
      },
      "81": {
        "start": { "line": 159, "column": 8 },
        "end": { "line": 166, "column": null }
      },
      "82": {
        "start": { "line": 160, "column": 12 },
        "end": { "line": 160, "column": 34 }
      },
      "83": {
        "start": { "line": 161, "column": 12 },
        "end": { "line": 161, "column": 31 }
      },
      "84": {
        "start": { "line": 162, "column": 12 },
        "end": { "line": 165, "column": null }
      },
      "85": {
        "start": { "line": 163, "column": 16 },
        "end": { "line": 163, "column": 52 }
      },
      "86": {
        "start": { "line": 164, "column": 16 },
        "end": { "line": 164, "column": 45 }
      },
      "87": {
        "start": { "line": 169, "column": 4 },
        "end": { "line": 200, "column": 11 }
      },
      "88": {
        "start": { "line": 174, "column": 32 },
        "end": { "line": 182, "column": 9 }
      },
      "89": {
        "start": { "line": 175, "column": 12 },
        "end": { "line": 177, "column": null }
      },
      "90": {
        "start": { "line": 176, "column": 16 },
        "end": { "line": 176, "column": 23 }
      },
      "91": {
        "start": { "line": 178, "column": 23 },
        "end": { "line": 178, "column": 52 }
      },
      "92": {
        "start": { "line": 180, "column": 29 },
        "end": { "line": 180, "column": 135 }
      },
      "93": {
        "start": { "line": 181, "column": 12 },
        "end": { "line": 181, "column": 61 }
      },
      "94": {
        "start": { "line": 187, "column": 30 },
        "end": { "line": 191, "column": 9 }
      },
      "95": {
        "start": { "line": 188, "column": 12 },
        "end": { "line": 188, "column": 42 }
      },
      "96": {
        "start": { "line": 189, "column": 12 },
        "end": { "line": 189, "column": 33 }
      },
      "97": {
        "start": { "line": 190, "column": 12 },
        "end": { "line": 190, "column": 48 }
      },
      "98": {
        "start": { "line": 193, "column": 8 },
        "end": { "line": 193, "column": 64 }
      },
      "99": {
        "start": { "line": 194, "column": 8 },
        "end": { "line": 194, "column": 60 }
      },
      "100": {
        "start": { "line": 196, "column": 8 },
        "end": { "line": 199, "column": 10 }
      },
      "101": {
        "start": { "line": 197, "column": 12 },
        "end": { "line": 197, "column": 71 }
      },
      "102": {
        "start": { "line": 198, "column": 12 },
        "end": { "line": 198, "column": 67 }
      },
      "103": {
        "start": { "line": 202, "column": 4 },
        "end": { "line": 211, "column": 31 }
      },
      "104": {
        "start": { "line": 203, "column": 8 },
        "end": { "line": 210, "column": null }
      },
      "105": {
        "start": { "line": 204, "column": 12 },
        "end": { "line": 204, "column": 34 }
      },
      "106": {
        "start": { "line": 205, "column": 12 },
        "end": { "line": 205, "column": 42 }
      },
      "107": {
        "start": { "line": 206, "column": 15 },
        "end": { "line": 210, "column": null }
      },
      "108": {
        "start": { "line": 207, "column": 12 },
        "end": { "line": 207, "column": 43 }
      },
      "109": {
        "start": { "line": 208, "column": 28 },
        "end": { "line": 208, "column": 73 }
      },
      "110": {
        "start": { "line": 208, "column": 45 },
        "end": { "line": 208, "column": 67 }
      },
      "111": {
        "start": { "line": 209, "column": 12 },
        "end": { "line": 209, "column": 47 }
      },
      "112": {
        "start": { "line": 209, "column": 25 },
        "end": { "line": 209, "column": 46 }
      },
      "113": {
        "start": { "line": 214, "column": 4 },
        "end": { "line": 218, "column": 11 }
      },
      "114": {
        "start": { "line": 215, "column": 8 },
        "end": { "line": 217, "column": null }
      },
      "115": {
        "start": { "line": 216, "column": 12 },
        "end": { "line": 216, "column": 53 }
      },
      "116": {
        "start": { "line": 225, "column": 26 },
        "end": { "line": 248, "column": 5 }
      },
      "117": {
        "start": { "line": 226, "column": 8 },
        "end": { "line": 226, "column": 51 }
      },
      "118": {
        "start": { "line": 226, "column": 41 },
        "end": { "line": 226, "column": 51 }
      },
      "119": {
        "start": { "line": 228, "column": 8 },
        "end": { "line": 230, "column": null }
      },
      "120": {
        "start": { "line": 229, "column": 12 },
        "end": { "line": 229, "column": 74 }
      },
      "121": {
        "start": { "line": 231, "column": 27 },
        "end": { "line": 231, "column": 52 }
      },
      "122": {
        "start": { "line": 232, "column": 39 },
        "end": { "line": 232, "column": 48 }
      },
      "123": {
        "start": { "line": 233, "column": 8 },
        "end": { "line": 246, "column": 11 }
      },
      "124": {
        "start": { "line": 234, "column": 12 },
        "end": { "line": 245, "column": 15 }
      },
      "125": {
        "start": { "line": 235, "column": 16 },
        "end": { "line": 235, "column": 60 }
      },
      "126": {
        "start": { "line": 235, "column": 46 },
        "end": { "line": 235, "column": 60 }
      },
      "127": {
        "start": { "line": 236, "column": 30 },
        "end": { "line": 236, "column": 51 }
      },
      "128": {
        "start": { "line": 237, "column": 16 },
        "end": { "line": 237, "column": 54 }
      },
      "129": {
        "start": { "line": 237, "column": 40 },
        "end": { "line": 237, "column": 54 }
      },
      "130": {
        "start": { "line": 238, "column": 30 },
        "end": { "line": 238, "column": 54 }
      },
      "131": {
        "start": { "line": 239, "column": 49 },
        "end": { "line": 239, "column": 51 }
      },
      "132": {
        "start": { "line": 240, "column": 16 },
        "end": { "line": 243, "column": 19 }
      },
      "133": {
        "start": { "line": 241, "column": 20 },
        "end": { "line": 241, "column": 41 }
      },
      "134": {
        "start": { "line": 241, "column": 27 },
        "end": { "line": 241, "column": 41 }
      },
      "135": {
        "start": { "line": 242, "column": 20 },
        "end": { "line": 242, "column": 136 }
      },
      "136": {
        "start": { "line": 242, "column": 46 },
        "end": { "line": 242, "column": 136 }
      },
      "137": {
        "start": { "line": 244, "column": 16 },
        "end": { "line": 244, "column": 29 }
      },
      "138": {
        "start": { "line": 247, "column": 8 },
        "end": { "line": 247, "column": 28 }
      },
      "139": {
        "start": { "line": 250, "column": 29 },
        "end": { "line": 289, "column": 5 }
      },
      "140": {
        "start": { "line": 251, "column": 26 },
        "end": { "line": 251, "column": 111 }
      },
      "141": {
        "start": { "line": 252, "column": 24 },
        "end": { "line": 252, "column": 74 }
      },
      "142": {
        "start": { "line": 253, "column": 21 },
        "end": { "line": 253, "column": 46 }
      },
      "143": {
        "start": { "line": 254, "column": 8 },
        "end": { "line": 278, "column": null }
      },
      "144": {
        "start": { "line": 256, "column": 12 },
        "end": { "line": 265, "column": null }
      },
      "145": {
        "start": { "line": 258, "column": 16 },
        "end": { "line": 264, "column": 18 }
      },
      "146": {
        "start": { "line": 267, "column": 31 },
        "end": { "line": 267, "column": 56 }
      },
      "147": {
        "start": { "line": 268, "column": 30 },
        "end": { "line": 268, "column": 77 }
      },
      "148": {
        "start": { "line": 268, "column": 54 },
        "end": { "line": 268, "column": 76 }
      },
      "149": {
        "start": { "line": 269, "column": 12 },
        "end": { "line": 277, "column": 14 }
      },
      "150": {
        "start": { "line": 280, "column": 8 },
        "end": { "line": 288, "column": 10 }
      },
      "151": {
        "start": { "line": 291, "column": 4 },
        "end": { "line": 291, "column": 35 }
      },
      "152": {
        "start": { "line": 291, "column": 23 },
        "end": { "line": 291, "column": 35 }
      },
      "153": {
        "start": { "line": 293, "column": 4 },
        "end": { "line": 404, "column": 6 }
      },
      "154": {
        "start": { "line": 341, "column": 24 },
        "end": { "line": 341, "column": 44 }
      },
      "155": {
        "start": { "line": 342, "column": 24 },
        "end": { "line": 342, "column": 53 }
      },
      "156": {
        "start": { "line": 343, "column": 24 },
        "end": { "line": 343, "column": 54 }
      },
      "157": {
        "start": { "line": 344, "column": 24 },
        "end": { "line": 344, "column": 87 }
      },
      "158": {
        "start": { "line": 345, "column": 24 },
        "end": { "line": 345, "column": 64 }
      },
      "159": {
        "start": { "line": 399, "column": 69 },
        "end": { "line": 399, "column": 95 }
      },
      "160": {
        "start": { "line": 407, "column": 0 },
        "end": { "line": 410, "column": 2 }
      },
      "161": {
        "start": { "line": 414, "column": 4 },
        "end": { "line": 424, "column": null }
      },
      "162": {
        "start": { "line": 416, "column": 12 },
        "end": { "line": 416, "column": 36 }
      },
      "163": {
        "start": { "line": 418, "column": 12 },
        "end": { "line": 418, "column": 34 }
      },
      "164": {
        "start": { "line": 420, "column": 12 },
        "end": { "line": 420, "column": 37 }
      },
      "165": {
        "start": { "line": 423, "column": 12 },
        "end": { "line": 423, "column": 35 }
      },
      "166": {
        "start": { "line": 432, "column": 9 },
        "end": { "line": 432, "column": 24 }
      },
      "167": {
        "start": { "line": 428, "column": 4 },
        "end": { "line": 428, "column": 54 }
      },
      "168": {
        "start": { "line": 432, "column": 26 },
        "end": { "line": 432, "column": 39 }
      },
      "169": {
        "start": { "line": 431, "column": 0 },
        "end": { "line": 431, "column": 31 }
      }
    },
    "fnMap": {
      "0": {
        "name": "(anonymous_13)",
        "decl": {
          "start": { "line": 28, "column": 50 },
          "end": { "line": 28, "column": 51 }
        },
        "loc": {
          "start": { "line": 32, "column": 5 },
          "end": { "line": 53, "column": 1 }
        }
      },
      "1": {
        "name": "(anonymous_14)",
        "decl": {
          "start": { "line": 37, "column": 14 },
          "end": { "line": 37, "column": 17 }
        },
        "loc": {
          "start": { "line": 37, "column": 19 },
          "end": { "line": 50, "column": 5 }
        }
      },
      "2": {
        "name": "(anonymous_15)",
        "decl": {
          "start": { "line": 41, "column": 37 },
          "end": { "line": 41, "column": 40 }
        },
        "loc": {
          "start": { "line": 41, "column": 42 },
          "end": { "line": 44, "column": 13 }
        }
      },
      "3": {
        "name": "(anonymous_16)",
        "decl": {
          "start": { "line": 42, "column": 31 },
          "end": { "line": 42, "column": 35 }
        },
        "loc": {
          "start": { "line": 42, "column": 39 },
          "end": { "line": 42, "column": 64 }
        }
      },
      "4": {
        "name": "(anonymous_17)",
        "decl": {
          "start": { "line": 43, "column": 32 },
          "end": { "line": 43, "column": 36 }
        },
        "loc": {
          "start": { "line": 43, "column": 40 },
          "end": { "line": 43, "column": 48 }
        }
      },
      "5": {
        "name": "(anonymous_18)",
        "decl": {
          "start": { "line": 46, "column": 19 },
          "end": { "line": 46, "column": 22 }
        },
        "loc": {
          "start": { "line": 46, "column": 24 },
          "end": { "line": 46, "column": 49 }
        }
      },
      "6": {
        "name": "(anonymous_19)",
        "decl": {
          "start": { "line": 64, "column": 24 },
          "end": { "line": 64, "column": 27 }
        },
        "loc": {
          "start": { "line": 64, "column": 29 },
          "end": { "line": 83, "column": 1 }
        }
      },
      "7": {
        "name": "(anonymous_20)",
        "decl": {
          "start": { "line": 67, "column": 14 },
          "end": { "line": 67, "column": 17 }
        },
        "loc": {
          "start": { "line": 67, "column": 19 },
          "end": { "line": 70, "column": 5 }
        }
      },
      "8": {
        "name": "(anonymous_21)",
        "decl": {
          "start": { "line": 68, "column": 33 },
          "end": { "line": 68, "column": 36 }
        },
        "loc": {
          "start": { "line": 68, "column": 39 },
          "end": { "line": 68, "column": 58 }
        }
      },
      "9": {
        "name": "(anonymous_22)",
        "decl": {
          "start": { "line": 69, "column": 15 },
          "end": { "line": 69, "column": 18 }
        },
        "loc": {
          "start": { "line": 69, "column": 21 },
          "end": { "line": 69, "column": 40 }
        }
      },
      "10": {
        "name": "(anonymous_23)",
        "decl": {
          "start": { "line": 90, "column": 56 },
          "end": { "line": 90, "column": 57 }
        },
        "loc": {
          "start": { "line": 90, "column": 141 },
          "end": { "line": 405, "column": 1 }
        }
      },
      "11": {
        "name": "(anonymous_24)",
        "decl": {
[...]
          "end": { "line": 147, "column": 53 }
        },
        "type": "binary-expr",
        "locations": [
          {
            "start": { "line": 147, "column": 13 },
            "end": { "line": 147, "column": 53 }
          },
          {
            "start": { "line": 148, "column": 14 },
            "end": { "line": 148, "column": 69 }
          }
        ]
      },
      "3": {
        "loc": {
          "start": { "line": 150, "column": 13 },
          "end": { "line": 150, "column": 54 }
        },
        "type": "binary-expr",
        "locations": [
          {
            "start": { "line": 150, "column": 13 },
            "end": { "line": 150, "column": 54 }
          },
          {
            "start": { "line": 151, "column": 14 },
            "end": { "line": 151, "column": 87 }
          }
        ]
      },
      "4": {
        "loc": {
          "start": { "line": 157, "column": 14 },
          "end": { "line": 165, "column": null }
        },
        "type": "if",
        "locations": [
          {
            "start": { "line": 157, "column": 14 },
            "end": { "line": 165, "column": null }
          },
          {
            "start": { "line": 163, "column": 21 },
            "end": { "line": 165, "column": null }
          }
        ]
      }
    },
    "s": {
      "0": 3,
      "1": 3,
      "2": 3,
      "3": 3,
      "4": 3,
      "5": 3,
      "6": 3,
      "7": 3,
      "8": 3,
      "9": 3,
      "10": 9,
      "11": 9,
      "12": 8,
      "13": 8,
      "14": 8,
      "15": 8,
      "16": 8,
      "17": 8,
      "18": 22,
      "19": 22,
      "20": 0,
      "21": 0,
      "22": 22,
      "23": 22,
      "24": 22,
      "25": 9,
      "26": 9,
      "27": 9,
      "28": 9,
      "29": 3,
      "30": 3,
      "31": 9,
      "32": 9,
      "33": 9,
      "34": 8,
      "35": 8,
      "36": 8,
      "37": 8,
      "38": 8,
      "39": 9,
      "40": 1,
      "41": 1,
      "42": 1,
      "43": 1,
      "44": 1,
      "45": 0,
      "46": 3
    },
    "f": {
      "0": 9,
      "1": 9,
      "2": 8,
      "3": 8,
      "4": 22,
      "5": 0,
      "6": 9,
      "7": 9,
      "8": 3,
      "9": 3,
      "10": 9,
      "11": 1
    },
    "b": { "0": [8], "1": [8], "2": [9, 8], "3": [9, 1], "4": [1, 0] }
  },
  "/Users/gklainert/Documents/gaia-webplugin/src/js/widgets/gaia/HelpInfo.tsx": {
    "path": "/Users/gklainert/Documents/gaia-webplugin/src/js/widgets/gaia/HelpInfo.tsx",
    "statementMap": {
      "0": {
        "start": { "line": 1, "column": 0 },
        "end": { "line": 1, "column": 26 }
      },
      "1": {
        "start": { "line": 2, "column": 0 },
        "end": { "line": 2, "column": 36 }
      },
      "2": {
        "start": { "line": 3, "column": 0 },
        "end": { "line": 3, "column": 39 }
      },
      "3": {
        "start": { "line": 4, "column": 0 },
        "end": { "line": 4, "column": 38 }
      },
      "4": {
        "start": { "line": 7, "column": 17 },
        "end": { "line": 10, "column": 2 }
      },
      "5": {
        "start": { "line": 12, "column": 28 },
        "end": { "line": 14, "column": 2 }
      },
      "6": {
        "start": { "line": 16, "column": 19 },
        "end": { "line": 22, "column": 2 }
      },
      "7": {
        "start": { "line": 24, "column": 27 },
        "end": { "line": 27, "column": 2 }
      },
      "8": {
        "start": { "line": 29, "column": 26 },
        "end": { "line": 31, "column": 2 }
      },
      "9": {
        "start": { "line": 42, "column": 46 },
        "end": { "line": 45, "column": null }
      },
      "10": {
        "start": { "line": 43, "column": 2 },
        "end": { "line": 44, "column": null }
      },
      "11": {
        "start": { "line": 58, "column": 23 },
        "end": { "line": 66, "column": null }
      },
      "12": {
        "start": { "line": 59, "column": 2 },
        "end": { "line": 65, "column": null }
      },
      "13": {
        "start": { "line": 63, "column": 19 },
        "end": { "line": 63, "column": 55 }
      },
      "14": {
        "start": { "line": 77, "column": 42 },
        "end": { "line": 144, "column": null }
      },
      "15": {
        "start": { "line": 78, "column": 2 },
        "end": { "line": 143, "column": null }
      },
      "16": {
        "start": { "line": 147, "column": 0 },
        "end": { "line": 147, "column": 24 }
      }
    },
    "fnMap": {
      "0": {
        "name": "(anonymous_1)",
        "decl": {
          "start": { "line": 42, "column": 46 },
          "end": { "line": 42, "column": 47 }
        },
        "loc": {
          "start": { "line": 43, "column": 2 },
          "end": { "line": 44, "column": null }
        }
      },
      "1": {
        "name": "(anonymous_2)",
        "decl": {
          "start": { "line": 58, "column": 23 },
          "end": { "line": 58, "column": 24 }
        },
        "loc": {
          "start": { "line": 59, "column": 2 },
          "end": { "line": 65, "column": null }
        }
      },
      "2": {
        "name": "(anonymous_3)",
        "decl": {
          "start": { "line": 63, "column": 13 },
          "end": { "line": 63, "column": 16 }
        },
        "loc": {
          "start": { "line": 63, "column": 19 },
          "end": { "line": 63, "column": 55 }
        }
      },
      "3": {
        "name": "(anonymous_4)",
        "decl": {
          "start": { "line": 77, "column": 42 },
          "end": { "line": 77, "column": 43 }
        },
        "loc": {
          "start": { "line": 78, "column": 2 },
          "end": { "line": 143, "column": null }
        }
      }
    },
    "branchMap": {},
    "s": {
      "0": 0,
      "1": 0,
      "2": 0,
      "3": 0,
      "4": 0,
      "5": 0,
      "6": 0,
      "7": 0,
      "8": 0,
      "9": 0,
      "10": 0,
      "11": 0,
      "12": 0,
      "13": 0,
      "14": 0,
      "15": 0,
      "16": 0
    },
    "f": { "0": 0, "1": 0, "2": 0, "3": 0 },
    "b": {}
  },
  "/Users/gklainert/Documents/gaia-webplugin/src/js/widgets/gaia/UserInfoForm.tsx": {
    "path": "/Users/gklainert/Documents/gaia-webplugin/src/js/widgets/gaia/UserInfoForm.tsx",
    "statementMap": {
      "0": {
        "start": { "line": 1, "column": 0 },
        "end": { "line": 1, "column": 59 }
      },
      "1": {
        "start": { "line": 2, "column": 0 },
        "end": { "line": 2, "column": 57 }
      },
      "2": {
        "start": { "line": 3, "column": 0 },
        "end": { "line": 3, "column": 39 }
      },
      "3": {
        "start": { "line": 4, "column": 0 },
        "end": { "line": 4, "column": 36 }
      },
      "4": {
        "start": { "line": 5, "column": 0 },
        "end": { "line": 5, "column": 43 }
      },
      "5": {
        "start": { "line": 6, "column": 0 },
        "end": { "line": 6, "column": 52 }
      },
      "6": {
        "start": { "line": 9, "column": 19 },
        "end": { "line": 11, "column": 2 }
      },
      "7": {
        "start": { "line": 13, "column": 21 },
        "end": { "line": 15, "column": 2 }
      },
      "8": {
        "start": { "line": 17, "column": 22 },
        "end": { "line": 20, "column": 2 }
      },
      "9": {
        "start": { "line": 22, "column": 20 },
        "end": { "line": 24, "column": 2 }
      },
      "10": {
        "start": { "line": 39, "column": 38 },
        "end": { "line": 231, "column": 1 }
      },
      "11": {
        "start": { "line": 40, "column": 18 },
        "end": { "line": 40, "column": 37 }
      },
      "12": {
        "start": { "line": 41, "column": 40 },
        "end": { "line": 41, "column": 55 }
      },
      "13": {
        "start": { "line": 42, "column": 26 },
        "end": { "line": 42, "column": 38 }
      },
      "14": {
        "start": { "line": 43, "column": 28 },
        "end": { "line": 43, "column": 40 }
      },
      "15": {
        "start": { "line": 44, "column": 44 },
        "end": { "line": 44, "column": 59 }
      },
      "16": {
        "start": { "line": 45, "column": 46 },
        "end": { "line": 45, "column": 61 }
      },
      "17": {
        "start": { "line": 46, "column": 54 },
        "end": { "line": 46, "column": 65 }
      },
      "18": {
        "start": { "line": 52, "column": 32 },
        "end": { "line": 52, "column": 40 }
      },
      "19": {
        "start": { "line": 58, "column": 38 },
        "end": { "line": 58, "column": 46 }
      },
      "20": {
        "start": { "line": 61, "column": 2 },
        "end": { "line": 77, "column": 28 }
      },
      "21": {
        "start": { "line": 65, "column": 4 },
        "end": { "line": 67, "column": 6 }
      },
      "22": {
        "start": { "line": 72, "column": 4 },
        "end": { "line": 72, "column": 80 }
      },
      "23": {
        "start": { "line": 74, "column": 4 },
        "end": { "line": 74, "column": 29 }
      },
      "24": {
        "start": { "line": 76, "column": 4 },
        "end": { "line": 76, "column": 42 }
      },
      "25": {
        "start": { "line": 84, "column": 25 },
        "end": { "line": 91, "column": 3 }
      },
      "26": {
        "start": { "line": 86, "column": 4 },
        "end": { "line": 86, "column": 46 }
      },
      "27": {
        "start": { "line": 88, "column": 4 },
        "end": { "line": 88, "column": 53 }
      },
      "28": {
        "start": { "line": 90, "column": 4 },
        "end": { "line": 90, "column": 50 }
      },
      "29": {
        "start": { "line": 97, "column": 36 },
        "end": { "line": 119, "column": 3 }
      },
      "30": {
        "start": { "line": 103, "column": 4 },
        "end": { "line": 105, "column": 7 }
      },
      "31": {
        "start": { "line": 108, "column": 4 },
        "end": { "line": 108, "column": 36 }
      },
      "32": {
        "start": { "line": 111, "column": 4 },
        "end": { "line": 111, "column": 48 }
      },
      "33": {
        "start": { "line": 112, "column": 4 },
        "end": { "line": 112, "column": 53 }
      },
      "34": {
        "start": { "line": 114, "column": 4 },
        "end": { "line": 116, "column": 6 }
      },
      "35": {
        "start": { "line": 118, "column": 4 },
        "end": { "line": 118, "column": 50 }
      },
      "36": {
        "start": { "line": 125, "column": 36 },
        "end": { "line": 149, "column": 3 }
      },
      "37": {
        "start": { "line": 131, "column": 4 },
        "end": { "line": 138, "column": 7 }
      },
      "38": {
        "start": { "line": 141, "column": 4 },
        "end": { "line": 141, "column": 21 }
      },
      "39": {
        "start": { "line": 144, "column": 4 },
        "end": { "line": 144, "column": 19 }
      },
      "40": {
        "start": { "line": 147, "column": 4 },
        "end": { "line": 147, "column": 35 }
      },
      "41": {
        "start": { "line": 148, "column": 4 },
        "end": { "line": 148, "column": 53 }
      },
      "42": {
        "start": { "line": 156, "column": 29 },
        "end": { "line": 178, "column": 3 }
      },
      "43": {
        "start": { "line": 157, "column": 4 },
        "end": { "line": 157, "column": 23 }
      },
      "44": {
        "start": { "line": 159, "column": 4 },
        "end": { "line": 161, "column": null }
      },
      "45": {
        "start": { "line": 160, "column": 6 },
        "end": { "line": 160, "column": 13 }
      },
      "46": {
        "start": { "line": 164, "column": 22 },
        "end": { "line": 164, "column": 27 }
      },
      "47": {
        "start": { "line": 165, "column": 23 },
        "end": { "line": 165, "column": 53 }
      },
      "48": {
        "start": { "line": 166, "column": 4 },
        "end": { "line": 166, "column": 32 }
      },
      "49": {
        "start": { "line": 167, "column": 4 },
        "end": { "line": 167, "column": 34 }
      },
      "50": {
        "start": { "line": 170, "column": 4 },
        "end": { "line": 173, "column": null }
      },
      "51": {
        "start": { "line": 171, "column": 6 },
        "end": { "line": 171, "column": 34 }
      },
      "52": {
        "start": { "line": 172, "column": 6 },
        "end": { "line": 172, "column": 13 }
      },
      "53": {
        "start": { "line": 176, "column": 4 },
        "end": { "line": 176, "column": 24 }
      },
      "54": {
        "start": { "line": 177, "column": 4 },
        "end": { "line": 177, "column": 32 }
      },
      "55": {
        "start": { "line": 185, "column": 29 },
        "end": { "line": 188, "column": 3 }
      },
      "56": {
        "start": { "line": 186, "column": 23 },
        "end": { "line": 186, "column": 24 }
      },
      "57": {
        "start": { "line": 187, "column": 4 },
        "end": { "line": 187, "column": 48 }
      },
      "58": {
        "start": { "line": 195, "column": 30 },
        "end": { "line": 198, "column": 3 }
      },
      "59": {
        "start": { "line": 196, "column": 23 },
        "end": { "line": 196, "column": 24 }
      },
      "60": {
        "start": { "line": 197, "column": 4 },
        "end": { "line": 197, "column": 49 }
      },
      "61": {
        "start": { "line": 200, "column": 2 },
        "end": { "line": 230, "column": 4 }
      },
      "62": {
        "start": { "line": 233, "column": 0 },
        "end": { "line": 233, "column": 28 }
      }
    },
    "fnMap": {
      "0": {
        "name": "(anonymous_7)",
        "decl": {
          "start": { "line": 39, "column": 38 },
          "end": { "line": 39, "column": 39 }
        },
        "loc": {
          "start": { "line": 39, "column": 74 },
          "end": { "line": 231, "column": 1 }
        }
      },
      "1": {
        "name": "(anonymous_8)",
        "decl": {
          "start": { "line": 61, "column": 12 },
          "end": { "line": 61, "column": 15 }
        },
        "loc": {
          "start": { "line": 61, "column": 17 },
          "end": { "line": 77, "column": 3 }
        }
      },
      "2": {
        "name": "(anonymous_9)",
        "decl": {
          "start": { "line": 84, "column": 25 },
          "end": { "line": 84, "column": 28 }
        },
        "loc": {
          "start": { "line": 84, "column": 30 },
          "end": { "line": 91, "column": 3 }
        }
      },
      "3": {
        "name": "(anonymous_10)",
        "decl": {
          "start": { "line": 97, "column": 36 },
          "end": { "line": 97, "column": 39 }
        },
        "loc": {
          "start": { "line": 97, "column": 41 },
          "end": { "line": 119, "column": 3 }
        }
      },
      "4": {
        "name": "(anonymous_11)",
        "decl": {
          "start": { "line": 125, "column": 36 },
          "end": { "line": 125, "column": 39 }
        },
        "loc": {
          "start": { "line": 125, "column": 41 },
          "end": { "line": 149, "column": 3 }
        }
      },
      "5": {
        "name": "(anonymous_12)",
        "decl": {
          "start": { "line": 156, "column": 29 },
          "end": { "line": 156, "column": 30 }
        },
        "loc": {
          "start": { "line": 156, "column": 52 },
          "end": { "line": 178, "column": 3 }
        }
      },
      "6": {
        "name": "(anonymous_13)",
        "decl": {
          "start": { "line": 185, "column": 29 },
          "end": { "line": 185, "column": 30 }
        },
        "loc": {
          "start": { "line": 185, "column": 54 },
          "end": { "line": 188, "column": 3 }
        }
      },
      "7": {
        "name": "(anonymous_14)",
        "decl": {
          "start": { "line": 195, "column": 30 },
          "end": { "line": 195, "column": 31 }
        },
        "loc": {
          "start": { "line": 195, "column": 55 },
          "end": { "line": 198, "column": 3 }
        }
      }
    },
    "branchMap": {
      "0": {
        "loc": {
          "start": { "line": 159, "column": 4 },
          "end": { "line": 161, "column": null }
        },
        "type": "if",
        "locations": [
          {
            "start": { "line": 159, "column": 4 },
            "end": { "line": 161, "column": null }
          }
        ]
      },
      "1": {
        "loc": {
          "start": { "line": 170, "column": 4 },
          "end": { "line": 173, "column": null }
        },
        "type": "if",
        "locations": [
          {
            "start": { "line": 170, "column": 4 },
            "end": { "line": 173, "column": null }
          }
        ]
      },
      "2": {
        "loc": {
          "start": { "line": 170, "column": 8 },
          "end": { "line": 170, "column": 18 }
        },
        "type": "binary-expr",
        "locations": [
          {
            "start": { "line": 170, "column": 8 },
            "end": { "line": 170, "column": 18 }
          },
          {
            "start": { "line": 170, "column": 22 },
            "end": { "line": 170, "column": 31 }
          }
        ]
      },
      "3": {
        "loc": {
          "start": { "line": 209, "column": 37 },
          "end": { "line": 209, "column": 55 }
        },
        "type": "cond-expr",
        "locations": [
          {
            "start": { "line": 209, "column": 37 },
            "end": { "line": 209, "column": 55 }
          },
          {
            "start": { "line": 209, "column": 58 },
            "end": { "line": 209, "column": 60 }
          }
        ]
      },
      "4": {
        "loc": {
          "start": { "line": 217, "column": 38 },
          "end": { "line": 217, "column": 71 }
        },
        "type": "cond-expr",
        "locations": [
          {
            "start": { "line": 217, "column": 38 },
            "end": { "line": 217, "column": 71 }
          },
          {
            "start": { "line": 217, "column": 74 },
            "end": { "line": 217, "column": 76 }
          }
        ]
      },
      "5": {
        "loc": {
          "start": { "line": 225, "column": 26 },
          "end": { "line": 225, "column": 38 }
        },
        "type": "cond-expr",
        "locations": [
          {
            "start": { "line": 225, "column": 26 },
            "end": { "line": 225, "column": 38 }
          },
          {
            "start": { "line": 225, "column": 41 },
            "end": { "line": 225, "column": 51 }
          }
        ]
      },
      "6": {
        "loc": {
          "start": { "line": 226, "column": 11 },
          "end": { "line": 226, "column": 23 }
        },
        "type": "binary-expr",
        "locations": [
          {
            "start": { "line": 226, "column": 11 },
            "end": { "line": 226, "column": 23 }
          },
          {
            "start": { "line": 226, "column": 27 },
            "end": { "line": 226, "column": 55 }
          }
        ]
      }
    },
    "s": {
      "0": 0,
      "1": 0,
      "2": 0,
      "3": 0,
      "4": 0,
      "5": 0,
      "6": 0,
      "7": 0,
      "8": 0,
      "9": 0,
      "10": 0,
      "11": 0,
      "12": 0,
      "13": 0,
      "14": 0,
      "15": 0,
      "16": 0,
      "17": 0,
      "18": 0,
      "19": 0,
      "20": 0,
      "21": 0,
      "22": 0,
      "23": 0,
      "24": 0,
      "25": 0,
      "26": 0,
      "27": 0,
      "28": 0,
      "29": 0,
      "30": 0,
      "31": 0,
      "32": 0,
      "33": 0,
      "34": 0,
      "35": 0,
      "36": 0,
      "37": 0,
      "38": 0,
      "39": 0,
      "40": 0,
      "41": 0,
      "42": 0,
      "43": 0,
      "44": 0,
      "45": 0,
      "46": 0,
      "47": 0,
      "48": 0,
      "49": 0,
      "50": 0,
      "51": 0,
      "52": 0,
      "53": 0,
      "54": 0,
      "55": 0,
      "56": 0,
      "57": 0,
      "58": 0,
      "59": 0,
      "60": 0,
      "61": 0,
      "62": 0
    },
    "f": { "0": 0, "1": 0, "2": 0, "3": 0, "4": 0, "5": 0, "6": 0, "7": 0 },
    "b": {
      "0": [0],
      "1": [0],
      "2": [0, 0],
      "3": [0, 0],
      "4": [0, 0],
      "5": [0, 0],
      "6": [0, 0]
    }
  }
}
