TN:
SF:src/js/components/AgentDetailsTable.tsx
FN:13,(anonymous_2)
FN:28,(anonymous_3)
FN:48,(anonymous_4)
FN:58,(anonymous_5)
FN:71,(anonymous_6)
FN:95,(anonymous_7)
FN:115,(anonymous_8)
FN:130,(anonymous_9)
FN:152,(anonymous_10)
FN:180,(anonymous_11)
FN:185,(anonymous_12)
FN:186,(anonymous_13)
FN:199,(anonymous_14)
FN:208,(anonymous_15)
FN:210,(anonymous_16)
FN:226,(anonymous_17)
FN:240,(anonymous_18)
FN:253,(anonymous_19)
FN:278,(anonymous_20)
FN:305,(anonymous_21)
FN:326,(anonymous_22)
FN:370,(anonymous_23)
FN:385,(anonymous_24)
FN:387,(anonymous_25)
FN:404,(anonymous_26)
FN:455,(anonymous_27)
FN:461,(anonymous_28)
FN:482,(anonymous_29)
FN:495,(anonymous_30)
FN:505,(anonymous_31)
FN:520,(anonymous_32)
FN:522,(anonymous_33)
FN:539,(anonymous_34)
FN:554,(anonymous_35)
FN:567,(anonymous_36)
FN:580,(anonymous_37)
FNF:36
FNH:32
FNDA:35,(anonymous_2)
FNDA:295,(anonymous_3)
FNDA:61,(anonymous_4)
FNDA:3,(anonymous_5)
FNDA:6,(anonymous_6)
FNDA:15,(anonymous_7)
FNDA:0,(anonymous_8)
FNDA:35,(anonymous_9)
FNDA:0,(anonymous_10)
FNDA:2,(anonymous_11)
FNDA:2,(anonymous_12)
FNDA:2,(anonymous_13)
FNDA:3,(anonymous_14)
FNDA:4,(anonymous_15)
FNDA:24,(anonymous_16)
FNDA:14,(anonymous_17)
FNDA:7,(anonymous_18)
FNDA:12,(anonymous_19)
FNDA:14,(anonymous_20)
FNDA:14,(anonymous_21)
FNDA:49,(anonymous_22)
FNDA:28,(anonymous_23)
FNDA:7,(anonymous_24)
FNDA:28,(anonymous_25)
FNDA:24,(anonymous_26)
FNDA:0,(anonymous_27)
FNDA:0,(anonymous_28)
FNDA:15,(anonymous_29)
FNDA:4,(anonymous_30)
FNDA:6,(anonymous_31)
FNDA:2,(anonymous_32)
FNDA:6,(anonymous_33)
FNDA:9,(anonymous_34)
FNDA:1,(anonymous_35)
FNDA:33,(anonymous_36)
FNDA:7,(anonymous_37)
DA:1,5
DA:13,5
DA:14,35
DA:15,2
DA:23,33
DA:28,33
DA:29,295
DA:30,1
DA:33,294
DA:34,3
DA:37,291
DA:38,57
DA:41,234
DA:42,192
DA:45,42
DA:46,40
DA:49,61
DA:55,2
DA:56,2
DA:59,3
DA:68,0
DA:71,33
DA:85,6
DA:86,6
DA:88,6
DA:96,15
DA:116,0
DA:131,35
DA:153,0
DA:180,2
DA:185,2
DA:187,2
DA:199,33
DA:200,3
DA:201,3
DA:209,4
DA:211,24
DA:227,14
DA:241,7
DA:253,33
DA:268,12
DA:269,12
DA:271,12
DA:279,14
DA:306,14
DA:327,49
DA:371,28
DA:386,7
DA:388,28
DA:405,24
DA:456,0
DA:462,0
DA:463,0
DA:483,15
DA:495,33
DA:496,4
DA:498,4
DA:506,6
DA:521,2
DA:523,6
DA:540,9
DA:555,1
DA:567,33
DA:568,33
DA:570,6
DA:572,3
DA:574,12
DA:576,4
DA:578,8
DA:581,7
DA:591,33
DA:605,5
LF:72
LH:66
BRDA:14,0,0,2
BRDA:29,1,0,1
BRDA:29,2,0,295
BRDA:29,2,1,294
BRDA:33,3,0,3
BRDA:34,4,0,3
BRDA:34,4,1,0
BRDA:37,5,0,57
BRDA:41,6,0,192
BRDA:45,7,0,40
BRDA:55,8,0,2
BRDA:73,9,0,1
BRDA:91,10,0,6
BRDA:91,10,1,5
BRDA:97,11,0,15
BRDA:97,11,1,5
BRDA:99,12,0,15
BRDA:99,12,1,5
BRDA:100,13,0,15
BRDA:100,13,1,5
BRDA:101,14,0,15
BRDA:101,14,1,0
BRDA:102,15,0,15
BRDA:102,15,1,0
BRDA:111,16,0,6
BRDA:111,16,1,0
BRDA:117,17,0,0
BRDA:117,17,1,0
BRDA:126,18,0,6
BRDA:126,18,1,5
BRDA:132,19,0,35
BRDA:132,19,1,25
BRDA:141,20,0,6
BRDA:141,20,1,0
BRDA:180,21,0,6
BRDA:180,21,1,2
BRDA:180,22,0,2
BRDA:180,22,1,2
BRDA:185,23,0,2
BRDA:185,23,1,2
BRDA:200,24,0,1
BRDA:204,25,0,3
BRDA:204,25,1,2
BRDA:213,26,0,0
BRDA:213,26,1,24
BRDA:222,27,0,3
BRDA:222,27,1,2
BRDA:228,28,0,14
BRDA:228,28,1,10
BRDA:236,29,0,3
BRDA:236,29,1,3
BRDA:255,30,0,5
BRDA:256,31,0,5
BRDA:274,32,0,12
BRDA:274,32,1,7
BRDA:283,33,0,14
BRDA:283,33,1,7
BRDA:284,34,0,14
BRDA:284,34,1,7
BRDA:285,35,0,14
BRDA:285,35,1,7
BRDA:286,36,0,14
BRDA:286,36,1,7
BRDA:287,37,0,14
BRDA:287,37,1,7
BRDA:288,38,0,14
BRDA:288,38,1,7
BRDA:293,39,0,7
BRDA:293,39,1,0
BRDA:301,40,0,12
BRDA:301,40,1,7
BRDA:307,41,0,14
BRDA:307,41,1,7
BRDA:309,42,0,14
BRDA:309,42,1,7
BRDA:310,43,0,14
BRDA:310,43,1,7
BRDA:311,44,0,14
BRDA:311,44,1,7
BRDA:312,45,0,14
BRDA:312,45,1,7
BRDA:322,46,0,12
BRDA:322,46,1,7
BRDA:328,47,0,49
BRDA:328,47,1,35
BRDA:337,48,0,12
BRDA:337,48,1,5
BRDA:337,48,2,7
BRDA:341,49,0,7
BRDA:341,49,1,7
BRDA:346,50,0,7
BRDA:346,50,1,7
BRDA:356,51,0,12
BRDA:356,51,1,7
BRDA:366,52,0,12
BRDA:366,52,1,7
BRDA:381,53,0,12
BRDA:381,53,1,8
BRDA:381,53,2,7
BRDA:400,54,0,12
BRDA:400,54,1,8
BRDA:406,55,0,24
BRDA:406,55,1,16
BRDA:415,56,0,12
BRDA:415,56,1,1
BRDA:421,57,0,1
BRDA:421,57,1,0
BRDA:427,58,0,0
BRDA:427,58,1,1
BRDA:435,59,0,12
BRDA:435,59,1,12
BRDA:435,59,2,1
BRDA:438,60,0,1
BRDA:438,60,1,0
BRDA:438,61,0,1
BRDA:438,61,1,0
BRDA:438,62,0,1
BRDA:438,62,1,1
BRDA:444,63,0,0
BRDA:444,63,1,1
BRDA:443,64,0,1
BRDA:443,64,1,1
BRDA:443,64,2,1
BRDA:463,65,0,0
BRDA:463,65,1,0
BRDA:478,66,0,12
BRDA:478,66,1,8
BRDA:501,67,0,4
BRDA:501,67,1,2
BRDA:516,68,0,4
BRDA:516,68,1,3
BRDA:516,68,2,2
BRDA:535,69,0,4
BRDA:535,69,1,3
BRDA:541,70,0,9
BRDA:541,70,1,6
BRDA:550,71,0,4
BRDA:550,71,1,1
BRDA:569,72,0,6
BRDA:569,72,1,3
BRDA:569,72,2,12
BRDA:569,72,3,4
BRDA:569,72,4,8
BRF:143
BRH:127
end_of_record
TN:
SF:src/js/components/AgentLogSidebar.tsx
FN:28,(anonymous_13)
FN:37,(anonymous_14)
FN:41,(anonymous_15)
FN:42,(anonymous_16)
FN:43,(anonymous_17)
FN:46,(anonymous_18)
FN:64,(anonymous_19)
FN:67,(anonymous_20)
FN:68,(anonymous_21)
FN:69,(anonymous_22)
FN:90,(anonymous_23)
FN:109,(anonymous_24)
FN:109,(anonymous_25)
FN:110,(anonymous_26)
FN:116,(anonymous_27)
FN:123,(anonymous_28)
FN:134,(anonymous_29)
FN:143,(anonymous_30)
FN:144,(anonymous_31)
FN:149,(anonymous_32)
FN:158,(anonymous_33)
FN:169,(anonymous_34)
FN:174,(anonymous_35)
FN:187,(anonymous_36)
FN:196,(anonymous_37)
FN:202,(anonymous_38)
FN:208,(anonymous_39)
FN:209,(anonymous_40)
FN:214,(anonymous_41)
FN:225,(anonymous_42)
FN:233,(anonymous_43)
FN:234,(anonymous_44)
FN:240,(anonymous_45)
FN:250,(anonymous_46)
FN:268,(anonymous_47)
FN:340,(anonymous_48)
FN:399,(anonymous_49)
FN:413,getLogTypeColor
FN:427,getAgentColor
FNF:39
FNH:29
FNDA:0,(anonymous_13)
FNDA:0,(anonymous_14)
FNDA:0,(anonymous_15)
FNDA:0,(anonymous_16)
FNDA:0,(anonymous_17)
FNDA:0,(anonymous_18)
FNDA:3,(anonymous_19)
FNDA:2,(anonymous_20)
FNDA:1,(anonymous_21)
FNDA:2,(anonymous_22)
FNDA:182,(anonymous_23)
FNDA:3,(anonymous_24)
FNDA:3,(anonymous_25)
FNDA:2,(anonymous_26)
FNDA:0,(anonymous_27)
FNDA:168,(anonymous_28)
FNDA:2,(anonymous_29)
FNDA:2,(anonymous_30)
FNDA:2,(anonymous_31)
FNDA:167,(anonymous_32)
FNDA:166,(anonymous_33)
FNDA:67,(anonymous_34)
FNDA:1,(anonymous_35)
FNDA:1,(anonymous_36)
FNDA:66,(anonymous_37)
FNDA:74,(anonymous_38)
FNDA:2,(anonymous_39)
FNDA:5,(anonymous_40)
FNDA:67,(anonymous_41)
FNDA:3,(anonymous_42)
FNDA:18,(anonymous_43)
FNDA:18,(anonymous_44)
FNDA:0,(anonymous_45)
FNDA:3,(anonymous_46)
FNDA:0,(anonymous_47)
FNDA:1,(anonymous_48)
FNDA:3,(anonymous_49)
FNDA:3,getLogTypeColor
FNDA:0,getAgentColor
DA:1,4
DA:2,4
DA:3,4
DA:28,4
DA:33,0
DA:34,0
DA:35,0
DA:37,0
DA:38,0
DA:40,0
DA:41,0
DA:42,0
DA:43,0
DA:46,0
DA:49,0
DA:52,0
DA:55,4
DA:64,4
DA:65,3
DA:67,3
DA:68,2
DA:69,2
DA:72,3
DA:74,2
DA:90,4
DA:91,182
DA:92,182
DA:93,182
DA:94,182
DA:95,182
DA:96,182
DA:97,182
DA:98,182
DA:99,182
DA:100,182
DA:101,182
DA:102,182
DA:103,182
DA:104,182
DA:109,182
DA:110,3
DA:111,2
DA:113,3
DA:114,3
DA:115,2
DA:116,2
DA:117,2
DA:123,182
DA:124,168
DA:125,0
DA:126,0
DA:127,0
DA:129,168
DA:134,81
DA:135,2
DA:136,0
DA:137,0
DA:138,0
DA:140,0
DA:142,2
DA:143,2
DA:144,2
DA:145,2
DA:149,168
DA:150,167
DA:151,67
DA:152,67
DA:158,182
DA:159,166
DA:160,14
DA:161,14
DA:162,14
DA:163,14
DA:164,14
DA:169,182
DA:174,67
DA:175,1
DA:176,0
DA:178,1
DA:180,1
DA:181,1
DA:187,67
DA:188,1
DA:189,1
DA:190,1
DA:193,67
DA:194,67
DA:196,67
DA:197,66
DA:198,66
DA:202,182
DA:203,74
DA:204,65
DA:205,65
DA:206,9
DA:207,5
DA:208,5
DA:209,5
DA:214,182
DA:215,67
DA:216,65
DA:225,182
DA:226,3
DA:228,3
DA:229,0
DA:231,3
DA:232,3
DA:233,3
DA:234,18
DA:235,18
DA:236,18
DA:237,18
DA:238,0
DA:239,0
DA:240,0
DA:241,0
DA:242,0
DA:244,0
DA:247,3
DA:250,182
DA:251,3
DA:252,3
DA:253,3
DA:254,3
DA:256,0
DA:258,0
DA:267,0
DA:268,0
DA:269,0
DA:280,3
DA:291,182
DA:293,178
DA:341,1
DA:342,1
DA:343,1
DA:344,1
DA:345,1
DA:399,3
DA:407,4
DA:414,3
DA:416,0
DA:418,0
DA:420,0
DA:423,3
DA:428,0
DA:431,4
DA:432,4
LF:147
LH:111
BRDA:30,0,0,0
BRDA:31,1,0,0
BRDA:38,2,0,0
BRDA:40,3,0,0
BRDA:72,4,0,1
BRDA:101,5,0,166
BRDA:101,5,1,16
BRDA:104,6,0,182
BRDA:104,6,1,182
BRDA:104,6,2,182
BRDA:111,7,0,2
BRDA:111,7,1,0
BRDA:111,8,0,2
BRDA:111,8,1,0
BRDA:116,9,0,0
BRDA:116,9,1,2
BRDA:117,10,0,0
BRDA:124,11,0,0
BRDA:129,12,0,81
BRDA:130,13,0,168
BRDA:130,13,1,85
BRDA:130,13,2,84
BRDA:132,14,0,0
BRDA:132,14,1,84
BRDA:132,15,0,84
BRDA:132,15,1,84
BRDA:135,16,0,0
BRDA:135,17,0,0
BRDA:135,17,1,2
BRDA:135,18,0,2
BRDA:135,18,1,2
BRDA:136,19,0,0
BRDA:145,20,0,2
BRDA:150,21,0,67
BRDA:159,22,0,14
BRDA:159,23,0,166
BRDA:159,23,1,14
BRDA:159,23,2,13
BRDA:162,24,0,14
BRDA:175,25,0,0
BRDA:175,26,0,1
BRDA:175,26,1,1
BRDA:203,27,0,65
BRDA:203,27,1,9
BRDA:206,28,0,5
BRDA:215,29,0,65
BRDA:226,30,0,0
BRDA:228,31,0,0
BRDA:235,32,0,0
BRDA:237,33,0,18
BRDA:241,34,0,0
BRDA:242,35,0,0
BRDA:251,36,0,3
BRDA:251,36,1,0
BRDA:252,37,0,3
BRDA:252,37,1,0
BRDA:253,38,0,3
BRDA:253,38,1,0
BRDA:253,39,0,3
BRDA:253,39,1,3
BRDA:254,40,0,0
BRDA:256,41,0,0
BRDA:259,42,0,0
BRDA:259,42,1,0
BRDA:259,43,0,0
BRDA:259,43,1,0
BRDA:270,44,0,0
BRDA:270,44,1,0
BRDA:270,45,0,0
BRDA:270,45,1,0
BRDA:273,46,0,0
BRDA:273,46,1,0
BRDA:281,47,0,3
BRDA:281,47,1,0
BRDA:281,48,0,3
BRDA:281,48,1,3
BRDA:291,49,0,4
BRDA:329,50,0,1
BRDA:329,50,1,177
BRDA:333,51,0,178
BRDA:333,51,1,2
BRDA:344,52,0,1
BRDA:344,52,1,1
BRDA:344,53,0,0
BRDA:344,53,1,1
BRDA:344,54,0,1
BRDA:344,54,1,1
BRDA:397,55,0,0
BRDA:397,55,1,178
BRDA:396,56,0,178
BRDA:396,56,1,0
BRDA:415,57,0,0
BRDA:415,57,1,0
BRDA:415,57,2,0
BRDA:415,57,3,3
BRDA:415,57,4,3
BRDA:428,58,0,0
BRDA:428,58,1,0
BRF:98
BRH:55
end_of_record
TN:
SF:src/js/components/ChatLogAnimated.tsx
FN:23,(anonymous_7)
FN:28,(anonymous_8)
FN:34,(anonymous_9)
FN:37,(anonymous_10)
FN:38,(anonymous_11)
FN:39,(anonymous_12)
FN:41,(anonymous_13)
FN:53,(anonymous_14)
FN:55,(anonymous_15)
FN:56,(anonymous_16)
FN:57,(anonymous_17)
FN:73,(anonymous_18)
FN:77,(anonymous_19)
FN:81,(anonymous_20)
FN:82,(anonymous_21)
FN:90,(anonymous_22)
FN:93,(anonymous_23)
FN:106,(anonymous_24)
FNF:18
FNH:18
FNDA:269,(anonymous_7)
FNDA:52,(anonymous_8)
FNDA:223,(anonymous_9)
FNDA:151,(anonymous_10)
FNDA:151,(anonymous_11)
FNDA:151,(anonymous_12)
FNDA:182,(anonymous_13)
FNDA:112,(anonymous_14)
FNDA:51,(anonymous_15)
FNDA:12,(anonymous_16)
FNDA:50,(anonymous_17)
FNDA:115,(anonymous_18)
FNDA:59,(anonymous_19)
FNDA:59,(anonymous_20)
FNDA:52,(anonymous_21)
FNDA:39,(anonymous_22)
FNDA:108,(anonymous_23)
FNDA:101,(anonymous_24)
DA:1,5
DA:2,5
DA:4,5
DA:11,5
DA:23,5
DA:24,269
DA:25,269
DA:26,269
DA:28,269
DA:29,52
DA:30,52
DA:31,52
DA:34,269
DA:35,223
DA:36,203
DA:37,183
DA:38,151
DA:39,151
DA:41,183
DA:43,20
DA:46,269
DA:53,5
DA:54,112
DA:55,112
DA:56,51
DA:57,51
DA:59,112
DA:60,64
DA:73,5
DA:74,115
DA:75,115
DA:77,115
DA:78,59
DA:79,59
DA:80,40
DA:81,40
DA:82,59
DA:83,59
DA:84,59
DA:85,20
DA:88,40
DA:90,40
DA:93,115
DA:94,108
DA:95,108
DA:99,115
DA:106,101
DA:122,5
DA:126,5
DA:130,5
LF:50
LH:50
BRDA:23,0,0,269
BRDA:35,1,0,20
BRDA:36,2,0,183
BRDA:59,3,0,48
BRDA:79,4,0,19
BRDA:84,5,0,20
BRDA:94,6,0,108
BRDA:102,7,0,115
BRDA:102,7,1,114
BRDA:107,8,0,94
BRDA:107,8,1,7
BRDA:107,9,0,101
BRDA:107,9,1,101
BRDA:109,10,0,94
BRDA:109,10,1,7
BRDA:109,11,0,101
BRDA:109,11,1,101
BRDA:109,12,0,94
BRDA:109,12,1,7
BRDA:109,13,0,101
BRDA:109,13,1,101
BRDA:112,14,0,94
BRDA:112,14,1,7
BRDA:112,15,0,101
BRDA:112,15,1,101
BRDA:113,16,0,94
BRDA:113,16,1,7
BRDA:113,17,0,101
BRDA:113,17,1,101
BRF:29
BRH:29
end_of_record
TN:
SF:src/js/components/CommentSidebar.tsx
FN:32,(anonymous_14)
FN:54,(anonymous_15)
FN:60,(anonymous_16)
FN:61,(anonymous_17)
FN:68,(anonymous_18)
FN:75,(anonymous_19)
FN:81,(anonymous_20)
FN:89,(anonymous_21)
FN:95,(anonymous_22)
FN:96,(anonymous_23)
FN:117,(anonymous_24)
FN:133,(anonymous_25)
FN:144,(anonymous_26)
FN:166,(anonymous_27)
FN:166,(anonymous_28)
FN:176,(anonymous_29)
FN:176,(anonymous_30)
FNF:17
FNH:6
FNDA:152,(anonymous_14)
FNDA:46,(anonymous_15)
FNDA:46,(anonymous_16)
FNDA:0,(anonymous_17)
FNDA:0,(anonymous_18)
FNDA:46,(anonymous_19)
FNDA:0,(anonymous_20)
FNDA:56,(anonymous_21)
FNDA:0,(anonymous_22)
FNDA:0,(anonymous_23)
FNDA:0,(anonymous_24)
FNDA:0,(anonymous_25)
FNDA:1,(anonymous_26)
FNDA:0,(anonymous_27)
FNDA:0,(anonymous_28)
FNDA:0,(anonymous_29)
FNDA:0,(anonymous_30)
DA:1,4
DA:2,4
DA:4,4
DA:23,4
DA:24,4
DA:25,4
DA:32,4
DA:45,152
DA:46,152
DA:47,152
DA:48,152
DA:49,152
DA:50,152
DA:51,152
DA:52,152
DA:54,152
DA:56,46
DA:57,9
DA:60,152
DA:61,46
DA:62,0
DA:63,0
DA:64,0
DA:65,0
DA:68,46
DA:69,0
DA:70,0
DA:71,0
DA:73,46
DA:74,46
DA:75,46
DA:76,46
DA:77,46
DA:81,152
DA:82,0
DA:83,0
DA:84,0
DA:85,0
DA:86,0
DA:89,152
DA:90,56
DA:91,19
DA:92,19
DA:93,37
DA:94,0
DA:95,0
DA:96,0
DA:100,152
DA:102,19
DA:118,0
DA:120,0
DA:133,0
DA:144,1
DA:166,0
DA:167,0
DA:168,0
DA:176,0
DA:177,0
DA:178,0
DA:195,4
LF:60
LH:36
BRDA:51,0,0,24
BRDA:51,0,1,128
BRDA:56,1,0,9
BRDA:57,2,0,9
BRDA:57,2,1,0
BRDA:62,3,0,0
BRDA:62,4,0,0
BRDA:62,4,1,0
BRDA:85,5,0,0
BRDA:85,5,1,0
BRDA:85,6,0,0
BRDA:85,6,1,0
BRDA:85,7,0,0
BRDA:85,7,1,0
BRDA:90,8,0,19
BRDA:90,8,1,37
BRDA:93,9,0,0
BRDA:100,10,0,133
BRDA:105,11,0,0
BRDA:105,11,1,19
BRDA:118,12,0,0
BRDA:118,13,0,0
BRDA:118,13,1,0
BRDA:163,14,0,17
BRDA:163,14,1,2
BRF:25
BRH:10
end_of_record
TN:
SF:src/js/components/CommentWindow.tsx
FN:28,(anonymous_6)
FN:35,(anonymous_7)
FN:47,(anonymous_8)
FN:58,(anonymous_9)
FN:59,(anonymous_10)
FNF:5
FNH:4
FNDA:30,(anonymous_6)
FNDA:6,(anonymous_7)
FNDA:33,(anonymous_8)
FNDA:5,(anonymous_9)
FNDA:0,(anonymous_10)
DA:1,5
DA:28,5
DA:29,30
DA:35,30
DA:36,6
DA:37,4
DA:38,4
DA:40,6
DA:43,30
DA:48,33
DA:58,5
DA:59,0
DA:75,5
LF:13
LH:12
BRDA:36,0,0,4
BRDA:59,1,0,0
BRDA:59,1,1,0
BRF:3
BRH:1
end_of_record
TN:
SF:src/js/components/EditStepsModal.tsx
FN:17,(anonymous_6)
FN:25,(anonymous_7)
FN:25,(anonymous_8)
FN:33,(anonymous_9)
FN:34,(anonymous_10)
FN:34,(anonymous_11)
FN:35,(anonymous_12)
FN:42,(anonymous_13)
FN:43,(anonymous_14)
FN:43,(anonymous_15)
FN:44,(anonymous_16)
FN:62,(anonymous_17)
FN:68,(anonymous_18)
FN:82,(anonymous_19)
FN:91,(anonymous_20)
FN:114,(anonymous_21)
FNF:16
FNH:10
FNDA:140,(anonymous_6)
FNDA:556,(anonymous_7)
FNDA:1876,(anonymous_8)
FNDA:1,(anonymous_9)
FNDA:1,(anonymous_10)
FNDA:3,(anonymous_11)
FNDA:1,(anonymous_12)
FNDA:0,(anonymous_13)
FNDA:0,(anonymous_14)
FNDA:0,(anonymous_15)
FNDA:0,(anonymous_16)
FNDA:17,(anonymous_17)
FNDA:1,(anonymous_18)
FNDA:25,(anonymous_19)
FNDA:0,(anonymous_20)
FNDA:0,(anonymous_21)
DA:1,4
DA:2,4
DA:17,4
DA:24,140
DA:25,1876
DA:26,140
DA:27,140
DA:33,140
DA:34,3
DA:35,1
DA:42,140
DA:43,0
DA:44,0
DA:47,140
DA:49,10
DA:63,17
DA:68,1
DA:83,25
DA:91,0
DA:114,0
DA:126,4
LF:21
LH:17
BRDA:24,0,0,139
BRDA:24,0,1,1
BRDA:47,1,0,130
BRDA:61,2,0,10
BRDA:61,2,1,4
BRDA:81,3,0,10
BRDA:81,3,1,1
BRDA:85,4,0,7
BRDA:85,4,1,18
BRDA:85,5,0,25
BRDA:85,5,1,22
BRDA:93,6,0,25
BRDA:93,6,1,25
BRDA:93,6,2,22
BRF:14
BRH:14
end_of_record
TN:
SF:src/js/components/InvestigationHeader.tsx
FN:32,(anonymous_1)
FN:56,(anonymous_2)
FN:71,(anonymous_3)
FN:90,(anonymous_4)
FN:93,(anonymous_5)
FN:102,(anonymous_6)
FN:116,(anonymous_7)
FN:130,(anonymous_8)
FN:150,(anonymous_9)
FN:151,(anonymous_10)
FNF:10
FNH:10
FNDA:159,(anonymous_1)
FNDA:15,(anonymous_2)
FNDA:2,(anonymous_3)
FNDA:4,(anonymous_4)
FNDA:1272,(anonymous_5)
FNDA:6,(anonymous_6)
FNDA:7,(anonymous_7)
FNDA:5,(anonymous_8)
FNDA:15,(anonymous_9)
FNDA:1,(anonymous_10)
DA:1,4
DA:2,4
DA:3,4
DA:4,4
DA:32,4
DA:50,159
DA:56,159
DA:58,15
DA:59,15
DA:60,0
DA:61,0
DA:64,15
DA:71,159
DA:72,2
DA:73,2
DA:76,159
DA:90,4
DA:94,1272
DA:102,6
DA:116,7
DA:130,5
DA:150,15
DA:152,1
DA:153,1
DA:198,4
DA:203,4
LF:26
LH:24
BRDA:59,0,0,0
BRDA:59,0,1,15
BRDA:131,1,0,69
BRDA:131,1,1,90
BRDA:152,2,0,1
BRDA:152,3,0,1
BRDA:152,3,1,1
BRDA:152,3,2,1
BRDA:160,4,0,90
BRDA:160,4,1,69
BRDA:163,5,0,90
BRDA:163,5,1,34
BRDA:181,6,0,159
BRDA:181,6,1,66
BRF:14
BRH:13
end_of_record
TN:
SF:src/js/components/InvestigationStep.tsx
FN:20,btoaUnicode
FN:21,(anonymous_9)
FN:26,(anonymous_10)
FN:33,(anonymous_11)
FN:39,(anonymous_12)
FN:47,(anonymous_13)
FN:68,(anonymous_14)
FN:78,(anonymous_15)
FN:119,(anonymous_16)
FN:166,(anonymous_17)
FNF:10
FNH:3
FNDA:0,btoaUnicode
FNDA:0,(anonymous_9)
FNDA:248,(anonymous_10)
FNDA:0,(anonymous_11)
FNDA:0,(anonymous_12)
FNDA:0,(anonymous_13)
FNDA:0,(anonymous_14)
FNDA:1,(anonymous_15)
FNDA:208,(anonymous_16)
FNDA:0,(anonymous_17)
DA:3,4
DA:4,4
DA:5,4
DA:6,4
DA:7,4
DA:8,4
DA:9,4
DA:21,0
DA:22,0
DA:26,4
DA:27,248
DA:29,248
DA:33,248
DA:34,0
DA:35,0
DA:39,248
DA:40,0
DA:41,0
DA:44,0
DA:45,0
DA:49,0
DA:52,0
DA:53,0
DA:60,0
DA:61,0
DA:62,0
DA:63,0
DA:66,0
DA:69,0
DA:78,248
DA:79,1
DA:82,1
DA:83,0
DA:97,1
DA:119,248
DA:120,208
DA:122,2
DA:124,1
DA:126,205
DA:130,248
DA:166,0
DA:187,4
DA:193,4
LF:43
LH:24
BRDA:29,0,0,248
BRDA:29,0,1,242
BRDA:29,0,2,7
BRDA:29,0,3,6
BRDA:34,1,0,0
BRDA:39,2,0,0
BRDA:40,3,0,0
BRDA:40,4,0,0
BRDA:40,4,1,0
BRDA:44,5,0,0
BRDA:50,6,0,0
BRDA:50,6,1,0
BRDA:61,7,0,0
BRDA:61,8,0,0
BRDA:61,8,1,0
BRDA:79,9,0,0
BRDA:82,10,0,0
BRDA:82,11,0,1
BRDA:82,11,1,0
BRDA:84,12,0,0
BRDA:84,12,1,0
BRDA:85,13,0,0
BRDA:85,13,1,0
BRDA:98,14,0,0
BRDA:98,14,1,1
BRDA:99,15,0,0
BRDA:99,15,1,1
BRDA:121,16,0,2
BRDA:121,16,1,1
BRDA:121,16,2,205
BRDA:134,17,0,40
BRDA:134,17,1,208
BRDA:140,18,0,40
BRDA:140,18,1,208
BRDA:145,19,0,0
BRDA:145,19,1,248
BRDA:144,20,0,248
BRDA:144,20,1,0
BRDA:144,21,0,248
BRDA:144,21,1,248
BRDA:144,22,0,6
BRDA:144,22,1,242
BRDA:144,23,0,248
BRDA:144,23,1,243
BRDA:146,24,0,242
BRDA:146,24,1,6
BRDA:155,25,0,1
BRDA:155,25,1,247
BRDA:157,26,0,0
BRDA:157,26,1,248
BRDA:159,27,0,0
BRDA:159,27,1,248
BRDA:161,28,0,248
BRDA:161,28,1,1
BRDA:161,28,2,0
BRDA:172,29,0,248
BRDA:172,29,1,47
BRDA:182,30,0,248
BRDA:182,30,1,1
BRF:59
BRH:34
end_of_record
TN:
SF:src/js/components/InvestigationSteps.tsx
FN:23,(anonymous_1)
FN:38,(anonymous_2)
FN:45,(anonymous_3)
FN:78,(anonymous_4)
FN:108,(anonymous_5)
FN:112,(anonymous_6)
FNF:6
FNH:3
FNDA:48,(anonymous_1)
FNDA:0,(anonymous_2)
FNDA:0,(anonymous_3)
FNDA:0,(anonymous_4)
FNDA:246,(anonymous_5)
FNDA:248,(anonymous_6)
DA:1,4
DA:3,4
DA:4,4
DA:5,4
DA:23,4
DA:31,48
DA:32,48
DA:38,48
DA:39,0
DA:40,0
DA:45,48
DA:46,0
DA:47,0
DA:50,48
DA:78,0
DA:108,246
DA:113,248
DA:128,4
LF:18
LH:13
BRDA:53,0,0,48
BRDA:53,0,1,0
BRDA:53,0,2,0
BRDA:113,1,0,248
BRDA:113,1,1,0
BRF:5
BRH:2
end_of_record
TN:
SF:src/js/components/LocationMap.tsx
FN:23,(anonymous_14)
FN:58,(anonymous_15)
FN:63,(anonymous_16)
FN:63,(anonymous_17)
FN:71,(anonymous_18)
FN:107,(anonymous_19)
FN:111,(anonymous_20)
FN:138,(anonymous_21)
FN:148,(anonymous_22)
FN:182,(anonymous_23)
FN:197,(anonymous_24)
FNF:11
FNH:1
FNDA:18,(anonymous_14)
FNDA:0,(anonymous_15)
FNDA:0,(anonymous_16)
FNDA:0,(anonymous_17)
FNDA:0,(anonymous_18)
FNDA:0,(anonymous_19)
FNDA:0,(anonymous_20)
FNDA:0,(anonymous_21)
FNDA:0,(anonymous_22)
FNDA:0,(anonymous_23)
FNDA:0,(anonymous_24)
DA:1,12
DA:2,12
DA:3,12
DA:23,12
DA:28,18
DA:29,0
DA:30,0
DA:31,0
DA:32,0
DA:35,0
DA:58,0
DA:63,0
DA:64,0
DA:65,0
DA:66,0
DA:67,0
DA:71,0
DA:72,0
DA:78,0
DA:79,0
DA:80,0
DA:83,0
DA:89,0
DA:90,0
DA:92,0
DA:93,0
DA:107,0
DA:108,0
DA:111,0
DA:112,0
DA:127,0
DA:138,0
DA:139,0
DA:142,0
DA:146,0
DA:147,0
DA:148,0
DA:149,0
DA:151,0
DA:154,0
DA:155,0
DA:156,0
DA:157,0
DA:158,0
DA:160,0
DA:165,0
DA:168,0
DA:169,0
DA:183,0
DA:193,0
DA:198,0
DA:208,12
DA:213,12
LF:53
LH:7
BRDA:25,0,0,0
BRDA:26,1,0,0
BRDA:65,2,0,0
BRDA:72,3,0,0
BRDA:72,3,1,0
BRDA:72,3,2,0
BRDA:72,3,3,0
BRDA:78,4,0,0
BRDA:92,5,0,0
BRDA:92,6,0,0
BRDA:92,6,1,0
BRDA:115,7,0,0
BRDA:115,7,1,0
BRDA:131,8,0,0
BRDA:131,8,1,0
BRDA:146,9,0,0
BRDA:151,10,0,0
BRDA:151,10,1,0
BRDA:151,11,0,0
BRDA:151,11,1,0
BRDA:154,12,0,0
BRDA:154,12,1,0
BRDA:155,13,0,0
BRDA:155,13,1,0
BRDA:157,14,0,0
BRDA:157,14,1,0
BRDA:168,15,0,0
BRF:27
BRH:0
end_of_record
TN:
SF:src/js/components/NavigationBar.tsx
FN:17,(anonymous_1)
FN:23,(anonymous_2)
FN:37,(anonymous_3)
FNF:3
FNH:3
FNDA:14,(anonymous_1)
FNDA:2,(anonymous_2)
FNDA:3,(anonymous_3)
DA:1,4
DA:2,4
DA:17,4
DA:18,14
DA:23,2
DA:37,3
DA:50,4
LF:7
LH:7
BRDA:22,0,0,12
BRDA:22,0,1,2
BRDA:36,1,0,2
BRDA:36,1,1,12
BRF:4
BRH:4
end_of_record
TN:
SF:src/js/components/OverallRiskScore.tsx
FN:11,(anonymous_1)
FNF:1
FNH:1
FNDA:98,(anonymous_1)
DA:1,5
DA:11,5
DA:12,98
DA:22,5
LF:4
LH:4
BRF:0
BRH:0
end_of_record
TN:
SF:src/js/components/ProgressBar.tsx
FN:14,(anonymous_1)
FN:25,(anonymous_2)
FNF:2
FNH:2
FNDA:47,(anonymous_1)
FNDA:249,(anonymous_2)
DA:1,4
DA:14,4
DA:16,47
DA:18,47
DA:26,249
DA:33,4
LF:6
LH:6
BRF:0
BRH:0
end_of_record
TN:
SF:src/js/components/RiskScoreDisplay.tsx
FN:16,(anonymous_7)
FN:23,(anonymous_8)
FN:24,(anonymous_9)
FN:25,(anonymous_10)
FN:35,(anonymous_11)
FN:37,(anonymous_12)
FN:41,(anonymous_13)
FN:57,(anonymous_14)
FN:64,(anonymous_15)
FN:73,(anonymous_16)
FN:83,parseThoughts
FN:87,(anonymous_18)
FN:96,(anonymous_19)
FN:100,(anonymous_20)
FN:114,highlightTimestamps
FN:116,(anonymous_22)
FN:119,(anonymous_23)
FN:134,(anonymous_24)
FN:189,(anonymous_25)
FN:214,(anonymous_26)
FN:243,(anonymous_27)
FN:249,(anonymous_28)
FNF:22
FNH:15
FNDA:91,(anonymous_7)
FNDA:271,(anonymous_8)
FNDA:183,(anonymous_9)
FNDA:25,(anonymous_10)
FNDA:91,(anonymous_11)
FNDA:25,(anonymous_12)
FNDA:271,(anonymous_13)
FNDA:2,(anonymous_14)
FNDA:0,(anonymous_15)
FNDA:0,(anonymous_16)
FNDA:4,parseThoughts
FNDA:4,(anonymous_18)
FNDA:8,(anonymous_19)
FNDA:0,(anonymous_20)
FNDA:4,highlightTimestamps
FNDA:0,(anonymous_22)
FNDA:4,(anonymous_23)
FNDA:0,(anonymous_24)
FNDA:0,(anonymous_25)
FNDA:0,(anonymous_26)
FNDA:25,(anonymous_27)
FNDA:2,(anonymous_28)
DA:1,4
DA:2,4
DA:3,4
DA:4,4
DA:16,4
DA:18,91
DA:19,91
DA:22,91
DA:23,271
DA:24,183
DA:25,25
DA:35,91
DA:36,91
DA:37,25
DA:40,91
DA:41,271
DA:43,91
DA:44,2
DA:48,91
DA:57,91
DA:58,2
DA:59,2
DA:64,91
DA:65,0
DA:66,0
DA:67,0
DA:73,91
DA:74,0
DA:75,0
DA:84,4
DA:87,4
DA:88,4
DA:89,4
DA:90,4
DA:96,4
DA:97,8
DA:98,0
DA:101,0
DA:105,0
DA:116,4
DA:119,4
DA:121,4
DA:122,4
DA:123,0
DA:124,0
DA:125,0
DA:126,0
DA:128,0
DA:129,0
DA:132,0
DA:134,0
DA:135,0
DA:138,0
DA:139,0
DA:142,0
DA:146,4
DA:148,0
DA:151,4
DA:152,4
DA:157,4
DA:158,4
DA:161,91
DA:189,0
DA:214,0
DA:244,25
DA:249,2
DA:264,4
DA:268,4
LF:68
LH:45
BRDA:16,0,0,0
BRDA:23,1,0,271
BRDA:23,1,1,232
BRDA:24,2,0,183
BRDA:24,2,1,25
BRDA:24,3,0,0
BRDA:24,3,1,25
BRDA:24,4,0,25
BRDA:24,4,1,25
BRDA:24,5,0,0
BRDA:24,5,1,25
BRDA:24,6,0,25
BRDA:24,6,1,25
BRDA:27,7,0,25
BRDA:27,7,1,0
BRDA:27,8,0,0
BRDA:27,8,1,25
BRDA:27,9,0,25
BRDA:27,9,1,25
BRDA:27,10,0,0
BRDA:27,10,1,25
BRDA:27,11,0,25
BRDA:27,11,1,25
BRDA:28,12,0,25
BRDA:28,12,1,10
BRDA:29,13,0,25
BRDA:29,13,1,21
BRDA:29,13,2,21
BRDA:29,14,0,0
BRDA:29,14,1,25
BRDA:29,15,0,25
BRDA:29,15,1,25
BRDA:29,16,0,0
BRDA:29,16,1,25
BRDA:29,17,0,25
BRDA:29,17,1,25
BRDA:29,18,0,0
BRDA:29,18,1,21
BRDA:29,19,0,21
BRDA:29,19,1,21
BRDA:37,20,0,17
BRDA:37,20,1,74
BRDA:41,21,0,271
BRDA:41,21,1,49
BRDA:43,22,0,2
BRDA:43,23,0,91
BRDA:43,23,1,83
BRDA:43,23,2,2
BRDA:43,24,0,80
BRDA:43,24,1,3
BRDA:43,25,0,83
BRDA:43,25,1,83
BRDA:43,26,0,80
BRDA:43,26,1,3
BRDA:43,27,0,83
BRDA:43,27,1,83
BRDA:43,28,0,0
BRDA:43,28,1,2
BRDA:43,29,0,2
BRDA:43,29,1,2
BRDA:43,30,0,0
BRDA:43,30,1,2
BRDA:43,31,0,2
BRDA:43,31,1,2
BRDA:49,32,0,8
BRDA:49,32,1,83
BRDA:49,33,0,8
BRDA:49,33,1,8
BRDA:49,34,0,1
BRDA:49,34,1,7
BRDA:49,35,0,8
BRDA:49,35,1,8
BRDA:49,36,0,1
BRDA:49,36,1,7
BRDA:49,37,0,8
BRDA:49,37,1,8
BRDA:50,38,0,83
BRDA:50,38,1,82
BRDA:50,39,0,80
BRDA:50,39,1,3
BRDA:50,40,0,83
BRDA:50,40,1,83
BRDA:50,41,0,80
BRDA:50,41,1,3
BRDA:50,42,0,83
BRDA:50,42,1,83
BRDA:65,43,0,0
BRDA:84,44,0,0
BRDA:97,45,0,0
BRDA:101,46,0,0
BRDA:101,46,1,0
BRDA:122,47,0,0
BRDA:122,47,1,4
BRDA:128,48,0,0
BRDA:128,48,1,0
BRDA:132,49,0,0
BRDA:132,49,1,0
BRDA:146,50,0,0
BRDA:146,50,1,4
BRDA:146,51,0,4
BRDA:146,51,1,0
BRDA:146,51,2,0
BRDA:164,52,0,91
BRDA:164,52,1,2
BRDA:164,52,2,2
BRDA:212,53,0,91
BRDA:212,53,1,2
BRDA:212,53,2,2
BRDA:230,54,0,1
BRDA:230,54,1,90
BRDA:232,55,0,1
BRDA:232,55,1,90
BRDA:233,56,0,1
BRDA:233,56,1,90
BRDA:247,57,0,4
BRDA:247,57,1,21
BRDA:249,58,0,4
BRDA:249,58,1,21
BRDA:250,59,0,4
BRDA:250,59,1,21
BRF:120
BRH:96
end_of_record
TN:
SF:src/js/components/Stopwatch.tsx
FN:13,(anonymous_6)
FN:16,(anonymous_7)
FN:19,(anonymous_8)
FN:34,(anonymous_9)
FNF:4
FNH:4
FNDA:118,(anonymous_6)
FNDA:39,(anonymous_7)
FNDA:3729,(anonymous_8)
FNDA:34,(anonymous_9)
DA:1,4
DA:13,4
DA:14,118
DA:16,118
DA:17,39
DA:19,38
DA:20,3729
DA:21,3729
DA:22,3729
DA:23,3729
DA:24,3729
DA:25,3729
DA:29,38
DA:32,38
DA:33,34
DA:34,34
DA:38,118
DA:48,4
DA:54,4
LF:19
LH:19
BRDA:13,0,0,0
BRDA:17,1,0,1
BRDA:20,2,0,3729
BRDA:20,2,1,3725
BRDA:32,3,0,34
BRDA:40,4,0,118
BRDA:40,4,1,118
BRF:7
BRH:6
end_of_record
TN:
SF:src/js/constants/definitions.ts
FNF:0
FNH:0
DA:4,7
DA:16,7
DA:21,7
DA:47,7
DA:52,7
DA:57,7
DA:66,7
LF:7
LH:7
BRF:0
BRH:0
end_of_record
TN:
SF:src/js/hooks/useConfig.tsx
FN:10,(anonymous_1)
FNF:1
FNH:1
FNDA:10,(anonymous_1)
DA:1,4
DA:10,4
DA:11,10
DA:12,10
LF:4
LH:4
BRDA:12,0,0,10
BRDA:12,0,1,2
BRF:2
BRH:2
end_of_record
TN:
SF:src/js/hooks/useSandbox.tsx
FN:9,(anonymous_0)
FNF:1
FNH:1
FNDA:10,(anonymous_0)
DA:1,4
DA:9,10
LF:2
LH:2
BRF:0
BRH:0
end_of_record
TN:
SF:src/js/pages/InvestigationPage.tsx
FN:39,messageContainsAny
FN:40,(anonymous_15)
FN:47,(anonymous_16)
FN:61,(anonymous_17)
FN:63,(anonymous_18)
FN:96,(anonymous_19)
FN:101,(anonymous_20)
FN:107,(anonymous_21)
FN:111,(anonymous_22)
FN:114,(anonymous_23)
FN:129,(anonymous_24)
FN:130,(anonymous_25)
FN:140,(anonymous_26)
FN:140,(anonymous_27)
FN:141,(anonymous_28)
FN:141,(anonymous_29)
FN:197,(anonymous_30)
FN:203,(anonymous_31)
FN:213,(anonymous_32)
FN:213,(anonymous_33)
FN:214,(anonymous_34)
FN:223,checkCancelled
FN:229,(anonymous_36)
FN:229,(anonymous_37)
FN:230,(anonymous_38)
FN:234,(anonymous_39)
FN:242,(anonymous_40)
FN:250,(anonymous_41)
FN:257,(anonymous_42)
FN:259,(anonymous_43)
FN:265,(anonymous_44)
FN:283,(anonymous_45)
FN:283,(anonymous_46)
FN:290,(anonymous_47)
FN:290,(anonymous_48)
FN:306,(anonymous_49)
FN:306,(anonymous_50)
FN:315,(anonymous_51)
FN:324,(anonymous_52)
FN:325,(anonymous_53)
FN:326,(anonymous_54)
FN:328,(anonymous_55)
FN:340,(anonymous_56)
FN:340,(anonymous_57)
FN:367,(anonymous_58)
FN:367,(anonymous_59)
FN:397,(anonymous_60)
FN:409,(anonymous_61)
FN:421,(anonymous_62)
FN:421,(anonymous_63)
FN:474,(anonymous_64)
FN:487,(anonymous_65)
FN:493,(anonymous_66)
FN:493,(anonymous_67)
FN:501,(anonymous_68)
FN:505,(anonymous_69)
FN:531,(anonymous_70)
FN:550,(anonymous_71)
FN:551,(anonymous_72)
FN:571,(anonymous_73)
FN:572,(anonymous_74)
FN:580,(anonymous_75)
FN:587,(anonymous_76)
FN:716,(anonymous_77)
FN:723,(anonymous_78)
FN:723,(anonymous_79)
FN:728,(anonymous_80)
FN:748,(anonymous_81)
FN:749,(anonymous_82)
FN:750,(anonymous_83)
FN:752,(anonymous_84)
FN:754,(anonymous_85)
FN:766,(anonymous_86)
FN:790,(anonymous_87)
FN:790,(anonymous_88)
FN:797,(anonymous_89)
FN:822,(anonymous_90)
FN:823,(anonymous_91)
FN:833,(anonymous_92)
FN:842,(anonymous_93)
FN:849,(anonymous_94)
FN:860,(anonymous_95)
FN:860,(anonymous_96)
FN:864,(anonymous_97)
FN:868,(anonymous_98)
FN:886,(anonymous_99)
FN:886,(anonymous_100)
FN:892,(anonymous_101)
FN:897,(anonymous_102)
FN:897,(anonymous_103)
FN:905,(anonymous_104)
FN:905,(anonymous_105)
FN:911,(anonymous_106)
FN:916,(anonymous_107)
FN:916,(anonymous_108)
FN:924,(anonymous_109)
FN:924,(anonymous_110)
FN:941,(anonymous_111)
FN:946,onMouseMove
FN:956,onMouseUp
FN:961,cleanup
FN:968,(anonymous_115)
FN:969,(anonymous_116)
FN:974,(anonymous_117)
FN:977,(anonymous_118)
FN:980,(anonymous_119)
FN:981,(anonymous_120)
FN:999,(anonymous_121)
FN:1030,(anonymous_122)
FN:1030,(anonymous_123)
FN:1033,(anonymous_124)
FN:1033,(anonymous_125)
FN:1045,(anonymous_126)
FN:1055,(anonymous_127)
FN:1065,(anonymous_128)
FN:1088,(anonymous_129)
FN:1089,(anonymous_130)
FN:1090,(anonymous_131)
FN:1091,(anonymous_132)
FN:1116,(anonymous_133)
FN:1128,(anonymous_134)
FN:1131,(anonymous_135)
FN:1143,(anonymous_136)
FNF:123
FNH:47
FNDA:0,messageContainsAny
FNDA:0,(anonymous_15)
FNDA:40,(anonymous_16)
FNDA:132,(anonymous_17)
FNDA:36,(anonymous_18)
FNDA:39,(anonymous_19)
FNDA:63,(anonymous_20)
FNDA:36,(anonymous_21)
FNDA:36,(anonymous_22)
FNDA:36,(anonymous_23)
FNDA:81,(anonymous_24)
FNDA:78,(anonymous_25)
FNDA:0,(anonymous_26)
FNDA:0,(anonymous_27)
FNDA:0,(anonymous_28)
FNDA:0,(anonymous_29)
FNDA:0,(anonymous_30)
FNDA:0,(anonymous_31)
FNDA:15,(anonymous_32)
FNDA:15,(anonymous_33)
FNDA:15,(anonymous_34)
FNDA:13,checkCancelled
FNDA:0,(anonymous_36)
FNDA:0,(anonymous_37)
FNDA:0,(anonymous_38)
FNDA:0,(anonymous_39)
FNDA:0,(anonymous_40)
FNDA:0,(anonymous_41)
FNDA:63,(anonymous_42)
FNDA:14,(anonymous_43)
FNDA:28,(anonymous_44)
FNDA:0,(anonymous_45)
FNDA:0,(anonymous_46)
FNDA:0,(anonymous_47)
FNDA:0,(anonymous_48)
FNDA:0,(anonymous_49)
FNDA:0,(anonymous_50)
FNDA:0,(anonymous_51)
FNDA:0,(anonymous_52)
FNDA:0,(anonymous_53)
FNDA:0,(anonymous_54)
FNDA:0,(anonymous_55)
FNDA:0,(anonymous_56)
FNDA:0,(anonymous_57)
FNDA:0,(anonymous_58)
FNDA:0,(anonymous_59)
FNDA:0,(anonymous_60)
FNDA:1,(anonymous_61)
FNDA:13,(anonymous_62)
FNDA:13,(anonymous_63)
FNDA:78,(anonymous_64)
FNDA:78,(anonymous_65)
FNDA:78,(anonymous_66)
FNDA:78,(anonymous_67)
FNDA:26,(anonymous_68)
FNDA:331,(anonymous_69)
FNDA:0,(anonymous_70)
FNDA:0,(anonymous_71)
FNDA:0,(anonymous_72)
FNDA:0,(anonymous_73)
FNDA:0,(anonymous_74)
FNDA:0,(anonymous_75)
FNDA:0,(anonymous_76)
FNDA:14,(anonymous_77)
FNDA:1,(anonymous_78)
FNDA:1,(anonymous_79)
FNDA:1,(anonymous_80)
FNDA:6,(anonymous_81)
FNDA:4,(anonymous_82)
FNDA:0,(anonymous_83)
FNDA:6,(anonymous_84)
FNDA:0,(anonymous_85)
FNDA:6,(anonymous_86)
FNDA:1,(anonymous_87)
FNDA:1,(anonymous_88)
FNDA:6,(anonymous_89)
FNDA:0,(anonymous_90)
FNDA:0,(anonymous_91)
FNDA:0,(anonymous_92)
FNDA:0,(anonymous_93)
FNDA:36,(anonymous_94)
FNDA:0,(anonymous_95)
FNDA:0,(anonymous_96)
FNDA:0,(anonymous_97)
FNDA:0,(anonymous_98)
FNDA:0,(anonymous_99)
FNDA:0,(anonymous_100)
FNDA:0,(anonymous_101)
FNDA:0,(anonymous_102)
FNDA:0,(anonymous_103)
FNDA:0,(anonymous_104)
FNDA:0,(anonymous_105)
FNDA:0,(anonymous_106)
FNDA:0,(anonymous_107)
FNDA:0,(anonymous_108)
FNDA:0,(anonymous_109)
FNDA:0,(anonymous_110)
FNDA:36,(anonymous_111)
FNDA:0,onMouseMove
FNDA:0,onMouseUp
FNDA:36,cleanup
FNDA:291,(anonymous_115)
FNDA:291,(anonymous_116)
FNDA:132,(anonymous_117)
FNDA:52,(anonymous_118)
FNDA:0,(anonymous_119)
FNDA:0,(anonymous_120)
FNDA:0,(anonymous_121)
FNDA:52,(anonymous_122)
FNDA:52,(anonymous_123)
FNDA:0,(anonymous_124)
FNDA:0,(anonymous_125)
FNDA:0,(anonymous_126)
FNDA:0,(anonymous_127)
FNDA:0,(anonymous_128)
FNDA:0,(anonymous_129)
FNDA:0,(anonymous_130)
FNDA:0,(anonymous_131)
FNDA:0,(anonymous_132)
FNDA:0,(anonymous_133)
FNDA:3,(anonymous_134)
FNDA:0,(anonymous_135)
FNDA:0,(anonymous_136)
DA:1,3
DA:2,3
DA:3,3
DA:4,3
DA:5,3
DA:6,3
DA:7,3
DA:8,3
DA:9,3
DA:10,3
DA:11,3
DA:12,3
DA:13,3
DA:15,3
DA:16,3
DA:17,3
DA:28,3
DA:40,0
DA:47,40
DA:54,3
DA:61,3
DA:62,132
DA:63,132
DA:64,132
DA:65,132
DA:66,132
DA:67,132
DA:68,132
DA:69,132
DA:70,132
DA:71,132
DA:72,132
DA:73,132
DA:74,132
DA:75,132
DA:76,132
DA:77,132
DA:78,132
DA:86,132
DA:94,132
DA:95,132
DA:96,132
DA:97,132
DA:98,132
DA:100,132
DA:101,132
DA:102,63
DA:106,132
DA:107,132
DA:108,36
DA:111,132
DA:114,132
DA:115,36
DA:116,36
DA:117,0
DA:118,0
DA:119,0
DA:120,0
DA:129,132
DA:130,81
DA:140,132
DA:141,0
DA:142,0
DA:146,0
DA:147,0
DA:148,0
DA:149,0
DA:150,0
DA:153,0
DA:154,0
DA:158,0
DA:161,0
DA:162,0
DA:163,0
DA:164,0
DA:165,0
DA:168,0
DA:169,0
DA:170,0
DA:172,0
DA:173,0
DA:174,0
DA:175,0
DA:177,0
DA:178,0
DA:179,0
DA:180,0
DA:182,0
DA:183,0
DA:184,0
DA:185,0
DA:187,0
DA:188,0
DA:189,0
DA:190,0
DA:192,0
DA:195,0
DA:196,0
DA:197,0
DA:198,0
DA:199,0
DA:203,0
DA:204,0
DA:213,132
DA:214,15
DA:215,15
DA:216,15
DA:224,13
DA:225,0
DA:229,132
DA:230,0
DA:231,0
DA:234,0
DA:240,0
DA:242,0
DA:243,0
DA:244,0
DA:245,0
DA:246,0
DA:247,0
DA:248,0
DA:250,0
DA:257,132
DA:258,63
DA:259,14
DA:260,14
DA:261,0
DA:265,14
DA:266,28
DA:272,14
DA:274,0
DA:275,0
DA:283,132
DA:284,0
DA:285,0
DA:286,0
DA:288,0
DA:289,0
DA:290,0
DA:291,0
DA:295,0
DA:296,0
DA:297,0
DA:299,0
DA:300,0
DA:302,0
DA:303,0
DA:305,0
DA:306,0
DA:307,0
DA:315,132
DA:317,0
DA:323,0
DA:324,0
DA:325,0
DA:326,0
DA:327,0
DA:328,0
DA:330,0
DA:331,0
DA:340,132
DA:341,0
DA:342,0
DA:343,0
DA:345,0
DA:346,0
DA:348,0
DA:349,0
DA:351,0
DA:352,0
DA:354,0
DA:357,0
DA:358,0
DA:367,132
DA:368,0
DA:396,0
DA:398,0
DA:409,132
DA:410,1
DA:411,1
DA:412,1
DA:413,1
DA:414,1
DA:421,132
DA:422,13
DA:423,13
DA:425,13
DA:426,13
DA:428,13
DA:429,13
DA:430,13
DA:431,13
DA:432,13
DA:435,13
DA:436,13
DA:437,13
DA:438,13
DA:446,13
DA:455,13
DA:456,13
DA:457,13
DA:458,13
DA:459,13
DA:461,13
DA:462,13
DA:466,13
DA:467,0
DA:470,13
DA:472,13
DA:474,13
DA:475,78
DA:477,13
DA:481,13
DA:483,13
DA:484,13
DA:485,13
DA:487,78
DA:490,13
DA:491,13
DA:493,78
DA:494,78
DA:495,26
DA:500,26
DA:501,26
DA:505,26
DA:506,331
DA:507,318
DA:509,26
DA:514,13
DA:516,13
DA:519,0
DA:521,0
DA:525,0
DA:529,0
DA:531,0
DA:535,0
DA:536,0
DA:538,0
DA:541,0
DA:543,0
DA:544,0
DA:545,0
DA:546,0
DA:547,0
DA:550,0
DA:551,0
DA:552,0
DA:553,0
DA:554,0
DA:555,0
DA:557,0
DA:559,0
DA:562,0
DA:563,0
DA:565,0
DA:567,0
DA:571,0
DA:572,0
DA:573,0
DA:574,0
DA:575,0
DA:576,0
DA:580,0
DA:581,0
DA:582,0
DA:583,0
DA:584,0
DA:585,0
DA:586,0
DA:587,0
DA:589,0
DA:592,0
DA:593,0
DA:594,0
DA:596,0
DA:597,0
DA:599,0
DA:600,0
DA:602,0
DA:603,0
DA:605,0
DA:606,0
DA:613,0
DA:614,0
DA:615,0
DA:616,0
DA:617,0
DA:618,0
DA:623,0
DA:624,0
DA:628,0
DA:629,0
DA:630,0
DA:631,0
DA:632,0
DA:633,0
DA:634,0
DA:635,0
DA:637,0
DA:642,0
DA:643,0
DA:644,0
DA:645,0
DA:646,0
DA:647,0
DA:648,0
DA:649,0
DA:651,0
DA:652,0
DA:653,0
DA:655,0
DA:656,0
DA:657,0
DA:658,0
DA:659,0
DA:660,0
DA:661,0
DA:662,0
DA:663,0
DA:664,0
DA:665,0
DA:666,0
DA:667,0
DA:668,0
DA:670,0
DA:671,0
DA:672,0
DA:677,0
DA:678,0
DA:680,0
DA:681,0
DA:682,0
DA:683,0
DA:684,0
DA:685,0
DA:686,0
DA:687,0
DA:688,0
DA:689,0
DA:690,0
DA:691,0
DA:692,0
DA:693,0
DA:694,0
DA:695,0
DA:696,0
DA:697,0
DA:698,0
DA:699,0
DA:700,0
DA:701,0
DA:702,0
DA:703,0
DA:705,0
DA:706,0
DA:708,0
DA:716,132
DA:717,14
DA:723,132
DA:724,1
DA:725,1
DA:728,1
DA:733,1
DA:734,1
DA:735,1
DA:736,1
DA:739,1
DA:740,1
DA:741,1
DA:742,1
DA:743,1
DA:744,1
DA:747,1
DA:748,6
DA:749,4
DA:750,0
DA:751,1
DA:752,6
DA:753,1
DA:754,0
DA:757,1
DA:758,1
DA:759,0
DA:760,1
DA:761,0
DA:762,1
DA:763,0
DA:766,1
DA:767,6
DA:769,1
DA:770,1
DA:771,1
DA:780,5
DA:782,1
DA:783,1
DA:790,132
DA:791,1
DA:793,0
DA:795,1
DA:797,6
DA:798,1
DA:799,1
DA:800,0
DA:801,1
DA:802,1
DA:803,0
DA:804,0
DA:807,1
DA:808,0
DA:809,0
DA:812,1
DA:814,0
DA:822,132
DA:823,0
DA:824,0
DA:828,0
DA:833,0
DA:834,0
DA:835,0
DA:837,0
DA:839,0
DA:842,0
DA:843,0
DA:844,0
DA:849,132
DA:850,36
DA:851,36
DA:853,36
DA:854,36
DA:855,0
DA:857,36
DA:859,0
DA:860,0
DA:861,0
DA:862,0
DA:866,0
DA:870,0
DA:872,0
DA:876,132
DA:877,132
DA:878,132
DA:879,132
DA:880,132
DA:886,132
DA:887,0
DA:892,0
DA:893,0
DA:894,0
DA:895,0
DA:897,0
DA:905,132
DA:906,0
DA:911,0
DA:912,0
DA:913,0
DA:914,0
DA:916,0
DA:924,132
DA:925,0
DA:926,0
DA:927,0
DA:928,0
DA:929,0
DA:930,0
DA:932,0
DA:938,132
DA:939,132
DA:940,132
DA:941,132
DA:947,0
DA:948,0
DA:949,0
DA:950,0
DA:957,0
DA:959,36
DA:960,36
DA:961,36
DA:962,36
DA:963,36
DA:968,291
DA:969,291
DA:971,132
DA:974,132
DA:975,132
DA:976,52
DA:977,52
DA:978,52
DA:979,52
DA:980,52
DA:981,0
DA:989,132
DA:999,0
DA:1030,52
DA:1031,52
DA:1033,0
DA:1045,0
DA:1056,0
DA:1066,0
DA:1088,0
DA:1090,0
DA:1091,0
DA:1116,0
DA:1128,3
DA:1133,0
DA:1143,0
DA:1144,0
DA:1145,0
DA:1146,0
DA:1147,0
DA:1148,0
DA:1156,3
DA:1160,3
LF:512
LH:209
BRDA:111,0,0,36
BRDA:111,0,1,27
BRDA:116,1,0,0
BRDA:119,2,0,0
BRDA:119,2,1,0
BRDA:129,3,0,0
BRDA:141,4,0,0
BRDA:147,5,0,0
BRDA:147,5,1,0
BRDA:148,6,0,0
BRDA:148,6,1,0
BRDA:148,6,2,0
BRDA:148,7,0,0
BRDA:148,7,1,0
BRDA:148,8,0,0
BRDA:148,8,1,0
BRDA:149,9,0,0
BRDA:149,9,1,0
BRDA:150,10,0,0
BRDA:150,10,1,0
BRDA:150,10,2,0
BRDA:150,10,3,0
BRDA:150,10,4,0
BRDA:150,10,5,0
BRDA:150,10,6,0
BRDA:150,10,7,0
BRDA:150,10,8,0
BRDA:150,11,0,0
BRDA:150,11,1,0
BRDA:150,12,0,0
BRDA:150,12,1,0
BRDA:151,13,0,0
BRDA:151,13,1,0
BRDA:151,14,0,0
BRDA:151,14,1,0
BRDA:152,15,0,0
BRDA:152,15,1,0
BRDA:152,16,0,0
BRDA:152,16,1,0
BRDA:153,17,0,0
BRDA:153,17,1,0
BRDA:154,18,0,0
BRDA:154,18,1,0
BRDA:154,18,2,0
BRDA:154,18,3,0
BRDA:154,18,4,0
BRDA:154,18,5,0
BRDA:154,19,0,0
BRDA:154,19,1,0
BRDA:154,20,0,0
BRDA:154,20,1,0
BRDA:155,21,0,0
BRDA:155,21,1,0
BRDA:155,22,0,0
BRDA:155,22,1,0
BRDA:158,23,0,0
BRDA:158,23,1,0
BRDA:158,23,2,0
BRDA:158,24,0,0
BRDA:158,24,1,0
BRDA:158,25,0,0
BRDA:158,25,1,0
BRDA:161,26,0,0
BRDA:161,27,0,0
BRDA:161,27,1,0
BRDA:171,28,0,0
BRDA:171,28,1,0
BRDA:171,28,2,0
BRDA:171,28,3,0
BRDA:171,28,4,0
BRDA:195,29,0,0
BRDA:195,30,0,0
BRDA:195,30,1,0
BRDA:196,31,0,0
BRDA:196,31,1,0
BRDA:198,32,0,0
BRDA:198,33,0,0
BRDA:198,33,1,0
BRDA:204,34,0,0
BRDA:204,34,1,0
BRDA:224,35,0,0
BRDA:240,36,0,0
BRDA:240,37,0,0
BRDA:240,37,1,0
BRDA:258,38,0,14
BRDA:260,39,0,0
BRDA:260,40,0,14
BRDA:260,40,1,14
BRDA:260,41,0,0
BRDA:260,41,1,14
BRDA:260,42,0,14
BRDA:260,42,1,14
BRDA:260,43,0,0
BRDA:260,43,1,14
BRDA:260,44,0,14
BRDA:260,44,1,14
BRDA:265,45,0,14
BRDA:265,45,1,14
BRDA:266,46,0,28
BRDA:266,46,1,14
BRDA:266,46,2,14
BRDA:266,46,3,14
BRDA:272,47,0,0
BRDA:272,48,0,14
BRDA:272,48,1,0
BRDA:272,48,2,0
BRDA:272,48,3,0
BRDA:272,48,4,0
BRDA:273,49,0,0
BRDA:273,49,1,0
BRDA:273,50,0,0
BRDA:273,50,1,0
BRDA:288,51,0,0
BRDA:288,51,1,0
BRDA:288,51,2,0
BRDA:288,52,0,0
BRDA:288,52,1,0
BRDA:288,53,0,0
BRDA:288,53,1,0
BRDA:288,54,0,0
BRDA:288,54,1,0
BRDA:288,55,0,0
BRDA:288,55,1,0
BRDA:288,56,0,0
BRDA:288,56,1,0
BRDA:288,57,0,0
BRDA:288,57,1,0
BRDA:289,58,0,0
BRDA:289,58,1,0
BRDA:289,59,0,0
BRDA:289,59,1,0
BRDA:289,60,0,0
BRDA:289,60,1,0
BRDA:289,61,0,0
BRDA:289,61,1,0
BRDA:289,62,0,0
BRDA:289,62,1,0
BRDA:289,63,0,0
BRDA:289,63,1,0
BRDA:289,64,0,0
BRDA:289,64,1,0
BRDA:289,65,0,0
BRDA:289,65,1,0
BRDA:289,66,0,0
BRDA:289,66,1,0
BRDA:289,67,0,0
BRDA:289,67,1,0
BRDA:289,68,0,0
BRDA:289,68,1,0
BRDA:289,69,0,0
BRDA:289,69,1,0
BRDA:292,70,0,0
BRDA:292,70,1,0
BRDA:296,71,0,0
BRDA:296,72,0,0
BRDA:296,72,1,0
BRDA:299,73,0,0
BRDA:307,74,0,0
BRDA:307,74,1,0
BRDA:324,75,0,0
BRDA:324,75,1,0
BRDA:342,76,0,0
BRDA:345,77,0,0
BRDA:348,78,0,0
BRDA:351,79,0,0
BRDA:466,80,0,0
BRDA:475,81,0,13
BRDA:475,81,1,65
BRDA:500,82,0,26
BRDA:506,83,0,13
BRDA:506,83,1,318
BRDA:514,84,0,13
BRDA:519,85,0,0
BRDA:529,86,0,0
BRDA:543,87,0,0
BRDA:543,88,0,0
BRDA:543,88,1,0
BRDA:550,89,0,0
BRDA:550,90,0,0
BRDA:550,90,1,0
BRDA:550,91,0,0
BRDA:550,91,1,0
BRDA:550,92,0,0
BRDA:550,92,1,0
BRDA:550,93,0,0
BRDA:550,93,1,0
BRDA:550,94,0,0
BRDA:550,94,1,0
BRDA:551,95,0,0
BRDA:551,95,1,0
BRDA:551,96,0,0
BRDA:551,96,1,0
BRDA:551,97,0,0
BRDA:551,97,1,0
BRDA:551,98,0,0
BRDA:551,98,1,0
BRDA:554,99,0,0
BRDA:557,100,0,0
BRDA:559,101,0,0
BRDA:559,101,1,0
BRDA:559,102,0,0
BRDA:559,102,1,0
BRDA:571,103,0,0
BRDA:571,104,0,0
BRDA:571,104,1,0
BRDA:571,105,0,0
BRDA:571,105,1,0
BRDA:571,106,0,0
BRDA:571,106,1,0
BRDA:571,107,0,0
BRDA:571,107,1,0
BRDA:571,108,0,0
BRDA:571,108,1,0
BRDA:571,109,0,0
BRDA:571,109,1,0
BRDA:571,110,0,0
BRDA:571,110,1,0
BRDA:571,111,0,0
BRDA:571,111,1,0
BRDA:571,112,0,0
BRDA:571,112,1,0
BRDA:572,113,0,0
BRDA:572,113,1,0
BRDA:572,114,0,0
BRDA:572,114,1,0
BRDA:572,115,0,0
BRDA:572,115,1,0
BRDA:572,116,0,0
BRDA:572,116,1,0
BRDA:575,117,0,0
BRDA:580,118,0,0
BRDA:580,118,1,0
BRDA:580,119,0,0
BRDA:580,119,1,0
BRDA:581,120,0,0
BRDA:581,120,1,0
BRDA:581,121,0,0
BRDA:581,121,1,0
BRDA:582,122,0,0
BRDA:582,123,0,0
BRDA:582,123,1,0
BRDA:582,124,0,0
BRDA:582,124,1,0
BRDA:583,125,0,0
BRDA:583,125,1,0
BRDA:585,126,0,0
BRDA:585,127,0,0
BRDA:585,127,1,0
BRDA:585,128,0,0
BRDA:585,128,1,0
BRDA:587,129,0,0
BRDA:587,129,1,0
BRDA:593,130,0,0
BRDA:594,131,0,0
BRDA:594,131,1,0
BRDA:596,132,0,0
BRDA:599,133,0,0
BRDA:602,134,0,0
BRDA:602,134,1,0
BRDA:602,135,0,0
BRDA:602,135,1,0
BRDA:602,136,0,0
BRDA:602,136,1,0
BRDA:605,137,0,0
BRDA:605,138,0,0
BRDA:605,138,1,0
BRDA:613,139,0,0
BRDA:613,140,0,0
BRDA:613,140,1,0
BRDA:613,141,0,0
BRDA:613,141,1,0
BRDA:613,142,0,0
BRDA:613,142,1,0
BRDA:613,143,0,0
BRDA:613,143,1,0
BRDA:613,144,0,0
BRDA:613,144,1,0
BRDA:613,145,0,0
BRDA:613,145,1,0
BRDA:613,146,0,0
BRDA:613,146,1,0
BRDA:617,147,0,0
BRDA:629,148,0,0
BRDA:629,149,0,0
BRDA:629,149,1,0
BRDA:629,149,2,0
BRDA:629,149,3,0
BRDA:630,150,0,0
BRDA:630,150,1,0
BRDA:630,151,0,0
BRDA:630,151,1,0
BRDA:632,152,0,0
BRDA:632,153,0,0
BRDA:632,153,1,0
BRDA:635,154,0,0
BRDA:635,154,1,0
BRDA:635,154,2,0
BRDA:635,155,0,0
BRDA:635,155,1,0
BRDA:635,156,0,0
BRDA:635,156,1,0
BRDA:635,157,0,0
BRDA:635,157,1,0
BRDA:635,158,0,0
BRDA:635,158,1,0
BRDA:645,159,0,0
BRDA:655,160,0,0
BRDA:655,160,1,0
BRDA:657,161,0,0
BRDA:658,162,0,0
BRDA:659,163,0,0
BRDA:660,164,0,0
BRDA:661,165,0,0
BRDA:662,166,0,0
BRDA:665,167,0,0
BRDA:677,168,0,0
BRDA:677,168,1,0
BRDA:677,169,0,0
BRDA:677,169,1,0
BRDA:680,170,0,0
BRDA:680,170,1,0
BRDA:680,171,0,0
BRDA:680,171,1,0
BRDA:680,172,0,0
BRDA:680,172,1,0
BRDA:680,173,0,0
BRDA:680,173,1,0
BRDA:680,174,0,0
BRDA:680,174,1,0
BRDA:680,175,0,0
BRDA:680,175,1,0
BRDA:680,176,0,0
BRDA:680,176,1,0
BRDA:680,177,0,0
BRDA:680,177,1,0
BRDA:680,178,0,0
BRDA:680,178,1,0
BRDA:680,179,0,0
BRDA:680,179,1,0
BRDA:683,180,0,0
BRDA:683,180,1,0
BRDA:683,181,0,0
BRDA:683,181,1,0
BRDA:683,182,0,0
BRDA:683,182,1,0
BRDA:683,183,0,0
BRDA:683,183,1,0
BRDA:683,184,0,0
BRDA:683,184,1,0
BRDA:685,185,0,0
BRDA:685,185,1,0
BRDA:685,186,0,0
BRDA:685,186,1,0
BRDA:685,187,0,0
BRDA:685,187,1,0
BRDA:686,188,0,0
BRDA:686,188,1,0
BRDA:686,189,0,0
BRDA:686,189,1,0
BRDA:686,190,0,0
BRDA:686,190,1,0
BRDA:686,191,0,0
BRDA:686,191,1,0
BRDA:686,192,0,0
BRDA:686,192,1,0
BRDA:689,193,0,0
BRDA:689,193,1,0
BRDA:689,194,0,0
BRDA:689,194,1,0
BRDA:689,195,0,0
BRDA:689,195,1,0
BRDA:689,196,0,0
BRDA:689,196,1,0
BRDA:689,197,0,0
BRDA:689,197,1,0
BRDA:692,198,0,0
BRDA:692,198,1,0
BRDA:692,199,0,0
BRDA:692,199,1,0
BRDA:692,200,0,0
BRDA:692,200,1,0
BRDA:692,201,0,0
BRDA:692,201,1,0
BRDA:692,202,0,0
BRDA:692,202,1,0
BRDA:695,203,0,0
BRDA:695,203,1,0
BRDA:695,204,0,0
BRDA:695,204,1,0
BRDA:695,205,0,0
BRDA:695,205,1,0
BRDA:695,206,0,0
BRDA:695,206,1,0
BRDA:695,207,0,0
BRDA:695,207,1,0
BRDA:698,208,0,0
BRDA:698,208,1,0
BRDA:698,209,0,0
BRDA:698,209,1,0
BRDA:698,210,0,0
BRDA:698,210,1,0
BRDA:698,211,0,0
BRDA:698,211,1,0
BRDA:698,212,0,0
BRDA:698,212,1,0
BRDA:701,213,0,0
BRDA:701,213,1,0
BRDA:701,214,0,0
BRDA:701,214,1,0
BRDA:701,215,0,0
BRDA:701,215,1,0
BRDA:701,216,0,0
BRDA:701,216,1,0
BRDA:701,217,0,0
BRDA:701,217,1,0
BRDA:705,218,0,0
BRDA:705,218,1,0
BRDA:705,219,0,0
BRDA:705,219,1,0
BRDA:705,220,0,0
BRDA:705,220,1,0
BRDA:706,221,0,0
BRDA:706,221,1,0
BRDA:706,222,0,0
BRDA:706,222,1,0
BRDA:733,223,0,1
BRDA:748,224,0,6
BRDA:748,224,1,5
BRDA:749,225,0,4
BRDA:749,225,1,0
BRDA:749,226,0,0
BRDA:749,226,1,0
BRDA:749,227,0,0
BRDA:749,227,1,0
BRDA:749,228,0,0
BRDA:749,228,1,0
BRDA:749,229,0,0
BRDA:749,229,1,0
BRDA:750,230,0,0
BRDA:750,230,1,0
BRDA:750,231,0,0
BRDA:750,231,1,0
BRDA:750,232,0,0
BRDA:750,232,1,0
BRDA:750,233,0,0
BRDA:750,233,1,0
BRDA:750,234,0,0
BRDA:750,234,1,0
BRDA:752,235,0,6
BRDA:752,235,1,1
BRDA:753,236,0,0
BRDA:758,237,0,0
BRDA:758,237,1,1
BRDA:758,238,0,1
BRDA:758,238,1,0
BRDA:758,239,0,1
BRDA:758,239,1,0
BRDA:758,240,0,1
BRDA:758,240,1,1
BRDA:758,241,0,1
BRDA:758,241,1,0
BRDA:758,242,0,1
BRDA:758,242,1,1
BRDA:758,243,0,0
BRDA:758,243,1,0
BRDA:758,244,0,0
BRDA:758,244,1,0
BRDA:758,245,0,0
BRDA:758,245,1,0
BRDA:758,246,0,0
BRDA:758,246,1,0
BRDA:760,247,0,0
BRDA:760,247,1,1
BRDA:760,248,0,1
BRDA:760,248,1,0
BRDA:760,249,0,1
BRDA:760,249,1,0
BRDA:760,250,0,1
BRDA:760,250,1,1
BRDA:760,251,0,1
BRDA:760,251,1,0
BRDA:760,252,0,1
BRDA:760,252,1,1
BRDA:760,253,0,0
BRDA:760,253,1,0
BRDA:760,254,0,0
BRDA:760,254,1,0
BRDA:760,255,0,0
BRDA:760,255,1,0
BRDA:760,256,0,0
BRDA:760,256,1,0
BRDA:762,257,0,0
BRDA:762,258,0,1
BRDA:762,258,1,0
BRDA:762,259,0,1
BRDA:762,259,1,0
BRDA:762,260,0,1
BRDA:762,260,1,1
BRDA:762,261,0,1
BRDA:762,261,1,0
BRDA:762,262,0,1
BRDA:762,262,1,1
BRDA:762,263,0,0
BRDA:762,263,1,0
BRDA:762,264,0,0
BRDA:762,264,1,0
BRDA:762,265,0,0
BRDA:762,265,1,0
BRDA:762,266,0,0
BRDA:762,266,1,0
BRDA:767,267,0,1
BRDA:769,268,0,1
BRDA:769,268,1,0
BRDA:769,269,0,0
BRDA:769,269,1,1
BRDA:769,270,0,1
BRDA:769,270,1,1
BRDA:769,271,0,0
BRDA:769,271,1,0
BRDA:769,272,0,0
BRDA:769,272,1,0
BRDA:770,273,0,1
BRDA:770,273,1,0
BRDA:770,274,0,0
BRDA:770,274,1,1
BRDA:770,275,0,1
BRDA:770,275,1,1
BRDA:770,276,0,0
BRDA:770,276,1,0
BRDA:770,277,0,0
BRDA:770,277,1,0
BRDA:775,278,0,0
BRDA:775,278,1,1
BRDA:776,279,0,0
BRDA:776,279,1,1
BRDA:791,280,0,0
BRDA:799,281,0,0
BRDA:799,281,1,1
BRDA:799,282,0,1
BRDA:799,282,1,0
BRDA:799,283,0,0
BRDA:799,283,1,1
BRDA:799,284,0,1
BRDA:799,284,1,1
BRDA:799,285,0,0
BRDA:799,285,1,1
BRDA:799,286,0,1
BRDA:799,286,1,1
BRDA:799,287,0,0
BRDA:799,287,1,0
BRDA:799,288,0,0
BRDA:799,288,1,0
BRDA:799,289,0,0
BRDA:799,289,1,0
BRDA:799,290,0,0
BRDA:799,290,1,0
BRDA:801,291,0,1
BRDA:801,291,1,0
BRDA:801,292,0,1
BRDA:801,292,1,1
BRDA:801,293,0,0
BRDA:801,293,1,1
BRDA:801,294,0,1
BRDA:801,294,1,1
BRDA:801,295,0,0
BRDA:801,295,1,1
BRDA:801,296,0,1
BRDA:801,296,1,1
BRDA:801,297,0,0
BRDA:801,297,1,1
BRDA:801,298,0,1
BRDA:801,298,1,1
BRDA:801,299,0,0
BRDA:801,299,1,1
BRDA:801,300,0,1
BRDA:801,300,1,1
BRDA:803,301,0,0
BRDA:803,302,0,0
BRDA:803,302,1,0
BRDA:803,303,0,0
BRDA:803,303,1,0
BRDA:803,304,0,0
BRDA:803,304,1,0
BRDA:803,305,0,0
BRDA:803,305,1,0
BRDA:803,306,0,0
BRDA:803,306,1,0
BRDA:803,307,0,0
BRDA:803,307,1,0
BRDA:803,308,0,0
BRDA:803,308,1,0
BRDA:803,309,0,0
BRDA:803,309,1,0
BRDA:803,310,0,0
BRDA:803,310,1,0
BRDA:807,311,0,0
BRDA:807,312,0,1
BRDA:807,312,1,1
BRDA:824,313,0,0
BRDA:825,314,0,0
BRDA:825,314,1,0
BRDA:825,314,2,0
BRDA:825,314,3,0
BRDA:825,315,0,0
BRDA:825,315,1,0
BRDA:825,316,0,0
BRDA:825,316,1,0
BRDA:829,317,0,0
BRDA:829,317,1,0
BRDA:834,318,0,0
BRDA:843,319,0,0
BRDA:854,320,0,0
BRDA:857,321,0,0
BRDA:857,322,0,36
BRDA:857,322,1,0
BRDA:857,322,2,0
BRDA:861,323,0,0
BRDA:927,324,0,0
BRDA:927,325,0,0
BRDA:927,325,1,0
BRDA:947,326,0,0
BRDA:947,327,0,0
BRDA:947,327,1,0
BRDA:948,328,0,0
BRDA:948,328,1,0
BRDA:948,329,0,0
BRDA:948,329,1,0
BRDA:948,330,0,0
BRDA:948,330,1,0
BRDA:975,331,0,80
BRDA:979,332,0,52
BRDA:1030,333,0,132
BRDA:1030,333,1,52
BRDA:1041,334,0,132
BRDA:1041,334,1,0
BRDA:1055,335,0,132
BRDA:1055,335,1,0
BRDA:1062,336,0,132
BRDA:1062,336,1,0
BRDA:1062,336,2,0
BRDA:1074,337,0,132
BRDA:1074,337,1,67
BRDA:1074,337,2,65
BRDA:1090,338,0,0
BRDA:1091,339,0,0
BRDA:1098,340,0,132
BRDA:1098,340,1,39
BRF:647
BRH:102
end_of_record
TN:
SF:src/js/pages/Investigations.tsx
FN:25,(anonymous_13)
FN:25,(anonymous_14)
FN:40,(anonymous_15)
FN:40,(anonymous_16)
FN:48,(anonymous_17)
FN:62,(anonymous_18)
FN:62,(anonymous_19)
FN:64,(anonymous_20)
FN:64,(anonymous_21)
FN:81,(anonymous_22)
FN:81,(anonymous_23)
FN:83,(anonymous_24)
FN:83,(anonymous_25)
FN:99,(anonymous_26)
FN:108,(anonymous_27)
FN:108,(anonymous_28)
FN:125,(anonymous_29)
FN:133,(anonymous_30)
FN:135,(anonymous_31)
FN:145,(anonymous_32)
FN:146,(anonymous_33)
FN:146,(anonymous_34)
FN:152,(anonymous_35)
FN:152,(anonymous_36)
FN:167,(anonymous_37)
FN:182,(anonymous_38)
FN:182,(anonymous_39)
FN:201,(anonymous_40)
FN:201,(anonymous_41)
FN:209,(anonymous_42)
FN:209,(anonymous_43)
FN:244,(anonymous_44)
FN:247,(anonymous_45)
FNF:33
FNH:16
FNDA:0,(anonymous_13)
FNDA:0,(anonymous_14)
FNDA:4,(anonymous_15)
FNDA:4,(anonymous_16)
FNDA:4,(anonymous_17)
FNDA:0,(anonymous_18)
FNDA:0,(anonymous_19)
FNDA:0,(anonymous_20)
FNDA:0,(anonymous_21)
FNDA:0,(anonymous_22)
FNDA:0,(anonymous_23)
FNDA:0,(anonymous_24)
FNDA:0,(anonymous_25)
FNDA:87,(anonymous_26)
FNDA:35,(anonymous_27)
FNDA:35,(anonymous_28)
FNDA:33,(anonymous_29)
FNDA:8,(anonymous_30)
FNDA:8,(anonymous_31)
FNDA:2,(anonymous_32)
FNDA:2,(anonymous_33)
FNDA:1,(anonymous_34)
FNDA:4,(anonymous_35)
FNDA:4,(anonymous_36)
FNDA:0,(anonymous_37)
FNDA:0,(anonymous_38)
FNDA:0,(anonymous_39)
FNDA:0,(anonymous_40)
FNDA:0,(anonymous_41)
FNDA:0,(anonymous_42)
FNDA:0,(anonymous_43)
FNDA:180,(anonymous_44)
FNDA:2,(anonymous_45)
DA:1,5
DA:3,5
DA:6,5
DA:25,5
DA:26,0
DA:27,0
DA:30,0
DA:40,5
DA:41,4
DA:42,4
DA:48,4
DA:49,4
DA:52,0
DA:62,5
DA:63,0
DA:64,0
DA:68,0
DA:71,0
DA:81,5
DA:82,0
DA:83,0
DA:84,0
DA:87,0
DA:99,5
DA:100,87
DA:101,86
DA:102,86
DA:103,86
DA:108,86
DA:109,35
DA:110,35
DA:111,35
DA:112,35
DA:113,35
DA:115,0
DA:116,0
DA:118,35
DA:120,0
DA:122,35
DA:125,86
DA:126,33
DA:133,86
DA:134,8
DA:135,8
DA:137,4
DA:145,86
DA:146,2
DA:152,86
DA:153,4
DA:154,4
DA:155,4
DA:156,4
DA:157,4
DA:158,4
DA:159,4
DA:160,4
DA:161,2
DA:165,0
DA:166,0
DA:167,0
DA:168,0
DA:169,0
DA:170,0
DA:174,0
DA:176,4
DA:182,86
DA:183,0
DA:184,0
DA:185,0
DA:186,0
DA:187,0
DA:189,0
DA:190,0
DA:193,0
DA:195,0
DA:201,86
DA:202,0
DA:203,0
DA:204,0
DA:205,0
DA:206,0
DA:208,0
DA:209,0
DA:211,0
DA:213,0
DA:215,0
DA:218,86
DA:220,86
DA:245,180
DA:247,2
DA:275,5
DA:279,5
LF:92
LH:51
BRDA:26,0,0,0
BRDA:41,1,0,4
BRDA:63,2,0,0
BRDA:65,3,0,0
BRDA:65,3,1,0
BRDA:82,4,0,0
BRDA:100,5,0,87
BRDA:100,5,1,0
BRDA:112,6,0,35
BRDA:112,6,1,0
BRDA:134,7,0,4
BRDA:134,7,1,4
BRDA:146,8,0,1
BRDA:146,8,1,1
BRDA:157,9,0,4
BRDA:157,9,1,0
BRDA:160,10,0,2
BRDA:169,11,0,0
BRDA:186,12,0,0
BRDA:186,12,1,0
BRDA:205,13,0,0
BRDA:205,13,1,0
BRDA:225,14,0,86
BRDA:225,14,1,5
BRDA:226,15,0,86
BRDA:226,15,1,5
BRDA:229,16,0,86
BRDA:229,16,1,0
BRDA:235,17,0,86
BRDA:235,17,1,4
BRDA:245,18,0,94
BRDA:245,18,1,86
BRDA:252,19,0,180
BRDA:252,19,1,0
BRDA:263,20,0,86
BRDA:263,20,1,0
BRF:36
BRH:20
end_of_record
TN:
SF:src/js/services/ChatService.ts
FN:10,saveComment
FN:29,fetchCommentMessages
FN:46,fetchCommentLog
FN:81,saveChatMessage
FNF:4
FNH:3
FNDA:2,saveComment
FNDA:2,fetchCommentMessages
FNDA:4,fetchCommentLog
FNDA:0,saveChatMessage
DA:10,4
DA:15,2
DA:20,2
DA:21,1
DA:29,4
DA:32,2
DA:33,2
DA:34,1
DA:38,4
DA:46,4
DA:50,4
DA:51,2
DA:52,2
DA:53,1
DA:59,1
DA:66,2
DA:67,2
DA:68,1
DA:72,4
DA:81,4
DA:86,0
LF:21
LH:20
BRDA:20,0,0,1
BRDA:33,1,0,1
BRDA:50,2,0,2
BRDA:52,3,0,1
BRDA:67,4,0,1
BRF:5
BRH:5
end_of_record
TN:
SF:src/js/services/GAIAService.ts
FN:62,(anonymous_8)
FN:78,(anonymous_9)
FN:95,(anonymous_10)
FN:109,(anonymous_11)
FN:118,(anonymous_13)
FN:146,(anonymous_14)
FN:159,(anonymous_16)
FN:419,(anonymous_17)
FN:434,(anonymous_19)
FN:449,(anonymous_21)
FN:464,(anonymous_23)
FN:479,(anonymous_25)
FN:493,(anonymous_27)
FNF:13
FNH:13
FNDA:25,(anonymous_8)
FNDA:30,(anonymous_9)
FNDA:71,(anonymous_10)
FNDA:23,(anonymous_11)
FNDA:26,(anonymous_13)
FNDA:2,(anonymous_14)
FNDA:14,(anonymous_16)
FNDA:3,(anonymous_17)
FNDA:4,(anonymous_19)
FNDA:4,(anonymous_21)
FNDA:4,(anonymous_23)
FNDA:4,(anonymous_25)
FNDA:2,(anonymous_27)
DA:2,4
DA:6,4
DA:7,4
DA:18,4
DA:62,4
DA:64,25
DA:78,30
DA:96,71
DA:97,71
DA:98,71
DA:99,70
DA:110,23
DA:113,23
DA:114,23
DA:115,23
DA:116,22
DA:117,13
DA:118,26
DA:120,13
DA:122,22
DA:126,22
DA:127,22
DA:132,13
DA:133,2
DA:135,11
DA:147,2
DA:148,1
DA:150,1
DA:151,1
DA:160,14
DA:411,14
DA:420,3
DA:421,1
DA:424,2
DA:435,4
DA:436,1
DA:438,3
DA:439,3
DA:450,4
DA:451,1
DA:453,3
DA:454,3
DA:465,4
DA:466,1
DA:468,3
DA:469,3
DA:480,4
DA:481,1
DA:483,3
DA:484,3
DA:497,2
DA:498,2
DA:505,4
LF:53
LH:53
BRDA:95,0,0,55
BRDA:116,1,0,13
BRDA:116,2,0,22
BRDA:116,2,1,15
BRDA:132,3,0,2
BRDA:132,4,0,10
BRDA:132,4,1,3
BRDA:132,5,0,13
BRDA:132,5,1,13
BRDA:146,6,0,0
BRDA:147,7,0,1
BRDA:420,8,0,1
BRDA:434,9,0,3
BRDA:435,10,0,1
BRDA:449,11,0,3
BRDA:450,12,0,1
BRDA:464,13,0,2
BRDA:465,14,0,1
BRDA:479,15,0,2
BRDA:480,16,0,1
BRF:20
BRH:19
end_of_record
TN:
SF:src/js/services/envConstants.ts
FN:42,(anonymous_0)
FN:52,(anonymous_1)
FNF:2
FNH:2
FNDA:82,(anonymous_0)
FNDA:77,(anonymous_1)
DA:14,5
DA:42,5
DA:44,82
DA:52,5
DA:58,77
DA:65,5
LF:6
LH:6
BRDA:61,0,0,1
BRDA:61,0,1,73
BRDA:61,1,0,74
BRDA:61,1,1,74
BRDA:61,2,0,0
BRDA:61,2,1,74
BRDA:61,3,0,74
BRDA:61,3,1,74
BRF:8
BRH:7
end_of_record
TN:
SF:src/js/services/restService/WithRUMInteractionName.ts
FN:9,(anonymous_0)
FN:13,(anonymous_1)
FNF:2
FNH:2
FNDA:28,(anonymous_0)
FNDA:6,(anonymous_1)
DA:10,28
DA:14,6
DA:19,4
LF:3
LH:3
BRF:0
BRH:0
end_of_record
TN:
SF:src/js/services/restService/constants.ts
FN:2,(anonymous_0)
FN:3,(anonymous_1)
FN:4,(anonymous_2)
FNF:3
FNH:3
FNDA:4,(anonymous_0)
FNDA:3,(anonymous_1)
FNDA:2,(anonymous_2)
DA:1,4
DA:2,8
DA:3,7
DA:4,6
LF:4
LH:4
BRF:0
BRH:0
end_of_record
TN:
SF:src/js/services/restService/index.ts
FN:48,(anonymous_8)
FN:72,(anonymous_9)
FN:90,(anonymous_10)
FN:117,(anonymous_12)
FN:142,(anonymous_14)
FNF:5
FNH:5
FNDA:22,(anonymous_8)
FNDA:16,(anonymous_9)
FNDA:6,(anonymous_10)
FNDA:9,(anonymous_12)
FNDA:14,(anonymous_14)
DA:1,4
DA:3,4
DA:4,4
DA:5,4
DA:49,22
DA:50,22
DA:51,22
DA:53,22
DA:54,22
DA:55,22
DA:58,22
DA:59,1
DA:62,22
DA:63,1
DA:72,22
DA:73,16
DA:74,16
DA:98,6
DA:99,6
DA:100,6
DA:124,9
DA:125,9
DA:146,14
DA:147,14
DA:148,11
DA:149,7
DA:150,7
DA:151,5
DA:152,3
DA:153,3
DA:157,4
DA:158,4
DA:164,4
DA:165,2
DA:168,4
DA:181,4
LF:36
LH:36
BRDA:52,0,0,22
BRDA:52,0,1,1
BRDA:55,1,0,22
BRDA:55,1,1,1
BRDA:56,2,0,0
BRDA:56,2,1,1
BRDA:56,3,0,1
BRDA:56,3,1,1
BRDA:56,4,0,0
BRDA:56,4,1,1
BRDA:56,5,0,1
BRDA:56,5,1,1
BRDA:56,6,0,0
BRDA:56,6,1,1
BRDA:56,7,0,1
BRDA:56,7,1,1
BRDA:58,8,0,1
BRDA:62,9,0,1
BRDA:94,10,0,5
BRDA:95,11,0,1
BRDA:96,12,0,5
BRDA:103,13,0,6
BRDA:103,13,1,5
BRDA:103,14,0,0
BRDA:103,14,1,6
BRDA:103,15,0,6
BRDA:103,15,1,6
BRDA:120,16,0,4
BRDA:121,17,0,8
BRDA:122,18,0,8
BRDA:128,19,0,9
BRDA:128,19,1,8
BRDA:128,20,0,0
BRDA:128,20,1,9
BRDA:128,21,0,9
BRDA:128,21,1,9
BRDA:148,22,0,11
BRDA:148,22,1,7
BRDA:149,23,0,7
BRDA:149,23,1,7
BRDA:150,24,0,5
BRDA:151,25,0,3
BRDA:159,26,0,2
BRDA:159,26,1,2
BRDA:164,27,0,2
BRF:45
BRH:40
end_of_record
TN:
SF:src/js/services/restService/onRequestEnd.ts
FN:15,(anonymous_0)
FN:18,onRequestStartFn
FNF:2
FNH:2
FNDA:5,(anonymous_0)
FNDA:4,onRequestStartFn
DA:4,4
DA:15,4
DA:18,5
DA:19,4
DA:22,4
DA:23,3
DA:24,3
DA:25,1
DA:27,2
DA:33,3
DA:37,4
LF:11
LH:11
BRDA:22,0,0,3
BRDA:24,1,0,1
BRDA:24,1,1,2
BRDA:29,2,0,1
BRDA:29,2,1,1
BRF:5
BRH:5
end_of_record
TN:
SF:src/js/services/restService/onRequestStart.ts
FN:11,(anonymous_0)
FN:14,onRequestStartFn
FNF:2
FNH:2
FNDA:2,(anonymous_0)
FNDA:1,onRequestStartFn
DA:4,4
DA:11,4
DA:14,2
DA:15,1
DA:18,1
DA:21,4
LF:6
LH:6
BRF:0
BRH:0
end_of_record
TN:
SF:src/js/types/RiskAssessment.ts
FN:179,(anonymous_0)
FN:188,(anonymous_1)
FN:206,(anonymous_2)
FNF:3
FNH:3
FNDA:11,(anonymous_0)
FNDA:11,(anonymous_1)
FNDA:11,(anonymous_2)
DA:179,11
DA:180,11
DA:181,11
DA:182,11
DA:183,11
DA:184,11
DA:185,11
DA:188,11
DA:189,11
DA:190,11
DA:191,11
DA:192,11
DA:206,11
DA:207,11
DA:208,11
DA:209,11
DA:210,11
LF:17
LH:17
BRDA:179,0,0,11
BRDA:179,0,1,11
BRDA:188,1,0,11
BRDA:188,1,1,11
BRDA:206,2,0,11
BRDA:206,2,1,11
BRF:6
BRH:6
end_of_record
TN:
SF:src/js/types/google-maps.d.ts
FNF:0
FNH:0
LF:0
LH:0
BRF:0
BRH:0
end_of_record
TN:
SF:src/js/types/declarations/css.d.ts
FNF:0
FNH:0
LF:0
LH:0
BRF:0
BRH:0
end_of_record
TN:
SF:src/js/utils/fetchFCIWrapper.ts
FN:28,(anonymous_7)
FN:29,(anonymous_8)
FN:29,(anonymous_9)
FNF:3
FNH:3
FNDA:3,(anonymous_7)
FNDA:3,(anonymous_8)
FNDA:3,(anonymous_9)
DA:5,5
DA:6,5
DA:7,5
DA:28,5
DA:29,3
DA:30,3
DA:33,3
DA:36,3
DA:38,3
DA:39,3
DA:40,2
DA:42,1
DA:43,1
DA:46,3
DA:48,3
DA:49,1
DA:51,2
DA:56,3
DA:58,3
DA:61,2
DA:64,5
LF:21
LH:21
BRDA:40,0,0,2
BRDA:40,0,1,2
BRDA:48,1,0,1
BRDA:48,1,1,2
BRDA:52,2,0,2
BRDA:52,2,1,1
BRDA:58,3,0,1
BRF:7
BRH:7
end_of_record
TN:
SF:src/js/utils/investigation.ts
FN:8,(anonymous_7)
FN:26,(anonymous_8)
FN:30,(anonymous_9)
FN:30,(anonymous_10)
FNF:4
FNH:4
FNDA:258,(anonymous_7)
FNDA:1,(anonymous_8)
FNDA:1,(anonymous_9)
FNDA:6,(anonymous_10)
DA:8,6
DA:9,258
DA:26,6
DA:30,1
DA:31,6
LF:5
LH:5
BRDA:31,0,0,1
BRDA:31,0,1,5
BRF:2
BRH:2
end_of_record
TN:
SF:src/js/utils/investigationDataUtils.ts
FN:11,validateResponse
FN:57,processNetworkData
FN:81,(anonymous_10)
FN:94,(anonymous_11)
FN:113,processDeviceData
FN:146,(anonymous_13)
FN:152,(anonymous_14)
FN:158,(anonymous_15)
FN:198,(anonymous_16)
FN:225,processLogData
FN:245,(anonymous_18)
FN:256,(anonymous_19)
FN:262,(anonymous_20)
FN:278,processLocationData
FNF:14
FNH:12
FNDA:10,validateResponse
FNDA:1,processNetworkData
FNDA:1,(anonymous_10)
FNDA:1,(anonymous_11)
FNDA:3,processDeviceData
FNDA:0,(anonymous_13)
FNDA:0,(anonymous_14)
FNDA:1,(anonymous_15)
FNDA:1,(anonymous_16)
FNDA:3,processLogData
FNDA:1,(anonymous_18)
FNDA:1,(anonymous_19)
FNDA:1,(anonymous_20)
FNDA:2,processLocationData
DA:1,4
DA:2,4
DA:11,4
DA:12,10
DA:13,10
DA:14,1
DA:15,1
DA:16,1
DA:19,9
DA:21,2
DA:22,2
DA:24,2
DA:25,1
DA:26,1
DA:27,1
DA:29,7
DA:30,2
DA:31,1
DA:32,1
DA:34,5
DA:35,2
DA:36,1
DA:37,1
DA:39,3
DA:40,2
DA:41,1
DA:42,1
DA:45,1
DA:46,1
DA:49,4
DA:57,4
DA:58,1
DA:59,1
DA:60,1
DA:61,1
DA:69,0
DA:70,0
DA:71,0
DA:80,1
DA:81,1
DA:88,1
DA:94,1
DA:113,4
DA:114,3
DA:115,3
DA:116,1
DA:120,2
DA:121,0
DA:125,2
DA:126,0
DA:132,3
DA:133,3
DA:134,1
DA:138,2
DA:139,0
DA:146,3
DA:152,3
DA:157,3
DA:158,1
DA:167,3
DA:168,3
DA:169,2
DA:170,2
DA:171,2
DA:172,2
DA:174,1
DA:176,0
DA:177,0
DA:179,0
DA:181,2
DA:187,3
DA:198,1
DA:225,4
DA:226,3
DA:227,3
DA:228,2
DA:232,1
DA:233,0
DA:238,3
DA:239,3
DA:240,0
DA:241,3
DA:242,2
DA:244,3
DA:245,1
DA:252,3
DA:257,1
DA:262,1
DA:278,4
DA:279,2
DA:280,2
DA:281,1
DA:286,2
DA:293,2
LF:94
LH:83
BRDA:13,0,0,1
BRDA:19,1,0,2
BRDA:19,1,1,7
BRDA:21,2,0,2
BRDA:21,2,1,0
BRDA:21,2,2,0
BRDA:22,3,0,2
BRDA:22,3,1,1
BRDA:22,3,2,1
BRDA:24,4,0,1
BRDA:24,5,0,2
BRDA:24,5,1,2
BRDA:29,6,0,2
BRDA:29,6,1,5
BRDA:30,7,0,1
BRDA:34,8,0,2
BRDA:34,8,1,3
BRDA:35,9,0,1
BRDA:35,10,0,2
BRDA:35,10,1,2
BRDA:35,10,2,1
BRDA:39,11,0,2
BRDA:39,11,1,1
BRDA:40,12,0,1
BRDA:59,13,0,1
BRDA:59,13,1,0
BRDA:59,14,0,0
BRDA:59,14,1,1
BRDA:59,15,0,1
BRDA:59,15,1,1
BRDA:63,16,0,1
BRDA:63,16,1,1
BRDA:64,17,0,1
BRDA:64,17,1,1
BRDA:69,18,0,0
BRDA:69,19,0,0
BRDA:69,19,1,0
BRDA:69,20,0,0
BRDA:69,20,1,0
BRDA:73,21,0,0
BRDA:73,21,1,0
BRDA:74,22,0,0
BRDA:74,22,1,0
BRDA:81,23,0,1
BRDA:81,23,1,0
BRDA:80,24,0,0
BRDA:80,24,1,1
BRDA:80,25,0,1
BRDA:80,25,1,1
BRDA:80,26,0,0
BRDA:80,26,1,1
BRDA:80,27,0,1
BRDA:80,27,1,1
BRDA:85,28,0,1
BRDA:85,28,1,0
BRDA:90,29,0,1
BRDA:90,29,1,0
BRDA:90,30,0,0
BRDA:90,30,1,1
BRDA:90,31,0,1
BRDA:90,31,1,1
BRDA:94,32,0,0
BRDA:94,32,1,1
BRDA:94,33,0,1
BRDA:94,33,1,1
BRDA:94,34,0,0
BRDA:94,34,1,1
BRDA:94,35,0,1
BRDA:94,35,1,1
BRDA:99,36,0,1
BRDA:99,36,1,0
BRDA:99,37,0,0
BRDA:99,37,1,1
BRDA:99,38,0,1
BRDA:99,38,1,1
BRDA:103,39,0,1
BRDA:103,39,1,0
BRDA:103,40,0,0
BRDA:103,40,1,1
BRDA:103,41,0,1
BRDA:103,41,1,1
BRDA:115,42,0,1
BRDA:115,42,1,2
BRDA:115,43,0,0
BRDA:115,43,1,3
BRDA:115,44,0,3
BRDA:115,44,1,3
BRDA:120,45,0,0
BRDA:120,45,1,2
BRDA:120,46,0,0
BRDA:120,46,1,2
BRDA:120,47,0,2
BRDA:120,47,1,2
BRDA:125,48,0,0
BRDA:125,49,0,0
BRDA:125,49,1,2
BRDA:125,50,0,2
BRDA:125,50,1,2
BRDA:133,51,0,1
BRDA:133,51,1,2
BRDA:133,52,0,0
BRDA:133,52,1,3
BRDA:133,53,0,3
BRDA:133,53,1,3
BRDA:138,54,0,0
BRDA:138,55,0,0
BRDA:138,55,1,2
BRDA:138,56,0,2
BRDA:138,56,1,2
BRDA:146,57,0,3
BRDA:146,57,1,3
BRDA:146,58,0,3
BRDA:146,58,1,0
BRDA:146,59,0,3
BRDA:146,59,1,3
BRDA:146,60,0,0
BRDA:146,60,1,3
BRDA:146,61,0,3
BRDA:146,61,1,3
BRDA:148,62,0,0
BRDA:148,62,1,0
BRDA:152,63,0,3
BRDA:152,63,1,3
BRDA:152,64,0,3
BRDA:152,64,1,0
BRDA:152,65,0,3
BRDA:152,65,1,3
BRDA:152,66,0,0
BRDA:152,66,1,3
BRDA:152,67,0,3
BRDA:152,67,1,3
BRDA:154,68,0,0
BRDA:154,68,1,0
BRDA:158,69,0,1
BRDA:158,69,1,2
BRDA:157,70,0,2
BRDA:157,70,1,1
BRDA:157,71,0,3
BRDA:157,71,1,3
BRDA:157,72,0,0
BRDA:157,72,1,3
BRDA:157,73,0,3
BRDA:157,73,1,3
BRDA:162,74,0,1
BRDA:162,74,1,0
BRDA:168,75,0,2
BRDA:168,76,0,0
BRDA:168,76,1,3
BRDA:168,77,0,3
BRDA:168,77,1,3
BRDA:170,78,0,2
BRDA:170,78,1,0
BRDA:176,79,0,0
BRDA:176,79,1,0
BRDA:176,80,0,0
BRDA:176,80,1,0
BRDA:194,81,0,1
BRDA:194,81,1,2
BRDA:194,82,0,0
BRDA:194,82,1,3
BRDA:194,83,0,3
BRDA:194,83,1,3
BRDA:198,84,0,2
BRDA:198,84,1,1
BRDA:198,85,0,3
BRDA:198,85,1,3
BRDA:198,86,0,0
BRDA:198,86,1,3
BRDA:198,87,0,3
BRDA:198,87,1,3
BRDA:203,88,0,0
BRDA:203,88,1,3
BRDA:203,89,0,0
BRDA:203,89,1,3
BRDA:203,90,0,3
BRDA:203,90,1,3
BRDA:208,91,0,3
BRDA:208,91,1,2
BRDA:208,92,0,0
BRDA:208,92,1,3
BRDA:208,93,0,3
BRDA:208,93,1,3
BRDA:212,94,0,0
BRDA:212,94,1,3
BRDA:212,95,0,3
BRDA:212,95,1,3
BRDA:213,96,0,0
BRDA:213,96,1,3
BRDA:213,97,0,0
BRDA:213,97,1,3
BRDA:213,98,0,3
BRDA:213,98,1,3
BRDA:214,99,0,0
BRDA:214,99,1,3
BRDA:214,100,0,3
BRDA:214,100,1,3
BRDA:215,101,0,0
BRDA:215,101,1,3
BRDA:215,102,0,3
BRDA:215,102,1,3
BRDA:216,103,0,0
BRDA:216,103,1,3
BRDA:216,104,0,3
BRDA:216,104,1,3
BRDA:227,105,0,2
BRDA:227,105,1,1
BRDA:227,106,0,0
BRDA:227,106,1,3
BRDA:227,107,0,3
BRDA:227,107,1,3
BRDA:232,108,0,0
BRDA:232,109,0,0
BRDA:232,109,1,1
BRDA:232,110,0,1
BRDA:232,110,1,1
BRDA:239,111,0,0
BRDA:239,111,1,3
BRDA:239,112,0,0
BRDA:239,112,1,3
BRDA:239,113,0,3
BRDA:239,113,1,3
BRDA:241,114,0,2
BRDA:241,115,0,0
BRDA:241,115,1,3
BRDA:241,116,0,3
BRDA:241,116,1,3
BRDA:245,117,0,1
BRDA:245,117,1,2
BRDA:244,118,0,2
BRDA:244,118,1,1
BRDA:244,119,0,3
BRDA:244,119,1,3
BRDA:244,120,0,0
BRDA:244,120,1,3
BRDA:244,121,0,3
BRDA:244,121,1,3
BRDA:249,122,0,1
BRDA:249,122,1,0
BRDA:254,123,0,3
BRDA:254,123,1,0
BRDA:256,124,0,2
BRDA:256,124,1,1
BRDA:256,125,0,3
BRDA:256,125,1,3
BRDA:256,126,0,2
BRDA:256,126,1,1
BRDA:256,127,0,3
BRDA:256,127,1,3
BRDA:259,128,0,2
BRDA:259,128,1,1
BRDA:259,129,0,3
BRDA:259,129,1,3
BRDA:260,130,0,2
BRDA:260,130,1,1
BRDA:260,131,0,3
BRDA:260,131,1,3
BRDA:262,132,0,2
BRDA:262,132,1,1
BRDA:262,133,0,3
BRDA:262,133,1,3
BRDA:262,134,0,0
BRDA:262,134,1,3
BRDA:262,135,0,3
BRDA:262,135,1,3
BRDA:268,136,0,3
BRDA:268,136,1,2
BRDA:268,137,0,0
BRDA:268,137,1,3
BRDA:268,138,0,3
BRDA:268,138,1,3
BRDA:280,139,0,1
BRDA:280,140,0,0
BRDA:280,140,1,2
BRDA:280,141,0,2
BRDA:280,141,1,2
BRDA:283,142,0,1
BRDA:283,142,1,0
BRDA:289,143,0,2
BRDA:289,143,1,1
BRDA:289,144,0,0
BRDA:289,144,1,2
BRDA:289,145,0,2
BRDA:289,145,1,2
BRDA:290,146,0,2
BRDA:290,146,1,1
BRDA:290,147,0,0
BRDA:290,147,1,2
BRDA:290,148,0,2
BRDA:290,148,1,2
BRDA:291,149,0,2
BRDA:291,149,1,1
BRDA:291,150,0,0
BRDA:291,150,1,2
BRDA:291,151,0,2
BRDA:291,151,1,2
BRF:295
BRH:219
end_of_record
TN:
SF:src/js/utils/investigationStepsConfig.ts
FN:64,createStep
FNF:1
FNH:1
FNDA:81,createStep
DA:1,4
DA:3,4
DA:42,4
DA:64,4
DA:74,81
LF:5
LH:5
BRDA:71,0,0,1
BRDA:72,1,0,80
BRF:2
BRH:2
end_of_record
TN:
SF:src/js/widgets/gaia/OlorinWidget.tsx
FN:23,(anonymous_8)
FN:23,(anonymous_9)
FN:35,getInvestigationIdFromUrl
FN:44,setInvestigationIdInUrl
FN:58,(anonymous_12)
FN:116,(anonymous_13)
FN:73,(anonymous_14)
FN:76,(anonymous_15)
FN:96,(anonymous_16)
FN:108,(anonymous_17)
FN:129,(anonymous_18)
FN:156,(anonymous_19)
FNF:12
FNH:11
FNDA:9,(anonymous_8)
FNDA:9,(anonymous_9)
FNDA:8,getInvestigationIdFromUrl
FNDA:8,setInvestigationIdInUrl
FNDA:22,(anonymous_12)
FNDA:0,(anonymous_13)
FNDA:9,(anonymous_14)
FNDA:9,(anonymous_15)
FNDA:3,(anonymous_16)
FNDA:3,(anonymous_17)
FNDA:9,(anonymous_18)
FNDA:1,(anonymous_19)
DA:1,3
DA:3,3
DA:4,3
DA:5,3
DA:6,3
DA:7,3
DA:8,3
DA:11,3
DA:12,3
DA:23,9
DA:24,9
DA:36,8
DA:37,8
DA:45,8
DA:46,8
DA:47,8
DA:48,8
DA:59,22
DA:60,22
DA:65,22
DA:66,22
DA:74,9
DA:76,9
DA:80,9
DA:86,9
DA:97,3
DA:109,3
DA:116,22
DA:117,0
DA:118,0
DA:130,9
DA:133,9
DA:134,9
DA:135,8
DA:136,8
DA:137,8
DA:138,8
DA:140,8
DA:143,9
DA:157,1
DA:159,1
DA:160,1
DA:161,1
DA:162,1
DA:164,0
DA:174,3
LF:46
LH:43
BRDA:134,0,0,8
BRDA:136,1,0,8
BRDA:147,2,0,9
BRDA:147,2,1,8
BRDA:150,3,0,9
BRDA:150,3,1,1
BRDA:157,4,0,1
BRDA:157,4,1,0
BRF:8
BRH:7
end_of_record
TN:
SF:src/js/widgets/gaia/HelpInfo.tsx
FN:42,(anonymous_1)
FN:58,(anonymous_2)
FN:63,(anonymous_3)
FN:77,(anonymous_4)
FNF:4
FNH:0
FNDA:0,(anonymous_1)
FNDA:0,(anonymous_2)
FNDA:0,(anonymous_3)
FNDA:0,(anonymous_4)
DA:1,0
DA:2,0
DA:3,0
DA:4,0
DA:7,0
DA:12,0
DA:16,0
DA:24,0
DA:29,0
DA:42,0
DA:43,0
DA:58,0
DA:59,0
DA:63,0
DA:77,0
DA:78,0
DA:147,0
LF:17
LH:0
BRF:0
BRH:0
end_of_record
TN:
SF:src/js/widgets/gaia/UserInfoForm.tsx
FN:39,(anonymous_7)
FN:61,(anonymous_8)
FN:84,(anonymous_9)
FN:97,(anonymous_10)
FN:125,(anonymous_11)
FN:156,(anonymous_12)
FN:185,(anonymous_13)
FN:195,(anonymous_14)
FNF:8
FNH:0
FNDA:0,(anonymous_7)
FNDA:0,(anonymous_8)
FNDA:0,(anonymous_9)
FNDA:0,(anonymous_10)
FNDA:0,(anonymous_11)
FNDA:0,(anonymous_12)
FNDA:0,(anonymous_13)
FNDA:0,(anonymous_14)
DA:1,0
DA:2,0
DA:3,0
DA:4,0
DA:5,0
DA:6,0
DA:9,0
DA:13,0
DA:17,0
DA:22,0
DA:39,0
DA:40,0
DA:41,0
DA:42,0
DA:43,0
DA:44,0
DA:45,0
DA:46,0
DA:52,0
DA:58,0
DA:61,0
DA:65,0
DA:72,0
DA:74,0
DA:76,0
DA:84,0
DA:86,0
DA:88,0
DA:90,0
DA:97,0
DA:103,0
DA:108,0
DA:111,0
DA:112,0
DA:114,0
DA:118,0
DA:125,0
DA:131,0
DA:141,0
DA:144,0
DA:147,0
DA:148,0
DA:156,0
DA:157,0
DA:159,0
DA:160,0
DA:164,0
DA:165,0
DA:166,0
DA:167,0
DA:170,0
DA:171,0
DA:172,0
DA:176,0
DA:177,0
DA:185,0
DA:186,0
DA:187,0
DA:195,0
DA:196,0
DA:197,0
DA:200,0
DA:233,0
LF:63
LH:0
BRDA:159,0,0,0
BRDA:170,1,0,0
BRDA:170,2,0,0
BRDA:170,2,1,0
BRDA:209,3,0,0
BRDA:209,3,1,0
BRDA:217,4,0,0
BRDA:217,4,1,0
BRDA:225,5,0,0
BRDA:225,5,1,0
BRDA:226,6,0,0
BRDA:226,6,1,0
BRF:12
BRH:0
end_of_record
