<?xml version="1.0" encoding="UTF-8"?>
<testsuites name="jest tests" tests="543" failures="42" errors="0" time="11.992">
  <testsuite name="CommentSidebar" errors="0" failures="1" skipped="0" timestamp="2025-06-03T18:34:11" time="3.847" tests="10">
    <testcase classname="CommentSidebar renders with minimal props and investigator role" name="CommentSidebar renders with minimal props and investigator role" time="0.035">
    </testcase>
    <testcase classname="CommentSidebar renders with policy role" name="CommentSidebar renders with policy role" time="0.014">
    </testcase>
    <testcase classname="CommentSidebar renders investigator comments" name="CommentSidebar renders investigator comments" time="0.01">
    </testcase>
    <testcase classname="CommentSidebar renders policy comments" name="CommentSidebar renders policy comments" time="0.008">
    </testcase>
    <testcase classname="CommentSidebar calls onClose when close button is clicked" name="CommentSidebar calls onClose when close button is clicked" time="0.01">
    </testcase>
    <testcase classname="CommentSidebar calls onCommentLogUpdateRequest when role is changed" name="CommentSidebar calls onCommentLogUpdateRequest when role is changed" time="0.008">
    </testcase>
    <testcase classname="CommentSidebar renders comment log with messages" name="CommentSidebar renders comment log with messages" time="0.008">
      <failure>Error: expect(received).toContain(expected) // indexOf

Expected substring: &quot;a:&quot;
Received string:    &quot;investigatorpolicy teaminvestigator commentssendcomment log for investigation id: inv-123investigator comment log6/3/2025 2:34:15 pma&quot;
    at Object.&lt;anonymous&gt; (/Users/gklainert/Documents/gaia-webplugin/test/unit/components/CommentSidebar.test.tsx:66:58)
    at Promise.then.completed (/Users/gklainert/.local/share/appf-tools/@appfabric/plugin-cli/v_gt__eq_4.0.0__lt_5.0.0_0/package/node_modules/jest-circus/build/utils.js:391:28)
    at new Promise (&lt;anonymous&gt;)
    at callAsyncCircusFn (/Users/gklainert/.local/share/appf-tools/@appfabric/plugin-cli/v_gt__eq_4.0.0__lt_5.0.0_0/package/node_modules/jest-circus/build/utils.js:316:10)
    at _callCircusTest (/Users/gklainert/.local/share/appf-tools/@appfabric/plugin-cli/v_gt__eq_4.0.0__lt_5.0.0_0/package/node_modules/jest-circus/build/run.js:218:40)
    at _runTest (/Users/gklainert/.local/share/appf-tools/@appfabric/plugin-cli/v_gt__eq_4.0.0__lt_5.0.0_0/package/node_modules/jest-circus/build/run.js:155:3)
    at _runTestsForDescribeBlock (/Users/gklainert/.local/share/appf-tools/@appfabric/plugin-cli/v_gt__eq_4.0.0__lt_5.0.0_0/package/node_modules/jest-circus/build/run.js:66:9)
    at _runTestsForDescribeBlock (/Users/gklainert/.local/share/appf-tools/@appfabric/plugin-cli/v_gt__eq_4.0.0__lt_5.0.0_0/package/node_modules/jest-circus/build/run.js:60:9)
    at run (/Users/gklainert/.local/share/appf-tools/@appfabric/plugin-cli/v_gt__eq_4.0.0__lt_5.0.0_0/package/node_modules/jest-circus/build/run.js:25:3)
    at runAndTransformResultsToJestFormat (/Users/gklainert/.local/share/appf-tools/@appfabric/plugin-cli/v_gt__eq_4.0.0__lt_5.0.0_0/package/node_modules/jest-circus/build/legacy-code-todo-rewrite/jestAdapterInit.js:170:21)
    at jestAdapter (/Users/gklainert/.local/share/appf-tools/@appfabric/plugin-cli/v_gt__eq_4.0.0__lt_5.0.0_0/package/node_modules/jest-circus/build/legacy-code-todo-rewrite/jestAdapter.js:82:19)
    at runTestInternal (/Users/gklainert/.local/share/appf-tools/@appfabric/plugin-cli/v_gt__eq_4.0.0__lt_5.0.0_0/package/node_modules/jest-runner/build/runTest.js:389:16)
    at runTest (/Users/gklainert/.local/share/appf-tools/@appfabric/plugin-cli/v_gt__eq_4.0.0__lt_5.0.0_0/package/node_modules/jest-runner/build/runTest.js:475:34)
    at Object.worker (/Users/gklainert/.local/share/appf-tools/@appfabric/plugin-cli/v_gt__eq_4.0.0__lt_5.0.0_0/package/node_modules/jest-runner/build/testWorker.js:133:12)</failure>
    </testcase>
    <testcase classname="CommentSidebar renders with special characters in comments" name="CommentSidebar renders with special characters in comments" time="0.005">
    </testcase>
    <testcase classname="CommentSidebar renders with long comment log" name="CommentSidebar renders with long comment log" time="0.006">
    </testcase>
    <testcase classname="CommentSidebar renders nothing when isOpen is false" name="CommentSidebar renders nothing when isOpen is false" time="0.006">
    </testcase>
  </testsuite>
  <testsuite name="LocationMap" errors="0" failures="9" skipped="0" timestamp="2025-06-03T18:34:11" time="3.865" tests="9">
    <testcase classname="LocationMap renders error if no API key" name="LocationMap renders error if no API key" time="0.05">
      <failure>Error: Invalid hook call. Hooks can only be called inside of the body of a function component. This could happen for one of the following reasons:
1. You might have mismatching versions of React and the renderer (such as React DOM)
2. You might be breaking the Rules of Hooks
3. You might have more than one copy of React in the same app
See https://reactjs.org/link/invalid-hook-call for tips about how to debug and fix this problem.
    at resolveDispatcher (/Users/gklainert/Documents/gaia-webplugin/node_modules/react/cjs/react.development.js:1476:13)
    at useRef (/Users/gklainert/Documents/gaia-webplugin/node_modules/react/cjs/react.development.js:1515:20)
    at LocationMap (/Users/gklainert/Documents/gaia-webplugin/src/js/components/LocationMap.tsx:28:24)
    at renderWithHooks (/Users/gklainert/Documents/gaia-webplugin/node_modules/react-dom/cjs/react-dom.development.js:14985:18)
    at mountIndeterminateComponent (/Users/gklainert/Documents/gaia-webplugin/node_modules/react-dom/cjs/react-dom.development.js:17811:13)
    at beginWork (/Users/gklainert/Documents/gaia-webplugin/node_modules/react-dom/cjs/react-dom.development.js:19049:16)
    at HTMLUnknownElement.callCallback (/Users/gklainert/Documents/gaia-webplugin/node_modules/react-dom/cjs/react-dom.development.js:3945:14)
    at HTMLUnknownElement.callTheUserObjectsOperation (/Users/gklainert/Documents/gaia-webplugin/node_modules/jsdom/lib/jsdom/living/generated/EventListener.js:26:30)
    at innerInvokeEventListeners (/Users/gklainert/Documents/gaia-webplugin/node_modules/jsdom/lib/jsdom/living/events/EventTarget-impl.js:338:25)
    at invokeEventListeners (/Users/gklainert/Documents/gaia-webplugin/node_modules/jsdom/lib/jsdom/living/events/EventTarget-impl.js:274:3)
    at HTMLUnknownElementImpl._dispatch (/Users/gklainert/Documents/gaia-webplugin/node_modules/jsdom/lib/jsdom/living/events/EventTarget-impl.js:221:9)
    at HTMLUnknownElementImpl.dispatchEvent (/Users/gklainert/Documents/gaia-webplugin/node_modules/jsdom/lib/jsdom/living/events/EventTarget-impl.js:94:17)
    at HTMLUnknownElement.dispatchEvent (/Users/gklainert/Documents/gaia-webplugin/node_modules/jsdom/lib/jsdom/living/generated/EventTarget.js:231:34)
    at Object.invokeGuardedCallbackDev (/Users/gklainert/Documents/gaia-webplugin/node_modules/react-dom/cjs/react-dom.development.js:3994:16)
    at invokeGuardedCallback (/Users/gklainert/Documents/gaia-webplugin/node_modules/react-dom/cjs/react-dom.development.js:4056:31)
    at beginWork$1 (/Users/gklainert/Documents/gaia-webplugin/node_modules/react-dom/cjs/react-dom.development.js:23964:7)
    at performUnitOfWork (/Users/gklainert/Documents/gaia-webplugin/node_modules/react-dom/cjs/react-dom.development.js:22779:12)
    at workLoopSync (/Users/gklainert/Documents/gaia-webplugin/node_modules/react-dom/cjs/react-dom.development.js:22707:5)
    at renderRootSync (/Users/gklainert/Documents/gaia-webplugin/node_modules/react-dom/cjs/react-dom.development.js:22670:7)
    at performSyncWorkOnRoot (/Users/gklainert/Documents/gaia-webplugin/node_modules/react-dom/cjs/react-dom.development.js:22293:18)
    at scheduleUpdateOnFiber (/Users/gklainert/Documents/gaia-webplugin/node_modules/react-dom/cjs/react-dom.development.js:21881:7)
    at updateContainer (/Users/gklainert/Documents/gaia-webplugin/node_modules/react-dom/cjs/react-dom.development.js:25482:3)
    at /Users/gklainert/Documents/gaia-webplugin/node_modules/react-dom/cjs/react-dom.development.js:26021:7
    at unbatchedUpdates (/Users/gklainert/Documents/gaia-webplugin/node_modules/react-dom/cjs/react-dom.development.js:22431:12)
    at legacyRenderSubtreeIntoContainer (/Users/gklainert/Documents/gaia-webplugin/node_modules/react-dom/cjs/react-dom.development.js:26020:5)
    at Object.render (/Users/gklainert/Documents/gaia-webplugin/node_modules/react-dom/cjs/react-dom.development.js:26103:10)
    at /Users/gklainert/Documents/gaia-webplugin/node_modules/@testing-library/react/dist/pure.js:100:25
    at batchedUpdates$1 (/Users/gklainert/Documents/gaia-webplugin/node_modules/react-dom/cjs/react-dom.development.js:22380:12)
    at act (/Users/gklainert/Documents/gaia-webplugin/node_modules/react-dom/cjs/react-dom-test-utils.development.js:1042:14)
    at render (/Users/gklainert/Documents/gaia-webplugin/node_modules/@testing-library/react/dist/pure.js:96:26)
    at Object.&lt;anonymous&gt; (/Users/gklainert/Documents/gaia-webplugin/test/unit/components/LocationMap.test.tsx:17:33)
    at Promise.then.completed (/Users/gklainert/.local/share/appf-tools/@appfabric/plugin-cli/v_gt__eq_4.0.0__lt_5.0.0_0/package/node_modules/jest-circus/build/utils.js:391:28)
    at new Promise (&lt;anonymous&gt;)
    at callAsyncCircusFn (/Users/gklainert/.local/share/appf-tools/@appfabric/plugin-cli/v_gt__eq_4.0.0__lt_5.0.0_0/package/node_modules/jest-circus/build/utils.js:316:10)
    at _callCircusTest (/Users/gklainert/.local/share/appf-tools/@appfabric/plugin-cli/v_gt__eq_4.0.0__lt_5.0.0_0/package/node_modules/jest-circus/build/run.js:218:40)
    at processTicksAndRejections (node:internal/process/task_queues:95:5)
    at _runTest (/Users/gklainert/.local/share/appf-tools/@appfabric/plugin-cli/v_gt__eq_4.0.0__lt_5.0.0_0/package/node_modules/jest-circus/build/run.js:155:3)
    at _runTestsForDescribeBlock (/Users/gklainert/.local/share/appf-tools/@appfabric/plugin-cli/v_gt__eq_4.0.0__lt_5.0.0_0/package/node_modules/jest-circus/build/run.js:66:9)
    at _runTestsForDescribeBlock (/Users/gklainert/.local/share/appf-tools/@appfabric/plugin-cli/v_gt__eq_4.0.0__lt_5.0.0_0/package/node_modules/jest-circus/build/run.js:60:9)
    at run (/Users/gklainert/.local/share/appf-tools/@appfabric/plugin-cli/v_gt__eq_4.0.0__lt_5.0.0_0/package/node_modules/jest-circus/build/run.js:25:3)
    at runAndTransformResultsToJestFormat (/Users/gklainert/.local/share/appf-tools/@appfabric/plugin-cli/v_gt__eq_4.0.0__lt_5.0.0_0/package/node_modules/jest-circus/build/legacy-code-todo-rewrite/jestAdapterInit.js:170:21)
    at jestAdapter (/Users/gklainert/.local/share/appf-tools/@appfabric/plugin-cli/v_gt__eq_4.0.0__lt_5.0.0_0/package/node_modules/jest-circus/build/legacy-code-todo-rewrite/jestAdapter.js:82:19)
    at runTestInternal (/Users/gklainert/.local/share/appf-tools/@appfabric/plugin-cli/v_gt__eq_4.0.0__lt_5.0.0_0/package/node_modules/jest-runner/build/runTest.js:389:16)
    at runTest (/Users/gklainert/.local/share/appf-tools/@appfabric/plugin-cli/v_gt__eq_4.0.0__lt_5.0.0_0/package/node_modules/jest-runner/build/runTest.js:475:34)
    at Object.worker (/Users/gklainert/.local/share/appf-tools/@appfabric/plugin-cli/v_gt__eq_4.0.0__lt_5.0.0_0/package/node_modules/jest-runner/build/testWorker.js:133:12)</failure>
    </testcase>
    <testcase classname="LocationMap renders error if no valid locations" name="LocationMap renders error if no valid locations" time="0.014">
      <failure>Error: Invalid hook call. Hooks can only be called inside of the body of a function component. This could happen for one of the following reasons:
1. You might have mismatching versions of React and the renderer (such as React DOM)
2. You might be breaking the Rules of Hooks
3. You might have more than one copy of React in the same app
See https://reactjs.org/link/invalid-hook-call for tips about how to debug and fix this problem.
    at resolveDispatcher (/Users/gklainert/Documents/gaia-webplugin/node_modules/react/cjs/react.development.js:1476:13)
    at useRef (/Users/gklainert/Documents/gaia-webplugin/node_modules/react/cjs/react.development.js:1515:20)
    at LocationMap (/Users/gklainert/Documents/gaia-webplugin/src/js/components/LocationMap.tsx:28:24)
    at renderWithHooks (/Users/gklainert/Documents/gaia-webplugin/node_modules/react-dom/cjs/react-dom.development.js:14985:18)
    at mountIndeterminateComponent (/Users/gklainert/Documents/gaia-webplugin/node_modules/react-dom/cjs/react-dom.development.js:17811:13)
    at beginWork (/Users/gklainert/Documents/gaia-webplugin/node_modules/react-dom/cjs/react-dom.development.js:19049:16)
    at HTMLUnknownElement.callCallback (/Users/gklainert/Documents/gaia-webplugin/node_modules/react-dom/cjs/react-dom.development.js:3945:14)
    at HTMLUnknownElement.callTheUserObjectsOperation (/Users/gklainert/Documents/gaia-webplugin/node_modules/jsdom/lib/jsdom/living/generated/EventListener.js:26:30)
    at innerInvokeEventListeners (/Users/gklainert/Documents/gaia-webplugin/node_modules/jsdom/lib/jsdom/living/events/EventTarget-impl.js:338:25)
    at invokeEventListeners (/Users/gklainert/Documents/gaia-webplugin/node_modules/jsdom/lib/jsdom/living/events/EventTarget-impl.js:274:3)
    at HTMLUnknownElementImpl._dispatch (/Users/gklainert/Documents/gaia-webplugin/node_modules/jsdom/lib/jsdom/living/events/EventTarget-impl.js:221:9)
    at HTMLUnknownElementImpl.dispatchEvent (/Users/gklainert/Documents/gaia-webplugin/node_modules/jsdom/lib/jsdom/living/events/EventTarget-impl.js:94:17)
    at HTMLUnknownElement.dispatchEvent (/Users/gklainert/Documents/gaia-webplugin/node_modules/jsdom/lib/jsdom/living/generated/EventTarget.js:231:34)
    at Object.invokeGuardedCallbackDev (/Users/gklainert/Documents/gaia-webplugin/node_modules/react-dom/cjs/react-dom.development.js:3994:16)
    at invokeGuardedCallback (/Users/gklainert/Documents/gaia-webplugin/node_modules/react-dom/cjs/react-dom.development.js:4056:31)
    at beginWork$1 (/Users/gklainert/Documents/gaia-webplugin/node_modules/react-dom/cjs/react-dom.development.js:23964:7)
    at performUnitOfWork (/Users/gklainert/Documents/gaia-webplugin/node_modules/react-dom/cjs/react-dom.development.js:22779:12)
    at workLoopSync (/Users/gklainert/Documents/gaia-webplugin/node_modules/react-dom/cjs/react-dom.development.js:22707:5)
    at renderRootSync (/Users/gklainert/Documents/gaia-webplugin/node_modules/react-dom/cjs/react-dom.development.js:22670:7)
    at performSyncWorkOnRoot (/Users/gklainert/Documents/gaia-webplugin/node_modules/react-dom/cjs/react-dom.development.js:22293:18)
    at scheduleUpdateOnFiber (/Users/gklainert/Documents/gaia-webplugin/node_modules/react-dom/cjs/react-dom.development.js:21881:7)
    at updateContainer (/Users/gklainert/Documents/gaia-webplugin/node_modules/react-dom/cjs/react-dom.development.js:25482:3)
    at /Users/gklainert/Documents/gaia-webplugin/node_modules/react-dom/cjs/react-dom.development.js:26021:7
    at unbatchedUpdates (/Users/gklainert/Documents/gaia-webplugin/node_modules/react-dom/cjs/react-dom.development.js:22431:12)
    at legacyRenderSubtreeIntoContainer (/Users/gklainert/Documents/gaia-webplugin/node_modules/react-dom/cjs/react-dom.development.js:26020:5)
    at Object.render (/Users/gklainert/Documents/gaia-webplugin/node_modules/react-dom/cjs/react-dom.development.js:26103:10)
    at /Users/gklainert/Documents/gaia-webplugin/node_modules/@testing-library/react/dist/pure.js:100:25
    at batchedUpdates$1 (/Users/gklainert/Documents/gaia-webplugin/node_modules/react-dom/cjs/react-dom.development.js:22380:12)
    at act (/Users/gklainert/Documents/gaia-webplugin/node_modules/react-dom/cjs/react-dom-test-utils.development.js:1042:14)
    at render (/Users/gklainert/Documents/gaia-webplugin/node_modules/@testing-library/react/dist/pure.js:96:26)
    at Object.&lt;anonymous&gt; (/Users/gklainert/Documents/gaia-webplugin/test/unit/components/LocationMap.test.tsx:24:33)
    at Promise.then.completed (/Users/gklainert/.local/share/appf-tools/@appfabric/plugin-cli/v_gt__eq_4.0.0__lt_5.0.0_0/package/node_modules/jest-circus/build/utils.js:391:28)
    at new Promise (&lt;anonymous&gt;)
    at callAsyncCircusFn (/Users/gklainert/.local/share/appf-tools/@appfabric/plugin-cli/v_gt__eq_4.0.0__lt_5.0.0_0/package/node_modules/jest-circus/build/utils.js:316:10)
    at _callCircusTest (/Users/gklainert/.local/share/appf-tools/@appfabric/plugin-cli/v_gt__eq_4.0.0__lt_5.0.0_0/package/node_modules/jest-circus/build/run.js:218:40)
    at _runTest (/Users/gklainert/.local/share/appf-tools/@appfabric/plugin-cli/v_gt__eq_4.0.0__lt_5.0.0_0/package/node_modules/jest-circus/build/run.js:155:3)
    at _runTestsForDescribeBlock (/Users/gklainert/.local/share/appf-tools/@appfabric/plugin-cli/v_gt__eq_4.0.0__lt_5.0.0_0/package/node_modules/jest-circus/build/run.js:66:9)
    at _runTestsForDescribeBlock (/Users/gklainert/.local/share/appf-tools/@appfabric/plugin-cli/v_gt__eq_4.0.0__lt_5.0.0_0/package/node_modules/jest-circus/build/run.js:60:9)
    at run (/Users/gklainert/.local/share/appf-tools/@appfabric/plugin-cli/v_gt__eq_4.0.0__lt_5.0.0_0/package/node_modules/jest-circus/build/run.js:25:3)
    at runAndTransformResultsToJestFormat (/Users/gklainert/.local/share/appf-tools/@appfabric/plugin-cli/v_gt__eq_4.0.0__lt_5.0.0_0/package/node_modules/jest-circus/build/legacy-code-todo-rewrite/jestAdapterInit.js:170:21)
    at jestAdapter (/Users/gklainert/.local/share/appf-tools/@appfabric/plugin-cli/v_gt__eq_4.0.0__lt_5.0.0_0/package/node_modules/jest-circus/build/legacy-code-todo-rewrite/jestAdapter.js:82:19)
    at runTestInternal (/Users/gklainert/.local/share/appf-tools/@appfabric/plugin-cli/v_gt__eq_4.0.0__lt_5.0.0_0/package/node_modules/jest-runner/build/runTest.js:389:16)
    at runTest (/Users/gklainert/.local/share/appf-tools/@appfabric/plugin-cli/v_gt__eq_4.0.0__lt_5.0.0_0/package/node_modules/jest-runner/build/runTest.js:475:34)
    at Object.worker (/Users/gklainert/.local/share/appf-tools/@appfabric/plugin-cli/v_gt__eq_4.0.0__lt_5.0.0_0/package/node_modules/jest-runner/build/testWorker.js:133:12)</failure>
    </testcase>
    <testcase classname="LocationMap renders map and legend for valid locations" name="LocationMap renders map and legend for valid locations" time="0.009">
      <failure>Error: Invalid hook call. Hooks can only be called inside of the body of a function component. This could happen for one of the following reasons:
1. You might have mismatching versions of React and the renderer (such as React DOM)
2. You might be breaking the Rules of Hooks
3. You might have more than one copy of React in the same app
See https://reactjs.org/link/invalid-hook-call for tips about how to debug and fix this problem.
    at resolveDispatcher (/Users/gklainert/Documents/gaia-webplugin/node_modules/react/cjs/react.development.js:1476:13)
    at useRef (/Users/gklainert/Documents/gaia-webplugin/node_modules/react/cjs/react.development.js:1515:20)
    at LocationMap (/Users/gklainert/Documents/gaia-webplugin/src/js/components/LocationMap.tsx:28:24)
    at renderWithHooks (/Users/gklainert/Documents/gaia-webplugin/node_modules/react-dom/cjs/react-dom.development.js:14985:18)
    at mountIndeterminateComponent (/Users/gklainert/Documents/gaia-webplugin/node_modules/react-dom/cjs/react-dom.development.js:17811:13)
    at beginWork (/Users/gklainert/Documents/gaia-webplugin/node_modules/react-dom/cjs/react-dom.development.js:19049:16)
    at HTMLUnknownElement.callCallback (/Users/gklainert/Documents/gaia-webplugin/node_modules/react-dom/cjs/react-dom.development.js:3945:14)
    at HTMLUnknownElement.callTheUserObjectsOperation (/Users/gklainert/Documents/gaia-webplugin/node_modules/jsdom/lib/jsdom/living/generated/EventListener.js:26:30)
    at innerInvokeEventListeners (/Users/gklainert/Documents/gaia-webplugin/node_modules/jsdom/lib/jsdom/living/events/EventTarget-impl.js:338:25)
    at invokeEventListeners (/Users/gklainert/Documents/gaia-webplugin/node_modules/jsdom/lib/jsdom/living/events/EventTarget-impl.js:274:3)
    at HTMLUnknownElementImpl._dispatch (/Users/gklainert/Documents/gaia-webplugin/node_modules/jsdom/lib/jsdom/living/events/EventTarget-impl.js:221:9)
    at HTMLUnknownElementImpl.dispatchEvent (/Users/gklainert/Documents/gaia-webplugin/node_modules/jsdom/lib/jsdom/living/events/EventTarget-impl.js:94:17)
    at HTMLUnknownElement.dispatchEvent (/Users/gklainert/Documents/gaia-webplugin/node_modules/jsdom/lib/jsdom/living/generated/EventTarget.js:231:34)
    at Object.invokeGuardedCallbackDev (/Users/gklainert/Documents/gaia-webplugin/node_modules/react-dom/cjs/react-dom.development.js:3994:16)
    at invokeGuardedCallback (/Users/gklainert/Documents/gaia-webplugin/node_modules/react-dom/cjs/react-dom.development.js:4056:31)
    at beginWork$1 (/Users/gklainert/Documents/gaia-webplugin/node_modules/react-dom/cjs/react-dom.development.js:23964:7)
    at performUnitOfWork (/Users/gklainert/Documents/gaia-webplugin/node_modules/react-dom/cjs/react-dom.development.js:22779:12)
    at workLoopSync (/Users/gklainert/Documents/gaia-webplugin/node_modules/react-dom/cjs/react-dom.development.js:22707:5)
    at renderRootSync (/Users/gklainert/Documents/gaia-webplugin/node_modules/react-dom/cjs/react-dom.development.js:22670:7)
    at performSyncWorkOnRoot (/Users/gklainert/Documents/gaia-webplugin/node_modules/react-dom/cjs/react-dom.development.js:22293:18)
    at scheduleUpdateOnFiber (/Users/gklainert/Documents/gaia-webplugin/node_modules/react-dom/cjs/react-dom.development.js:21881:7)
    at updateContainer (/Users/gklainert/Documents/gaia-webplugin/node_modules/react-dom/cjs/react-dom.development.js:25482:3)
    at /Users/gklainert/Documents/gaia-webplugin/node_modules/react-dom/cjs/react-dom.development.js:26021:7
    at unbatchedUpdates (/Users/gklainert/Documents/gaia-webplugin/node_modules/react-dom/cjs/react-dom.development.js:22431:12)
    at legacyRenderSubtreeIntoContainer (/Users/gklainert/Documents/gaia-webplugin/node_modules/react-dom/cjs/react-dom.development.js:26020:5)
    at Object.render (/Users/gklainert/Documents/gaia-webplugin/node_modules/react-dom/cjs/react-dom.development.js:26103:10)
    at /Users/gklainert/Documents/gaia-webplugin/node_modules/@testing-library/react/dist/pure.js:100:25
    at batchedUpdates$1 (/Users/gklainert/Documents/gaia-webplugin/node_modules/react-dom/cjs/react-dom.development.js:22380:12)
    at act (/Users/gklainert/Documents/gaia-webplugin/node_modules/react-dom/cjs/react-dom-test-utils.development.js:1042:14)
    at render (/Users/gklainert/Documents/gaia-webplugin/node_modules/@testing-library/react/dist/pure.js:96:26)
    at /Users/gklainert/Documents/gaia-webplugin/test/unit/components/LocationMap.test.tsx:59:11
    at Generator.next (&lt;anonymous&gt;)
    at /Users/gklainert/Documents/gaia-webplugin/test/unit/components/LocationMap.test.tsx:8:71
    at new Promise (&lt;anonymous&gt;)
    at Object.&lt;anonymous&gt;.__awaiter (/Users/gklainert/Documents/gaia-webplugin/test/unit/components/LocationMap.test.tsx:4:12)
    at Object.&lt;anonymous&gt; (/Users/gklainert/Documents/gaia-webplugin/test/unit/components/LocationMap.test.tsx:28:63)
    at Promise.then.completed (/Users/gklainert/.local/share/appf-tools/@appfabric/plugin-cli/v_gt__eq_4.0.0__lt_5.0.0_0/package/node_modules/jest-circus/build/utils.js:391:28)
    at new Promise (&lt;anonymous&gt;)
    at callAsyncCircusFn (/Users/gklainert/.local/share/appf-tools/@appfabric/plugin-cli/v_gt__eq_4.0.0__lt_5.0.0_0/package/node_modules/jest-circus/build/utils.js:316:10)
    at _callCircusTest (/Users/gklainert/.local/share/appf-tools/@appfabric/plugin-cli/v_gt__eq_4.0.0__lt_5.0.0_0/package/node_modules/jest-circus/build/run.js:218:40)
    at _runTest (/Users/gklainert/.local/share/appf-tools/@appfabric/plugin-cli/v_gt__eq_4.0.0__lt_5.0.0_0/package/node_modules/jest-circus/build/run.js:155:3)
    at _runTestsForDescribeBlock (/Users/gklainert/.local/share/appf-tools/@appfabric/plugin-cli/v_gt__eq_4.0.0__lt_5.0.0_0/package/node_modules/jest-circus/build/run.js:66:9)
    at _runTestsForDescribeBlock (/Users/gklainert/.local/share/appf-tools/@appfabric/plugin-cli/v_gt__eq_4.0.0__lt_5.0.0_0/package/node_modules/jest-circus/build/run.js:60:9)
    at run (/Users/gklainert/.local/share/appf-tools/@appfabric/plugin-cli/v_gt__eq_4.0.0__lt_5.0.0_0/package/node_modules/jest-circus/build/run.js:25:3)
    at runAndTransformResultsToJestFormat (/Users/gklainert/.local/share/appf-tools/@appfabric/plugin-cli/v_gt__eq_4.0.0__lt_5.0.0_0/package/node_modules/jest-circus/build/legacy-code-todo-rewrite/jestAdapterInit.js:170:21)
    at jestAdapter (/Users/gklainert/.local/share/appf-tools/@appfabric/plugin-cli/v_gt__eq_4.0.0__lt_5.0.0_0/package/node_modules/jest-circus/build/legacy-code-todo-rewrite/jestAdapter.js:82:19)
    at runTestInternal (/Users/gklainert/.local/share/appf-tools/@appfabric/plugin-cli/v_gt__eq_4.0.0__lt_5.0.0_0/package/node_modules/jest-runner/build/runTest.js:389:16)
    at runTest (/Users/gklainert/.local/share/appf-tools/@appfabric/plugin-cli/v_gt__eq_4.0.0__lt_5.0.0_0/package/node_modules/jest-runner/build/runTest.js:475:34)
    at Object.worker (/Users/gklainert/.local/share/appf-tools/@appfabric/plugin-cli/v_gt__eq_4.0.0__lt_5.0.0_0/package/node_modules/jest-runner/build/testWorker.js:133:12)</failure>
    </testcase>
    <testcase classname="LocationMap shows InvalidKey error message" name="LocationMap shows InvalidKey error message" time="0.005">
      <failure>Error: Invalid hook call. Hooks can only be called inside of the body of a function component. This could happen for one of the following reasons:
1. You might have mismatching versions of React and the renderer (such as React DOM)
2. You might be breaking the Rules of Hooks
3. You might have more than one copy of React in the same app
See https://reactjs.org/link/invalid-hook-call for tips about how to debug and fix this problem.
    at resolveDispatcher (/Users/gklainert/Documents/gaia-webplugin/node_modules/react/cjs/react.development.js:1476:13)
    at useRef (/Users/gklainert/Documents/gaia-webplugin/node_modules/react/cjs/react.development.js:1515:20)
    at LocationMap (/Users/gklainert/Documents/gaia-webplugin/src/js/components/LocationMap.tsx:28:24)
    at renderWithHooks (/Users/gklainert/Documents/gaia-webplugin/node_modules/react-dom/cjs/react-dom.development.js:14985:18)
    at mountIndeterminateComponent (/Users/gklainert/Documents/gaia-webplugin/node_modules/react-dom/cjs/react-dom.development.js:17811:13)
    at beginWork (/Users/gklainert/Documents/gaia-webplugin/node_modules/react-dom/cjs/react-dom.development.js:19049:16)
    at HTMLUnknownElement.callCallback (/Users/gklainert/Documents/gaia-webplugin/node_modules/react-dom/cjs/react-dom.development.js:3945:14)
    at HTMLUnknownElement.callTheUserObjectsOperation (/Users/gklainert/Documents/gaia-webplugin/node_modules/jsdom/lib/jsdom/living/generated/EventListener.js:26:30)
    at innerInvokeEventListeners (/Users/gklainert/Documents/gaia-webplugin/node_modules/jsdom/lib/jsdom/living/events/EventTarget-impl.js:338:25)
    at invokeEventListeners (/Users/gklainert/Documents/gaia-webplugin/node_modules/jsdom/lib/jsdom/living/events/EventTarget-impl.js:274:3)
    at HTMLUnknownElementImpl._dispatch (/Users/gklainert/Documents/gaia-webplugin/node_modules/jsdom/lib/jsdom/living/events/EventTarget-impl.js:221:9)
    at HTMLUnknownElementImpl.dispatchEvent (/Users/gklainert/Documents/gaia-webplugin/node_modules/jsdom/lib/jsdom/living/events/EventTarget-impl.js:94:17)
    at HTMLUnknownElement.dispatchEvent (/Users/gklainert/Documents/gaia-webplugin/node_modules/jsdom/lib/jsdom/living/generated/EventTarget.js:231:34)
    at Object.invokeGuardedCallbackDev (/Users/gklainert/Documents/gaia-webplugin/node_modules/react-dom/cjs/react-dom.development.js:3994:16)
    at invokeGuardedCallback (/Users/gklainert/Documents/gaia-webplugin/node_modules/react-dom/cjs/react-dom.development.js:4056:31)
    at beginWork$1 (/Users/gklainert/Documents/gaia-webplugin/node_modules/react-dom/cjs/react-dom.development.js:23964:7)
    at performUnitOfWork (/Users/gklainert/Documents/gaia-webplugin/node_modules/react-dom/cjs/react-dom.development.js:22779:12)
    at workLoopSync (/Users/gklainert/Documents/gaia-webplugin/node_modules/react-dom/cjs/react-dom.development.js:22707:5)
    at renderRootSync (/Users/gklainert/Documents/gaia-webplugin/node_modules/react-dom/cjs/react-dom.development.js:22670:7)
    at performSyncWorkOnRoot (/Users/gklainert/Documents/gaia-webplugin/node_modules/react-dom/cjs/react-dom.development.js:22293:18)
    at scheduleUpdateOnFiber (/Users/gklainert/Documents/gaia-webplugin/node_modules/react-dom/cjs/react-dom.development.js:21881:7)
    at updateContainer (/Users/gklainert/Documents/gaia-webplugin/node_modules/react-dom/cjs/react-dom.development.js:25482:3)
    at /Users/gklainert/Documents/gaia-webplugin/node_modules/react-dom/cjs/react-dom.development.js:26021:7
    at unbatchedUpdates (/Users/gklainert/Documents/gaia-webplugin/node_modules/react-dom/cjs/react-dom.development.js:22431:12)
    at legacyRenderSubtreeIntoContainer (/Users/gklainert/Documents/gaia-webplugin/node_modules/react-dom/cjs/react-dom.development.js:26020:5)
    at Object.render (/Users/gklainert/Documents/gaia-webplugin/node_modules/react-dom/cjs/react-dom.development.js:26103:10)
    at /Users/gklainert/Documents/gaia-webplugin/node_modules/@testing-library/react/dist/pure.js:100:25
    at batchedUpdates$1 (/Users/gklainert/Documents/gaia-webplugin/node_modules/react-dom/cjs/react-dom.development.js:22380:12)
    at act (/Users/gklainert/Documents/gaia-webplugin/node_modules/react-dom/cjs/react-dom-test-utils.development.js:1042:14)
    at render (/Users/gklainert/Documents/gaia-webplugin/node_modules/@testing-library/react/dist/pure.js:96:26)
    at /Users/gklainert/Documents/gaia-webplugin/test/unit/components/LocationMap.test.tsx:76:34
    at Generator.next (&lt;anonymous&gt;)
    at /Users/gklainert/Documents/gaia-webplugin/test/unit/components/LocationMap.test.tsx:8:71
    at new Promise (&lt;anonymous&gt;)
    at Object.&lt;anonymous&gt;.__awaiter (/Users/gklainert/Documents/gaia-webplugin/test/unit/components/LocationMap.test.tsx:4:12)
    at Object.&lt;anonymous&gt; (/Users/gklainert/Documents/gaia-webplugin/test/unit/components/LocationMap.test.tsx:68:51)
    at Promise.then.completed (/Users/gklainert/.local/share/appf-tools/@appfabric/plugin-cli/v_gt__eq_4.0.0__lt_5.0.0_0/package/node_modules/jest-circus/build/utils.js:391:28)
    at new Promise (&lt;anonymous&gt;)
    at callAsyncCircusFn (/Users/gklainert/.local/share/appf-tools/@appfabric/plugin-cli/v_gt__eq_4.0.0__lt_5.0.0_0/package/node_modules/jest-circus/build/utils.js:316:10)
    at _callCircusTest (/Users/gklainert/.local/share/appf-tools/@appfabric/plugin-cli/v_gt__eq_4.0.0__lt_5.0.0_0/package/node_modules/jest-circus/build/run.js:218:40)
    at _runTest (/Users/gklainert/.local/share/appf-tools/@appfabric/plugin-cli/v_gt__eq_4.0.0__lt_5.0.0_0/package/node_modules/jest-circus/build/run.js:155:3)
    at _runTestsForDescribeBlock (/Users/gklainert/.local/share/appf-tools/@appfabric/plugin-cli/v_gt__eq_4.0.0__lt_5.0.0_0/package/node_modules/jest-circus/build/run.js:66:9)
    at _runTestsForDescribeBlock (/Users/gklainert/.local/share/appf-tools/@appfabric/plugin-cli/v_gt__eq_4.0.0__lt_5.0.0_0/package/node_modules/jest-circus/build/run.js:60:9)
    at run (/Users/gklainert/.local/share/appf-tools/@appfabric/plugin-cli/v_gt__eq_4.0.0__lt_5.0.0_0/package/node_modules/jest-circus/build/run.js:25:3)
    at runAndTransformResultsToJestFormat (/Users/gklainert/.local/share/appf-tools/@appfabric/plugin-cli/v_gt__eq_4.0.0__lt_5.0.0_0/package/node_modules/jest-circus/build/legacy-code-todo-rewrite/jestAdapterInit.js:170:21)
    at jestAdapter (/Users/gklainert/.local/share/appf-tools/@appfabric/plugin-cli/v_gt__eq_4.0.0__lt_5.0.0_0/package/node_modules/jest-circus/build/legacy-code-todo-rewrite/jestAdapter.js:82:19)
    at runTestInternal (/Users/gklainert/.local/share/appf-tools/@appfabric/plugin-cli/v_gt__eq_4.0.0__lt_5.0.0_0/package/node_modules/jest-runner/build/runTest.js:389:16)
    at runTest (/Users/gklainert/.local/share/appf-tools/@appfabric/plugin-cli/v_gt__eq_4.0.0__lt_5.0.0_0/package/node_modules/jest-runner/build/runTest.js:475:34)
    at Object.worker (/Users/gklainert/.local/share/appf-tools/@appfabric/plugin-cli/v_gt__eq_4.0.0__lt_5.0.0_0/package/node_modules/jest-runner/build/testWorker.js:133:12)</failure>
    </testcase>
    <testcase classname="LocationMap shows RefererNotAllowedMapError error message" name="LocationMap shows RefererNotAllowedMapError error message" time="0.004">
      <failure>Error: Invalid hook call. Hooks can only be called inside of the body of a function component. This could happen for one of the following reasons:
1. You might have mismatching versions of React and the renderer (such as React DOM)
2. You might be breaking the Rules of Hooks
3. You might have more than one copy of React in the same app
See https://reactjs.org/link/invalid-hook-call for tips about how to debug and fix this problem.
    at resolveDispatcher (/Users/gklainert/Documents/gaia-webplugin/node_modules/react/cjs/react.development.js:1476:13)
    at useRef (/Users/gklainert/Documents/gaia-webplugin/node_modules/react/cjs/react.development.js:1515:20)
    at LocationMap (/Users/gklainert/Documents/gaia-webplugin/src/js/components/LocationMap.tsx:28:24)
    at renderWithHooks (/Users/gklainert/Documents/gaia-webplugin/node_modules/react-dom/cjs/react-dom.development.js:14985:18)
    at mountIndeterminateComponent (/Users/gklainert/Documents/gaia-webplugin/node_modules/react-dom/cjs/react-dom.development.js:17811:13)
    at beginWork (/Users/gklainert/Documents/gaia-webplugin/node_modules/react-dom/cjs/react-dom.development.js:19049:16)
    at HTMLUnknownElement.callCallback (/Users/gklainert/Documents/gaia-webplugin/node_modules/react-dom/cjs/react-dom.development.js:3945:14)
    at HTMLUnknownElement.callTheUserObjectsOperation (/Users/gklainert/Documents/gaia-webplugin/node_modules/jsdom/lib/jsdom/living/generated/EventListener.js:26:30)
    at innerInvokeEventListeners (/Users/gklainert/Documents/gaia-webplugin/node_modules/jsdom/lib/jsdom/living/events/EventTarget-impl.js:338:25)
    at invokeEventListeners (/Users/gklainert/Documents/gaia-webplugin/node_modules/jsdom/lib/jsdom/living/events/EventTarget-impl.js:274:3)
    at HTMLUnknownElementImpl._dispatch (/Users/gklainert/Documents/gaia-webplugin/node_modules/jsdom/lib/jsdom/living/events/EventTarget-impl.js:221:9)
    at HTMLUnknownElementImpl.dispatchEvent (/Users/gklainert/Documents/gaia-webplugin/node_modules/jsdom/lib/jsdom/living/events/EventTarget-impl.js:94:17)
    at HTMLUnknownElement.dispatchEvent (/Users/gklainert/Documents/gaia-webplugin/node_modules/jsdom/lib/jsdom/living/generated/EventTarget.js:231:34)
    at Object.invokeGuardedCallbackDev (/Users/gklainert/Documents/gaia-webplugin/node_modules/react-dom/cjs/react-dom.development.js:3994:16)
    at invokeGuardedCallback (/Users/gklainert/Documents/gaia-webplugin/node_modules/react-dom/cjs/react-dom.development.js:4056:31)
    at beginWork$1 (/Users/gklainert/Documents/gaia-webplugin/node_modules/react-dom/cjs/react-dom.development.js:23964:7)
    at performUnitOfWork (/Users/gklainert/Documents/gaia-webplugin/node_modules/react-dom/cjs/react-dom.development.js:22779:12)
    at workLoopSync (/Users/gklainert/Documents/gaia-webplugin/node_modules/react-dom/cjs/react-dom.development.js:22707:5)
    at renderRootSync (/Users/gklainert/Documents/gaia-webplugin/node_modules/react-dom/cjs/react-dom.development.js:22670:7)
    at performSyncWorkOnRoot (/Users/gklainert/Documents/gaia-webplugin/node_modules/react-dom/cjs/react-dom.development.js:22293:18)
    at scheduleUpdateOnFiber (/Users/gklainert/Documents/gaia-webplugin/node_modules/react-dom/cjs/react-dom.development.js:21881:7)
    at updateContainer (/Users/gklainert/Documents/gaia-webplugin/node_modules/react-dom/cjs/react-dom.development.js:25482:3)
    at /Users/gklainert/Documents/gaia-webplugin/node_modules/react-dom/cjs/react-dom.development.js:26021:7
    at unbatchedUpdates (/Users/gklainert/Documents/gaia-webplugin/node_modules/react-dom/cjs/react-dom.development.js:22431:12)
    at legacyRenderSubtreeIntoContainer (/Users/gklainert/Documents/gaia-webplugin/node_modules/react-dom/cjs/react-dom.development.js:26020:5)
    at Object.render (/Users/gklainert/Documents/gaia-webplugin/node_modules/react-dom/cjs/react-dom.development.js:26103:10)
    at /Users/gklainert/Documents/gaia-webplugin/node_modules/@testing-library/react/dist/pure.js:100:25
    at batchedUpdates$1 (/Users/gklainert/Documents/gaia-webplugin/node_modules/react-dom/cjs/react-dom.development.js:22380:12)
    at act (/Users/gklainert/Documents/gaia-webplugin/node_modules/react-dom/cjs/react-dom-test-utils.development.js:1042:14)
    at render (/Users/gklainert/Documents/gaia-webplugin/node_modules/@testing-library/react/dist/pure.js:96:26)
    at /Users/gklainert/Documents/gaia-webplugin/test/unit/components/LocationMap.test.tsx:88:34
    at Generator.next (&lt;anonymous&gt;)
    at /Users/gklainert/Documents/gaia-webplugin/test/unit/components/LocationMap.test.tsx:8:71
    at new Promise (&lt;anonymous&gt;)
    at Object.&lt;anonymous&gt;.__awaiter (/Users/gklainert/Documents/gaia-webplugin/test/unit/components/LocationMap.test.tsx:4:12)
    at Object.&lt;anonymous&gt; (/Users/gklainert/Documents/gaia-webplugin/test/unit/components/LocationMap.test.tsx:80:66)
    at Promise.then.completed (/Users/gklainert/.local/share/appf-tools/@appfabric/plugin-cli/v_gt__eq_4.0.0__lt_5.0.0_0/package/node_modules/jest-circus/build/utils.js:391:28)
    at new Promise (&lt;anonymous&gt;)
    at callAsyncCircusFn (/Users/gklainert/.local/share/appf-tools/@appfabric/plugin-cli/v_gt__eq_4.0.0__lt_5.0.0_0/package/node_modules/jest-circus/build/utils.js:316:10)
    at _callCircusTest (/Users/gklainert/.local/share/appf-tools/@appfabric/plugin-cli/v_gt__eq_4.0.0__lt_5.0.0_0/package/node_modules/jest-circus/build/run.js:218:40)
    at _runTest (/Users/gklainert/.local/share/appf-tools/@appfabric/plugin-cli/v_gt__eq_4.0.0__lt_5.0.0_0/package/node_modules/jest-circus/build/run.js:155:3)
    at _runTestsForDescribeBlock (/Users/gklainert/.local/share/appf-tools/@appfabric/plugin-cli/v_gt__eq_4.0.0__lt_5.0.0_0/package/node_modules/jest-circus/build/run.js:66:9)
    at _runTestsForDescribeBlock (/Users/gklainert/.local/share/appf-tools/@appfabric/plugin-cli/v_gt__eq_4.0.0__lt_5.0.0_0/package/node_modules/jest-circus/build/run.js:60:9)
    at run (/Users/gklainert/.local/share/appf-tools/@appfabric/plugin-cli/v_gt__eq_4.0.0__lt_5.0.0_0/package/node_modules/jest-circus/build/run.js:25:3)
    at runAndTransformResultsToJestFormat (/Users/gklainert/.local/share/appf-tools/@appfabric/plugin-cli/v_gt__eq_4.0.0__lt_5.0.0_0/package/node_modules/jest-circus/build/legacy-code-todo-rewrite/jestAdapterInit.js:170:21)
    at jestAdapter (/Users/gklainert/.local/share/appf-tools/@appfabric/plugin-cli/v_gt__eq_4.0.0__lt_5.0.0_0/package/node_modules/jest-circus/build/legacy-code-todo-rewrite/jestAdapter.js:82:19)
    at runTestInternal (/Users/gklainert/.local/share/appf-tools/@appfabric/plugin-cli/v_gt__eq_4.0.0__lt_5.0.0_0/package/node_modules/jest-runner/build/runTest.js:389:16)
    at runTest (/Users/gklainert/.local/share/appf-tools/@appfabric/plugin-cli/v_gt__eq_4.0.0__lt_5.0.0_0/package/node_modules/jest-runner/build/runTest.js:475:34)
    at Object.worker (/Users/gklainert/.local/share/appf-tools/@appfabric/plugin-cli/v_gt__eq_4.0.0__lt_5.0.0_0/package/node_modules/jest-runner/build/testWorker.js:133:12)</failure>
    </testcase>
    <testcase classname="LocationMap shows generic error message for unknown error" name="LocationMap shows generic error message for unknown error" time="0.003">
      <failure>Error: Invalid hook call. Hooks can only be called inside of the body of a function component. This could happen for one of the following reasons:
1. You might have mismatching versions of React and the renderer (such as React DOM)
2. You might be breaking the Rules of Hooks
3. You might have more than one copy of React in the same app
See https://reactjs.org/link/invalid-hook-call for tips about how to debug and fix this problem.
    at resolveDispatcher (/Users/gklainert/Documents/gaia-webplugin/node_modules/react/cjs/react.development.js:1476:13)
    at useRef (/Users/gklainert/Documents/gaia-webplugin/node_modules/react/cjs/react.development.js:1515:20)
    at LocationMap (/Users/gklainert/Documents/gaia-webplugin/src/js/components/LocationMap.tsx:28:24)
    at renderWithHooks (/Users/gklainert/Documents/gaia-webplugin/node_modules/react-dom/cjs/react-dom.development.js:14985:18)
    at mountIndeterminateComponent (/Users/gklainert/Documents/gaia-webplugin/node_modules/react-dom/cjs/react-dom.development.js:17811:13)
    at beginWork (/Users/gklainert/Documents/gaia-webplugin/node_modules/react-dom/cjs/react-dom.development.js:19049:16)
    at HTMLUnknownElement.callCallback (/Users/gklainert/Documents/gaia-webplugin/node_modules/react-dom/cjs/react-dom.development.js:3945:14)
    at HTMLUnknownElement.callTheUserObjectsOperation (/Users/gklainert/Documents/gaia-webplugin/node_modules/jsdom/lib/jsdom/living/generated/EventListener.js:26:30)
    at innerInvokeEventListeners (/Users/gklainert/Documents/gaia-webplugin/node_modules/jsdom/lib/jsdom/living/events/EventTarget-impl.js:338:25)
    at invokeEventListeners (/Users/gklainert/Documents/gaia-webplugin/node_modules/jsdom/lib/jsdom/living/events/EventTarget-impl.js:274:3)
    at HTMLUnknownElementImpl._dispatch (/Users/gklainert/Documents/gaia-webplugin/node_modules/jsdom/lib/jsdom/living/events/EventTarget-impl.js:221:9)
    at HTMLUnknownElementImpl.dispatchEvent (/Users/gklainert/Documents/gaia-webplugin/node_modules/jsdom/lib/jsdom/living/events/EventTarget-impl.js:94:17)
    at HTMLUnknownElement.dispatchEvent (/Users/gklainert/Documents/gaia-webplugin/node_modules/jsdom/lib/jsdom/living/generated/EventTarget.js:231:34)
    at Object.invokeGuardedCallbackDev (/Users/gklainert/Documents/gaia-webplugin/node_modules/react-dom/cjs/react-dom.development.js:3994:16)
    at invokeGuardedCallback (/Users/gklainert/Documents/gaia-webplugin/node_modules/react-dom/cjs/react-dom.development.js:4056:31)
    at beginWork$1 (/Users/gklainert/Documents/gaia-webplugin/node_modules/react-dom/cjs/react-dom.development.js:23964:7)
    at performUnitOfWork (/Users/gklainert/Documents/gaia-webplugin/node_modules/react-dom/cjs/react-dom.development.js:22779:12)
    at workLoopSync (/Users/gklainert/Documents/gaia-webplugin/node_modules/react-dom/cjs/react-dom.development.js:22707:5)
    at renderRootSync (/Users/gklainert/Documents/gaia-webplugin/node_modules/react-dom/cjs/react-dom.development.js:22670:7)
    at performSyncWorkOnRoot (/Users/gklainert/Documents/gaia-webplugin/node_modules/react-dom/cjs/react-dom.development.js:22293:18)
    at scheduleUpdateOnFiber (/Users/gklainert/Documents/gaia-webplugin/node_modules/react-dom/cjs/react-dom.development.js:21881:7)
    at updateContainer (/Users/gklainert/Documents/gaia-webplugin/node_modules/react-dom/cjs/react-dom.development.js:25482:3)
    at /Users/gklainert/Documents/gaia-webplugin/node_modules/react-dom/cjs/react-dom.development.js:26021:7
    at unbatchedUpdates (/Users/gklainert/Documents/gaia-webplugin/node_modules/react-dom/cjs/react-dom.development.js:22431:12)
    at legacyRenderSubtreeIntoContainer (/Users/gklainert/Documents/gaia-webplugin/node_modules/react-dom/cjs/react-dom.development.js:26020:5)
    at Object.render (/Users/gklainert/Documents/gaia-webplugin/node_modules/react-dom/cjs/react-dom.development.js:26103:10)
    at /Users/gklainert/Documents/gaia-webplugin/node_modules/@testing-library/react/dist/pure.js:100:25
    at batchedUpdates$1 (/Users/gklainert/Documents/gaia-webplugin/node_modules/react-dom/cjs/react-dom.development.js:22380:12)
    at act (/Users/gklainert/Documents/gaia-webplugin/node_modules/react-dom/cjs/react-dom-test-utils.development.js:1042:14)
    at render (/Users/gklainert/Documents/gaia-webplugin/node_modules/@testing-library/react/dist/pure.js:96:26)
    at /Users/gklainert/Documents/gaia-webplugin/test/unit/components/LocationMap.test.tsx:100:34
    at Generator.next (&lt;anonymous&gt;)
    at /Users/gklainert/Documents/gaia-webplugin/test/unit/components/LocationMap.test.tsx:8:71
    at new Promise (&lt;anonymous&gt;)
    at Object.&lt;anonymous&gt;.__awaiter (/Users/gklainert/Documents/gaia-webplugin/test/unit/components/LocationMap.test.tsx:4:12)
    at Object.&lt;anonymous&gt; (/Users/gklainert/Documents/gaia-webplugin/test/unit/components/LocationMap.test.tsx:92:66)
    at Promise.then.completed (/Users/gklainert/.local/share/appf-tools/@appfabric/plugin-cli/v_gt__eq_4.0.0__lt_5.0.0_0/package/node_modules/jest-circus/build/utils.js:391:28)
    at new Promise (&lt;anonymous&gt;)
    at callAsyncCircusFn (/Users/gklainert/.local/share/appf-tools/@appfabric/plugin-cli/v_gt__eq_4.0.0__lt_5.0.0_0/package/node_modules/jest-circus/build/utils.js:316:10)
    at _callCircusTest (/Users/gklainert/.local/share/appf-tools/@appfabric/plugin-cli/v_gt__eq_4.0.0__lt_5.0.0_0/package/node_modules/jest-circus/build/run.js:218:40)
    at _runTest (/Users/gklainert/.local/share/appf-tools/@appfabric/plugin-cli/v_gt__eq_4.0.0__lt_5.0.0_0/package/node_modules/jest-circus/build/run.js:155:3)
    at _runTestsForDescribeBlock (/Users/gklainert/.local/share/appf-tools/@appfabric/plugin-cli/v_gt__eq_4.0.0__lt_5.0.0_0/package/node_modules/jest-circus/build/run.js:66:9)
    at _runTestsForDescribeBlock (/Users/gklainert/.local/share/appf-tools/@appfabric/plugin-cli/v_gt__eq_4.0.0__lt_5.0.0_0/package/node_modules/jest-circus/build/run.js:60:9)
    at run (/Users/gklainert/.local/share/appf-tools/@appfabric/plugin-cli/v_gt__eq_4.0.0__lt_5.0.0_0/package/node_modules/jest-circus/build/run.js:25:3)
    at runAndTransformResultsToJestFormat (/Users/gklainert/.local/share/appf-tools/@appfabric/plugin-cli/v_gt__eq_4.0.0__lt_5.0.0_0/package/node_modules/jest-circus/build/legacy-code-todo-rewrite/jestAdapterInit.js:170:21)
    at jestAdapter (/Users/gklainert/.local/share/appf-tools/@appfabric/plugin-cli/v_gt__eq_4.0.0__lt_5.0.0_0/package/node_modules/jest-circus/build/legacy-code-todo-rewrite/jestAdapter.js:82:19)
    at runTestInternal (/Users/gklainert/.local/share/appf-tools/@appfabric/plugin-cli/v_gt__eq_4.0.0__lt_5.0.0_0/package/node_modules/jest-runner/build/runTest.js:389:16)
    at runTest (/Users/gklainert/.local/share/appf-tools/@appfabric/plugin-cli/v_gt__eq_4.0.0__lt_5.0.0_0/package/node_modules/jest-runner/build/runTest.js:475:34)
    at Object.worker (/Users/gklainert/.local/share/appf-tools/@appfabric/plugin-cli/v_gt__eq_4.0.0__lt_5.0.0_0/package/node_modules/jest-runner/build/testWorker.js:133:12)</failure>
    </testcase>
    <testcase classname="LocationMap uses defaultProps for center and zoom" name="LocationMap uses defaultProps for center and zoom" time="0.008">
      <failure>Error: Invalid hook call. Hooks can only be called inside of the body of a function component. This could happen for one of the following reasons:
1. You might have mismatching versions of React and the renderer (such as React DOM)
2. You might be breaking the Rules of Hooks
3. You might have more than one copy of React in the same app
See https://reactjs.org/link/invalid-hook-call for tips about how to debug and fix this problem.
    at resolveDispatcher (/Users/gklainert/Documents/gaia-webplugin/node_modules/react/cjs/react.development.js:1476:13)
    at useRef (/Users/gklainert/Documents/gaia-webplugin/node_modules/react/cjs/react.development.js:1515:20)
    at LocationMap (/Users/gklainert/Documents/gaia-webplugin/src/js/components/LocationMap.tsx:28:24)
    at renderWithHooks (/Users/gklainert/Documents/gaia-webplugin/node_modules/react-dom/cjs/react-dom.development.js:14985:18)
    at mountIndeterminateComponent (/Users/gklainert/Documents/gaia-webplugin/node_modules/react-dom/cjs/react-dom.development.js:17811:13)
    at beginWork (/Users/gklainert/Documents/gaia-webplugin/node_modules/react-dom/cjs/react-dom.development.js:19049:16)
    at HTMLUnknownElement.callCallback (/Users/gklainert/Documents/gaia-webplugin/node_modules/react-dom/cjs/react-dom.development.js:3945:14)
    at HTMLUnknownElement.callTheUserObjectsOperation (/Users/gklainert/Documents/gaia-webplugin/node_modules/jsdom/lib/jsdom/living/generated/EventListener.js:26:30)
    at innerInvokeEventListeners (/Users/gklainert/Documents/gaia-webplugin/node_modules/jsdom/lib/jsdom/living/events/EventTarget-impl.js:338:25)
    at invokeEventListeners (/Users/gklainert/Documents/gaia-webplugin/node_modules/jsdom/lib/jsdom/living/events/EventTarget-impl.js:274:3)
    at HTMLUnknownElementImpl._dispatch (/Users/gklainert/Documents/gaia-webplugin/node_modules/jsdom/lib/jsdom/living/events/EventTarget-impl.js:221:9)
    at HTMLUnknownElementImpl.dispatchEvent (/Users/gklainert/Documents/gaia-webplugin/node_modules/jsdom/lib/jsdom/living/events/EventTarget-impl.js:94:17)
    at HTMLUnknownElement.dispatchEvent (/Users/gklainert/Documents/gaia-webplugin/node_modules/jsdom/lib/jsdom/living/generated/EventTarget.js:231:34)
    at Object.invokeGuardedCallbackDev (/Users/gklainert/Documents/gaia-webplugin/node_modules/react-dom/cjs/react-dom.development.js:3994:16)
    at invokeGuardedCallback (/Users/gklainert/Documents/gaia-webplugin/node_modules/react-dom/cjs/react-dom.development.js:4056:31)
    at beginWork$1 (/Users/gklainert/Documents/gaia-webplugin/node_modules/react-dom/cjs/react-dom.development.js:23964:7)
    at performUnitOfWork (/Users/gklainert/Documents/gaia-webplugin/node_modules/react-dom/cjs/react-dom.development.js:22779:12)
    at workLoopSync (/Users/gklainert/Documents/gaia-webplugin/node_modules/react-dom/cjs/react-dom.development.js:22707:5)
    at renderRootSync (/Users/gklainert/Documents/gaia-webplugin/node_modules/react-dom/cjs/react-dom.development.js:22670:7)
    at performSyncWorkOnRoot (/Users/gklainert/Documents/gaia-webplugin/node_modules/react-dom/cjs/react-dom.development.js:22293:18)
    at scheduleUpdateOnFiber (/Users/gklainert/Documents/gaia-webplugin/node_modules/react-dom/cjs/react-dom.development.js:21881:7)
    at updateContainer (/Users/gklainert/Documents/gaia-webplugin/node_modules/react-dom/cjs/react-dom.development.js:25482:3)
    at /Users/gklainert/Documents/gaia-webplugin/node_modules/react-dom/cjs/react-dom.development.js:26021:7
    at unbatchedUpdates (/Users/gklainert/Documents/gaia-webplugin/node_modules/react-dom/cjs/react-dom.development.js:22431:12)
    at legacyRenderSubtreeIntoContainer (/Users/gklainert/Documents/gaia-webplugin/node_modules/react-dom/cjs/react-dom.development.js:26020:5)
    at Object.render (/Users/gklainert/Documents/gaia-webplugin/node_modules/react-dom/cjs/react-dom.development.js:26103:10)
    at /Users/gklainert/Documents/gaia-webplugin/node_modules/@testing-library/react/dist/pure.js:100:25
    at batchedUpdates$1 (/Users/gklainert/Documents/gaia-webplugin/node_modules/react-dom/cjs/react-dom.development.js:22380:12)
    at act (/Users/gklainert/Documents/gaia-webplugin/node_modules/react-dom/cjs/react-dom-test-utils.development.js:1042:14)
    at render (/Users/gklainert/Documents/gaia-webplugin/node_modules/@testing-library/react/dist/pure.js:96:26)
    at /Users/gklainert/Documents/gaia-webplugin/test/unit/components/LocationMap.test.tsx:131:11
    at Generator.next (&lt;anonymous&gt;)
    at /Users/gklainert/Documents/gaia-webplugin/test/unit/components/LocationMap.test.tsx:8:71
    at new Promise (&lt;anonymous&gt;)
    at Object.&lt;anonymous&gt;.__awaiter (/Users/gklainert/Documents/gaia-webplugin/test/unit/components/LocationMap.test.tsx:4:12)
    at Object.&lt;anonymous&gt; (/Users/gklainert/Documents/gaia-webplugin/test/unit/components/LocationMap.test.tsx:104:58)
    at Promise.then.completed (/Users/gklainert/.local/share/appf-tools/@appfabric/plugin-cli/v_gt__eq_4.0.0__lt_5.0.0_0/package/node_modules/jest-circus/build/utils.js:391:28)
    at new Promise (&lt;anonymous&gt;)
    at callAsyncCircusFn (/Users/gklainert/.local/share/appf-tools/@appfabric/plugin-cli/v_gt__eq_4.0.0__lt_5.0.0_0/package/node_modules/jest-circus/build/utils.js:316:10)
    at _callCircusTest (/Users/gklainert/.local/share/appf-tools/@appfabric/plugin-cli/v_gt__eq_4.0.0__lt_5.0.0_0/package/node_modules/jest-circus/build/run.js:218:40)
    at _runTest (/Users/gklainert/.local/share/appf-tools/@appfabric/plugin-cli/v_gt__eq_4.0.0__lt_5.0.0_0/package/node_modules/jest-circus/build/run.js:155:3)
    at _runTestsForDescribeBlock (/Users/gklainert/.local/share/appf-tools/@appfabric/plugin-cli/v_gt__eq_4.0.0__lt_5.0.0_0/package/node_modules/jest-circus/build/run.js:66:9)
    at _runTestsForDescribeBlock (/Users/gklainert/.local/share/appf-tools/@appfabric/plugin-cli/v_gt__eq_4.0.0__lt_5.0.0_0/package/node_modules/jest-circus/build/run.js:60:9)
    at run (/Users/gklainert/.local/share/appf-tools/@appfabric/plugin-cli/v_gt__eq_4.0.0__lt_5.0.0_0/package/node_modules/jest-circus/build/run.js:25:3)
    at runAndTransformResultsToJestFormat (/Users/gklainert/.local/share/appf-tools/@appfabric/plugin-cli/v_gt__eq_4.0.0__lt_5.0.0_0/package/node_modules/jest-circus/build/legacy-code-todo-rewrite/jestAdapterInit.js:170:21)
    at jestAdapter (/Users/gklainert/.local/share/appf-tools/@appfabric/plugin-cli/v_gt__eq_4.0.0__lt_5.0.0_0/package/node_modules/jest-circus/build/legacy-code-todo-rewrite/jestAdapter.js:82:19)
    at runTestInternal (/Users/gklainert/.local/share/appf-tools/@appfabric/plugin-cli/v_gt__eq_4.0.0__lt_5.0.0_0/package/node_modules/jest-runner/build/runTest.js:389:16)
    at runTest (/Users/gklainert/.local/share/appf-tools/@appfabric/plugin-cli/v_gt__eq_4.0.0__lt_5.0.0_0/package/node_modules/jest-runner/build/runTest.js:475:34)
    at Object.worker (/Users/gklainert/.local/share/appf-tools/@appfabric/plugin-cli/v_gt__eq_4.0.0__lt_5.0.0_0/package/node_modules/jest-runner/build/testWorker.js:133:12)</failure>
    </testcase>
    <testcase classname="LocationMap triggers info window on marker click" name="LocationMap triggers info window on marker click" time="0.004">
      <failure>Error: Invalid hook call. Hooks can only be called inside of the body of a function component. This could happen for one of the following reasons:
1. You might have mismatching versions of React and the renderer (such as React DOM)
2. You might be breaking the Rules of Hooks
3. You might have more than one copy of React in the same app
See https://reactjs.org/link/invalid-hook-call for tips about how to debug and fix this problem.
    at resolveDispatcher (/Users/gklainert/Documents/gaia-webplugin/node_modules/react/cjs/react.development.js:1476:13)
    at useRef (/Users/gklainert/Documents/gaia-webplugin/node_modules/react/cjs/react.development.js:1515:20)
    at LocationMap (/Users/gklainert/Documents/gaia-webplugin/src/js/components/LocationMap.tsx:28:24)
    at renderWithHooks (/Users/gklainert/Documents/gaia-webplugin/node_modules/react-dom/cjs/react-dom.development.js:14985:18)
    at mountIndeterminateComponent (/Users/gklainert/Documents/gaia-webplugin/node_modules/react-dom/cjs/react-dom.development.js:17811:13)
    at beginWork (/Users/gklainert/Documents/gaia-webplugin/node_modules/react-dom/cjs/react-dom.development.js:19049:16)
    at HTMLUnknownElement.callCallback (/Users/gklainert/Documents/gaia-webplugin/node_modules/react-dom/cjs/react-dom.development.js:3945:14)
    at HTMLUnknownElement.callTheUserObjectsOperation (/Users/gklainert/Documents/gaia-webplugin/node_modules/jsdom/lib/jsdom/living/generated/EventListener.js:26:30)
    at innerInvokeEventListeners (/Users/gklainert/Documents/gaia-webplugin/node_modules/jsdom/lib/jsdom/living/events/EventTarget-impl.js:338:25)
    at invokeEventListeners (/Users/gklainert/Documents/gaia-webplugin/node_modules/jsdom/lib/jsdom/living/events/EventTarget-impl.js:274:3)
    at HTMLUnknownElementImpl._dispatch (/Users/gklainert/Documents/gaia-webplugin/node_modules/jsdom/lib/jsdom/living/events/EventTarget-impl.js:221:9)
    at HTMLUnknownElementImpl.dispatchEvent (/Users/gklainert/Documents/gaia-webplugin/node_modules/jsdom/lib/jsdom/living/events/EventTarget-impl.js:94:17)
    at HTMLUnknownElement.dispatchEvent (/Users/gklainert/Documents/gaia-webplugin/node_modules/jsdom/lib/jsdom/living/generated/EventTarget.js:231:34)
    at Object.invokeGuardedCallbackDev (/Users/gklainert/Documents/gaia-webplugin/node_modules/react-dom/cjs/react-dom.development.js:3994:16)
    at invokeGuardedCallback (/Users/gklainert/Documents/gaia-webplugin/node_modules/react-dom/cjs/react-dom.development.js:4056:31)
    at beginWork$1 (/Users/gklainert/Documents/gaia-webplugin/node_modules/react-dom/cjs/react-dom.development.js:23964:7)
    at performUnitOfWork (/Users/gklainert/Documents/gaia-webplugin/node_modules/react-dom/cjs/react-dom.development.js:22779:12)
    at workLoopSync (/Users/gklainert/Documents/gaia-webplugin/node_modules/react-dom/cjs/react-dom.development.js:22707:5)
    at renderRootSync (/Users/gklainert/Documents/gaia-webplugin/node_modules/react-dom/cjs/react-dom.development.js:22670:7)
    at performSyncWorkOnRoot (/Users/gklainert/Documents/gaia-webplugin/node_modules/react-dom/cjs/react-dom.development.js:22293:18)
    at scheduleUpdateOnFiber (/Users/gklainert/Documents/gaia-webplugin/node_modules/react-dom/cjs/react-dom.development.js:21881:7)
    at updateContainer (/Users/gklainert/Documents/gaia-webplugin/node_modules/react-dom/cjs/react-dom.development.js:25482:3)
    at /Users/gklainert/Documents/gaia-webplugin/node_modules/react-dom/cjs/react-dom.development.js:26021:7
    at unbatchedUpdates (/Users/gklainert/Documents/gaia-webplugin/node_modules/react-dom/cjs/react-dom.development.js:22431:12)
    at legacyRenderSubtreeIntoContainer (/Users/gklainert/Documents/gaia-webplugin/node_modules/react-dom/cjs/react-dom.development.js:26020:5)
    at Object.render (/Users/gklainert/Documents/gaia-webplugin/node_modules/react-dom/cjs/react-dom.development.js:26103:10)
    at /Users/gklainert/Documents/gaia-webplugin/node_modules/@testing-library/react/dist/pure.js:100:25
    at batchedUpdates$1 (/Users/gklainert/Documents/gaia-webplugin/node_modules/react-dom/cjs/react-dom.development.js:22380:12)
    at act (/Users/gklainert/Documents/gaia-webplugin/node_modules/react-dom/cjs/react-dom-test-utils.development.js:1042:14)
    at render (/Users/gklainert/Documents/gaia-webplugin/node_modules/@testing-library/react/dist/pure.js:96:26)
    at /Users/gklainert/Documents/gaia-webplugin/test/unit/components/LocationMap.test.tsx:153:11
    at Generator.next (&lt;anonymous&gt;)
    at /Users/gklainert/Documents/gaia-webplugin/test/unit/components/LocationMap.test.tsx:8:71
    at new Promise (&lt;anonymous&gt;)
    at Object.&lt;anonymous&gt;.__awaiter (/Users/gklainert/Documents/gaia-webplugin/test/unit/components/LocationMap.test.tsx:4:12)
    at Object.&lt;anonymous&gt; (/Users/gklainert/Documents/gaia-webplugin/test/unit/components/LocationMap.test.tsx:135:57)
    at Promise.then.completed (/Users/gklainert/.local/share/appf-tools/@appfabric/plugin-cli/v_gt__eq_4.0.0__lt_5.0.0_0/package/node_modules/jest-circus/build/utils.js:391:28)
    at new Promise (&lt;anonymous&gt;)
    at callAsyncCircusFn (/Users/gklainert/.local/share/appf-tools/@appfabric/plugin-cli/v_gt__eq_4.0.0__lt_5.0.0_0/package/node_modules/jest-circus/build/utils.js:316:10)
    at _callCircusTest (/Users/gklainert/.local/share/appf-tools/@appfabric/plugin-cli/v_gt__eq_4.0.0__lt_5.0.0_0/package/node_modules/jest-circus/build/run.js:218:40)
    at _runTest (/Users/gklainert/.local/share/appf-tools/@appfabric/plugin-cli/v_gt__eq_4.0.0__lt_5.0.0_0/package/node_modules/jest-circus/build/run.js:155:3)
    at _runTestsForDescribeBlock (/Users/gklainert/.local/share/appf-tools/@appfabric/plugin-cli/v_gt__eq_4.0.0__lt_5.0.0_0/package/node_modules/jest-circus/build/run.js:66:9)
    at _runTestsForDescribeBlock (/Users/gklainert/.local/share/appf-tools/@appfabric/plugin-cli/v_gt__eq_4.0.0__lt_5.0.0_0/package/node_modules/jest-circus/build/run.js:60:9)
    at run (/Users/gklainert/.local/share/appf-tools/@appfabric/plugin-cli/v_gt__eq_4.0.0__lt_5.0.0_0/package/node_modules/jest-circus/build/run.js:25:3)
    at runAndTransformResultsToJestFormat (/Users/gklainert/.local/share/appf-tools/@appfabric/plugin-cli/v_gt__eq_4.0.0__lt_5.0.0_0/package/node_modules/jest-circus/build/legacy-code-todo-rewrite/jestAdapterInit.js:170:21)
    at jestAdapter (/Users/gklainert/.local/share/appf-tools/@appfabric/plugin-cli/v_gt__eq_4.0.0__lt_5.0.0_0/package/node_modules/jest-circus/build/legacy-code-todo-rewrite/jestAdapter.js:82:19)
    at runTestInternal (/Users/gklainert/.local/share/appf-tools/@appfabric/plugin-cli/v_gt__eq_4.0.0__lt_5.0.0_0/package/node_modules/jest-runner/build/runTest.js:389:16)
    at runTest (/Users/gklainert/.local/share/appf-tools/@appfabric/plugin-cli/v_gt__eq_4.0.0__lt_5.0.0_0/package/node_modules/jest-runner/build/runTest.js:475:34)
    at Object.worker (/Users/gklainert/.local/share/appf-tools/@appfabric/plugin-cli/v_gt__eq_4.0.0__lt_5.0.0_0/package/node_modules/jest-runner/build/testWorker.js:133:12)</failure>
    </testcase>
    <testcase classname="LocationMap handles invalid location type (not in locationStyles)" name="LocationMap handles invalid location type (not in locationStyles)" time="0.006">
      <failure>Error: Invalid hook call. Hooks can only be called inside of the body of a function component. This could happen for one of the following reasons:
1. You might have mismatching versions of React and the renderer (such as React DOM)
2. You might be breaking the Rules of Hooks
3. You might have more than one copy of React in the same app
See https://reactjs.org/link/invalid-hook-call for tips about how to debug and fix this problem.
    at resolveDispatcher (/Users/gklainert/Documents/gaia-webplugin/node_modules/react/cjs/react.development.js:1476:13)
    at useRef (/Users/gklainert/Documents/gaia-webplugin/node_modules/react/cjs/react.development.js:1515:20)
    at LocationMap (/Users/gklainert/Documents/gaia-webplugin/src/js/components/LocationMap.tsx:28:24)
    at renderWithHooks (/Users/gklainert/Documents/gaia-webplugin/node_modules/react-dom/cjs/react-dom.development.js:14985:18)
    at mountIndeterminateComponent (/Users/gklainert/Documents/gaia-webplugin/node_modules/react-dom/cjs/react-dom.development.js:17811:13)
    at beginWork (/Users/gklainert/Documents/gaia-webplugin/node_modules/react-dom/cjs/react-dom.development.js:19049:16)
    at HTMLUnknownElement.callCallback (/Users/gklainert/Documents/gaia-webplugin/node_modules/react-dom/cjs/react-dom.development.js:3945:14)
    at HTMLUnknownElement.callTheUserObjectsOperation (/Users/gklainert/Documents/gaia-webplugin/node_modules/jsdom/lib/jsdom/living/generated/EventListener.js:26:30)
    at innerInvokeEventListeners (/Users/gklainert/Documents/gaia-webplugin/node_modules/jsdom/lib/jsdom/living/events/EventTarget-impl.js:338:25)
    at invokeEventListeners (/Users/gklainert/Documents/gaia-webplugin/node_modules/jsdom/lib/jsdom/living/events/EventTarget-impl.js:274:3)
    at HTMLUnknownElementImpl._dispatch (/Users/gklainert/Documents/gaia-webplugin/node_modules/jsdom/lib/jsdom/living/events/EventTarget-impl.js:221:9)
    at HTMLUnknownElementImpl.dispatchEvent (/Users/gklainert/Documents/gaia-webplugin/node_modules/jsdom/lib/jsdom/living/events/EventTarget-impl.js:94:17)
    at HTMLUnknownElement.dispatchEvent (/Users/gklainert/Documents/gaia-webplugin/node_modules/jsdom/lib/jsdom/living/generated/EventTarget.js:231:34)
    at Object.invokeGuardedCallbackDev (/Users/gklainert/Documents/gaia-webplugin/node_modules/react-dom/cjs/react-dom.development.js:3994:16)
    at invokeGuardedCallback (/Users/gklainert/Documents/gaia-webplugin/node_modules/react-dom/cjs/react-dom.development.js:4056:31)
    at beginWork$1 (/Users/gklainert/Documents/gaia-webplugin/node_modules/react-dom/cjs/react-dom.development.js:23964:7)
    at performUnitOfWork (/Users/gklainert/Documents/gaia-webplugin/node_modules/react-dom/cjs/react-dom.development.js:22779:12)
    at workLoopSync (/Users/gklainert/Documents/gaia-webplugin/node_modules/react-dom/cjs/react-dom.development.js:22707:5)
    at renderRootSync (/Users/gklainert/Documents/gaia-webplugin/node_modules/react-dom/cjs/react-dom.development.js:22670:7)
    at performSyncWorkOnRoot (/Users/gklainert/Documents/gaia-webplugin/node_modules/react-dom/cjs/react-dom.development.js:22293:18)
    at scheduleUpdateOnFiber (/Users/gklainert/Documents/gaia-webplugin/node_modules/react-dom/cjs/react-dom.development.js:21881:7)
    at updateContainer (/Users/gklainert/Documents/gaia-webplugin/node_modules/react-dom/cjs/react-dom.development.js:25482:3)
    at /Users/gklainert/Documents/gaia-webplugin/node_modules/react-dom/cjs/react-dom.development.js:26021:7
    at unbatchedUpdates (/Users/gklainert/Documents/gaia-webplugin/node_modules/react-dom/cjs/react-dom.development.js:22431:12)
    at legacyRenderSubtreeIntoContainer (/Users/gklainert/Documents/gaia-webplugin/node_modules/react-dom/cjs/react-dom.development.js:26020:5)
    at Object.render (/Users/gklainert/Documents/gaia-webplugin/node_modules/react-dom/cjs/react-dom.development.js:26103:10)
    at /Users/gklainert/Documents/gaia-webplugin/node_modules/@testing-library/react/dist/pure.js:100:25
    at batchedUpdates$1 (/Users/gklainert/Documents/gaia-webplugin/node_modules/react-dom/cjs/react-dom.development.js:22380:12)
    at act (/Users/gklainert/Documents/gaia-webplugin/node_modules/react-dom/cjs/react-dom-test-utils.development.js:1042:14)
    at render (/Users/gklainert/Documents/gaia-webplugin/node_modules/@testing-library/react/dist/pure.js:96:26)
    at /Users/gklainert/Documents/gaia-webplugin/test/unit/components/LocationMap.test.tsx:160:34
    at Generator.next (&lt;anonymous&gt;)
    at /Users/gklainert/Documents/gaia-webplugin/test/unit/components/LocationMap.test.tsx:8:71
    at new Promise (&lt;anonymous&gt;)
    at Object.&lt;anonymous&gt;.__awaiter (/Users/gklainert/Documents/gaia-webplugin/test/unit/components/LocationMap.test.tsx:4:12)
    at Object.&lt;anonymous&gt; (/Users/gklainert/Documents/gaia-webplugin/test/unit/components/LocationMap.test.tsx:157:74)
    at Promise.then.completed (/Users/gklainert/.local/share/appf-tools/@appfabric/plugin-cli/v_gt__eq_4.0.0__lt_5.0.0_0/package/node_modules/jest-circus/build/utils.js:391:28)
    at new Promise (&lt;anonymous&gt;)
    at callAsyncCircusFn (/Users/gklainert/.local/share/appf-tools/@appfabric/plugin-cli/v_gt__eq_4.0.0__lt_5.0.0_0/package/node_modules/jest-circus/build/utils.js:316:10)
    at _callCircusTest (/Users/gklainert/.local/share/appf-tools/@appfabric/plugin-cli/v_gt__eq_4.0.0__lt_5.0.0_0/package/node_modules/jest-circus/build/run.js:218:40)
    at _runTest (/Users/gklainert/.local/share/appf-tools/@appfabric/plugin-cli/v_gt__eq_4.0.0__lt_5.0.0_0/package/node_modules/jest-circus/build/run.js:155:3)
    at _runTestsForDescribeBlock (/Users/gklainert/.local/share/appf-tools/@appfabric/plugin-cli/v_gt__eq_4.0.0__lt_5.0.0_0/package/node_modules/jest-circus/build/run.js:66:9)
    at _runTestsForDescribeBlock (/Users/gklainert/.local/share/appf-tools/@appfabric/plugin-cli/v_gt__eq_4.0.0__lt_5.0.0_0/package/node_modules/jest-circus/build/run.js:60:9)
    at run (/Users/gklainert/.local/share/appf-tools/@appfabric/plugin-cli/v_gt__eq_4.0.0__lt_5.0.0_0/package/node_modules/jest-circus/build/run.js:25:3)
    at runAndTransformResultsToJestFormat (/Users/gklainert/.local/share/appf-tools/@appfabric/plugin-cli/v_gt__eq_4.0.0__lt_5.0.0_0/package/node_modules/jest-circus/build/legacy-code-todo-rewrite/jestAdapterInit.js:170:21)
    at jestAdapter (/Users/gklainert/.local/share/appf-tools/@appfabric/plugin-cli/v_gt__eq_4.0.0__lt_5.0.0_0/package/node_modules/jest-circus/build/legacy-code-todo-rewrite/jestAdapter.js:82:19)
    at runTestInternal (/Users/gklainert/.local/share/appf-tools/@appfabric/plugin-cli/v_gt__eq_4.0.0__lt_5.0.0_0/package/node_modules/jest-runner/build/runTest.js:389:16)
    at runTest (/Users/gklainert/.local/share/appf-tools/@appfabric/plugin-cli/v_gt__eq_4.0.0__lt_5.0.0_0/package/node_modules/jest-runner/build/runTest.js:475:34)
    at Object.worker (/Users/gklainert/.local/share/appf-tools/@appfabric/plugin-cli/v_gt__eq_4.0.0__lt_5.0.0_0/package/node_modules/jest-runner/build/testWorker.js:133:12)</failure>
    </testcase>
  </testsuite>
  <testsuite name="ChatLogAnimated" errors="0" failures="18" skipped="0" timestamp="2025-06-03T18:34:11" time="4.109" tests="45">
    <testcase classname="ChatLogAnimated renders no messages if empty" name="ChatLogAnimated renders no messages if empty" time="0.029">
      <failure>TestingLibraryElementError: Unable to find an element with the role &quot;presentation&quot;

There are no available roles.

&lt;body&gt;
  &lt;div&gt;
    &lt;div
      class=&quot;flex-1 overflow-y-auto &quot;
      data-testid=&quot;chat-log-animated&quot;
      style=&quot;min-height: 0;&quot;
    /&gt;
  &lt;/div&gt;
&lt;/body&gt;
    at Object.getElementError (/Users/gklainert/Documents/gaia-webplugin/node_modules/@testing-library/dom/dist/config.js:37:19)
    at /Users/gklainert/Documents/gaia-webplugin/node_modules/@testing-library/dom/dist/query-helpers.js:90:38
    at /Users/gklainert/Documents/gaia-webplugin/node_modules/@testing-library/dom/dist/query-helpers.js:62:17
    at /Users/gklainert/Documents/gaia-webplugin/node_modules/@testing-library/dom/dist/query-helpers.js:111:19
    at Object.&lt;anonymous&gt; (/Users/gklainert/Documents/gaia-webplugin/test/unit/components/ChatLogAnimated.test.tsx:13:19)
    at Promise.then.completed (/Users/gklainert/.local/share/appf-tools/@appfabric/plugin-cli/v_gt__eq_4.0.0__lt_5.0.0_0/package/node_modules/jest-circus/build/utils.js:391:28)
    at new Promise (&lt;anonymous&gt;)
    at callAsyncCircusFn (/Users/gklainert/.local/share/appf-tools/@appfabric/plugin-cli/v_gt__eq_4.0.0__lt_5.0.0_0/package/node_modules/jest-circus/build/utils.js:316:10)
    at _callCircusTest (/Users/gklainert/.local/share/appf-tools/@appfabric/plugin-cli/v_gt__eq_4.0.0__lt_5.0.0_0/package/node_modules/jest-circus/build/run.js:218:40)
    at processTicksAndRejections (node:internal/process/task_queues:95:5)
    at _runTest (/Users/gklainert/.local/share/appf-tools/@appfabric/plugin-cli/v_gt__eq_4.0.0__lt_5.0.0_0/package/node_modules/jest-circus/build/run.js:155:3)
    at _runTestsForDescribeBlock (/Users/gklainert/.local/share/appf-tools/@appfabric/plugin-cli/v_gt__eq_4.0.0__lt_5.0.0_0/package/node_modules/jest-circus/build/run.js:66:9)
    at _runTestsForDescribeBlock (/Users/gklainert/.local/share/appf-tools/@appfabric/plugin-cli/v_gt__eq_4.0.0__lt_5.0.0_0/package/node_modules/jest-circus/build/run.js:60:9)
    at run (/Users/gklainert/.local/share/appf-tools/@appfabric/plugin-cli/v_gt__eq_4.0.0__lt_5.0.0_0/package/node_modules/jest-circus/build/run.js:25:3)
    at runAndTransformResultsToJestFormat (/Users/gklainert/.local/share/appf-tools/@appfabric/plugin-cli/v_gt__eq_4.0.0__lt_5.0.0_0/package/node_modules/jest-circus/build/legacy-code-todo-rewrite/jestAdapterInit.js:170:21)
    at jestAdapter (/Users/gklainert/.local/share/appf-tools/@appfabric/plugin-cli/v_gt__eq_4.0.0__lt_5.0.0_0/package/node_modules/jest-circus/build/legacy-code-todo-rewrite/jestAdapter.js:82:19)
    at runTestInternal (/Users/gklainert/.local/share/appf-tools/@appfabric/plugin-cli/v_gt__eq_4.0.0__lt_5.0.0_0/package/node_modules/jest-runner/build/runTest.js:389:16)
    at runTest (/Users/gklainert/.local/share/appf-tools/@appfabric/plugin-cli/v_gt__eq_4.0.0__lt_5.0.0_0/package/node_modules/jest-runner/build/runTest.js:475:34)
    at Object.worker (/Users/gklainert/.local/share/appf-tools/@appfabric/plugin-cli/v_gt__eq_4.0.0__lt_5.0.0_0/package/node_modules/jest-runner/build/testWorker.js:133:12)</failure>
    </testcase>
    <testcase classname="ChatLogAnimated renders animated messages" name="ChatLogAnimated renders animated messages" time="0.021">
      <failure>TestingLibraryElementError: Unable to find an element with the text: /Alice:/. This could be because the text is broken up by multiple elements. In this case, you can provide a function for your text matcher to make your matcher more flexible.

&lt;body&gt;
  &lt;div&gt;
    &lt;div
      class=&quot;flex-1 overflow-y-auto &quot;
      data-testid=&quot;chat-log-animated&quot;
      style=&quot;min-height: 0;&quot;
    &gt;
      &lt;div
        class=&quot;mb-3 last:mb-0 animate-fade-in&quot;
      &gt;
        &lt;div
          class=&quot;text-xs text-black-500 mb-1&quot;
        &gt;
          6/3/2025
           
          2:34:15 PM
        &lt;/div&gt;
        &lt;div
          class=&quot;text-xs flex items-baseline&quot;
        &gt;
          &lt;span
            class=&quot;font-semibold mr-1&quot;
          &gt;
            Alice
          &lt;/span&gt;
          &lt;span
            class=&quot;&quot;
          &gt;
            H
          &lt;/span&gt;
          &lt;span
            class=&quot;inline-block border-r-2 border-black ml-1 animate-blink&quot;
            style=&quot;height: 1em;&quot;
          /&gt;
        &lt;/div&gt;
      &lt;/div&gt;
      &lt;div
        class=&quot;mb-3 last:mb-0 animate-fade-in&quot;
      &gt;
        &lt;div
          class=&quot;text-xs text-black-500 mb-1&quot;
        &gt;
          6/3/2025
           
          2:34:16 PM
        &lt;/div&gt;
        &lt;div
          class=&quot;text-xs flex items-baseline&quot;
        &gt;
          &lt;span
            class=&quot;font-semibold mr-1&quot;
          &gt;
            Bob
          &lt;/span&gt;
          &lt;span
            class=&quot;&quot;
          /&gt;
          &lt;span
            class=&quot;inline-block border-r-2 border-black ml-1 animate-blink&quot;
            style=&quot;height: 1em;&quot;
          /&gt;
        &lt;/div&gt;
      &lt;/div&gt;
    &lt;/div&gt;
  &lt;/div&gt;
&lt;/body&gt;
    at Object.getElementError (/Users/gklainert/Documents/gaia-webplugin/node_modules/@testing-library/dom/dist/config.js:37:19)
    at /Users/gklainert/Documents/gaia-webplugin/node_modules/@testing-library/dom/dist/query-helpers.js:90:38
    at /Users/gklainert/Documents/gaia-webplugin/node_modules/@testing-library/dom/dist/query-helpers.js:62:17
    at /Users/gklainert/Documents/gaia-webplugin/node_modules/@testing-library/dom/dist/query-helpers.js:111:19
    at /Users/gklainert/Documents/gaia-webplugin/test/unit/components/ChatLogAnimated.test.tsx:20:19
    at Generator.next (&lt;anonymous&gt;)
    at /Users/gklainert/Documents/gaia-webplugin/test/unit/components/ChatLogAnimated.test.tsx:8:71
    at new Promise (&lt;anonymous&gt;)
    at Object.&lt;anonymous&gt;.__awaiter (/Users/gklainert/Documents/gaia-webplugin/test/unit/components/ChatLogAnimated.test.tsx:4:12)
    at Object.&lt;anonymous&gt; (/Users/gklainert/Documents/gaia-webplugin/test/unit/components/ChatLogAnimated.test.tsx:16:46)
    at Promise.then.completed (/Users/gklainert/.local/share/appf-tools/@appfabric/plugin-cli/v_gt__eq_4.0.0__lt_5.0.0_0/package/node_modules/jest-circus/build/utils.js:391:28)
    at new Promise (&lt;anonymous&gt;)
    at callAsyncCircusFn (/Users/gklainert/.local/share/appf-tools/@appfabric/plugin-cli/v_gt__eq_4.0.0__lt_5.0.0_0/package/node_modules/jest-circus/build/utils.js:316:10)
    at _callCircusTest (/Users/gklainert/.local/share/appf-tools/@appfabric/plugin-cli/v_gt__eq_4.0.0__lt_5.0.0_0/package/node_modules/jest-circus/build/run.js:218:40)
    at _runTest (/Users/gklainert/.local/share/appf-tools/@appfabric/plugin-cli/v_gt__eq_4.0.0__lt_5.0.0_0/package/node_modules/jest-circus/build/run.js:155:3)
    at _runTestsForDescribeBlock (/Users/gklainert/.local/share/appf-tools/@appfabric/plugin-cli/v_gt__eq_4.0.0__lt_5.0.0_0/package/node_modules/jest-circus/build/run.js:66:9)
    at _runTestsForDescribeBlock (/Users/gklainert/.local/share/appf-tools/@appfabric/plugin-cli/v_gt__eq_4.0.0__lt_5.0.0_0/package/node_modules/jest-circus/build/run.js:60:9)
    at run (/Users/gklainert/.local/share/appf-tools/@appfabric/plugin-cli/v_gt__eq_4.0.0__lt_5.0.0_0/package/node_modules/jest-circus/build/run.js:25:3)
    at runAndTransformResultsToJestFormat (/Users/gklainert/.local/share/appf-tools/@appfabric/plugin-cli/v_gt__eq_4.0.0__lt_5.0.0_0/package/node_modules/jest-circus/build/legacy-code-todo-rewrite/jestAdapterInit.js:170:21)
    at jestAdapter (/Users/gklainert/.local/share/appf-tools/@appfabric/plugin-cli/v_gt__eq_4.0.0__lt_5.0.0_0/package/node_modules/jest-circus/build/legacy-code-todo-rewrite/jestAdapter.js:82:19)
    at runTestInternal (/Users/gklainert/.local/share/appf-tools/@appfabric/plugin-cli/v_gt__eq_4.0.0__lt_5.0.0_0/package/node_modules/jest-runner/build/runTest.js:389:16)
    at runTest (/Users/gklainert/.local/share/appf-tools/@appfabric/plugin-cli/v_gt__eq_4.0.0__lt_5.0.0_0/package/node_modules/jest-runner/build/runTest.js:475:34)
    at Object.worker (/Users/gklainert/.local/share/appf-tools/@appfabric/plugin-cli/v_gt__eq_4.0.0__lt_5.0.0_0/package/node_modules/jest-runner/build/testWorker.js:133:12)</failure>
    </testcase>
    <testcase classname="ChatLogAnimated shows caret after message" name="ChatLogAnimated shows caret after message" time="0.006">
      <failure>TestingLibraryElementError: Unable to find an element with the text: /Alice:/. This could be because the text is broken up by multiple elements. In this case, you can provide a function for your text matcher to make your matcher more flexible.

&lt;body&gt;
  &lt;div&gt;
    &lt;div
      class=&quot;flex-1 overflow-y-auto &quot;
      data-testid=&quot;chat-log-animated&quot;
      style=&quot;min-height: 0;&quot;
    &gt;
      &lt;div
        class=&quot;mb-3 last:mb-0 animate-fade-in&quot;
      &gt;
        &lt;div
          class=&quot;text-xs text-black-500 mb-1&quot;
        &gt;
          6/3/2025
           
          2:34:15 PM
        &lt;/div&gt;
        &lt;div
          class=&quot;text-xs flex items-baseline&quot;
        &gt;
          &lt;span
            class=&quot;font-semibold mr-1&quot;
          &gt;
            Alice
          &lt;/span&gt;
          &lt;span
            class=&quot;&quot;
          &gt;
            H
          &lt;/span&gt;
          &lt;span
            class=&quot;inline-block border-r-2 border-black ml-1 animate-blink&quot;
            style=&quot;height: 1em;&quot;
          /&gt;
        &lt;/div&gt;
      &lt;/div&gt;
    &lt;/div&gt;
  &lt;/div&gt;
&lt;/body&gt;
    at Object.getElementError (/Users/gklainert/Documents/gaia-webplugin/node_modules/@testing-library/dom/dist/config.js:37:19)
    at /Users/gklainert/Documents/gaia-webplugin/node_modules/@testing-library/dom/dist/query-helpers.js:90:38
    at /Users/gklainert/Documents/gaia-webplugin/node_modules/@testing-library/dom/dist/query-helpers.js:62:17
    at /Users/gklainert/Documents/gaia-webplugin/node_modules/@testing-library/dom/dist/query-helpers.js:111:19
    at /Users/gklainert/Documents/gaia-webplugin/test/unit/components/ChatLogAnimated.test.tsx:30:19
    at Generator.next (&lt;anonymous&gt;)
    at /Users/gklainert/Documents/gaia-webplugin/test/unit/components/ChatLogAnimated.test.tsx:8:71
    at new Promise (&lt;anonymous&gt;)
[...]
    </testcase>
    <testcase classname="useConfig handles null extended properties gracefully" name="useConfig handles null extended properties gracefully" time="0.001">
    </testcase>
    <testcase classname="useConfig handles undefined extended properties gracefully" name="useConfig handles undefined extended properties gracefully" time="0">
    </testcase>
    <testcase classname="useConfig preserves object references for unchanged values" name="useConfig preserves object references for unchanged values" time="0.001">
    </testcase>
  </testsuite>
  <testsuite name="RestService" errors="0" failures="0" skipped="0" timestamp="2025-06-03T18:34:19" time="0.225" tests="28">
    <testcase classname="RestService constructor initializes with default browser auth" name="RestService constructor initializes with default browser auth" time="0">
    </testcase>
    <testcase classname="RestService constructor initializes with custom auth type" name="RestService constructor initializes with custom auth type" time="0">
    </testcase>
    <testcase classname="RestService constructor sets up RUM hooks" name="RestService constructor sets up RUM hooks" time="0.001">
    </testcase>
    <testcase classname="RestService constructor sets API key from config or plugin config" name="RestService constructor sets API key from config or plugin config" time="0">
    </testcase>
    <testcase classname="RestService getRestClient creates client with noRetry option" name="RestService getRestClient creates client with noRetry option" time="0">
    </testcase>
    <testcase classname="RestService getRestClient creates client without noRetry option" name="RestService getRestClient creates client without noRetry option" time="0">
    </testcase>
    <testcase classname="RestService get makes successful GET request with JSON response" name="RestService get makes successful GET request with JSON response" time="0.001">
    </testcase>
    <testcase classname="RestService get handles non-JSON response" name="RestService get handles non-JSON response" time="0">
    </testcase>
    <testcase classname="RestService get handles error response" name="RestService get handles error response" time="0">
    </testcase>
    <testcase classname="RestService get handles network errors" name="RestService get handles network errors" time="0">
    </testcase>
    <testcase classname="RestService post makes successful POST request with JSON response" name="RestService post makes successful POST request with JSON response" time="0.001">
    </testcase>
    <testcase classname="RestService post handles non-JSON response" name="RestService post handles non-JSON response" time="0">
    </testcase>
    <testcase classname="RestService post handles error response" name="RestService post handles error response" time="0">
    </testcase>
    <testcase classname="RestService post handles network errors" name="RestService post handles network errors" time="0">
    </testcase>
    <testcase classname="RestService makeRequest handles missing tid in response" name="RestService makeRequest handles missing tid in response" time="0.001">
    </testcase>
    <testcase classname="RestService makeRequest handles missing headers in error" name="RestService makeRequest handles missing headers in error" time="0">
    </testcase>
    <testcase classname="RestService edge cases handles thrown error that is not an Error object" name="RestService edge cases handles thrown error that is not an Error object" time="0">
    </testcase>
    <testcase classname="RestService edge cases handles missing sandbox.performance in constructor" name="RestService edge cases handles missing sandbox.performance in constructor" time="0.001">
    </testcase>
    <testcase classname="RestService edge cases handles missing pluginConfig.extendedProperties.API_KEY in constructor" name="RestService edge cases handles missing pluginConfig.extendedProperties.API_KEY in constructor" time="0">
    </testcase>
    <testcase classname="RestService edge cases propagates noRetry option in get and post" name="RestService edge cases propagates noRetry option in get and post" time="0.001">
    </testcase>
    <testcase classname="RestService edge cases uses custom rumPath in options" name="RestService edge cases uses custom rumPath in options" time="0">
    </testcase>
    <testcase classname="WithRUMInteractionName getRUMInteractionName replaces slashes" name="WithRUMInteractionName getRUMInteractionName replaces slashes" time="0">
    </testcase>
    <testcase classname="onRequestStart marks RUM_FCI_START_REQUEST" name="onRequestStart marks RUM_FCI_START_REQUEST" time="0.011">
    </testcase>
    <testcase classname="onRequestEnd measures and records success" name="onRequestEnd measures and records success" time="0.001">
    </testcase>
    <testcase classname="onRequestEnd measures and records failure with ert" name="onRequestEnd measures and records failure with ert" time="0">
    </testcase>
    <testcase classname="onRequestEnd measures and records failure without ert" name="onRequestEnd measures and records failure without ert" time="0.001">
    </testcase>
    <testcase classname="onRequestEnd does nothing if no interaction" name="onRequestEnd does nothing if no interaction" time="0">
    </testcase>
    <testcase classname="restService constants should import constants without error" name="restService constants should import constants without error" time="0">
    </testcase>
  </testsuite>
  <testsuite name="CommentService" errors="0" failures="0" skipped="0" timestamp="2025-06-03T18:34:19" time="0.174" tests="8">
    <testcase classname="CommentService saveComment saves a comment successfully" name="CommentService saveComment saves a comment successfully" time="0.001">
    </testcase>
    <testcase classname="CommentService saveComment throws if saving fails" name="CommentService saveComment throws if saving fails" time="0.003">
    </testcase>
    <testcase classname="CommentService fetchCommentMessages fetches comment messages successfully" name="CommentService fetchCommentMessages fetches comment messages successfully" time="0.001">
    </testcase>
    <testcase classname="CommentService fetchCommentMessages throws if fetching fails" name="CommentService fetchCommentMessages throws if fetching fails" time="0">
    </testcase>
    <testcase classname="CommentService fetchCommentLog fetches comment log successfully" name="CommentService fetchCommentLog fetches comment log successfully" time="0.001">
    </testcase>
    <testcase classname="CommentService fetchCommentLog throws if fetching fails" name="CommentService fetchCommentLog throws if fetching fails" time="0">
    </testcase>
    <testcase classname="CommentService fetchCommentLog returns mock data for Investigator" name="CommentService fetchCommentLog returns mock data for Investigator" time="0">
    </testcase>
    <testcase classname="CommentService fetchCommentLog returns mock data for Policy Team" name="CommentService fetchCommentLog returns mock data for Policy Team" time="0">
    </testcase>
  </testsuite>
  <testsuite name="investigationStepsConfig" errors="0" failures="0" skipped="0" timestamp="2025-06-03T18:34:19" time="0.149" tests="7">
    <testcase classname="investigationStepsConfig allPossibleSteps contains all expected steps" name="investigationStepsConfig allPossibleSteps contains all expected steps" time="0.001">
    </testcase>
    <testcase classname="investigationStepsConfig defaultSelectedInvestigationSteps contains INIT and RISK" name="investigationStepsConfig defaultSelectedInvestigationSteps contains INIT and RISK" time="0">
    </testcase>
    <testcase classname="investigationStepsConfig createStep creates a step with correct params" name="investigationStepsConfig createStep creates a step with correct params" time="0">
    </testcase>
    <testcase classname="investigationStepsConfig additional coverage createStep uses default status and details" name="investigationStepsConfig additional coverage createStep uses default status and details" time="0">
    </testcase>
    <testcase classname="investigationStepsConfig additional coverage allPossibleSteps have required fields" name="investigationStepsConfig additional coverage allPossibleSteps have required fields" time="0.002">
    </testcase>
    <testcase classname="investigationStepsConfig additional coverage defaultSelectedInvestigationSteps includes all allPossibleSteps" name="investigationStepsConfig additional coverage defaultSelectedInvestigationSteps includes all allPossibleSteps" time="0">
    </testcase>
    <testcase classname="investigationStepsConfig additional coverage createStep handles empty details" name="investigationStepsConfig additional coverage createStep handles empty details" time="0">
    </testcase>
  </testsuite>
  <testsuite name="InvestigationPage" errors="0" failures="0" skipped="10" timestamp="2025-06-03T18:34:16" time="3.997" tests="48">
    <testcase classname="InvestigationPage renders investigation page" name="InvestigationPage renders investigation page" time="0.033">
    </testcase>
    <testcase classname="InvestigationPage handles investigation start and completion" name="InvestigationPage handles investigation start and completion" time="0.063">
    </testcase>
    <testcase classname="InvestigationPage handles investigation start and completion (demo mode)" name="InvestigationPage handles investigation start and completion (demo mode)" time="0.045">
    </testcase>
    <testcase classname="InvestigationPage handles sidebar toggle" name="InvestigationPage handles sidebar toggle" time="0.015">
    </testcase>
    <testcase classname="InvestigationPage updates step status correctly" name="InvestigationPage updates step status correctly" time="0.04">
    </testcase>
    <testcase classname="InvestigationPage displays risk scores" name="InvestigationPage displays risk scores" time="0.036">
    </testcase>
    <testcase classname="InvestigationPage displays risk scores (demo mode)" name="InvestigationPage displays risk scores (demo mode)" time="0.028">
    </testcase>
    <testcase classname="InvestigationPage handles log display and updates" name="InvestigationPage handles log display and updates" time="0.032">
    </testcase>
    <testcase classname="InvestigationPage handles edit steps button" name="InvestigationPage handles edit steps button" time="0.008">
    </testcase>
    <testcase classname="InvestigationPage handles investigation cancellation" name="InvestigationPage handles investigation cancellation" time="0.044">
    </testcase>
    <testcase classname="InvestigationPage opens and closes edit steps modal" name="InvestigationPage opens and closes edit steps modal" time="0.015">
    </testcase>
    <testcase classname="InvestigationPage opens and closes comment sidebar" name="InvestigationPage opens and closes comment sidebar" time="0.015">
    </testcase>
    <testcase classname="InvestigationPage handles risk score calculation edge cases" name="InvestigationPage handles risk score calculation edge cases" time="0.027">
    </testcase>
    <testcase classname="InvestigationPage renders closed investigation UI" name="InvestigationPage renders closed investigation UI" time="0.009">
    </testcase>
    <testcase classname="InvestigationPage handles empty/invalid API responses" name="InvestigationPage handles empty/invalid API responses" time="0.026">
    </testcase>
    <testcase classname="InvestigationPage handles agent throwing synchronously" name="InvestigationPage handles agent throwing synchronously" time="0.033">
    </testcase>
    <testcase classname="InvestigationPage handles all log/step status transitions" name="InvestigationPage handles all log/step status transitions" time="0.028">
    </testcase>
    <testcase classname="InvestigationPage opens and closes all modals and overlays" name="InvestigationPage opens and closes all modals and overlays" time="0.02">
    </testcase>
    <testcase classname="InvestigationPage passes selected time range to API calls" name="InvestigationPage passes selected time range to API calls" time="0">
      <skipped/>
    </testcase>
    <testcase classname="InvestigationPage handles error in analyzeLocation" name="InvestigationPage handles error in analyzeLocation" time="0">
      <skipped/>
    </testcase>
    <testcase classname="InvestigationPage handles error in analyzeDevice" name="InvestigationPage handles error in analyzeDevice" time="0">
      <skipped/>
    </testcase>
    <testcase classname="InvestigationPage handles error in analyzeLogs" name="InvestigationPage handles error in analyzeLogs" time="0">
      <skipped/>
    </testcase>
    <testcase classname="InvestigationPage handles error in assessRisk" name="InvestigationPage handles error in assessRisk" time="0">
      <skipped/>
    </testcase>
    <testcase classname="InvestigationPage coverage expansion renders with minimal props and shows investigation ID" name="InvestigationPage coverage expansion renders with minimal props and shows investigation ID" time="0.006">
    </testcase>
    <testcase classname="InvestigationPage coverage expansion transitions through agent steps and shows investigation system" name="InvestigationPage coverage expansion transitions through agent steps and shows investigation system" time="0.025">
    </testcase>
    <testcase classname="InvestigationPage coverage expansion shows empty state for invalid/missing data" name="InvestigationPage coverage expansion shows empty state for invalid/missing data" time="0.005">
    </testcase>
    <testcase classname="InvestigationPage coverage expansion disables start button with empty user ID" name="InvestigationPage coverage expansion disables start button with empty user ID" time="0.006">
    </testcase>
    <testcase classname="InvestigationPage coverage expansion toggles sidebars (logs/comment)" name="InvestigationPage coverage expansion toggles sidebars (logs/comment)" time="0.014">
    </testcase>
    <testcase classname="InvestigationPage coverage expansion changes time range and triggers reload" name="InvestigationPage coverage expansion changes time range and triggers reload" time="0.01">
    </testcase>
    <testcase classname="InvestigationPage coverage expansion covers all useEffect and handler branches" name="InvestigationPage coverage expansion covers all useEffect and handler branches" time="0.004">
    </testcase>
    <testcase classname="InvestigationPage error/warning/edge cases shows error banner on API/network failure" name="InvestigationPage error/warning/edge cases shows error banner on API/network failure" time="0">
    </testcase>
    <testcase classname="InvestigationPage error/warning/edge cases shows warning banner when agent returns warning" name="InvestigationPage error/warning/edge cases shows warning banner when agent returns warning" time="0">
    </testcase>
    <testcase classname="InvestigationPage error/warning/edge cases shows fallback UI for malformed agent data" name="InvestigationPage error/warning/edge cases shows fallback UI for malformed agent data" time="0.017">
    </testcase>
    <testcase classname="InvestigationPage additional edge cases handles error in analyzeNetwork" name="InvestigationPage additional edge cases handles error in analyzeNetwork" time="0">
      <skipped/>
    </testcase>
    <testcase classname="InvestigationPage additional edge cases handles error in analyzeLocation" name="InvestigationPage additional edge cases handles error in analyzeLocation" time="0">
      <skipped/>
    </testcase>
    <testcase classname="InvestigationPage additional edge cases handles error in analyzeDevice" name="InvestigationPage additional edge cases handles error in analyzeDevice" time="0">
      <skipped/>
    </testcase>
    <testcase classname="InvestigationPage additional edge cases handles error in analyzeLogs" name="InvestigationPage additional edge cases handles error in analyzeLogs" time="0">
      <skipped/>
    </testcase>
    <testcase classname="InvestigationPage additional edge cases handles error in assessRisk" name="InvestigationPage additional edge cases handles error in assessRisk" time="0">
      <skipped/>
    </testcase>
    <testcase classname="InvestigationPage additional edge cases renders closed investigation UI" name="InvestigationPage additional edge cases renders closed investigation UI" time="0.007">
    </testcase>
    <testcase classname="InvestigationPage additional edge cases clears logs when clear logs button is clicked" name="InvestigationPage additional edge cases clears logs when clear logs button is clicked" time="0.05">
    </testcase>
    <testcase classname="InvestigationPage additional edge cases changes time range and triggers API" name="InvestigationPage additional edge cases changes time range and triggers API" time="0.011">
    </testcase>
    <testcase classname="InvestigationPage additional edge cases opens and closes all modals and overlays" name="InvestigationPage additional edge cases opens and closes all modals and overlays" time="0.018">
    </testcase>
    <testcase classname="InvestigationPage additional edge cases handles invalid investigationId prop" name="InvestigationPage additional edge cases handles invalid investigationId prop" time="0.005">
    </testcase>
    <testcase classname="InvestigationPage coverage boost renders and closes investigation with null investigationId" name="InvestigationPage coverage boost renders and closes investigation with null investigationId" time="0.013">
    </testcase>
    <testcase classname="InvestigationPage coverage boost toggles sidebar and comment sidebar" name="InvestigationPage coverage boost toggles sidebar and comment sidebar" time="0.013">
    </testcase>
    <testcase classname="InvestigationPage coverage boost changes time range and triggers state update" name="InvestigationPage coverage boost changes time range and triggers state update" time="0.005">
    </testcase>
    <testcase classname="InvestigationPage coverage boost disables start button with empty user ID" name="InvestigationPage coverage boost disables start button with empty user ID" time="0.006">
    </testcase>
    <testcase classname="InvestigationPage coverage boost handles empty/invalid investigationId prop" name="InvestigationPage coverage boost handles empty/invalid investigationId prop" time="0.009">
    </testcase>
  </testsuite>
  <testsuite name="GaiaWidget class" errors="0" failures="0" skipped="3" timestamp="2025-06-03T18:34:16" time="3.607" tests="9">
    <testcase classname="GaiaWidget class calls ready()" name="GaiaWidget class calls ready()" time="0">
    </testcase>
    <testcase classname="GaiaWidget class calls done()" name="GaiaWidget class calls done()" time="0">
    </testcase>
    <testcase classname="GaiaWidget class calls err()" name="GaiaWidget class calls err()" time="0.001">
    </testcase>
    <testcase classname="GaiaWidget class calls handleWidgetDone()" name="GaiaWidget class calls handleWidgetDone()" time="0">
    </testcase>
    <testcase classname="GaiaWidget class calls handleWidgetError()" name="GaiaWidget class calls handleWidgetError()" time="0">
    </testcase>
    <testcase classname="GaiaWidget class calls handleCreateInvestigation()" name="GaiaWidget class calls handleCreateInvestigation()" time="0">
    </testcase>
    <testcase classname="GaiaWidget class calls handleTabChange()" name="GaiaWidget class calls handleTabChange()" time="0">
      <skipped/>
    </testcase>
    <testcase classname="GaiaWidget class calls componentDidMount()" name="GaiaWidget class calls componentDidMount()" time="0">
      <skipped/>
    </testcase>
    <testcase classname="GaiaWidget class calls componentWillUnmount()" name="GaiaWidget class calls componentWillUnmount()" time="0">
      <skipped/>
    </testcase>
  </testsuite>
</testsuites>