<?xml version="1.0" encoding="UTF-8"?>
<coverage generated="1748905364409" clover="3.2.0">
  <project timestamp="1748905364410" name="All files">
    <metrics statements="1498" coveredstatements="688" conditionals="1563" coveredconditionals="572" methods="413" coveredmethods="134" elements="3474" coveredelements="1394" complexity="0" loc="1498" ncloc="1498" packages="9" files="34" classes="34"/>
    <package name="components">
      <metrics statements="567" coveredstatements="274" conditionals="475" coveredconditionals="127" methods="194" coveredmethods="65"/>
      <file name="AgentDetailsTable.tsx" path="/Users/gklainert/Documents/gaia-webplugin/src/js/components/AgentDetailsTable.tsx">
        <metrics statements="72" coveredstatements="3" conditionals="143" coveredconditionals="0" methods="36" coveredmethods="0"/>
        <line num="1" count="1" type="stmt"/>
        <line num="16" count="1" type="stmt"/>
        <line num="17" count="0" type="cond" truecount="0" falsecount="1"/>
        <line num="18" count="0" type="stmt"/>
        <line num="26" count="0" type="stmt"/>
        <line num="31" count="0" type="stmt"/>
        <line num="32" count="0" type="cond" truecount="0" falsecount="3"/>
        <line num="33" count="0" type="stmt"/>
        <line num="36" count="0" type="cond" truecount="0" falsecount="1"/>
        <line num="37" count="0" type="cond" truecount="0" falsecount="2"/>
        <line num="40" count="0" type="cond" truecount="0" falsecount="1"/>
        <line num="41" count="0" type="stmt"/>
        <line num="44" count="0" type="cond" truecount="0" falsecount="1"/>
        <line num="45" count="0" type="stmt"/>
        <line num="48" count="0" type="cond" truecount="0" falsecount="1"/>
        <line num="49" count="0" type="stmt"/>
        <line num="52" count="0" type="stmt"/>
        <line num="58" count="0" type="cond" truecount="0" falsecount="1"/>
        <line num="59" count="0" type="stmt"/>
        <line num="62" count="0" type="stmt"/>
        <line num="71" count="0" type="stmt"/>
        <line num="74" count="0" type="stmt"/>
        <line num="88" count="0" type="stmt"/>
        <line num="89" count="0" type="stmt"/>
        <line num="91" count="0" type="stmt"/>
        <line num="99" count="0" type="stmt"/>
        <line num="119" count="0" type="stmt"/>
        <line num="134" count="0" type="stmt"/>
        <line num="156" count="0" type="stmt"/>
        <line num="183" count="0" type="cond" truecount="0" falsecount="4"/>
        <line num="188" count="0" type="cond" truecount="0" falsecount="2"/>
        <line num="190" count="0" type="stmt"/>
        <line num="202" count="0" type="stmt"/>
        <line num="203" count="0" type="cond" truecount="0" falsecount="1"/>
        <line num="204" count="0" type="stmt"/>
        <line num="212" count="0" type="stmt"/>
        <line num="214" count="0" type="stmt"/>
        <line num="230" count="0" type="stmt"/>
        <line num="244" count="0" type="stmt"/>
        <line num="256" count="0" type="stmt"/>
        <line num="271" count="0" type="stmt"/>
        <line num="272" count="0" type="stmt"/>
        <line num="274" count="0" type="stmt"/>
        <line num="282" count="0" type="stmt"/>
        <line num="309" count="0" type="stmt"/>
        <line num="330" count="0" type="stmt"/>
        <line num="374" count="0" type="stmt"/>
        <line num="389" count="0" type="stmt"/>
        <line num="391" count="0" type="stmt"/>
        <line num="408" count="0" type="stmt"/>
        <line num="459" count="0" type="stmt"/>
        <line num="465" count="0" type="stmt"/>
        <line num="466" count="0" type="cond" truecount="0" falsecount="2"/>
        <line num="486" count="0" type="stmt"/>
        <line num="498" count="0" type="stmt"/>
        <line num="499" count="0" type="stmt"/>
        <line num="501" count="0" type="stmt"/>
        <line num="509" count="0" type="stmt"/>
        <line num="524" count="0" type="stmt"/>
        <line num="526" count="0" type="stmt"/>
        <line num="543" count="0" type="stmt"/>
        <line num="558" count="0" type="stmt"/>
        <line num="570" count="0" type="stmt"/>
        <line num="571" count="0" type="cond" truecount="0" falsecount="5"/>
        <line num="573" count="0" type="stmt"/>
        <line num="575" count="0" type="stmt"/>
        <line num="577" count="0" type="stmt"/>
        <line num="579" count="0" type="stmt"/>
        <line num="581" count="0" type="stmt"/>
        <line num="584" count="0" type="stmt"/>
        <line num="594" count="0" type="stmt"/>
        <line num="608" count="1" type="stmt"/>
      </file>
      <file name="AgentLogSidebar.tsx" path="/Users/gklainert/Documents/gaia-webplugin/src/js/components/AgentLogSidebar.tsx">
        <metrics statements="114" coveredstatements="90" conditionals="51" coveredconditionals="29" methods="34" coveredmethods="26"/>
        <line num="1" count="1" type="stmt"/>
        <line num="2" count="1" type="stmt"/>
        <line num="3" count="1" type="stmt"/>
        <line num="28" count="1" type="stmt"/>
        <line num="33" count="1714" type="stmt"/>
        <line num="34" count="1714" type="stmt"/>
        <line num="35" count="1714" type="stmt"/>
        <line num="37" count="1714" type="stmt"/>
        <line num="38" count="847" type="cond" truecount="1" falsecount="0"/>
        <line num="40" count="837" type="cond" truecount="1" falsecount="0"/>
        <line num="41" count="827" type="stmt"/>
        <line num="42" count="822" type="stmt"/>
        <line num="43" count="822" type="stmt"/>
        <line num="46" count="827" type="stmt"/>
        <line num="49" count="10" type="stmt"/>
        <line num="52" count="1714" type="stmt"/>
        <line num="55" count="1" type="stmt"/>
        <line num="64" count="1" type="stmt"/>
        <line num="65" count="72" type="stmt"/>
        <line num="67" count="72" type="stmt"/>
        <line num="68" count="16" type="stmt"/>
        <line num="69" count="16" type="stmt"/>
        <line num="72" count="72" type="cond" truecount="1" falsecount="0"/>
        <line num="74" count="32" type="stmt"/>
        <line num="95" count="1" type="stmt"/>
        <line num="96" count="387" type="stmt"/>
        <line num="97" count="387" type="stmt"/>
        <line num="98" count="387" type="stmt"/>
        <line num="99" count="387" type="stmt"/>
        <line num="100" count="387" type="stmt"/>
        <line num="101" count="387" type="stmt"/>
        <line num="102" count="387" type="stmt"/>
        <line num="103" count="387" type="stmt"/>
        <line num="104" count="387" type="stmt"/>
        <line num="105" count="387" type="stmt"/>
        <line num="106" count="387" type="stmt"/>
        <line num="107" count="387" type="cond" truecount="2" falsecount="0"/>
        <line num="112" count="387" type="stmt"/>
        <line num="113" count="0" type="stmt"/>
        <line num="114" count="0" type="stmt"/>
        <line num="116" count="0" type="stmt"/>
        <line num="117" count="0" type="stmt"/>
        <line num="118" count="0" type="stmt"/>
        <line num="119" count="0" type="stmt"/>
        <line num="120" count="0" type="cond" truecount="0" falsecount="1"/>
        <line num="126" count="387" type="stmt"/>
        <line num="127" count="365" type="cond" truecount="1" falsecount="0"/>
        <line num="132" count="273" type="stmt"/>
        <line num="133" count="16" type="cond" truecount="3" falsecount="2"/>
        <line num="134" count="0" type="cond" truecount="0" falsecount="1"/>
        <line num="135" count="0" type="stmt"/>
        <line num="136" count="0" type="stmt"/>
        <line num="138" count="0" type="stmt"/>
        <line num="140" count="16" type="stmt"/>
        <line num="141" count="16" type="stmt"/>
        <line num="142" count="16" type="stmt"/>
        <line num="143" count="16" type="cond" truecount="1" falsecount="0"/>
        <line num="147" count="365" type="stmt"/>
        <line num="148" count="365" type="cond" truecount="1" falsecount="0"/>
        <line num="149" count="249" type="stmt"/>
        <line num="150" count="249" type="stmt"/>
        <line num="156" count="387" type="stmt"/>
        <line num="157" count="349" type="cond" truecount="4" falsecount="0"/>
        <line num="158" count="24" type="stmt"/>
        <line num="159" count="24" type="stmt"/>
        <line num="160" count="24" type="cond" truecount="1" falsecount="0"/>
        <line num="161" count="24" type="stmt"/>
        <line num="162" count="24" type="stmt"/>
        <line num="167" count="387" type="stmt"/>
        <line num="172" count="47" type="stmt"/>
        <line num="173" count="0" type="cond" truecount="0" falsecount="3"/>
        <line num="174" count="0" type="stmt"/>
        <line num="176" count="0" type="stmt"/>
        <line num="178" count="0" type="stmt"/>
        <line num="179" count="0" type="stmt"/>
        <line num="185" count="47" type="stmt"/>
        <line num="186" count="0" type="stmt"/>
        <line num="189" count="47" type="stmt"/>
        <line num="190" count="47" type="stmt"/>
        <line num="192" count="47" type="stmt"/>
        <line num="193" count="47" type="stmt"/>
        <line num="194" count="47" type="stmt"/>
        <line num="198" count="387" type="stmt"/>
        <line num="199" count="50" type="cond" truecount="2" falsecount="0"/>
        <line num="200" count="47" type="stmt"/>
        <line num="201" count="47" type="stmt"/>
        <line num="202" count="3" type="cond" truecount="1" falsecount="0"/>
        <line num="203" count="3" type="stmt"/>
        <line num="204" count="3" type="stmt"/>
        <line num="205" count="3" type="stmt"/>
        <line num="214" count="387" type="stmt"/>
        <line num="215" count="62" type="cond" truecount="2" falsecount="3"/>
        <line num="217" count="0" type="stmt"/>
        <line num="219" count="0" type="stmt"/>
        <line num="221" count="0" type="stmt"/>
        <line num="224" count="62" type="stmt"/>
        <line num="233" count="387" type="cond" truecount="1" falsecount="1"/>
        <line num="240" count="387" type="stmt"/>
        <line num="241" count="62" type="stmt"/>
        <line num="242" count="62" type="stmt"/>
        <line num="244" count="62" type="stmt"/>
        <line num="245" count="372" type="stmt"/>
        <line num="246" count="372" type="stmt"/>
        <line num="247" count="372" type="stmt"/>
        <line num="253" count="62" type="stmt"/>
        <line num="256" count="387" type="cond" truecount="0" falsecount="1"/>
        <line num="258" count="387" type="stmt"/>
        <line num="298" count="0" type="stmt"/>
        <line num="299" count="0" type="stmt"/>
        <line num="300" count="0" type="cond" truecount="0" falsecount="6"/>
        <line num="301" count="0" type="stmt"/>
        <line num="359" count="62" type="stmt"/>
        <line num="378" count="1" type="stmt"/>
        <line num="383" count="1" type="stmt"/>
      </file>
      <file name="ChatLogAnimated.tsx" path="/Users/gklainert/Documents/gaia-webplugin/src/js/components/ChatLogAnimated.tsx">
        <metrics statements="47" coveredstatements="16" conditionals="10" coveredconditionals="4" methods="18" coveredmethods="3"/>
        <line num="1" count="1" type="stmt"/>
        <line num="3" count="1" type="stmt"/>
        <line num="11" count="1" type="stmt"/>
        <line num="24" count="1" type="cond" truecount="0" falsecount="2"/>
        <line num="25" count="0" type="stmt"/>
        <line num="26" count="0" type="stmt"/>
        <line num="27" count="0" type="stmt"/>
        <line num="29" count="0" type="stmt"/>
        <line num="30" count="0" type="stmt"/>
        <line num="31" count="0" type="stmt"/>
        <line num="32" count="0" type="stmt"/>
        <line num="35" count="0" type="stmt"/>
        <line num="36" count="0" type="cond" truecount="0" falsecount="1"/>
        <line num="37" count="0" type="cond" truecount="0" falsecount="1"/>
        <line num="38" count="0" type="stmt"/>
        <line num="39" count="0" type="stmt"/>
        <line num="40" count="0" type="stmt"/>
        <line num="42" count="0" type="stmt"/>
        <line num="44" count="0" type="stmt"/>
        <line num="47" count="0" type="stmt"/>
        <line num="54" count="1" type="stmt"/>
        <line num="55" count="0" type="stmt"/>
        <line num="56" count="0" type="stmt"/>
        <line num="57" count="0" type="stmt"/>
        <line num="58" count="0" type="stmt"/>
        <line num="60" count="0" type="cond" truecount="0" falsecount="1"/>
        <line num="61" count="0" type="stmt"/>
        <line num="74" count="1" type="stmt"/>
        <line num="75" count="5" type="stmt"/>
        <line num="76" count="5" type="stmt"/>
        <line num="78" count="5" type="stmt"/>
        <line num="79" count="5" type="stmt"/>
        <line num="80" count="5" type="cond" truecount="1" falsecount="0"/>
        <line num="81" count="0" type="stmt"/>
        <line num="82" count="0" type="stmt"/>
        <line num="83" count="0" type="stmt"/>
        <line num="84" count="0" type="stmt"/>
        <line num="85" count="0" type="cond" truecount="0" falsecount="1"/>
        <line num="86" count="0" type="stmt"/>
        <line num="89" count="0" type="stmt"/>
        <line num="91" count="0" type="stmt"/>
        <line num="94" count="5" type="stmt"/>
        <line num="95" count="5" type="cond" truecount="1" falsecount="0"/>
        <line num="96" count="5" type="stmt"/>
        <line num="100" count="5" type="stmt"/>
        <line num="107" count="0" type="stmt"/>
        <line num="122" count="1" type="stmt"/>
      </file>
      <file name="CommentSidebar.tsx" path="/Users/gklainert/Documents/gaia-webplugin/src/js/components/CommentSidebar.tsx">
        <metrics statements="58" coveredstatements="34" conditionals="20" coveredconditionals="6" methods="16" coveredmethods="5"/>
        <line num="1" count="1" type="stmt"/>
        <line num="2" count="1" type="stmt"/>
        <line num="4" count="1" type="stmt"/>
        <line num="22" count="1" type="stmt"/>
        <line num="23" count="1" type="stmt"/>
        <line num="24" count="1" type="stmt"/>
        <line num="31" count="1" type="stmt"/>
        <line num="44" count="359" type="stmt"/>
        <line num="45" count="359" type="stmt"/>
        <line num="46" count="359" type="stmt"/>
        <line num="47" count="359" type="stmt"/>
        <line num="48" count="359" type="stmt"/>
        <line num="49" count="359" type="stmt"/>
        <line num="50" count="359" type="cond" truecount="2" falsecount="0"/>
        <line num="52" count="359" type="stmt"/>
        <line num="54" count="47" type="cond" truecount="0" falsecount="1"/>
        <line num="55" count="0" type="cond" truecount="0" falsecount="2"/>
        <line num="58" count="359" type="stmt"/>
        <line num="59" count="47" type="stmt"/>
        <line num="60" count="0" type="cond" truecount="0" falsecount="3"/>
        <line num="61" count="0" type="stmt"/>
        <line num="62" count="0" type="stmt"/>
        <line num="63" count="0" type="stmt"/>
        <line num="66" count="47" type="stmt"/>
        <line num="67" count="0" type="stmt"/>
        <line num="68" count="0" type="stmt"/>
        <line num="70" count="47" type="stmt"/>
        <line num="71" count="47" type="stmt"/>
        <line num="72" count="47" type="stmt"/>
        <line num="73" count="47" type="stmt"/>
        <line num="74" count="47" type="stmt"/>
        <line num="78" count="359" type="stmt"/>
        <line num="79" count="0" type="stmt"/>
        <line num="80" count="0" type="stmt"/>
        <line num="81" count="0" type="cond" truecount="0" falsecount="6"/>
        <line num="82" count="0" type="stmt"/>
        <line num="85" count="359" type="stmt"/>
        <line num="86" count="57" type="cond" truecount="2" falsecount="0"/>
        <line num="87" count="10" type="stmt"/>
        <line num="88" count="10" type="stmt"/>
        <line num="89" count="47" type="cond" truecount="0" falsecount="1"/>
        <line num="90" count="0" type="stmt"/>
        <line num="91" count="0" type="stmt"/>
        <line num="92" count="0" type="stmt"/>
        <line num="96" count="359" type="cond" truecount="1" falsecount="0"/>
        <line num="98" count="10" type="stmt"/>
        <line num="119" count="0" type="stmt"/>
        <line num="129" count="0" type="stmt"/>
        <line num="151" count="0" type="stmt"/>
        <line num="152" count="0" type="stmt"/>
        <line num="153" count="0" type="stmt"/>
        <line num="154" count="0" type="stmt"/>
        <line num="162" count="0" type="stmt"/>
        <line num="163" count="0" type="stmt"/>
        <line num="164" count="0" type="stmt"/>
        <line num="165" count="0" type="stmt"/>
        <line num="182" count="1" type="stmt"/>
        <line num="186" count="1" type="stmt"/>
      </file>
      <file name="CommentWindow.tsx" path="/Users/gklainert/Documents/gaia-webplugin/src/js/components/CommentWindow.tsx">
        <metrics statements="12" coveredstatements="6" conditionals="3" coveredconditionals="0" methods="5" coveredmethods="1"/>
        <line num="1" count="1" type="stmt"/>
        <line num="17" count="1" type="stmt"/>
        <line num="18" count="5" type="stmt"/>
        <line num="20" count="5" type="stmt"/>
        <line num="21" count="0" type="cond" truecount="0" falsecount="1"/>
        <line num="22" count="0" type="stmt"/>
        <line num="23" count="0" type="stmt"/>
        <line num="27" count="5" type="stmt"/>
        <line num="32" count="0" type="stmt"/>
        <line num="42" count="0" type="stmt"/>
        <line num="43" count="0" type="cond" truecount="0" falsecount="2"/>
        <line num="58" count="1" type="stmt"/>
      </file>
      <file name="EditStepsModal.tsx" path="/Users/gklainert/Documents/gaia-webplugin/src/js/components/EditStepsModal.tsx">
        <metrics statements="21" coveredstatements="13" conditionals="14" coveredconditionals="12" methods="16" coveredmethods="4"/>
        <line num="1" count="1" type="stmt"/>
        <line num="2" count="1" type="stmt"/>
        <line num="17" count="1" type="stmt"/>
        <line num="24" count="349" type="cond" truecount="1" falsecount="1"/>
        <line num="25" count="4886" type="stmt"/>
        <line num="26" count="349" type="stmt"/>
        <line num="27" count="349" type="stmt"/>
        <line num="33" count="349" type="stmt"/>
        <line num="34" count="0" type="stmt"/>
        <line num="35" count="0" type="stmt"/>
        <line num="42" count="349" type="stmt"/>
        <line num="43" count="0" type="stmt"/>
        <line num="44" count="0" type="stmt"/>
        <line num="47" count="349" type="cond" truecount="1" falsecount="0"/>
        <line num="49" count="3" type="stmt"/>
        <line num="63" count="0" type="stmt"/>
        <line num="68" count="0" type="stmt"/>
        <line num="83" count="18" type="stmt"/>
        <line num="91" count="0" type="stmt"/>
        <line num="114" count="0" type="stmt"/>
        <line num="126" count="1" type="stmt"/>
      </file>
      <file name="InvestigationHeader.tsx" path="/Users/gklainert/Documents/gaia-webplugin/src/js/components/InvestigationHeader.tsx">
        <metrics statements="26" coveredstatements="22" conditionals="14" coveredconditionals="9" methods="10" coveredmethods="9"/>
        <line num="1" count="1" type="stmt"/>
        <line num="2" count="1" type="stmt"/>
        <line num="3" count="1" type="stmt"/>
        <line num="4" count="1" type="stmt"/>
        <line num="32" count="1" type="stmt"/>
        <line num="50" count="349" type="stmt"/>
        <line num="56" count="349" type="stmt"/>
        <line num="58" count="24" type="stmt"/>
        <line num="59" count="24" type="cond" truecount="1" falsecount="1"/>
        <line num="60" count="0" type="stmt"/>
        <line num="61" count="0" type="stmt"/>
        <line num="64" count="24" type="stmt"/>
        <line num="71" count="349" type="stmt"/>
        <line num="72" count="1" type="stmt"/>
        <line num="73" count="1" type="stmt"/>
        <line num="76" count="349" type="stmt"/>
        <line num="90" count="4" type="stmt"/>
        <line num="94" count="2792" type="stmt"/>
        <line num="102" count="3" type="stmt"/>
        <line num="116" count="5" type="stmt"/>
        <line num="130" count="3" type="stmt"/>
        <line num="150" count="24" type="stmt"/>
        <line num="152" count="0" type="cond" truecount="0" falsecount="4"/>
        <line num="153" count="0" type="stmt"/>
        <line num="198" count="1" type="stmt"/>
        <line num="203" count="1" type="stmt"/>
      </file>
      <file name="InvestigationStep.tsx" path="/Users/gklainert/Documents/gaia-webplugin/src/js/components/InvestigationStep.tsx">
        <metrics statements="43" coveredstatements="21" conditionals="59" coveredconditionals="28" methods="10" coveredmethods="2"/>
        <line num="3" count="1" type="stmt"/>
        <line num="4" count="1" type="stmt"/>
        <line num="5" count="1" type="stmt"/>
        <line num="6" count="1" type="stmt"/>
        <line num="7" count="1" type="stmt"/>
        <line num="8" count="1" type="stmt"/>
        <line num="9" count="1" type="stmt"/>
        <line num="21" count="0" type="stmt"/>
        <line num="22" count="0" type="stmt"/>
        <line num="26" count="1" type="stmt"/>
        <line num="27" count="1266" type="stmt"/>
        <line num="29" count="1266" type="cond" truecount="4" falsecount="0"/>
        <line num="33" count="1266" type="stmt"/>
        <line num="34" count="0" type="cond" truecount="0" falsecount="1"/>
        <line num="35" count="0" type="stmt"/>
        <line num="39" count="1266" type="cond" truecount="0" falsecount="1"/>
        <line num="40" count="0" type="cond" truecount="0" falsecount="3"/>
        <line num="41" count="0" type="stmt"/>
        <line num="44" count="0" type="cond" truecount="0" falsecount="1"/>
        <line num="45" count="0" type="stmt"/>
        <line num="49" count="0" type="cond" truecount="0" falsecount="2"/>
        <line num="52" count="0" type="stmt"/>
        <line num="53" count="0" type="stmt"/>
        <line num="60" count="0" type="stmt"/>
        <line num="61" count="0" type="cond" truecount="0" falsecount="3"/>
        <line num="62" count="0" type="stmt"/>
        <line num="63" count="0" type="stmt"/>
        <line num="66" count="0" type="stmt"/>
        <line num="69" count="0" type="stmt"/>
        <line num="78" count="1266" type="stmt"/>
        <line num="79" count="0" type="cond" truecount="0" falsecount="1"/>
        <line num="82" count="0" type="cond" truecount="0" falsecount="3"/>
        <line num="83" count="0" type="stmt"/>
        <line num="97" count="0" type="stmt"/>
        <line num="119" count="1266" type="stmt"/>
        <line num="120" count="1055" type="cond" truecount="3" falsecount="0"/>
        <line num="122" count="1" type="stmt"/>
        <line num="124" count="55" type="stmt"/>
        <line num="126" count="999" type="stmt"/>
        <line num="130" count="1266" type="stmt"/>
        <line num="166" count="0" type="stmt"/>
        <line num="187" count="1" type="stmt"/>
        <line num="193" count="1" type="stmt"/>
      </file>
      <file name="InvestigationSteps.tsx" path="/Users/gklainert/Documents/gaia-webplugin/src/js/components/InvestigationSteps.tsx">
        <metrics statements="18" coveredstatements="13" conditionals="3" coveredconditionals="1" methods="6" coveredmethods="3"/>
        <line num="1" count="1" type="stmt"/>
        <line num="3" count="1" type="stmt"/>
        <line num="4" count="1" type="stmt"/>
        <line num="5" count="1" type="stmt"/>
        <line num="23" count="1" type="stmt"/>
        <line num="31" count="211" type="stmt"/>
        <line num="32" count="211" type="stmt"/>
        <line num="38" count="211" type="stmt"/>
        <line num="39" count="0" type="stmt"/>
        <line num="40" count="0" type="stmt"/>
        <line num="45" count="211" type="stmt"/>
        <line num="46" count="0" type="stmt"/>
        <line num="47" count="0" type="stmt"/>
        <line num="50" count="211" type="stmt"/>
        <line num="78" count="0" type="stmt"/>
        <line num="108" count="1266" type="stmt"/>
        <line num="113" count="1266" type="stmt"/>
        <line num="128" count="1" type="stmt"/>
      </file>
      <file name="LocationMap.tsx" path="/Users/gklainert/Documents/gaia-webplugin/src/js/components/LocationMap.tsx">
        <metrics statements="53" coveredstatements="6" conditionals="27" coveredconditionals="0" methods="11" coveredmethods="0"/>
        <line num="1" count="1" type="stmt"/>
        <line num="2" count="1" type="stmt"/>
        <line num="3" count="1" type="stmt"/>
        <line num="23" count="1" type="stmt"/>
        <line num="28" count="0" type="stmt"/>
        <line num="29" count="0" type="stmt"/>
        <line num="30" count="0" type="stmt"/>
        <line num="31" count="0" type="stmt"/>
        <line num="32" count="0" type="stmt"/>
        <line num="35" count="0" type="stmt"/>
        <line num="58" count="0" type="stmt"/>
        <line num="63" count="0" type="stmt"/>
        <line num="64" count="0" type="stmt"/>
        <line num="65" count="0" type="cond" truecount="0" falsecount="1"/>
        <line num="66" count="0" type="stmt"/>
        <line num="67" count="0" type="stmt"/>
        <line num="71" count="0" type="stmt"/>
        <line num="72" count="0" type="cond" truecount="0" falsecount="4"/>
        <line num="78" count="0" type="cond" truecount="0" falsecount="1"/>
        <line num="79" count="0" type="stmt"/>
        <line num="80" count="0" type="stmt"/>
        <line num="83" count="0" type="stmt"/>
        <line num="89" count="0" type="stmt"/>
        <line num="90" count="0" type="stmt"/>
        <line num="92" count="0" type="cond" truecount="0" falsecount="3"/>
        <line num="93" count="0" type="stmt"/>
        <line num="107" count="0" type="stmt"/>
        <line num="108" count="0" type="stmt"/>
        <line num="111" count="0" type="stmt"/>
        <line num="112" count="0" type="stmt"/>
        <line num="127" count="0" type="stmt"/>
        <line num="138" count="0" type="stmt"/>
        <line num="139" count="0" type="stmt"/>
        <line num="142" count="0" type="stmt"/>
        <line num="146" count="0" type="cond" truecount="0" falsecount="1"/>
        <line num="147" count="0" type="stmt"/>
        <line num="148" count="0" type="stmt"/>
        <line num="149" count="0" type="stmt"/>
        <line num="151" count="0" type="cond" truecount="0" falsecount="4"/>
        <line num="154" count="0" type="cond" truecount="0" falsecount="2"/>
        <line num="155" count="0" type="cond" truecount="0" falsecount="2"/>
        <line num="156" count="0" type="stmt"/>
        <line num="157" count="0" type="cond" truecount="0" falsecount="2"/>
        <line num="158" count="0" type="stmt"/>
        <line num="160" count="0" type="stmt"/>
        <line num="165" count="0" type="stmt"/>
        <line num="168" count="0" type="cond" truecount="0" falsecount="1"/>
        <line num="169" count="0" type="stmt"/>
        <line num="183" count="0" type="stmt"/>
        <line num="193" count="0" type="stmt"/>
        <line num="198" count="0" type="stmt"/>
        <line num="208" count="1" type="stmt"/>
        <line num="213" count="1" type="stmt"/>
      </file>
      <file name="NavigationBar.tsx" path="/Users/gklainert/Documents/gaia-webplugin/src/js/components/NavigationBar.tsx">
        <metrics statements="7" coveredstatements="0" conditionals="4" coveredconditionals="0" methods="3" coveredmethods="0"/>
        <line num="1" count="0" type="stmt"/>
        <line num="2" count="0" type="stmt"/>
        <line num="15" count="0" type="stmt"/>
        <line num="16" count="0" type="stmt"/>
        <line num="21" count="0" type="stmt"/>
        <line num="35" count="0" type="stmt"/>
        <line num="48" count="0" type="stmt"/>
      </file>
      <file name="OverallRiskScore.tsx" path="/Users/gklainert/Documents/gaia-webplugin/src/js/components/OverallRiskScore.tsx">
        <metrics statements="4" coveredstatements="4" conditionals="0" coveredconditionals="0" methods="1" coveredmethods="1"/>
        <line num="1" count="1" type="stmt"/>
        <line num="11" count="1" type="stmt"/>
        <line num="12" count="251" type="stmt"/>
        <line num="22" count="1" type="stmt"/>
      </file>
      <file name="ProgressBar.tsx" path="/Users/gklainert/Documents/gaia-webplugin/src/js/components/ProgressBar.tsx">
        <metrics statements="6" coveredstatements="6" conditionals="0" coveredconditionals="0" methods="2" coveredmethods="2"/>
        <line num="1" count="1" type="stmt"/>
        <line num="14" count="1" type="stmt"/>
        <line num="16" count="211" type="stmt"/>
        <line num="18" count="211" type="stmt"/>
        <line num="26" count="1266" type="stmt"/>
        <line num="33" count="1" type="stmt"/>
      </file>
      <file name="RiskScoreDisplay.tsx" path="/Users/gklainert/Documents/gaia-webplugin/src/js/components/RiskScoreDisplay.tsx">
        <metrics statements="68" coveredstatements="22" conditionals="120" coveredconditionals="32" methods="22" coveredmethods="5"/>
        <line num="1" count="1" type="stmt"/>
        <line num="2" count="1" type="stmt"/>
        <line num="3" count="1" type="stmt"/>
        <line num="4" count="1" type="stmt"/>
        <line num="16" count="1" type="cond" truecount="0" falsecount="1"/>
        <line num="18" count="251" type="stmt"/>
        <line num="19" count="251" type="stmt"/>
        <line num="22" count="251" type="stmt"/>
        <line num="23" count="1218" type="cond" truecount="2" falsecount="0"/>
        <line num="24" count="812" type="cond" truecount="1" falsecount="9"/>
        <line num="25" count="0" type="stmt"/>
        <line num="35" count="251" type="stmt"/>
        <line num="36" count="251" type="cond" truecount="1" falsecount="1"/>
        <line num="37" count="0" type="stmt"/>
        <line num="40" count="251" type="stmt"/>
        <line num="41" count="1218" type="cond" truecount="2" falsecount="0"/>
        <line num="43" count="251" type="cond" truecount="10" falsecount="10"/>
        <line num="44" count="0" type="stmt"/>
        <line num="48" count="251" type="cond" truecount="1" falsecount="1"/>
        <line num="57" count="251" type="stmt"/>
        <line num="58" count="0" type="stmt"/>
        <line num="59" count="0" type="stmt"/>
        <line num="64" count="251" type="stmt"/>
        <line num="65" count="0" type="cond" truecount="0" falsecount="1"/>
        <line num="66" count="0" type="stmt"/>
        <line num="67" count="0" type="stmt"/>
        <line num="73" count="251" type="stmt"/>
        <line num="74" count="0" type="stmt"/>
        <line num="75" count="0" type="stmt"/>
        <line num="84" count="0" type="cond" truecount="0" falsecount="1"/>
        <line num="87" count="0" type="stmt"/>
        <line num="88" count="0" type="stmt"/>
        <line num="89" count="0" type="stmt"/>
        <line num="90" count="0" type="stmt"/>
        <line num="96" count="0" type="stmt"/>
        <line num="97" count="0" type="cond" truecount="0" falsecount="1"/>
        <line num="98" count="0" type="stmt"/>
        <line num="101" count="0" type="cond" truecount="0" falsecount="2"/>
        <line num="105" count="0" type="stmt"/>
        <line num="116" count="0" type="stmt"/>
        <line num="119" count="0" type="stmt"/>
        <line num="121" count="0" type="stmt"/>
        <line num="122" count="0" type="cond" truecount="0" falsecount="2"/>
        <line num="123" count="0" type="stmt"/>
        <line num="124" count="0" type="stmt"/>
        <line num="125" count="0" type="stmt"/>
        <line num="126" count="0" type="stmt"/>
        <line num="128" count="0" type="cond" truecount="0" falsecount="2"/>
        <line num="129" count="0" type="stmt"/>
        <line num="132" count="0" type="cond" truecount="0" falsecount="2"/>
        <line num="134" count="0" type="stmt"/>
        <line num="135" count="0" type="stmt"/>
        <line num="138" count="0" type="stmt"/>
        <line num="139" count="0" type="stmt"/>
        <line num="142" count="0" type="stmt"/>
        <line num="146" count="0" type="cond" truecount="0" falsecount="5"/>
        <line num="148" count="0" type="stmt"/>
        <line num="151" count="0" type="stmt"/>
        <line num="152" count="0" type="stmt"/>
        <line num="157" count="0" type="stmt"/>
        <line num="158" count="0" type="stmt"/>
        <line num="161" count="251" type="stmt"/>
        <line num="189" count="0" type="stmt"/>
        <line num="214" count="0" type="stmt"/>
        <line num="244" count="0" type="stmt"/>
        <line num="249" count="0" type="cond" truecount="0" falsecount="2"/>
        <line num="264" count="1" type="stmt"/>
        <line num="268" count="1" type="stmt"/>
      </file>
      <file name="Stopwatch.tsx" path="/Users/gklainert/Documents/gaia-webplugin/src/js/components/Stopwatch.tsx">
        <metrics statements="18" coveredstatements="18" conditionals="7" coveredconditionals="6" methods="4" coveredmethods="4"/>
        <line num="1" count="1" type="stmt"/>
        <line num="13" count="1" type="cond" truecount="1" falsecount="0"/>
        <line num="14" count="568" type="stmt"/>
        <line num="16" count="568" type="stmt"/>
        <line num="17" count="50" type="cond" truecount="0" falsecount="1"/>
        <line num="19" count="50" type="stmt"/>
        <line num="20" count="150" type="cond" truecount="2" falsecount="0"/>
        <line num="21" count="150" type="stmt"/>
        <line num="22" count="150" type="stmt"/>
        <line num="23" count="150" type="stmt"/>
        <line num="24" count="150" type="stmt"/>
        <line num="25" count="150" type="stmt"/>
        <line num="29" count="50" type="stmt"/>
        <line num="32" count="50" type="cond" truecount="1" falsecount="0"/>
        <line num="33" count="48" type="stmt"/>
        <line num="34" count="48" type="stmt"/>
        <line num="38" count="568" type="stmt"/>
        <line num="48" count="1" type="stmt"/>
      </file>
    </package>
    <package name="constants">
      <metrics statements="7" coveredstatements="7" conditionals="0" coveredconditionals="0" methods="0" coveredmethods="0"/>
      <file name="definitions.ts" path="/Users/gklainert/Documents/gaia-webplugin/src/js/constants/definitions.ts">
        <metrics statements="7" coveredstatements="7" conditionals="0" coveredconditionals="0" methods="0" coveredmethods="0"/>
        <line num="4" count="1" type="stmt"/>
        <line num="16" count="1" type="stmt"/>
        <line num="21" count="1" type="stmt"/>
        <line num="47" count="1" type="stmt"/>
        <line num="52" count="1" type="stmt"/>
        <line num="57" count="1" type="stmt"/>
        <line num="66" count="1" type="stmt"/>
      </file>
    </package>
    <package name="hooks">
      <metrics statements="6" coveredstatements="4" conditionals="2" coveredconditionals="0" methods="2" coveredmethods="0"/>
      <file name="useConfig.tsx" path="/Users/gklainert/Documents/gaia-webplugin/src/js/hooks/useConfig.tsx">
        <metrics statements="4" coveredstatements="2" conditionals="2" coveredconditionals="0" methods="1" coveredmethods="0"/>
        <line num="1" count="1" type="stmt"/>
        <line num="10" count="1" type="stmt"/>
        <line num="11" count="0" type="stmt"/>
        <line num="12" count="0" type="cond" truecount="0" falsecount="2"/>
      </file>
      <file name="useSandbox.tsx" path="/Users/gklainert/Documents/gaia-webplugin/src/js/hooks/useSandbox.tsx">
        <metrics statements="2" coveredstatements="2" conditionals="0" coveredconditionals="0" methods="1" coveredmethods="0"/>
        <line num="1" count="1" type="stmt"/>
        <line num="9" count="1" type="stmt"/>
      </file>
    </package>
    <package name="pages">
      <metrics statements="594" coveredstatements="289" conditionals="683" coveredconditionals="268" methods="148" coveredmethods="57"/>
      <file name="InvestigationPage.tsx" path="/Users/gklainert/Documents/gaia-webplugin/src/js/pages/InvestigationPage.tsx">
        <metrics statements="500" coveredstatements="289" conditionals="645" coveredconditionals="268" methods="115" coveredmethods="57"/>
        <line num="1" count="1" type="stmt"/>
        <line num="2" count="1" type="stmt"/>
        <line num="3" count="1" type="stmt"/>
        <line num="4" count="1" type="stmt"/>
        <line num="5" count="1" type="stmt"/>
        <line num="6" count="1" type="stmt"/>
        <line num="7" count="1" type="stmt"/>
        <line num="8" count="1" type="stmt"/>
        <line num="9" count="1" type="stmt"/>
        <line num="10" count="1" type="stmt"/>
        <line num="11" count="1" type="stmt"/>
        <line num="12" count="1" type="stmt"/>
        <line num="13" count="1" type="stmt"/>
        <line num="15" count="1" type="stmt"/>
        <line num="16" count="1" type="stmt"/>
        <line num="17" count="1" type="stmt"/>
        <line num="28" count="1" type="stmt"/>
        <line num="40" count="48" type="stmt"/>
        <line num="47" count="62" type="stmt"/>
        <line num="54" count="1" type="stmt"/>
        <line num="61" count="1" type="stmt"/>
        <line num="62" count="372" type="stmt"/>
        <line num="63" count="372" type="stmt"/>
        <line num="64" count="372" type="stmt"/>
        <line num="65" count="372" type="stmt"/>
        <line num="66" count="372" type="stmt"/>
        <line num="67" count="372" type="stmt"/>
        <line num="68" count="372" type="stmt"/>
        <line num="69" count="372" type="stmt"/>
        <line num="70" count="372" type="stmt"/>
        <line num="71" count="372" type="stmt"/>
        <line num="72" count="372" type="stmt"/>
        <line num="73" count="372" type="stmt"/>
        <line num="74" count="372" type="stmt"/>
        <line num="75" count="372" type="stmt"/>
        <line num="76" count="372" type="stmt"/>
        <line num="77" count="372" type="stmt"/>
        <line num="78" count="372" type="stmt"/>
        <line num="86" count="372" type="stmt"/>
        <line num="94" count="372" type="stmt"/>
        <line num="95" count="372" type="stmt"/>
        <line num="96" count="372" type="stmt"/>
        <line num="97" count="372" type="stmt"/>
        <line num="98" count="372" type="stmt"/>
        <line num="100" count="372" type="stmt"/>
        <line num="101" count="372" type="stmt"/>
        <line num="102" count="129" type="stmt"/>
        <line num="106" count="372" type="stmt"/>
        <line num="107" count="372" type="stmt"/>
        <line num="108" count="47" type="stmt"/>
        <line num="111" count="372" type="cond" truecount="2" falsecount="0"/>
        <line num="114" count="372" type="stmt"/>
        <line num="115" count="47" type="stmt"/>
        <line num="116" count="47" type="cond" truecount="0" falsecount="1"/>
        <line num="117" count="0" type="stmt"/>
        <line num="118" count="0" type="stmt"/>
        <line num="119" count="0" type="cond" truecount="0" falsecount="2"/>
        <line num="120" count="0" type="stmt"/>
        <line num="129" count="372" type="cond" truecount="0" falsecount="1"/>
        <line num="130" count="357" type="stmt"/>
        <line num="140" count="372" type="stmt"/>
        <line num="141" count="64" type="cond" truecount="1" falsecount="0"/>
        <line num="142" count="17" type="stmt"/>
        <line num="146" count="47" type="stmt"/>
        <line num="147" count="47" type="cond" truecount="2" falsecount="0"/>
        <line num="148" count="18" type="cond" truecount="6" falsecount="1"/>
        <line num="149" count="29" type="cond" truecount="2" falsecount="0"/>
        <line num="150" count="15" type="cond" truecount="7" falsecount="6"/>
        <line num="153" count="14" type="cond" truecount="1" falsecount="1"/>
        <line num="154" count="0" type="cond" truecount="0" falsecount="10"/>
        <line num="158" count="14" type="cond" truecount="6" falsecount="1"/>
        <line num="161" count="47" type="cond" truecount="2" falsecount="1"/>
        <line num="162" count="0" type="stmt"/>
        <line num="163" count="0" type="stmt"/>
        <line num="164" count="0" type="stmt"/>
        <line num="165" count="0" type="stmt"/>
        <line num="168" count="47" type="stmt"/>
        <line num="169" count="47" type="stmt"/>
        <line num="170" count="47" type="cond" truecount="3" falsecount="2"/>
        <line num="172" count="18" type="stmt"/>
        <line num="173" count="18" type="stmt"/>
        <line num="174" count="18" type="stmt"/>
        <line num="175" count="18" type="stmt"/>
        <line num="177" count="0" type="stmt"/>
        <line num="178" count="0" type="stmt"/>
        <line num="179" count="0" type="stmt"/>
        <line num="180" count="0" type="stmt"/>
        <line num="182" count="15" type="stmt"/>
        <line num="183" count="15" type="stmt"/>
        <line num="184" count="15" type="stmt"/>
        <line num="185" count="15" type="stmt"/>
        <line num="187" count="14" type="stmt"/>
        <line num="188" count="14" type="stmt"/>
        <line num="189" count="14" type="stmt"/>
        <line num="190" count="14" type="stmt"/>
        <line num="192" count="0" type="stmt"/>
        <line num="195" count="47" type="cond" truecount="2" falsecount="1"/>
        <line num="196" count="0" type="cond" truecount="0" falsecount="2"/>
        <line num="197" count="0" type="stmt"/>
        <line num="198" count="0" type="cond" truecount="0" falsecount="3"/>
        <line num="199" count="0" type="stmt"/>
        <line num="203" count="47" type="stmt"/>
        <line num="204" count="282" type="cond" truecount="2" falsecount="0"/>
        <line num="213" count="372" type="stmt"/>
        <line num="214" count="90" type="stmt"/>
        <line num="215" count="90" type="stmt"/>
        <line num="216" count="90" type="stmt"/>
        <line num="224" count="162" type="cond" truecount="1" falsecount="0"/>
        <line num="225" count="1" type="stmt"/>
        <line num="229" count="372" type="stmt"/>
        <line num="230" count="0" type="stmt"/>
        <line num="231" count="0" type="stmt"/>
        <line num="234" count="0" type="stmt"/>
        <line num="240" count="0" type="cond" truecount="0" falsecount="3"/>
        <line num="242" count="0" type="stmt"/>
        <line num="243" count="0" type="stmt"/>
        <line num="244" count="0" type="stmt"/>
        <line num="245" count="0" type="stmt"/>
        <line num="246" count="0" type="stmt"/>
        <line num="247" count="0" type="stmt"/>
        <line num="248" count="0" type="stmt"/>
        <line num="250" count="0" type="stmt"/>
        <line num="257" count="372" type="stmt"/>
        <line num="258" count="129" type="cond" truecount="1" falsecount="0"/>
        <line num="259" count="58" type="stmt"/>
        <line num="260" count="58" type="cond" truecount="8" falsecount="3"/>
        <line num="261" count="0" type="stmt"/>
        <line num="265" count="58" type="cond" truecount="2" falsecount="0"/>
        <line num="266" count="116" type="cond" truecount="4" falsecount="0"/>
        <line num="272" count="58" type="cond" truecount="1" falsecount="5"/>
        <line num="274" count="0" type="stmt"/>
        <line num="275" count="0" type="stmt"/>
        <line num="283" count="372" type="stmt"/>
        <line num="284" count="0" type="stmt"/>
        <line num="285" count="0" type="stmt"/>
        <line num="286" count="0" type="stmt"/>
        <line num="288" count="0" type="cond" truecount="0" falsecount="15"/>
        <line num="289" count="0" type="cond" truecount="0" falsecount="24"/>
        <line num="290" count="0" type="stmt"/>
        <line num="291" count="0" type="cond" truecount="0" falsecount="2"/>
        <line num="295" count="0" type="stmt"/>
        <line num="296" count="0" type="cond" truecount="0" falsecount="3"/>
        <line num="297" count="0" type="stmt"/>
        <line num="299" count="0" type="cond" truecount="0" falsecount="1"/>
        <line num="300" count="0" type="stmt"/>
        <line num="302" count="0" type="stmt"/>
        <line num="303" count="0" type="stmt"/>
        <line num="305" count="0" type="stmt"/>
        <line num="306" count="0" type="stmt"/>
        <line num="307" count="0" type="cond" truecount="0" falsecount="2"/>
        <line num="315" count="372" type="stmt"/>
        <line num="317" count="0" type="stmt"/>
        <line num="323" count="0" type="stmt"/>
        <line num="324" count="0" type="cond" truecount="0" falsecount="2"/>
        <line num="325" count="0" type="stmt"/>
        <line num="326" count="0" type="stmt"/>
        <line num="327" count="0" type="stmt"/>
        <line num="328" count="0" type="stmt"/>
        <line num="330" count="0" type="stmt"/>
        <line num="331" count="0" type="stmt"/>
        <line num="340" count="372" type="stmt"/>
        <line num="341" count="73" type="stmt"/>
        <line num="342" count="73" type="cond" truecount="1" falsecount="0"/>
        <line num="343" count="24" type="stmt"/>
        <line num="345" count="49" type="cond" truecount="1" falsecount="0"/>
        <line num="346" count="18" type="stmt"/>
        <line num="348" count="31" type="cond" truecount="1" falsecount="0"/>
        <line num="349" count="16" type="stmt"/>
        <line num="351" count="15" type="cond" truecount="1" falsecount="0"/>
        <line num="352" count="15" type="stmt"/>
        <line num="354" count="0" type="stmt"/>
        <line num="357" count="9" type="stmt"/>
        <line num="358" count="9" type="stmt"/>
        <line num="367" count="372" type="stmt"/>
        <line num="368" count="0" type="stmt"/>
        <line num="396" count="0" type="stmt"/>
        <line num="398" count="0" type="stmt"/>
        <line num="409" count="372" type="stmt"/>
        <line num="410" count="1" type="stmt"/>
        <line num="411" count="1" type="stmt"/>
        <line num="412" count="1" type="stmt"/>
        <line num="413" count="1" type="stmt"/>
        <line num="414" count="1" type="stmt"/>
        <line num="421" count="372" type="stmt"/>
        <line num="422" count="24" type="stmt"/>
        <line num="423" count="24" type="stmt"/>
        <line num="425" count="24" type="stmt"/>
        <line num="426" count="24" type="stmt"/>
        <line num="428" count="24" type="stmt"/>
        <line num="429" count="24" type="stmt"/>
        <line num="430" count="24" type="stmt"/>
        <line num="431" count="24" type="stmt"/>
        <line num="432" count="24" type="stmt"/>
        <line num="435" count="24" type="stmt"/>
        <line num="436" count="24" type="stmt"/>
        <line num="437" count="24" type="stmt"/>
        <line num="438" count="24" type="stmt"/>
        <line num="446" count="24" type="stmt"/>
        <line num="455" count="24" type="stmt"/>
        <line num="456" count="24" type="stmt"/>
        <line num="457" count="24" type="stmt"/>
        <line num="458" count="24" type="stmt"/>
        <line num="459" count="24" type="stmt"/>
        <line num="461" count="24" type="stmt"/>
        <line num="462" count="24" type="stmt"/>
        <line num="466" count="24" type="cond" truecount="0" falsecount="1"/>
        <line num="467" count="0" type="stmt"/>
        <line num="470" count="24" type="stmt"/>
        <line num="472" count="24" type="stmt"/>
        <line num="474" count="24" type="stmt"/>
        <line num="475" count="144" type="cond" truecount="2" falsecount="0"/>
        <line num="477" count="24" type="stmt"/>
        <line num="481" count="24" type="stmt"/>
        <line num="483" count="24" type="stmt"/>
        <line num="484" count="24" type="stmt"/>
        <line num="485" count="24" type="stmt"/>
        <line num="487" count="144" type="stmt"/>
        <line num="490" count="24" type="stmt"/>
        <line num="491" count="24" type="stmt"/>
        <line num="493" count="144" type="stmt"/>
        <line num="494" count="144" type="stmt"/>
        <line num="495" count="112" type="stmt"/>
        <line num="500" count="112" type="cond" truecount="0" falsecount="1"/>
        <line num="501" count="0" type="stmt"/>
        <line num="505" count="0" type="stmt"/>
        <line num="506" count="0" type="cond" truecount="0" falsecount="2"/>
        <line num="507" count="0" type="stmt"/>
        <line num="509" count="0" type="stmt"/>
        <line num="514" count="112" type="cond" truecount="1" falsecount="0"/>
        <line num="516" count="24" type="stmt"/>
        <line num="519" count="88" type="cond" truecount="1" falsecount="0"/>
        <line num="521" count="14" type="stmt"/>
        <line num="525" count="74" type="stmt"/>
        <line num="529" count="73" type="cond" truecount="0" falsecount="1"/>
        <line num="531" count="0" type="stmt"/>
        <line num="535" count="73" type="stmt"/>
        <line num="536" count="64" type="stmt"/>
        <line num="538" count="64" type="stmt"/>
        <line num="541" count="64" type="stmt"/>
        <line num="543" count="64" type="cond" truecount="3" falsecount="0"/>
        <line num="544" count="64" type="stmt"/>
        <line num="545" count="64" type="stmt"/>
        <line num="546" count="64" type="stmt"/>
        <line num="547" count="64" type="stmt"/>
        <line num="550" count="64" type="cond" truecount="8" falsecount="3"/>
        <line num="551" count="0" type="cond" truecount="0" falsecount="8"/>
        <line num="552" count="0" type="stmt"/>
        <line num="553" count="0" type="stmt"/>
        <line num="554" count="0" type="cond" truecount="0" falsecount="1"/>
        <line num="555" count="0" type="stmt"/>
        <line num="557" count="0" type="cond" truecount="0" falsecount="1"/>
        <line num="559" count="0" type="cond" truecount="0" falsecount="4"/>
        <line num="562" count="0" type="stmt"/>
        <line num="563" count="0" type="stmt"/>
        <line num="565" count="0" type="stmt"/>
        <line num="567" count="0" type="stmt"/>
        <line num="571" count="70" type="cond" truecount="13" falsecount="6"/>
        <line num="572" count="0" type="cond" truecount="0" falsecount="8"/>
        <line num="573" count="0" type="stmt"/>
        <line num="574" count="0" type="stmt"/>
        <line num="575" count="0" type="cond" truecount="0" falsecount="1"/>
        <line num="576" count="0" type="stmt"/>
        <line num="580" count="217" type="cond" truecount="3" falsecount="1"/>
        <line num="581" count="64" type="cond" truecount="3" falsecount="1"/>
        <line num="582" count="64" type="cond" truecount="5" falsecount="0"/>
        <line num="583" count="47" type="cond" truecount="1" falsecount="1"/>
        <line num="584" count="47" type="stmt"/>
        <line num="585" count="47" type="cond" truecount="4" falsecount="1"/>
        <line num="586" count="0" type="stmt"/>
        <line num="587" count="0" type="cond" truecount="0" falsecount="2"/>
        <line num="589" count="0" type="stmt"/>
        <line num="592" count="47" type="stmt"/>
        <line num="593" count="47" type="cond" truecount="1" falsecount="0"/>
        <line num="594" count="18" type="cond" truecount="1" falsecount="1"/>
        <line num="596" count="47" type="cond" truecount="0" falsecount="1"/>
        <line num="597" count="0" type="stmt"/>
        <line num="599" count="47" type="cond" truecount="0" falsecount="1"/>
        <line num="600" count="0" type="stmt"/>
        <line num="602" count="47" type="cond" truecount="6" falsecount="0"/>
        <line num="603" count="47" type="stmt"/>
        <line num="605" count="47" type="cond" truecount="3" falsecount="0"/>
        <line num="606" count="47" type="stmt"/>
        <line num="613" count="64" type="cond" truecount="10" falsecount="5"/>
        <line num="614" count="0" type="stmt"/>
        <line num="615" count="0" type="stmt"/>
        <line num="616" count="0" type="stmt"/>
        <line num="617" count="0" type="cond" truecount="0" falsecount="1"/>
        <line num="618" count="0" type="stmt"/>
        <line num="623" count="64" type="stmt"/>
        <line num="624" count="64" type="stmt"/>
        <line num="628" count="0" type="stmt"/>
        <line num="629" count="0" type="cond" truecount="0" falsecount="5"/>
        <line num="630" count="0" type="cond" truecount="0" falsecount="4"/>
        <line num="631" count="0" type="stmt"/>
        <line num="632" count="0" type="cond" truecount="0" falsecount="3"/>
        <line num="633" count="0" type="stmt"/>
        <line num="634" count="0" type="stmt"/>
        <line num="635" count="0" type="cond" truecount="0" falsecount="11"/>
        <line num="637" count="0" type="stmt"/>
        <line num="642" count="0" type="stmt"/>
        <line num="643" count="0" type="stmt"/>
        <line num="644" count="0" type="stmt"/>
        <line num="645" count="0" type="cond" truecount="0" falsecount="1"/>
        <line num="646" count="0" type="stmt"/>
        <line num="647" count="0" type="stmt"/>
        <line num="648" count="0" type="stmt"/>
        <line num="649" count="0" type="stmt"/>
        <line num="651" count="0" type="stmt"/>
        <line num="652" count="0" type="stmt"/>
        <line num="653" count="0" type="stmt"/>
        <line num="655" count="0" type="cond" truecount="0" falsecount="2"/>
        <line num="656" count="0" type="stmt"/>
        <line num="657" count="0" type="cond" truecount="0" falsecount="1"/>
        <line num="658" count="0" type="cond" truecount="0" falsecount="1"/>
        <line num="659" count="0" type="cond" truecount="0" falsecount="1"/>
        <line num="660" count="0" type="cond" truecount="0" falsecount="1"/>
        <line num="661" count="0" type="cond" truecount="0" falsecount="1"/>
        <line num="662" count="0" type="cond" truecount="0" falsecount="1"/>
        <line num="663" count="0" type="stmt"/>
        <line num="664" count="0" type="stmt"/>
        <line num="665" count="0" type="cond" truecount="0" falsecount="1"/>
        <line num="666" count="0" type="stmt"/>
        <line num="667" count="0" type="stmt"/>
        <line num="668" count="0" type="stmt"/>
        <line num="670" count="0" type="stmt"/>
        <line num="671" count="0" type="stmt"/>
        <line num="672" count="0" type="stmt"/>
        <line num="677" count="10" type="cond" truecount="4" falsecount="0"/>
        <line num="678" count="1" type="stmt"/>
        <line num="680" count="9" type="cond" truecount="15" falsecount="5"/>
        <line num="681" count="0" type="stmt"/>
        <line num="682" count="0" type="stmt"/>
        <line num="683" count="9" type="cond" truecount="7" falsecount="3"/>
        <line num="684" count="0" type="stmt"/>
        <line num="685" count="0" type="cond" truecount="0" falsecount="6"/>
        <line num="686" count="9" type="cond" truecount="8" falsecount="2"/>
        <line num="687" count="6" type="stmt"/>
        <line num="688" count="6" type="stmt"/>
        <line num="689" count="3" type="cond" truecount="8" falsecount="2"/>
        <line num="690" count="1" type="stmt"/>
        <line num="691" count="1" type="stmt"/>
        <line num="692" count="2" type="cond" truecount="8" falsecount="2"/>
        <line num="693" count="1" type="stmt"/>
        <line num="694" count="1" type="stmt"/>
        <line num="695" count="1" type="cond" truecount="7" falsecount="3"/>
        <line num="696" count="1" type="stmt"/>
        <line num="697" count="1" type="stmt"/>
        <line num="698" count="0" type="cond" truecount="0" falsecount="10"/>
        <line num="699" count="0" type="stmt"/>
        <line num="700" count="0" type="stmt"/>
        <line num="701" count="0" type="cond" truecount="0" falsecount="10"/>
        <line num="702" count="0" type="stmt"/>
        <line num="703" count="0" type="stmt"/>
        <line num="705" count="0" type="cond" truecount="0" falsecount="6"/>
        <line num="706" count="0" type="cond" truecount="0" falsecount="4"/>
        <line num="708" count="9" type="stmt"/>
        <line num="716" count="372" type="stmt"/>
        <line num="717" count="25" type="stmt"/>
        <line num="723" count="372" type="stmt"/>
        <line num="724" count="1" type="stmt"/>
        <line num="725" count="1" type="stmt"/>
        <line num="728" count="1" type="stmt"/>
        <line num="733" count="1" type="cond" truecount="1" falsecount="0"/>
        <line num="734" count="1" type="stmt"/>
        <line num="735" count="1" type="stmt"/>
        <line num="736" count="1" type="stmt"/>
        <line num="739" count="1" type="stmt"/>
        <line num="740" count="1" type="stmt"/>
        <line num="741" count="1" type="stmt"/>
        <line num="742" count="1" type="stmt"/>
        <line num="743" count="1" type="stmt"/>
        <line num="744" count="1" type="stmt"/>
        <line num="747" count="1" type="stmt"/>
        <line num="748" count="6" type="cond" truecount="2" falsecount="0"/>
        <line num="749" count="4" type="cond" truecount="1" falsecount="9"/>
        <line num="750" count="0" type="cond" truecount="0" falsecount="10"/>
        <line num="751" count="1" type="stmt"/>
        <line num="752" count="6" type="cond" truecount="2" falsecount="0"/>
        <line num="753" count="1" type="cond" truecount="0" falsecount="1"/>
        <line num="754" count="0" type="stmt"/>
        <line num="757" count="1" type="stmt"/>
        <line num="758" count="1" type="cond" truecount="8" falsecount="12"/>
        <line num="759" count="0" type="stmt"/>
        <line num="760" count="1" type="cond" truecount="8" falsecount="12"/>
        <line num="761" count="0" type="stmt"/>
        <line num="762" count="1" type="cond" truecount="7" falsecount="12"/>
        <line num="763" count="0" type="stmt"/>
        <line num="766" count="1" type="stmt"/>
        <line num="767" count="6" type="cond" truecount="1" falsecount="0"/>
        <line num="769" count="1" type="cond" truecount="4" falsecount="6"/>
        <line num="770" count="1" type="cond" truecount="4" falsecount="6"/>
        <line num="771" count="1" type="stmt"/>
        <line num="780" count="5" type="stmt"/>
        <line num="782" count="1" type="stmt"/>
        <line num="783" count="1" type="stmt"/>
        <line num="790" count="372" type="stmt"/>
        <line num="791" count="1" type="cond" truecount="0" falsecount="1"/>
        <line num="793" count="0" type="stmt"/>
        <line num="795" count="1" type="stmt"/>
        <line num="797" count="6" type="stmt"/>
        <line num="798" count="1" type="stmt"/>
        <line num="799" count="1" type="cond" truecount="8" falsecount="12"/>
        <line num="800" count="0" type="stmt"/>
        <line num="801" count="1" type="cond" truecount="15" falsecount="5"/>
        <line num="802" count="1" type="stmt"/>
        <line num="803" count="0" type="cond" truecount="0" falsecount="19"/>
        <line num="804" count="0" type="stmt"/>
        <line num="807" count="1" type="cond" truecount="2" falsecount="1"/>
        <line num="808" count="0" type="stmt"/>
        <line num="809" count="0" type="stmt"/>
        <line num="812" count="1" type="stmt"/>
        <line num="814" count="0" type="stmt"/>
        <line num="822" count="372" type="stmt"/>
        <line num="823" count="16" type="stmt"/>
        <line num="824" count="16" type="cond" truecount="0" falsecount="1"/>
        <line num="828" count="0" type="cond" truecount="0" falsecount="2"/>
        <line num="833" count="0" type="stmt"/>
        <line num="834" count="0" type="cond" truecount="0" falsecount="1"/>
        <line num="835" count="0" type="stmt"/>
        <line num="837" count="0" type="stmt"/>
        <line num="839" count="0" type="stmt"/>
        <line num="842" count="0" type="stmt"/>
        <line num="843" count="0" type="cond" truecount="0" falsecount="1"/>
        <line num="844" count="0" type="stmt"/>
        <line num="849" count="372" type="stmt"/>
        <line num="850" count="47" type="stmt"/>
        <line num="851" count="47" type="stmt"/>
        <line num="853" count="47" type="stmt"/>
        <line num="854" count="47" type="cond" truecount="0" falsecount="1"/>
        <line num="855" count="0" type="stmt"/>
        <line num="857" count="47" type="cond" truecount="1" falsecount="3"/>
        <line num="859" count="0" type="stmt"/>
        <line num="860" count="0" type="stmt"/>
        <line num="861" count="0" type="cond" truecount="0" falsecount="1"/>
        <line num="862" count="0" type="stmt"/>
        <line num="866" count="0" type="stmt"/>
        <line num="870" count="0" type="stmt"/>
        <line num="872" count="0" type="stmt"/>
        <line num="876" count="372" type="stmt"/>
        <line num="877" count="372" type="stmt"/>
        <line num="878" count="372" type="stmt"/>
        <line num="879" count="372" type="stmt"/>
        <line num="880" count="372" type="stmt"/>
        <line num="886" count="372" type="stmt"/>
        <line num="887" count="0" type="stmt"/>
        <line num="892" count="0" type="stmt"/>
        <line num="893" count="0" type="stmt"/>
        <line num="894" count="0" type="stmt"/>
        <line num="895" count="0" type="stmt"/>
        <line num="897" count="0" type="stmt"/>
        <line num="905" count="372" type="stmt"/>
        <line num="906" count="0" type="stmt"/>
        <line num="911" count="0" type="stmt"/>
        <line num="912" count="0" type="stmt"/>
        <line num="913" count="0" type="stmt"/>
        <line num="914" count="0" type="stmt"/>
        <line num="916" count="0" type="stmt"/>
        <line num="924" count="372" type="stmt"/>
        <line num="925" count="0" type="stmt"/>
        <line num="926" count="0" type="stmt"/>
        <line num="927" count="0" type="cond" truecount="0" falsecount="3"/>
        <line num="928" count="0" type="stmt"/>
        <line num="929" count="0" type="stmt"/>
        <line num="930" count="0" type="stmt"/>
        <line num="932" count="0" type="stmt"/>
        <line num="938" count="372" type="stmt"/>
        <line num="939" count="372" type="stmt"/>
        <line num="940" count="372" type="stmt"/>
        <line num="941" count="372" type="stmt"/>
        <line num="947" count="0" type="cond" truecount="0" falsecount="3"/>
        <line num="948" count="0" type="cond" truecount="0" falsecount="6"/>
        <line num="949" count="0" type="stmt"/>
        <line num="950" count="0" type="stmt"/>
        <line num="957" count="0" type="stmt"/>
        <line num="959" count="47" type="stmt"/>
        <line num="960" count="47" type="stmt"/>
        <line num="961" count="47" type="stmt"/>
        <line num="962" count="47" type="stmt"/>
        <line num="963" count="47" type="stmt"/>
        <line num="968" count="2189" type="stmt"/>
        <line num="969" count="2189" type="stmt"/>
        <line num="971" count="372" type="stmt"/>
        <line num="982" count="0" type="stmt"/>
        <line num="1014" count="462" type="stmt"/>
        <line num="1024" count="0" type="stmt"/>
        <line num="1034" count="2189" type="stmt"/>
        <line num="1056" count="0" type="stmt"/>
        <line num="1058" count="0" type="cond" truecount="0" falsecount="1"/>
        <line num="1059" count="0" type="cond" truecount="0" falsecount="1"/>
        <line num="1084" count="0" type="stmt"/>
        <line num="1096" count="3" type="stmt"/>
        <line num="1101" count="0" type="stmt"/>
        <line num="1111" count="0" type="stmt"/>
        <line num="1112" count="0" type="stmt"/>
        <line num="1113" count="0" type="stmt"/>
        <line num="1114" count="0" type="stmt"/>
        <line num="1115" count="0" type="stmt"/>
        <line num="1116" count="0" type="stmt"/>
        <line num="1124" count="1" type="stmt"/>
        <line num="1128" count="1" type="stmt"/>
      </file>
      <file name="Investigations.tsx" path="/Users/gklainert/Documents/gaia-webplugin/src/js/pages/Investigations.tsx">
        <metrics statements="94" coveredstatements="0" conditionals="38" coveredconditionals="0" methods="33" coveredmethods="0"/>
        <line num="1" count="0" type="stmt"/>
        <line num="3" count="0" type="stmt"/>
        <line num="6" count="0" type="stmt"/>
        <line num="25" count="0" type="stmt"/>
        <line num="26" count="0" type="cond" truecount="0" falsecount="1"/>
        <line num="27" count="0" type="stmt"/>
        <line num="30" count="0" type="stmt"/>
        <line num="40" count="0" type="stmt"/>
        <line num="41" count="0" type="cond" truecount="0" falsecount="1"/>
        <line num="42" count="0" type="stmt"/>
        <line num="48" count="0" type="stmt"/>
        <line num="49" count="0" type="stmt"/>
        <line num="51" count="0" type="stmt"/>
        <line num="53" count="0" type="cond" truecount="0" falsecount="2"/>
        <line num="55" count="0" type="stmt"/>
        <line num="65" count="0" type="stmt"/>
        <line num="66" count="0" type="cond" truecount="0" falsecount="1"/>
        <line num="67" count="0" type="cond" truecount="0" falsecount="2"/>
        <line num="71" count="0" type="stmt"/>
        <line num="74" count="0" type="stmt"/>
        <line num="84" count="0" type="stmt"/>
        <line num="85" count="0" type="cond" truecount="0" falsecount="1"/>
        <line num="86" count="0" type="stmt"/>
        <line num="87" count="0" type="stmt"/>
        <line num="90" count="0" type="stmt"/>
        <line num="102" count="0" type="stmt"/>
        <line num="103" count="0" type="cond" truecount="0" falsecount="2"/>
        <line num="104" count="0" type="stmt"/>
        <line num="105" count="0" type="stmt"/>
        <line num="106" count="0" type="stmt"/>
        <line num="111" count="0" type="stmt"/>
        <line num="112" count="0" type="stmt"/>
        <line num="113" count="0" type="stmt"/>
        <line num="114" count="0" type="stmt"/>
        <line num="115" count="0" type="cond" truecount="0" falsecount="2"/>
        <line num="116" count="0" type="stmt"/>
        <line num="118" count="0" type="stmt"/>
        <line num="119" count="0" type="stmt"/>
        <line num="121" count="0" type="stmt"/>
        <line num="123" count="0" type="stmt"/>
        <line num="125" count="0" type="stmt"/>
        <line num="128" count="0" type="stmt"/>
        <line num="129" count="0" type="stmt"/>
        <line num="136" count="0" type="stmt"/>
        <line num="137" count="0" type="cond" truecount="0" falsecount="2"/>
        <line num="138" count="0" type="stmt"/>
        <line num="140" count="0" type="stmt"/>
        <line num="148" count="0" type="stmt"/>
        <line num="149" count="0" type="cond" truecount="0" falsecount="2"/>
        <line num="155" count="0" type="stmt"/>
        <line num="156" count="0" type="stmt"/>
        <line num="157" count="0" type="stmt"/>
        <line num="158" count="0" type="stmt"/>
        <line num="159" count="0" type="stmt"/>
        <line num="160" count="0" type="cond" truecount="0" falsecount="2"/>
        <line num="161" count="0" type="stmt"/>
        <line num="162" count="0" type="stmt"/>
        <line num="163" count="0" type="cond" truecount="0" falsecount="1"/>
        <line num="164" count="0" type="stmt"/>
        <line num="168" count="0" type="stmt"/>
        <line num="169" count="0" type="stmt"/>
        <line num="170" count="0" type="stmt"/>
        <line num="171" count="0" type="stmt"/>
        <line num="172" count="0" type="cond" truecount="0" falsecount="1"/>
        <line num="173" count="0" type="stmt"/>
        <line num="177" count="0" type="stmt"/>
        <line num="179" count="0" type="stmt"/>
        <line num="185" count="0" type="stmt"/>
        <line num="186" count="0" type="stmt"/>
        <line num="187" count="0" type="stmt"/>
        <line num="188" count="0" type="stmt"/>
        <line num="189" count="0" type="cond" truecount="0" falsecount="2"/>
        <line num="190" count="0" type="stmt"/>
        <line num="192" count="0" type="stmt"/>
        <line num="193" count="0" type="stmt"/>
        <line num="196" count="0" type="stmt"/>
        <line num="198" count="0" type="stmt"/>
        <line num="204" count="0" type="stmt"/>
        <line num="205" count="0" type="stmt"/>
        <line num="206" count="0" type="stmt"/>
        <line num="207" count="0" type="stmt"/>
        <line num="208" count="0" type="cond" truecount="0" falsecount="2"/>
        <line num="209" count="0" type="stmt"/>
        <line num="211" count="0" type="stmt"/>
        <line num="212" count="0" type="stmt"/>
        <line num="214" count="0" type="stmt"/>
        <line num="216" count="0" type="stmt"/>
        <line num="218" count="0" type="stmt"/>
        <line num="221" count="0" type="stmt"/>
        <line num="223" count="0" type="stmt"/>
        <line num="248" count="0" type="cond" truecount="0" falsecount="2"/>
        <line num="250" count="0" type="stmt"/>
        <line num="278" count="0" type="stmt"/>
        <line num="282" count="0" type="stmt"/>
      </file>
    </package>
    <package name="services">
      <metrics statements="76" coveredstatements="14" conditionals="33" coveredconditionals="0" methods="18" coveredmethods="0"/>
      <file name="ChatService.ts" path="/Users/gklainert/Documents/gaia-webplugin/src/js/services/ChatService.ts">
        <metrics statements="17" coveredstatements="3" conditionals="5" coveredconditionals="0" methods="3" coveredmethods="0"/>
        <line num="3" count="1" type="stmt"/>
        <line num="8" count="0" type="stmt"/>
        <line num="13" count="0" type="cond" truecount="0" falsecount="1"/>
        <line num="14" count="0" type="stmt"/>
        <line num="17" count="1" type="stmt"/>
        <line num="20" count="0" type="stmt"/>
        <line num="21" count="0" type="cond" truecount="0" falsecount="1"/>
        <line num="22" count="0" type="stmt"/>
        <line num="25" count="1" type="stmt"/>
        <line num="29" count="0" type="cond" truecount="0" falsecount="1"/>
        <line num="30" count="0" type="stmt"/>
        <line num="31" count="0" type="cond" truecount="0" falsecount="1"/>
        <line num="32" count="0" type="stmt"/>
        <line num="38" count="0" type="stmt"/>
        <line num="45" count="0" type="stmt"/>
        <line num="46" count="0" type="cond" truecount="0" falsecount="1"/>
        <line num="47" count="0" type="stmt"/>
      </file>
      <file name="GAIAService.ts" path="/Users/gklainert/Documents/gaia-webplugin/src/js/services/GAIAService.ts">
        <metrics statements="53" coveredstatements="7" conditionals="20" coveredconditionals="0" methods="13" coveredmethods="0"/>
        <line num="2" count="1" type="stmt"/>
        <line num="6" count="1" type="stmt"/>
        <line num="7" count="1" type="stmt"/>
        <line num="18" count="1" type="stmt"/>
        <line num="62" count="1" type="stmt"/>
        <line num="64" count="0" type="stmt"/>
        <line num="78" count="1" type="stmt"/>
        <line num="96" count="0" type="stmt"/>
        <line num="97" count="0" type="stmt"/>
        <line num="98" count="0" type="stmt"/>
        <line num="99" count="0" type="stmt"/>
        <line num="110" count="0" type="stmt"/>
        <line num="113" count="0" type="stmt"/>
        <line num="114" count="0" type="stmt"/>
        <line num="115" count="0" type="stmt"/>
        <line num="116" count="0" type="cond" truecount="0" falsecount="3"/>
        <line num="117" count="0" type="stmt"/>
        <line num="118" count="0" type="stmt"/>
        <line num="120" count="0" type="stmt"/>
        <line num="122" count="0" type="stmt"/>
        <line num="126" count="0" type="stmt"/>
        <line num="127" count="0" type="stmt"/>
        <line num="132" count="0" type="cond" truecount="0" falsecount="5"/>
        <line num="133" count="0" type="stmt"/>
        <line num="135" count="0" type="stmt"/>
        <line num="147" count="0" type="cond" truecount="0" falsecount="1"/>
        <line num="148" count="0" type="stmt"/>
        <line num="150" count="0" type="stmt"/>
        <line num="151" count="0" type="stmt"/>
        <line num="160" count="0" type="stmt"/>
        <line num="411" count="0" type="stmt"/>
        <line num="420" count="0" type="cond" truecount="0" falsecount="1"/>
        <line num="421" count="0" type="stmt"/>
        <line num="424" count="0" type="stmt"/>
        <line num="435" count="0" type="cond" truecount="0" falsecount="1"/>
        <line num="436" count="0" type="stmt"/>
        <line num="438" count="0" type="stmt"/>
        <line num="439" count="0" type="stmt"/>
        <line num="450" count="0" type="cond" truecount="0" falsecount="1"/>
        <line num="451" count="0" type="stmt"/>
        <line num="453" count="0" type="stmt"/>
        <line num="454" count="0" type="stmt"/>
        <line num="465" count="0" type="cond" truecount="0" falsecount="1"/>
        <line num="466" count="0" type="stmt"/>
        <line num="468" count="0" type="stmt"/>
        <line num="469" count="0" type="stmt"/>
        <line num="480" count="0" type="cond" truecount="0" falsecount="1"/>
        <line num="481" count="0" type="stmt"/>
        <line num="483" count="0" type="stmt"/>
        <line num="484" count="0" type="stmt"/>
        <line num="497" count="0" type="stmt"/>
        <line num="498" count="0" type="stmt"/>
        <line num="505" count="1" type="stmt"/>
      </file>
      <file name="envConstants.ts" path="/Users/gklainert/Documents/gaia-webplugin/src/js/services/envConstants.ts">
        <metrics statements="6" coveredstatements="4" conditionals="8" coveredconditionals="0" methods="2" coveredmethods="0"/>
        <line num="14" count="1" type="stmt"/>
        <line num="42" count="1" type="stmt"/>
        <line num="44" count="0" type="stmt"/>
        <line num="52" count="1" type="stmt"/>
        <line num="58" count="0" type="stmt"/>
        <line num="65" count="1" type="stmt"/>
      </file>
    </package>
    <package name="services.restService">
      <metrics statements="60" coveredstatements="16" conditionals="50" coveredconditionals="0" methods="14" coveredmethods="0"/>
      <file name="WithRUMInteractionName.ts" path="/Users/gklainert/Documents/gaia-webplugin/src/js/services/restService/WithRUMInteractionName.ts">
        <metrics statements="3" coveredstatements="1" conditionals="0" coveredconditionals="0" methods="2" coveredmethods="0"/>
        <line num="10" count="0" type="stmt"/>
        <line num="14" count="0" type="stmt"/>
        <line num="19" count="1" type="stmt"/>
      </file>
      <file name="constants.ts" path="/Users/gklainert/Documents/gaia-webplugin/src/js/services/restService/constants.ts">
        <metrics statements="4" coveredstatements="4" conditionals="0" coveredconditionals="0" methods="3" coveredmethods="0"/>
        <line num="1" count="1" type="stmt"/>
        <line num="2" count="1" type="stmt"/>
        <line num="3" count="1" type="stmt"/>
        <line num="4" count="1" type="stmt"/>
      </file>
      <file name="index.ts" path="/Users/gklainert/Documents/gaia-webplugin/src/js/services/restService/index.ts">
        <metrics statements="36" coveredstatements="5" conditionals="45" coveredconditionals="0" methods="5" coveredmethods="0"/>
        <line num="1" count="1" type="stmt"/>
        <line num="3" count="1" type="stmt"/>
        <line num="4" count="1" type="stmt"/>
        <line num="5" count="1" type="stmt"/>
        <line num="49" count="0" type="stmt"/>
        <line num="50" count="0" type="stmt"/>
        <line num="51" count="0" type="stmt"/>
        <line num="53" count="0" type="stmt"/>
        <line num="54" count="0" type="stmt"/>
        <line num="55" count="0" type="cond" truecount="0" falsecount="2"/>
        <line num="58" count="0" type="cond" truecount="0" falsecount="1"/>
        <line num="59" count="0" type="stmt"/>
        <line num="62" count="0" type="cond" truecount="0" falsecount="1"/>
        <line num="63" count="0" type="stmt"/>
        <line num="72" count="0" type="stmt"/>
        <line num="73" count="0" type="stmt"/>
        <line num="74" count="0" type="stmt"/>
        <line num="98" count="0" type="stmt"/>
        <line num="99" count="0" type="stmt"/>
        <line num="100" count="0" type="stmt"/>
        <line num="124" count="0" type="stmt"/>
        <line num="125" count="0" type="stmt"/>
        <line num="146" count="0" type="stmt"/>
        <line num="147" count="0" type="stmt"/>
        <line num="148" count="0" type="cond" truecount="0" falsecount="2"/>
        <line num="149" count="0" type="cond" truecount="0" falsecount="2"/>
        <line num="150" count="0" type="cond" truecount="0" falsecount="1"/>
        <line num="151" count="0" type="cond" truecount="0" falsecount="1"/>
        <line num="152" count="0" type="stmt"/>
        <line num="153" count="0" type="stmt"/>
        <line num="157" count="0" type="stmt"/>
        <line num="158" count="0" type="stmt"/>
        <line num="164" count="0" type="cond" truecount="0" falsecount="1"/>
        <line num="165" count="0" type="stmt"/>
        <line num="168" count="0" type="stmt"/>
        <line num="181" count="1" type="stmt"/>
      </file>
      <file name="onRequestEnd.ts" path="/Users/gklainert/Documents/gaia-webplugin/src/js/services/restService/onRequestEnd.ts">
        <metrics statements="11" coveredstatements="3" conditionals="5" coveredconditionals="0" methods="2" coveredmethods="0"/>
        <line num="4" count="1" type="stmt"/>
        <line num="15" count="1" type="stmt"/>
        <line num="18" count="0" type="stmt"/>
        <line num="19" count="0" type="stmt"/>
        <line num="22" count="0" type="cond" truecount="0" falsecount="1"/>
        <line num="23" count="0" type="stmt"/>
        <line num="24" count="0" type="cond" truecount="0" falsecount="2"/>
        <line num="25" count="0" type="stmt"/>
        <line num="27" count="0" type="stmt"/>
        <line num="33" count="0" type="stmt"/>
        <line num="37" count="1" type="stmt"/>
      </file>
      <file name="onRequestStart.ts" path="/Users/gklainert/Documents/gaia-webplugin/src/js/services/restService/onRequestStart.ts">
        <metrics statements="6" coveredstatements="3" conditionals="0" coveredconditionals="0" methods="2" coveredmethods="0"/>
        <line num="4" count="1" type="stmt"/>
        <line num="11" count="1" type="stmt"/>
        <line num="14" count="0" type="stmt"/>
        <line num="15" count="0" type="stmt"/>
        <line num="18" count="0" type="stmt"/>
        <line num="21" count="1" type="stmt"/>
      </file>
    </package>
    <package name="types">
      <metrics statements="17" coveredstatements="17" conditionals="6" coveredconditionals="6" methods="3" coveredmethods="3"/>
      <file name="RiskAssessment.ts" path="/Users/gklainert/Documents/gaia-webplugin/src/js/types/RiskAssessment.ts">
        <metrics statements="17" coveredstatements="17" conditionals="6" coveredconditionals="6" methods="3" coveredmethods="3"/>
        <line num="179" count="1" type="cond" truecount="2" falsecount="0"/>
        <line num="180" count="1" type="stmt"/>
        <line num="181" count="1" type="stmt"/>
        <line num="182" count="1" type="stmt"/>
        <line num="183" count="1" type="stmt"/>
        <line num="184" count="1" type="stmt"/>
        <line num="185" count="1" type="stmt"/>
        <line num="188" count="1" type="cond" truecount="2" falsecount="0"/>
        <line num="189" count="1" type="stmt"/>
        <line num="190" count="1" type="stmt"/>
        <line num="191" count="1" type="stmt"/>
        <line num="192" count="1" type="stmt"/>
        <line num="206" count="1" type="cond" truecount="2" falsecount="0"/>
        <line num="207" count="1" type="stmt"/>
        <line num="208" count="1" type="stmt"/>
        <line num="209" count="1" type="stmt"/>
        <line num="210" count="1" type="stmt"/>
      </file>
    </package>
    <package name="utils">
      <metrics statements="125" coveredstatements="67" conditionals="306" coveredconditionals="171" methods="22" coveredmethods="9"/>
      <file name="fetchFCIWrapper.ts" path="/Users/gklainert/Documents/gaia-webplugin/src/js/utils/fetchFCIWrapper.ts">
        <metrics statements="21" coveredstatements="5" conditionals="7" coveredconditionals="0" methods="3" coveredmethods="0"/>
        <line num="5" count="1" type="stmt"/>
        <line num="6" count="1" type="stmt"/>
        <line num="7" count="1" type="stmt"/>
        <line num="28" count="1" type="stmt"/>
        <line num="29" count="0" type="stmt"/>
        <line num="30" count="0" type="stmt"/>
        <line num="33" count="0" type="stmt"/>
        <line num="36" count="0" type="stmt"/>
        <line num="38" count="0" type="stmt"/>
        <line num="39" count="0" type="stmt"/>
        <line num="40" count="0" type="cond" truecount="0" falsecount="2"/>
        <line num="42" count="0" type="stmt"/>
        <line num="43" count="0" type="stmt"/>
        <line num="46" count="0" type="stmt"/>
        <line num="48" count="0" type="cond" truecount="0" falsecount="2"/>
        <line num="49" count="0" type="stmt"/>
        <line num="51" count="0" type="stmt"/>
        <line num="56" count="0" type="stmt"/>
        <line num="58" count="0" type="cond" truecount="0" falsecount="1"/>
        <line num="61" count="0" type="stmt"/>
        <line num="64" count="1" type="stmt"/>
      </file>
      <file name="investigation.ts" path="/Users/gklainert/Documents/gaia-webplugin/src/js/utils/investigation.ts">
        <metrics statements="5" coveredstatements="5" conditionals="2" coveredconditionals="2" methods="4" coveredmethods="4"/>
        <line num="8" count="1" type="stmt"/>
        <line num="9" count="1375" type="stmt"/>
        <line num="26" count="1" type="stmt"/>
        <line num="30" count="18" type="stmt"/>
        <line num="31" count="108" type="cond" truecount="2" falsecount="0"/>
      </file>
      <file name="investigationDataUtils.ts" path="/Users/gklainert/Documents/gaia-webplugin/src/js/utils/investigationDataUtils.ts">
        <metrics statements="94" coveredstatements="52" conditionals="295" coveredconditionals="168" methods="14" coveredmethods="4"/>
        <line num="1" count="1" type="stmt"/>
        <line num="2" count="1" type="stmt"/>
        <line num="11" count="1" type="stmt"/>
        <line num="12" count="64" type="stmt"/>
        <line num="13" count="64" type="cond" truecount="0" falsecount="1"/>
        <line num="14" count="0" type="stmt"/>
        <line num="15" count="0" type="stmt"/>
        <line num="16" count="0" type="stmt"/>
        <line num="19" count="64" type="cond" truecount="2" falsecount="0"/>
        <line num="21" count="17" type="cond" truecount="1" falsecount="2"/>
        <line num="22" count="17" type="cond" truecount="1" falsecount="2"/>
        <line num="24" count="17" type="cond" truecount="3" falsecount="0"/>
        <line num="25" count="17" type="stmt"/>
        <line num="26" count="17" type="stmt"/>
        <line num="27" count="17" type="stmt"/>
        <line num="29" count="47" type="cond" truecount="2" falsecount="0"/>
        <line num="30" count="18" type="cond" truecount="0" falsecount="1"/>
        <line num="31" count="0" type="stmt"/>
        <line num="32" count="0" type="stmt"/>
        <line num="34" count="29" type="cond" truecount="2" falsecount="0"/>
        <line num="35" count="15" type="cond" truecount="2" falsecount="2"/>
        <line num="36" count="0" type="stmt"/>
        <line num="37" count="0" type="stmt"/>
        <line num="39" count="14" type="cond" truecount="1" falsecount="1"/>
        <line num="40" count="14" type="cond" truecount="0" falsecount="1"/>
        <line num="41" count="0" type="stmt"/>
        <line num="42" count="0" type="stmt"/>
        <line num="45" count="0" type="stmt"/>
        <line num="46" count="0" type="stmt"/>
        <line num="49" count="47" type="stmt"/>
        <line num="57" count="1" type="stmt"/>
        <line num="58" count="18" type="stmt"/>
        <line num="59" count="18" type="cond" truecount="4" falsecount="2"/>
        <line num="60" count="18" type="stmt"/>
        <line num="61" count="18" type="stmt"/>
        <line num="69" count="0" type="cond" truecount="0" falsecount="5"/>
        <line num="70" count="0" type="stmt"/>
        <line num="71" count="0" type="stmt"/>
        <line num="80" count="18" type="cond" truecount="7" falsecount="3"/>
        <line num="81" count="0" type="stmt"/>
        <line num="88" count="18" type="stmt"/>
        <line num="94" count="0" type="cond" truecount="6" falsecount="2"/>
        <line num="113" count="1" type="stmt"/>
        <line num="114" count="15" type="stmt"/>
        <line num="115" count="15" type="cond" truecount="4" falsecount="2"/>
        <line num="116" count="0" type="stmt"/>
        <line num="120" count="15" type="cond" truecount="4" falsecount="2"/>
        <line num="121" count="15" type="stmt"/>
        <line num="125" count="0" type="cond" truecount="0" falsecount="5"/>
        <line num="126" count="0" type="stmt"/>
        <line num="132" count="15" type="stmt"/>
        <line num="133" count="15" type="cond" truecount="4" falsecount="2"/>
        <line num="134" count="0" type="stmt"/>
        <line num="138" count="15" type="cond" truecount="4" falsecount="1"/>
        <line num="139" count="15" type="stmt"/>
        <line num="146" count="15" type="cond" truecount="8" falsecount="2"/>
        <line num="152" count="15" type="cond" truecount="8" falsecount="2"/>
        <line num="157" count="15" type="cond" truecount="7" falsecount="3"/>
        <line num="158" count="0" type="stmt"/>
        <line num="167" count="15" type="stmt"/>
        <line num="168" count="15" type="cond" truecount="3" falsecount="2"/>
        <line num="169" count="0" type="stmt"/>
        <line num="170" count="0" type="cond" truecount="0" falsecount="2"/>
        <line num="171" count="0" type="stmt"/>
        <line num="172" count="0" type="stmt"/>
        <line num="174" count="0" type="stmt"/>
        <line num="176" count="0" type="cond" truecount="0" falsecount="4"/>
        <line num="177" count="0" type="stmt"/>
        <line num="179" count="0" type="stmt"/>
        <line num="181" count="0" type="stmt"/>
        <line num="187" count="15" type="stmt"/>
        <line num="198" count="0" type="cond" truecount="6" falsecount="2"/>
        <line num="225" count="1" type="stmt"/>
        <line num="226" count="14" type="stmt"/>
        <line num="227" count="14" type="cond" truecount="4" falsecount="2"/>
        <line num="228" count="14" type="stmt"/>
        <line num="232" count="0" type="cond" truecount="0" falsecount="5"/>
        <line num="233" count="0" type="stmt"/>
        <line num="238" count="14" type="stmt"/>
        <line num="239" count="14" type="cond" truecount="4" falsecount="2"/>
        <line num="240" count="0" type="stmt"/>
        <line num="241" count="14" type="cond" truecount="4" falsecount="1"/>
        <line num="242" count="14" type="stmt"/>
        <line num="244" count="14" type="cond" truecount="7" falsecount="3"/>
        <line num="245" count="0" type="stmt"/>
        <line num="252" count="14" type="stmt"/>
        <line num="257" count="0" type="stmt"/>
        <line num="262" count="0" type="cond" truecount="6" falsecount="2"/>
        <line num="278" count="1" type="stmt"/>
        <line num="279" count="0" type="stmt"/>
        <line num="280" count="0" type="cond" truecount="0" falsecount="5"/>
        <line num="281" count="0" type="stmt"/>
        <line num="286" count="0" type="stmt"/>
        <line num="293" count="0" type="stmt"/>
      </file>
      <file name="investigationStepsConfig.ts" path="/Users/gklainert/Documents/gaia-webplugin/src/js/utils/investigationStepsConfig.ts">
        <metrics statements="5" coveredstatements="5" conditionals="2" coveredconditionals="1" methods="1" coveredmethods="1"/>
        <line num="1" count="1" type="stmt"/>
        <line num="3" count="1" type="stmt"/>
        <line num="42" count="1" type="stmt"/>
        <line num="64" count="1" type="stmt"/>
        <line num="74" count="144" type="stmt"/>
      </file>
    </package>
    <package name="widgets.gaia">
      <metrics statements="46" coveredstatements="0" conditionals="8" coveredconditionals="0" methods="12" coveredmethods="0"/>
      <file name="OlorinWidget.tsx" path="/Users/gklainert/Documents/gaia-webplugin/src/js/widgets/gaia/OlorinWidget.tsx">
        <metrics statements="46" coveredstatements="0" conditionals="8" coveredconditionals="0" methods="12" coveredmethods="0"/>
        <line num="1" count="0" type="stmt"/>
        <line num="3" count="0" type="stmt"/>
        <line num="4" count="0" type="stmt"/>
        <line num="5" count="0" type="stmt"/>
        <line num="6" count="0" type="stmt"/>
        <line num="7" count="0" type="stmt"/>
        <line num="8" count="0" type="stmt"/>
        <line num="11" count="0" type="stmt"/>
        <line num="12" count="0" type="stmt"/>
        <line num="23" count="0" type="stmt"/>
        <line num="24" count="0" type="stmt"/>
        <line num="36" count="0" type="stmt"/>
        <line num="37" count="0" type="stmt"/>
        <line num="45" count="0" type="stmt"/>
        <line num="46" count="0" type="stmt"/>
        <line num="47" count="0" type="stmt"/>
        <line num="48" count="0" type="stmt"/>
        <line num="59" count="0" type="stmt"/>
        <line num="60" count="0" type="stmt"/>
        <line num="65" count="0" type="stmt"/>
        <line num="66" count="0" type="stmt"/>
        <line num="74" count="0" type="stmt"/>
        <line num="76" count="0" type="stmt"/>
        <line num="80" count="0" type="stmt"/>
        <line num="86" count="0" type="stmt"/>
        <line num="97" count="0" type="stmt"/>
        <line num="109" count="0" type="stmt"/>
        <line num="116" count="0" type="stmt"/>
        <line num="117" count="0" type="stmt"/>
        <line num="118" count="0" type="stmt"/>
        <line num="130" count="0" type="stmt"/>
        <line num="133" count="0" type="stmt"/>
        <line num="134" count="0" type="cond" truecount="0" falsecount="1"/>
        <line num="135" count="0" type="stmt"/>
        <line num="136" count="0" type="cond" truecount="0" falsecount="1"/>
        <line num="137" count="0" type="stmt"/>
        <line num="138" count="0" type="stmt"/>
        <line num="140" count="0" type="stmt"/>
        <line num="143" count="0" type="stmt"/>
        <line num="157" count="0" type="cond" truecount="0" falsecount="2"/>
        <line num="159" count="0" type="stmt"/>
        <line num="160" count="0" type="stmt"/>
        <line num="161" count="0" type="stmt"/>
        <line num="162" count="0" type="stmt"/>
        <line num="164" count="0" type="stmt"/>
        <line num="174" count="0" type="stmt"/>
      </file>
    </package>
  </project>
</coverage>
