{
  "/Users/gklainert/Documents/gaia-webplugin/src/js/components/AgentDetailsTable.tsx": {
    "path": "/Users/gklainert/Documents/gaia-webplugin/src/js/components/AgentDetailsTable.tsx",
    "statementMap": {
      "0": {
        "start": { "line": 1, "column": 0 },
        "end": { "line": 1, "column": 26 }
      },
      "1": {
        "start": { "line": 16, "column": 60 },
        "end": { "line": 606, "column": 1 }
      },
      "2": {
        "start": { "line": 17, "column": 4 },
        "end": { "line": 23, "column": null }
      },
      "3": {
        "start": { "line": 18, "column": 8 },
        "end": { "line": 22, "column": 10 }
      },
      "4": {
        "start": { "line": 26, "column": 45 },
        "end": { "line": 29, "column": 6 }
      },
      "5": {
        "start": { "line": 31, "column": 24 },
        "end": { "line": 72, "column": 5 }
      },
      "6": {
        "start": { "line": 32, "column": 8 },
        "end": { "line": 34, "column": null }
      },
      "7": {
        "start": { "line": 33, "column": 12 },
        "end": { "line": 33, "column": 63 }
      },
      "8": {
        "start": { "line": 36, "column": 8 },
        "end": { "line": 38, "column": null }
      },
      "9": {
        "start": { "line": 37, "column": 12 },
        "end": { "line": 37, "column": 105 }
      },
      "10": {
        "start": { "line": 40, "column": 8 },
        "end": { "line": 42, "column": null }
      },
      "11": {
        "start": { "line": 41, "column": 12 },
        "end": { "line": 41, "column": 66 }
      },
      "12": {
        "start": { "line": 44, "column": 8 },
        "end": { "line": 46, "column": null }
      },
      "13": {
        "start": { "line": 45, "column": 12 },
        "end": { "line": 45, "column": 66 }
      },
      "14": {
        "start": { "line": 48, "column": 8 },
        "end": { "line": 56, "column": null }
      },
      "15": {
        "start": { "line": 49, "column": 12 },
        "end": { "line": 55, "column": 14 }
      },
      "16": {
        "start": { "line": 52, "column": 24 },
        "end": { "line": 52, "column": 41 }
      },
      "17": {
        "start": { "line": 58, "column": 8 },
        "end": { "line": 69, "column": null }
      },
      "18": {
        "start": { "line": 59, "column": 12 },
        "end": { "line": 68, "column": 14 }
      },
      "19": {
        "start": { "line": 62, "column": 24 },
        "end": { "line": 62, "column": 39 }
      },
      "20": {
        "start": { "line": 71, "column": 8 },
        "end": { "line": 71, "column": 44 }
      },
      "21": {
        "start": { "line": 74, "column": 34 },
        "end": { "line": 200, "column": 5 }
      },
      "22": {
        "start": { "line": 89, "column": 12 },
        "end": { "line": 89, "column": 19 }
      },
      "23": {
        "start": { "line": 88, "column": 19 },
        "end": { "line": 89, "column": 12 }
      },
      "24": {
        "start": { "line": 91, "column": 8 },
        "end": { "line": 199, "column": 10 }
      },
      "25": {
        "start": { "line": 99, "column": 32 },
        "end": { "line": 99, "column": 49 }
      },
      "26": {
        "start": { "line": 119, "column": 32 },
        "end": { "line": 119, "column": 47 }
      },
      "27": {
        "start": { "line": 134, "column": 32 },
        "end": { "line": 134, "column": 47 }
      },
      "28": {
        "start": { "line": 156, "column": 40 },
        "end": { "line": 156, "column": 54 }
      },
      "29": {
        "start": { "line": 183, "column": 49 },
        "end": { "line": 183, "column": 94 }
      },
      "30": {
        "start": { "line": 188, "column": 58 },
        "end": { "line": 188, "column": 95 }
      },
      "31": {
        "start": { "line": 190, "column": 36 },
        "end": { "line": 190, "column": 51 }
      },
      "32": {
        "start": { "line": 202, "column": 33 },
        "end": { "line": 254, "column": 5 }
      },
      "33": {
        "start": { "line": 203, "column": 85 },
        "end": { "line": 203, "column": 92 }
      },
      "34": {
        "start": { "line": 203, "column": 80 },
        "end": { "line": 203, "column": 85 }
      },
      "35": {
        "start": { "line": 204, "column": 8 },
        "end": { "line": 253, "column": 10 }
      },
      "36": {
        "start": { "line": 212, "column": 32 },
        "end": { "line": 212, "column": 47 }
      },
      "37": {
        "start": { "line": 214, "column": 40 },
        "end": { "line": 214, "column": 55 }
      },
      "38": {
        "start": { "line": 230, "column": 32 },
        "end": { "line": 230, "column": 47 }
      },
      "39": {
        "start": { "line": 244, "column": 32 },
        "end": { "line": 244, "column": 47 }
      },
      "40": {
        "start": { "line": 256, "column": 32 },
        "end": { "line": 496, "column": 5 }
      },
      "41": {
        "start": { "line": 272, "column": 12 },
        "end": { "line": 272, "column": 19 }
      },
      "42": {
        "start": { "line": 271, "column": 19 },
        "end": { "line": 272, "column": 12 }
      },
      "43": {
        "start": { "line": 274, "column": 8 },
        "end": { "line": 495, "column": 10 }
      },
      "44": {
        "start": { "line": 282, "column": 32 },
        "end": { "line": 282, "column": 49 }
      },
      "45": {
        "start": { "line": 309, "column": 32 },
        "end": { "line": 309, "column": 49 }
      },
      "46": {
        "start": { "line": 330, "column": 32 },
        "end": { "line": 330, "column": 47 }
      },
      "47": {
        "start": { "line": 374, "column": 32 },
        "end": { "line": 374, "column": 47 }
      },
      "48": {
        "start": { "line": 389, "column": 32 },
        "end": { "line": 389, "column": 49 }
      },
      "49": {
        "start": { "line": 391, "column": 40 },
        "end": { "line": 391, "column": 55 }
      },
      "50": {
        "start": { "line": 408, "column": 32 },
        "end": { "line": 408, "column": 47 }
      },
      "51": {
        "start": { "line": 459, "column": 44 },
        "end": { "line": 459, "column": 58 }
      },
      "52": {
        "start": { "line": 465, "column": 111 },
        "end": { "line": 465, "column": 116 }
      },
      "53": {
        "start": { "line": 465, "column": 106 },
        "end": { "line": 465, "column": 111 }
      },
      "54": {
        "start": { "line": 466, "column": 56 },
        "end": { "line": 466, "column": 130 }
      },
      "55": {
        "start": { "line": 486, "column": 32 },
        "end": { "line": 486, "column": 47 }
      },
      "56": {
        "start": { "line": 498, "column": 29 },
        "end": { "line": 568, "column": 5 }
      },
      "57": {
        "start": { "line": 499, "column": 75 },
        "end": { "line": 499, "column": 82 }
      },
      "58": {
        "start": { "line": 499, "column": 70 },
        "end": { "line": 499, "column": 75 }
      },
      "59": {
        "start": { "line": 501, "column": 8 },
        "end": { "line": 567, "column": 10 }
      },
      "60": {
        "start": { "line": 509, "column": 32 },
        "end": { "line": 509, "column": 47 }
      },
      "61": {
        "start": { "line": 524, "column": 32 },
        "end": { "line": 524, "column": 49 }
      },
      "62": {
        "start": { "line": 526, "column": 40 },
        "end": { "line": 526, "column": 55 }
      },
      "63": {
        "start": { "line": 543, "column": 32 },
        "end": { "line": 543, "column": 47 }
      },
      "64": {
        "start": { "line": 558, "column": 32 },
        "end": { "line": 558, "column": 47 }
      },
      "65": {
        "start": { "line": 570, "column": 26 },
        "end": { "line": 592, "column": 5 }
      },
      "66": {
        "start": { "line": 571, "column": 8 },
        "end": { "line": 591, "column": null }
      },
      "67": {
        "start": { "line": 573, "column": 16 },
        "end": { "line": 573, "column": 47 }
      },
      "68": {
        "start": { "line": 575, "column": 16 },
        "end": { "line": 575, "column": 46 }
      },
      "69": {
        "start": { "line": 577, "column": 16 },
        "end": { "line": 577, "column": 45 }
      },
      "70": {
        "start": { "line": 579, "column": 16 },
        "end": { "line": 579, "column": 42 }
      },
      "71": {
        "start": { "line": 581, "column": 16 },
        "end": { "line": 590, "column": 18 }
      },
      "72": {
        "start": { "line": 584, "column": 28 },
        "end": { "line": 584, "column": 43 }
      },
      "73": {
        "start": { "line": 594, "column": 4 },
        "end": { "line": 605, "column": 6 }
      },
      "74": {
        "start": { "line": 608, "column": 0 },
        "end": { "line": 608, "column": 33 }
      }
    },
    "fnMap": {
      "0": {
        "name": "(anonymous_2)",
        "decl": {
          "start": { "line": 16, "column": 60 },
          "end": { "line": 16, "column": 61 }
        },
        "loc": {
          "start": { "line": 16, "column": 87 },
          "end": { "line": 606, "column": 1 }
        }
      },
      "1": {
        "name": "(anonymous_3)",
        "decl": {
          "start": { "line": 31, "column": 24 },
          "end": { "line": 31, "column": 25 }
        },
        "loc": {
          "start": { "line": 31, "column": 52 },
          "end": { "line": 72, "column": 5 }
        }
      },
      "2": {
        "name": "(anonymous_4)",
        "decl": {
          "start": { "line": 51, "column": 31 },
          "end": { "line": 51, "column": 32 }
        },
        "loc": {
          "start": { "line": 52, "column": 24 },
          "end": { "line": 52, "column": 41 }
        }
      },
      "3": {
        "name": "(anonymous_5)",
        "decl": {
          "start": { "line": 61, "column": 47 },
          "end": { "line": 61, "column": 48 }
        },
        "loc": {
          "start": { "line": 62, "column": 24 },
          "end": { "line": 62, "column": 39 }
        }
      },
      "4": {
        "name": "(anonymous_6)",
        "decl": {
          "start": { "line": 74, "column": 34 },
          "end": { "line": 74, "column": 37 }
        },
        "loc": {
          "start": { "line": 74, "column": 39 },
          "end": { "line": 200, "column": 5 }
        }
      },
      "5": {
        "name": "(anonymous_7)",
        "decl": {
          "start": { "line": 98, "column": 50 },
          "end": { "line": 98, "column": 51 }
        },
        "loc": {
          "start": { "line": 99, "column": 32 },
          "end": { "line": 99, "column": 49 }
        }
      },
      "6": {
        "name": "(anonymous_8)",
        "decl": {
          "start": { "line": 118, "column": 81 },
          "end": { "line": 118, "column": 82 }
        },
        "loc": {
          "start": { "line": 119, "column": 32 },
          "end": { "line": 119, "column": 47 }
        }
      },
      "7": {
        "name": "(anonymous_9)",
        "decl": {
          "start": { "line": 133, "column": 62 },
          "end": { "line": 133, "column": 63 }
        },
        "loc": {
          "start": { "line": 134, "column": 32 },
          "end": { "line": 134, "column": 47 }
        }
      },
      "8": {
        "name": "(anonymous_10)",
        "decl": {
          "start": { "line": 155, "column": 79 },
          "end": { "line": 155, "column": 80 }
        },
        "loc": {
          "start": { "line": 156, "column": 40 },
          "end": { "line": 156, "column": 54 }
        }
      },
      "9": {
        "name": "(anonymous_11)",
        "decl": {
          "start": { "line": 183, "column": 42 },
          "end": { "line": 183, "column": 45 }
        },
        "loc": {
          "start": { "line": 183, "column": 49 },
          "end": { "line": 183, "column": 94 }
        }
      },
      "10": {
        "name": "(anonymous_12)",
        "decl": {
          "start": { "line": 188, "column": 40 },
          "end": { "line": 188, "column": 41 }
        },
        "loc": {
          "start": { "line": 188, "column": 58 },
          "end": { "line": 188, "column": 95 }
        }
      },
      "11": {
        "name": "(anonymous_13)",
        "decl": {
          "start": { "line": 189, "column": 37 },
          "end": { "line": 189, "column": 38 }
        },
        "loc": {
          "start": { "line": 190, "column": 36 },
          "end": { "line": 190, "column": 51 }
        }
      },
      "12": {
        "name": "(anonymous_14)",
        "decl": {
          "start": { "line": 202, "column": 33 },
          "end": { "line": 202, "column": 36 }
        },
        "loc": {
          "start": { "line": 202, "column": 38 },
          "end": { "line": 254, "column": 5 }
        }
      },
      "13": {
        "name": "(anonymous_15)",
        "decl": {
          "start": { "line": 211, "column": 59 },
          "end": { "line": 211, "column": 60 }
        },
        "loc": {
          "start": { "line": 212, "column": 32 },
          "end": { "line": 212, "column": 47 }
        }
      },
      "14": {
        "name": "(anonymous_16)",
        "decl": {
          "start": { "line": 213, "column": 64 },
          "end": { "line": 213, "column": 65 }
        },
        "loc": {
          "start": { "line": 214, "column": 40 },
          "end": { "line": 214, "column": 55 }
        }
      },
      "15": {
        "name": "(anonymous_17)",
        "decl": {
          "start": { "line": 229, "column": 73 },
          "end": { "line": 229, "column": 74 }
        },
        "loc": {
          "start": { "line": 230, "column": 32 },
          "end": { "line": 230, "column": 47 }
        }
      },
      "16": {
        "name": "(anonymous_18)",
        "decl": {
          "start": { "line": 243, "column": 54 },
          "end": { "line": 243, "column": 55 }
        },
        "loc": {
          "start": { "line": 244, "column": 32 },
          "end": { "line": 244, "column": 47 }
        }
      },
      "17": {
        "name": "(anonymous_19)",
        "decl": {
          "start": { "line": 256, "column": 32 },
          "end": { "line": 256, "column": 35 }
        },
        "loc": {
          "start": { "line": 256, "column": 37 },
          "end": { "line": 496, "column": 5 }
        }
      },
      "18": {
        "name": "(anonymous_20)",
        "decl": {
          "start": { "line": 281, "column": 64 },
          "end": { "line": 281, "column": 65 }
        },
        "loc": {
          "start": { "line": 282, "column": 32 },
          "end": { "line": 282, "column": 49 }
        }
      },
      "19": {
        "name": "(anonymous_21)",
        "decl": {
          "start": { "line": 308, "column": 58 },
          "end": { "line": 308, "column": 59 }
        },
        "loc": {
          "start": { "line": 309, "column": 32 },
          "end": { "line": 309, "column": 49 }
        }
      },
      "20": {
        "name": "(anonymous_22)",
        "decl": {
          "start": { "line": 329, "column": 79 },
          "end": { "line": 329, "column": 80 }
        },
        "loc": {
          "start": { "line": 330, "column": 32 },
          "end": { "line": 330, "column": 47 }
        }
      },
      "21": {
        "name": "(anonymous_23)",
        "decl": {
          "start": { "line": 373, "column": 64 },
          "end": { "line": 373, "column": 65 }
        },
        "loc": {
          "start": { "line": 374, "column": 32 },
          "end": { "line": 374, "column": 47 }
        }
      },
      "22": {
        "name": "(anonymous_24)",
        "decl": {
          "start": { "line": 388, "column": 48 },
          "end": { "line": 388, "column": 49 }
        },
        "loc": {
          "start": { "line": 389, "column": 32 },
          "end": { "line": 389, "column": 49 }
        }
      },
      "23": {
        "name": "(anonymous_25)",
        "decl": {
          "start": { "line": 390, "column": 65 },
          "end": { "line": 390, "column": 66 }
        },
        "loc": {
          "start": { "line": 391, "column": 40 },
          "end": { "line": 391, "column": 55 }
        }
      },
      "24": {
        "name": "(anonymous_26)",
        "decl": {
          "start": { "line": 407, "column": 65 },
          "end": { "line": 407, "column": 66 }
        },
        "loc": {
          "start": { "line": 408, "column": 32 },
          "end": { "line": 408, "column": 47 }
        }
      },
      "25": {
        "name": "(anonymous_27)",
        "decl": {
          "start": { "line": 458, "column": 60 },
          "end": { "line": 458, "column": 61 }
        },
        "loc": {
          "start": { "line": 459, "column": 44 },
          "end": { "line": 459, "column": 58 }
        }
      },
      "26": {
        "name": "(anonymous_28)",
        "decl": {
          "start": { "line": 464, "column": 54 },
          "end": { "line": 464, "column": 57 }
        },
        "loc": {
          "start": { "line": 464, "column": 59 },
          "end": { "line": 467, "column": 53 }
        }
      },
      "27": {
        "name": "(anonymous_29)",
        "decl": {
          "start": { "line": 485, "column": 54 },
          "end": { "line": 485, "column": 55 }
        },
        "loc": {
          "start": { "line": 486, "column": 32 },
          "end": { "line": 486, "column": 47 }
        }
      },
      "28": {
        "name": "(anonymous_30)",
        "decl": {
          "start": { "line": 498, "column": 29 },
          "end": { "line": 498, "column": 32 }
        },
        "loc": {
          "start": { "line": 498, "column": 34 },
          "end": { "line": 568, "column": 5 }
        }
      },
      "29": {
        "name": "(anonymous_31)",
        "decl": {
          "start": { "line": 508, "column": 67 },
          "end": { "line": 508, "column": 68 }
        },
        "loc": {
          "start": { "line": 509, "column": 32 },
          "end": { "line": 509, "column": 47 }
        }
      },
      "30": {
        "name": "(anonymous_32)",
        "decl": {
          "start": { "line": 523, "column": 43 },
          "end": { "line": 523, "column": 44 }
        },
        "loc": {
          "start": { "line": 524, "column": 32 },
          "end": { "line": 524, "column": 49 }
        }
      },
      "31": {
        "name": "(anonymous_33)",
        "decl": {
          "start": { "line": 525, "column": 65 },
          "end": { "line": 525, "column": 66 }
        },
        "loc": {
          "start": { "line": 526, "column": 40 },
          "end": { "line": 526, "column": 55 }
        }
      },
      "32": {
        "name": "(anonymous_34)",
        "decl": {
          "start": { "line": 542, "column": 65 },
          "end": { "line": 542, "column": 66 }
        },
        "loc": {
          "start": { "line": 543, "column": 32 },
          "end": { "line": 543, "column": 47 }
        }
      },
      "33": {
        "name": "(anonymous_35)",
        "decl": {
          "start": { "line": 557, "column": 54 },
          "end": { "line": 557, "column": 55 }
        },
        "loc": {
          "start": { "line": 558, "column": 32 },
          "end": { "line": 558, "column": 47 }
        }
      },
      "34": {
        "name": "(anonymous_36)",
        "decl": {
          "start": { "line": 570, "column": 26 },
          "end": { "line": 570, "column": 29 }
        },
        "loc": {
          "start": { "line": 570, "column": 31 },
          "end": { "line": 592, "column": 5 }
        }
      },
      "35": {
        "name": "(anonymous_37)",
        "decl": {
          "start": { "line": 583, "column": 53 },
          "end": { "line": 583, "column": 54 }
        },
        "loc": {
          "start": { "line": 584, "column": 28 },
          "end": { "line": 584, "column": 43 }
        }
      }
    },
    "branchMap": {
      "0": {
        "loc": {
          "start": { "line": 17, "column": 4 },
          "end": { "line": 23, "column": null }
        },
        "type": "if",
        "locations": [
          {
            "start": { "line": 17, "column": 4 },
            "end": { "line": 23, "column": null }
          }
        ]
      },
      "1": {
        "loc": {
          "start": { "line": 32, "column": 8 },
          "end": { "line": 34, "column": null }
        },
        "type": "if",
        "locations": [
          {
            "start": { "line": 32, "column": 8 },
            "end": { "line": 34, "column": null }
          }
        ]
      },
      "2": {
        "loc": {
          "start": { "line": 32, "column": 12 },
          "end": { "line": 32, "column": 49 }
        },
        "type": "binary-expr",
        "locations": [
          {
            "start": { "line": 32, "column": 12 },
            "end": { "line": 32, "column": 26 }
          },
          {
            "start": { "line": 32, "column": 30 },
            "end": { "line": 32, "column": 49 }
          }
        ]
      },
      "3": {
        "loc": {
          "start": { "line": 36, "column": 8 },
          "end": { "line": 38, "column": null }
        },
        "type": "if",
        "locations": [
          {
            "start": { "line": 36, "column": 8 },
            "end": { "line": 38, "column": null }
          }
        ]
      },
      "4": {
        "loc": {
          "start": { "line": 37, "column": 36 },
          "end": { "line": 37, "column": 77 }
        },
        "type": "cond-expr",
        "locations": [
          {
            "start": { "line": 37, "column": 44 },
            "end": { "line": 37, "column": 60 }
          },
          {
            "start": { "line": 37, "column": 63 },
            "end": { "line": 37, "column": 77 }
          }
        ]
      },
      "5": {
        "loc": {
          "start": { "line": 40, "column": 8 },
          "end": { "line": 42, "column": null }
        },
        "type": "if",
        "locations": [
          {
            "start": { "line": 40, "column": 8 },
            "end": { "line": 42, "column": null }
          }
        ]
      },
      "6": {
        "loc": {
          "start": { "line": 44, "column": 8 },
          "end": { "line": 46, "column": null }
        },
        "type": "if",
        "locations": [
          {
            "start": { "line": 44, "column": 8 },
            "end": { "line": 46, "column": null }
          }
        ]
      },
      "7": {
        "loc": {
          "start": { "line": 48, "column": 8 },
          "end": { "line": 56, "column": null }
        },
        "type": "if",
        "locations": [
          {
            "start": { "line": 48, "column": 8 },
            "end": { "line": 56, "column": null }
          }
        ]
      },
      "8": {
        "loc": {
          "start": { "line": 58, "column": 8 },
          "end": { "line": 69, "column": null }
        },
        "type": "if",
        "locations": [
          {
            "start": { "line": 58, "column": 8 },
            "end": { "line": 69, "column": null }
          }
        ]
      },
      "9": {
        "loc": {
          "start": { "line": 76, "column": 12 },
          "end": { "line": 76, "column": 33 }
        },
        "type": "default-arg",
        "locations": [
          {
            "start": { "line": 76, "column": 31 },
            "end": { "line": 76, "column": 33 }
          }
        ]
      },
      "10": {
        "loc": {
          "start": { "line": 94, "column": 17 },
          "end": { "line": 110, "column": null }
        },
        "type": "binary-expr",
        "locations": [
          {
            "start": { "line": 94, "column": 17 },
            "end": { "line": 94, "column": 44 }
          },
          {
            "start": { "line": 95, "column": 20 },
            "end": { "line": 109, "column": null }
          }
        ]
      },
      "11": {
        "loc": {
          "start": { "line": 100, "column": 85 },
          "end": { "line": 100, "column": 125 }
        },
        "type": "binary-expr",
        "locations": [
          {
            "start": { "line": 100, "column": 85 },
            "end": { "line": 100, "column": 105 }
          },
          {
            "start": { "line": 100, "column": 109 },
            "end": { "line": 100, "column": 125 }
          }
        ]
      },
      "12": {
        "loc": {
          "start": { "line": 102, "column": 168 },
          "end": { "line": 102, "column": 186 }
        },
        "type": "binary-expr",
        "locations": [
          {
            "start": { "line": 102, "column": 168 },
            "end": { "line": 102, "column": 177 }
          },
          {
            "start": { "line": 102, "column": 181 },
            "end": { "line": 102, "column": 186 }
          }
        ]
      },
      "13": {
        "loc": {
          "start": { "line": 103, "column": 171 },
          "end": { "line": 103, "column": 192 }
        },
        "type": "binary-expr",
        "locations": [
          {
            "start": { "line": 103, "column": 171 },
            "end": { "line": 103, "column": 183 }
          },
          {
            "start": { "line": 103, "column": 187 },
            "end": { "line": 103, "column": 192 }
          }
        ]
      },
      "14": {
        "loc": {
          "start": { "line": 104, "column": 173 },
          "end": { "line": 104, "column": 238 }
        },
        "type": "cond-expr",
        "locations": [
          {
            "start": { "line": 104, "column": 205 },
            "end": { "line": 104, "column": 230 }
          },
          {
            "start": { "line": 104, "column": 233 },
            "end": { "line": 104, "column": 238 }
          }
        ]
      },
      "15": {
        "loc": {
          "start": { "line": 105, "column": 168 },
          "end": { "line": 105, "column": 187 }
        },
        "type": "binary-expr",
        "locations": [
          {
            "start": { "line": 105, "column": 168 },
            "end": { "line": 105, "column": 178 }
          },
          {
            "start": { "line": 105, "column": 182 },
            "end": { "line": 105, "column": 187 }
          }
        ]
      },
      "16": {
        "loc": {
          "start": { "line": 114, "column": 17 },
          "end": { "line": 125, "column": null }
        },
        "type": "binary-expr",
        "locations": [
          {
            "start": { "line": 114, "column": 17 },
            "end": { "line": 114, "column": 48 }
          },
          {
            "start": { "line": 115, "column": 20 },
            "end": { "line": 124, "column": null }
          }
        ]
      },
      "17": {
        "loc": {
          "start": { "line": 120, "column": 81 },
          "end": { "line": 120, "column": 101 }
        },
        "type": "binary-expr",
        "locations": [
          {
            "start": { "line": 120, "column": 81 },
            "end": { "line": 120, "column": 94 }
          },
          {
            "start": { "line": 120, "column": 98 },
            "end": { "line": 120, "column": 101 }
          }
        ]
      },
      "18": {
        "loc": {
          "start": { "line": 129, "column": 17 },
          "end": { "line": 140, "column": null }
        },
        "type": "binary-expr",
        "locations": [
          {
            "start": { "line": 129, "column": 17 },
            "end": { "line": 129, "column": 29 }
          },
          {
            "start": { "line": 130, "column": 20 },
            "end": { "line": 139, "column": null }
          }
        ]
      },
      "19": {
        "loc": {
          "start": { "line": 135, "column": 81 },
          "end": { "line": 135, "column": 101 }
        },
        "type": "binary-expr",
        "locations": [
          {
            "start": { "line": 135, "column": 81 },
            "end": { "line": 135, "column": 94 }
          },
          {
            "start": { "line": 135, "column": 98 },
            "end": { "line": 135, "column": 101 }
          }
        ]
      },
      "20": {
        "loc": {
          "start": { "line": 144, "column": 17 },
          "end": { "line": 179, "column": null }
        },
        "type": "binary-expr",
        "locations": [
          {
            "start": { "line": 144, "column": 17 },
            "end": { "line": 144, "column": 38 }
          },
          {
            "start": { "line": 145, "column": 20 },
            "end": { "line": 178, "column": null }
          }
        ]
      },
      "21": {
        "loc": {
          "start": { "line": 183, "column": 17 },
          "end": { "line": 196, "column": null }
        },
        "type": "binary-expr",
        "locations": [
          {
            "start": { "line": 183, "column": 17 },
            "end": { "line": 183, "column": 106 }
          },
          {
            "start": { "line": 184, "column": 20 },
            "end": { "line": 195, "column": null }
          }
        ]
      },
      "22": {
        "loc": {
          "start": { "line": 183, "column": 49 },
          "end": { "line": 183, "column": 94 }
        },
        "type": "binary-expr",
        "locations": [
          {
            "start": { "line": 183, "column": 49 },
            "end": { "line": 183, "column": 67 }
          },
          {
            "start": { "line": 183, "column": 71 },
            "end": { "line": 183, "column": 94 }
          }
        ]
      },
      "23": {
        "loc": {
          "start": { "line": 188, "column": 58 },
          "end": { "line": 188, "column": 95 }
        },
        "type": "binary-expr",
        "locations": [
          {
            "start": { "line": 188, "column": 58 },
            "end": { "line": 188, "column": 72 }
          },
          {
            "start": { "line": 188, "column": 76 },
            "end": { "line": 188, "column": 95 }
          }
        ]
      },
      "24": {
        "loc": {
          "start": { "line": 203, "column": 16 },
          "end": { "line": 203, "column": 46 }
        },
        "type": "default-arg",
        "locations": [
          {
            "start": { "line": 203, "column": 44 },
            "end": { "line": 203, "column": 46 }
          }
        ]
      },
      "25": {
        "loc": {
          "start": { "line": 207, "column": 17 },
          "end": { "line": 222, "column": null }
        },
        "type": "binary-expr",
        "locations": [
          {
            "start": { "line": 207, "column": 17 },
            "end": { "line": 207, "column": 53 }
          },
          {
            "start": { "line": 208, "column": 20 },
            "end": { "line": 221, "column": null }
          }
        ]
      },
      "26": {
        "loc": {
          "start": { "line": 216, "column": 77 },
          "end": { "line": 216, "column": 116 }
        },
        "type": "cond-expr",
        "locations": [
          {
            "start": { "line": 216, "column": 94 },
            "end": { "line": 216, "column": 100 }
          },
          {
            "start": { "line": 216, "column": 103 },
            "end": { "line": 216, "column": 116 }
          }
        ]
      },
      "27": {
        "loc": {
          "start": { "line": 225, "column": 17 },
          "end": { "line": 236, "column": null }
        },
        "type": "binary-expr",
        "locations": [
          {
            "start": { "line": 225, "column": 17 },
            "end": { "line": 225, "column": 40 }
          },
          {
            "start": { "line": 226, "column": 20 },
            "end": { "line": 235, "column": null }
          }
        ]
      },
      "28": {
        "loc": {
          "start": { "line": 231, "column": 81 },
          "end": { "line": 231, "column": 101 }
        },
        "type": "binary-expr",
        "locations": [
          {
            "start": { "line": 231, "column": 81 },
            "end": { "line": 231, "column": 94 }
          },
          {
            "start": { "line": 231, "column": 98 },
            "end": { "line": 231, "column": 101 }
          }
        ]
      },
      "29": {
        "loc": {
          "start": { "line": 239, "column": 17 },
          "end": { "line": 250, "column": null }
        },
        "type": "binary-expr",
        "locations": [
          {
            "start": { "line": 239, "column": 17 },
            "end": { "line": 239, "column": 45 }
          },
          {
            "start": { "line": 240, "column": 20 },
            "end": { "line": 249, "column": null }
          }
        ]
      },
      "30": {
        "loc": {
          "start": { "line": 258, "column": 12 },
          "end": { "line": 258, "column": 35 }
        },
        "type": "default-arg",
        "locations": [
          {
            "start": { "line": 258, "column": 33 },
            "end": { "line": 258, "column": 35 }
          }
        ]
      },
      "31": {
        "loc": {
          "start": { "line": 259, "column": 12 },
          "end": { "line": 259, "column": 41 }
        },
        "type": "default-arg",
        "locations": [
          {
            "start": { "line": 259, "column": 39 },
            "end": { "line": 259, "column": 41 }
          }
        ]
      },
      "32": {
        "loc": {
          "start": { "line": 277, "column": 17 },
          "end": { "line": 300, "column": null }
        },
        "type": "binary-expr",
        "locations": [
          {
            "start": { "line": 277, "column": 17 },
            "end": { "line": 277, "column": 46 }
          },
          {
            "start": { "line": 278, "column": 20 },
            "end": { "line": 299, "column": null }
          }
        ]
      },
      "33": {
        "loc": {
          "start": { "line": 286, "column": 94 },
          "end": { "line": 286, "column": 119 }
        },
        "type": "binary-expr",
        "locations": [
          {
            "start": { "line": 286, "column": 94 },
            "end": { "line": 286, "column": 110 }
          },
          {
            "start": { "line": 286, "column": 114 },
            "end": { "line": 286, "column": 119 }
          }
        ]
      },
      "34": {
        "loc": {
          "start": { "line": 287, "column": 100 },
          "end": { "line": 287, "column": 131 }
        },
        "type": "binary-expr",
        "locations": [
          {
            "start": { "line": 287, "column": 100 },
            "end": { "line": 287, "column": 122 }
          },
          {
            "start": { "line": 287, "column": 126 },
            "end": { "line": 287, "column": 131 }
          }
        ]
      },
      "35": {
        "loc": {
          "start": { "line": 288, "column": 92 },
          "end": { "line": 288, "column": 115 }
        },
        "type": "binary-expr",
        "locations": [
          {
            "start": { "line": 288, "column": 92 },
            "end": { "line": 288, "column": 106 }
          },
          {
            "start": { "line": 288, "column": 110 },
            "end": { "line": 288, "column": 115 }
          }
        ]
      },
      "36": {
        "loc": {
          "start": { "line": 289, "column": 89 },
          "end": { "line": 289, "column": 117 }
        },
        "type": "binary-expr",
        "locations": [
          {
            "start": { "line": 289, "column": 89 },
            "end": { "line": 289, "column": 108 }
          },
          {
            "start": { "line": 289, "column": 112 },
            "end": { "line": 289, "column": 117 }
          }
        ]
      },
      "37": {
        "loc": {
          "start": { "line": 290, "column": 91 },
          "end": { "line": 290, "column": 121 }
        },
        "type": "binary-expr",
        "locations": [
          {
            "start": { "line": 290, "column": 91 },
            "end": { "line": 290, "column": 112 }
          },
          {
            "start": { "line": 290, "column": 116 },
            "end": { "line": 290, "column": 121 }
          }
        ]
      },
      "38": {
        "loc": {
          "start": { "line": 291, "column": 95 },
          "end": { "line": 291, "column": 123 }
        },
        "type": "binary-expr",
        "locations": [
          {
            "start": { "line": 291, "column": 95 },
            "end": { "line": 291, "column": 114 }
          },
          {
            "start": { "line": 291, "column": 118 },
            "end": { "line": 291, "column": 123 }
          }
        ]
      },
      "39": {
        "loc": {
          "start": { "line": 296, "column": 29 },
          "end": { "line": 297, "column": null }
        },
        "type": "binary-expr",
        "locations": [
          {
            "start": { "line": 296, "column": 29 },
            "end": { "line": 296, "column": 58 }
          },
          {
            "start": { "line": 297, "column": 32 },
            "end": { "line": 297, "column": 136 }
          }
        ]
      },
      "40": {
        "loc": {
          "start": { "line": 304, "column": 17 },
          "end": { "line": 321, "column": null }
        },
        "type": "binary-expr",
        "locations": [
          {
            "start": { "line": 304, "column": 17 },
            "end": { "line": 304, "column": 52 }
          },
          {
            "start": { "line": 305, "column": 20 },
            "end": { "line": 320, "column": null }
          }
        ]
      },
      "41": {
        "loc": {
          "start": { "line": 310, "column": 85 },
          "end": { "line": 310, "column": 128 }
        },
        "type": "binary-expr",
        "locations": [
          {
            "start": { "line": 310, "column": 85 },
            "end": { "line": 310, "column": 107 }
          },
          {
            "start": { "line": 310, "column": 111 },
            "end": { "line": 310, "column": 128 }
          }
        ]
      },
      "42": {
        "loc": {
          "start": { "line": 312, "column": 41 },
          "end": { "line": 312, "column": 141 }
        },
        "type": "binary-expr",
        "locations": [
          {
            "start": { "line": 312, "column": 41 },
            "end": { "line": 312, "column": 55 }
          },
          {
            "start": { "line": 312, "column": 59 },
            "end": { "line": 312, "column": 141 }
          }
        ]
      },
      "43": {
        "loc": {
          "start": { "line": 313, "column": 41 },
          "end": { "line": 313, "column": 153 }
        },
        "type": "binary-expr",
        "locations": [
          {
            "start": { "line": 313, "column": 41 },
            "end": { "line": 313, "column": 60 }
          },
          {
            "start": { "line": 313, "column": 64 },
            "end": { "line": 313, "column": 153 }
          }
        ]
      },
      "44": {
        "loc": {
          "start": { "line": 314, "column": 41 },
          "end": { "line": 314, "column": 159 }
        },
        "type": "binary-expr",
        "locations": [
          {
            "start": { "line": 314, "column": 41 },
            "end": { "line": 314, "column": 62 }
          },
          {
            "start": { "line": 314, "column": 66 },
            "end": { "line": 314, "column": 159 }
          }
        ]
      },
      "45": {
        "loc": {
          "start": { "line": 315, "column": 41 },
          "end": { "line": 315, "column": 156 }
        },
        "type": "binary-expr",
        "locations": [
          {
            "start": { "line": 315, "column": 41 },
            "end": { "line": 315, "column": 60 }
          },
          {
            "start": { "line": 315, "column": 64 },
            "end": { "line": 315, "column": 156 }
          }
        ]
      },
      "46": {
        "loc": {
          "start": { "line": 325, "column": 17 },
          "end": { "line": 336, "column": null }
        },
        "type": "binary-expr",
        "locations": [
          {
            "start": { "line": 325, "column": 17 },
            "end": { "line": 325, "column": 46 }
          },
          {
            "start": { "line": 326, "column": 20 },
            "end": { "line": 335, "column": null }
          }
        ]
      },
      "47": {
        "loc": {
          "start": { "line": 331, "column": 81 },
          "end": { "line": 331, "column": 101 }
        },
        "type": "binary-expr",
        "locations": [
          {
            "start": { "line": 331, "column": 81 },
            "end": { "line": 331, "column": 94 }
          },
          {
            "start": { "line": 331, "column": 98 },
            "end": { "line": 331, "column": 101 }
          }
        ]
      },
      "48": {
        "loc": {
          "start": { "line": 340, "column": 17 },
          "end": { "line": 355, "column": null }
        },
        "type": "binary-expr",
        "locations": [
          {
            "start": { "line": 340, "column": 18 },
            "end": { "line": 340, "column": 33 }
          },
          {
            "start": { "line": 340, "column": 37 },
            "end": { "line": 340, "column": 52 }
          },
          {
            "start": { "line": 341, "column": 20 },
            "end": { "line": 354, "column": null }
          }
        ]
      },
      "49": {
        "loc": {
          "start": { "line": 344, "column": 29 },
          "end": { "line": 347, "column": null }
        },
        "type": "binary-expr",
        "locations": [
          {
            "start": { "line": 344, "column": 29 },
            "end": { "line": 344, "column": 44 }
          },
          {
            "start": { "line": 345, "column": 32 },
            "end": { "line": 346, "column": null }
          }
        ]
      },
      "50": {
        "loc": {
          "start": { "line": 349, "column": 29 },
          "end": { "line": 352, "column": null }
        },
        "type": "binary-expr",
        "locations": [
          {
            "start": { "line": 349, "column": 29 },
            "end": { "line": 349, "column": 44 }
          },
          {
            "start": { "line": 350, "column": 32 },
            "end": { "line": 351, "column": null }
          }
        ]
      },
      "51": {
        "loc": {
          "start": { "line": 359, "column": 17 },
          "end": { "line": 365, "column": null }
        },
        "type": "binary-expr",
        "locations": [
          {
            "start": { "line": 359, "column": 17 },
            "end": { "line": 359, "column": 29 }
          },
          {
            "start": { "line": 360, "column": 20 },
            "end": { "line": 364, "column": null }
          }
        ]
      },
      "52": {
        "loc": {
          "start": { "line": 369, "column": 17 },
          "end": { "line": 380, "column": null }
        },
        "type": "binary-expr",
        "locations": [
          {
            "start": { "line": 369, "column": 17 },
            "end": { "line": 369, "column": 31 }
          },
          {
            "start": { "line": 370, "column": 20 },
            "end": { "line": 379, "column": null }
          }
        ]
      },
      "53": {
        "loc": {
          "start": { "line": 384, "column": 17 },
          "end": { "line": 399, "column": null }
        },
        "type": "binary-expr",
        "locations": [
          {
            "start": { "line": 384, "column": 17 },
            "end": { "line": 384, "column": 31 }
          },
          {
            "start": { "line": 384, "column": 35 },
            "end": { "line": 384, "column": 60 }
          },
          {
            "start": { "line": 385, "column": 20 },
            "end": { "line": 398, "column": null }
          }
        ]
      },
      "54": {
        "loc": {
          "start": { "line": 403, "column": 17 },
          "end": { "line": 414, "column": null }
        },
        "type": "binary-expr",
        "locations": [
          {
            "start": { "line": 403, "column": 17 },
            "end": { "line": 403, "column": 32 }
          },
          {
            "start": { "line": 404, "column": 20 },
            "end": { "line": 413, "column": null }
          }
        ]
      },
      "55": {
        "loc": {
          "start": { "line": 409, "column": 81 },
          "end": { "line": 409, "column": 101 }
        },
        "type": "binary-expr",
        "locations": [
          {
            "start": { "line": 409, "column": 81 },
            "end": { "line": 409, "column": 94 }
          },
          {
            "start": { "line": 409, "column": 98 },
            "end": { "line": 409, "column": 101 }
          }
        ]
      },
      "56": {
        "loc": {
          "start": { "line": 418, "column": 17 },
          "end": { "line": 434, "column": null }
        },
        "type": "binary-expr",
        "locations": [
          {
            "start": { "line": 418, "column": 17 },
            "end": { "line": 418, "column": 22 }
          },
          {
            "start": { "line": 419, "column": 20 },
            "end": { "line": 433, "column": null }
          }
        ]
      },
      "57": {
        "loc": {
          "start": { "line": 424, "column": 29 },
          "end": { "line": 425, "column": null }
        },
        "type": "binary-expr",
        "locations": [
          {
            "start": { "line": 424, "column": 29 },
            "end": { "line": 424, "column": 47 }
          },
          {
            "start": { "line": 425, "column": 32 },
            "end": { "line": 425, "column": 115 }
          }
        ]
      },
      "58": {
        "loc": {
          "start": { "line": 430, "column": 37 },
          "end": { "line": 430, "column": 144 }
        },
        "type": "cond-expr",
        "locations": [
          {
            "start": { "line": 430, "column": 76 },
            "end": { "line": 430, "column": 117 }
          },
          {
            "start": { "line": 430, "column": 120 },
            "end": { "line": 430, "column": 144 }
          }
        ]
      },
      "59": {
        "loc": {
          "start": { "line": 438, "column": 17 },
          "end": { "line": 477, "column": null }
        },
        "type": "binary-expr",
        "locations": [
          {
            "start": { "line": 438, "column": 18 },
            "end": { "line": 438, "column": 30 }
          },
          {
            "start": { "line": 438, "column": 34 },
            "end": { "line": 438, "column": 48 }
          },
          {
            "start": { "line": 439, "column": 20 },
            "end": { "line": 476, "column": null }
          }
        ]
      },
      "60": {
        "loc": {
          "start": { "line": 441, "column": 25 },
          "end": { "line": 444, "column": null }
        },
        "type": "binary-expr",
        "locations": [
          {
            "start": { "line": 441, "column": 25 },
            "end": { "line": 441, "column": 47 }
          },
          {
            "start": { "line": 442, "column": 28 },
            "end": { "line": 443, "column": null }
          }
        ]
      },
      "61": {
        "loc": {
          "start": { "line": 441, "column": 25 },
          "end": { "line": 441, "column": 47 }
        },
        "type": "cond-expr",
        "locations": [
          {
            "start": { "line": 441, "column": 37 },
            "end": { "line": 441, "column": 39 }
          },
          {
            "start": { "line": 441, "column": 25 },
            "end": { "line": 441, "column": 47 }
          }
        ]
      },
      "62": {
        "loc": {
          "start": { "line": 441, "column": 25 },
          "end": { "line": 441, "column": 39 }
        },
        "type": "binary-expr",
        "locations": [
          {
            "start": { "line": 441, "column": 25 },
            "end": { "line": 441, "column": 39 }
          },
          {
            "start": { "line": 441, "column": 25 },
            "end": { "line": 441, "column": 39 }
          }
        ]
      },
      "63": {
        "loc": {
          "start": { "line": 446, "column": 25 },
          "end": { "line": 475, "column": null }
        },
        "type": "cond-expr",
        "locations": [
          {
            "start": { "line": 447, "column": 28 },
            "end": { "line": 472, "column": null }
          },
          {
            "start": { "line": 475, "column": 28 },
            "end": { "line": 475, "column": 96 }
          }
        ]
      },
      "64": {
        "loc": {
          "start": { "line": 446, "column": 25 },
          "end": { "line": 446, "column": 101 }
        },
        "type": "binary-expr",
        "locations": [
          {
            "start": { "line": 446, "column": 25 },
            "end": { "line": 446, "column": 39 }
          },
          {
            "start": { "line": 446, "column": 43 },
            "end": { "line": 446, "column": 72 }
          },
          {
            "start": { "line": 446, "column": 76 },
            "end": { "line": 446, "column": 101 }
          }
        ]
      },
      "65": {
        "loc": {
          "start": { "line": 466, "column": 63 },
          "end": { "line": 466, "column": 129 }
        },
        "type": "cond-expr",
        "locations": [
          {
            "start": { "line": 466, "column": 94 },
            "end": { "line": 466, "column": 123 }
          },
          {
            "start": { "line": 466, "column": 126 },
            "end": { "line": 466, "column": 129 }
          }
        ]
      },
      "66": {
        "loc": {
          "start": { "line": 481, "column": 17 },
          "end": { "line": 492, "column": null }
        },
        "type": "binary-expr",
        "locations": [
          {
            "start": { "line": 481, "column": 17 },
            "end": { "line": 481, "column": 45 }
          },
          {
            "start": { "line": 482, "column": 20 },
            "end": { "line": 491, "column": null }
          }
        ]
      },
      "67": {
        "loc": {
          "start": { "line": 504, "column": 17 },
          "end": { "line": 515, "column": null }
        },
        "type": "binary-expr",
        "locations": [
          {
            "start": { "line": 504, "column": 17 },
            "end": { "line": 504, "column": 34 }
          },
          {
            "start": { "line": 505, "column": 20 },
            "end": { "line": 514, "column": null }
          }
        ]
      },
      "68": {
        "loc": {
          "start": { "line": 519, "column": 17 },
          "end": { "line": 534, "column": null }
        },
        "type": "binary-expr",
        "locations": [
          {
            "start": { "line": 519, "column": 17 },
            "end": { "line": 519, "column": 26 }
          },
          {
            "start": { "line": 519, "column": 30 },
            "end": { "line": 519, "column": 50 }
          },
          {
            "start": { "line": 520, "column": 20 },
            "end": { "line": 533, "column": null }
          }
        ]
      },
      "69": {
        "loc": {
          "start": { "line": 538, "column": 17 },
          "end": { "line": 549, "column": null }
        },
        "type": "binary-expr",
        "locations": [
          {
            "start": { "line": 538, "column": 17 },
            "end": { "line": 538, "column": 32 }
          },
          {
            "start": { "line": 539, "column": 20 },
            "end": { "line": 548, "column": null }
          }
        ]
      },
      "70": {
        "loc": {
          "start": { "line": 544, "column": 81 },
          "end": { "line": 544, "column": 101 }
        },
        "type": "binary-expr",
        "locations": [
          {
            "start": { "line": 544, "column": 81 },
            "end": { "line": 544, "column": 94 }
          },
          {
            "start": { "line": 544, "column": 98 },
            "end": { "line": 544, "column": 101 }
          }
        ]
      },
      "71": {
        "loc": {
          "start": { "line": 553, "column": 17 },
          "end": { "line": 564, "column": null }
        },
        "type": "binary-expr",
        "locations": [
          {
            "start": { "line": 553, "column": 17 },
            "end": { "line": 553, "column": 45 }
          },
          {
            "start": { "line": 554, "column": 20 },
            "end": { "line": 563, "column": null }
          }
        ]
      },
      "72": {
        "loc": {
          "start": { "line": 571, "column": 8 },
          "end": { "line": 591, "column": null }
        },
        "type": "switch",
        "locations": [
          {
            "start": { "line": 572, "column": 12 },
            "end": { "line": 573, "column": 47 }
          },
          {
            "start": { "line": 574, "column": 12 },
            "end": { "line": 575, "column": 46 }
          },
          {
            "start": { "line": 576, "column": 12 },
            "end": { "line": 577, "column": 45 }
          },
          {
            "start": { "line": 578, "column": 12 },
            "end": { "line": 579, "column": 42 }
          },
          {
            "start": { "line": 580, "column": 12 },
            "end": { "line": 590, "column": 18 }
          }
        ]
      }
    },
    "s": {
      "0": 1,
      "1": 1,
      "2": 0,
      "3": 0,
      "4": 0,
      "5": 0,
      "6": 0,
      "7": 0,
      "8": 0,
      "9": 0,
      "10": 0,
      "11": 0,
      "12": 0,
      "13": 0,
      "14": 0,
      "15": 0,
      "16": 0,
      "17": 0,
      "18": 0,
      "19": 0,
      "20": 0,
      "21": 0,
      "22": 0,
      "23": 0,
      "24": 0,
      "25": 0,
      "26": 0,
      "27": 0,
      "28": 0,
      "29": 0,
      "30": 0,
      "31": 0,
      "32": 0,
      "33": 0,
      "34": 0,
      "35": 0,
      "36": 0,
      "37": 0,
      "38": 0,
      "39": 0,
      "40": 0,
      "41": 0,
      "42": 0,
      "43": 0,
      "44": 0,
      "45": 0,
      "46": 0,
      "47": 0,
      "48": 0,
      "49": 0,
      "50": 0,
      "51": 0,
      "52": 0,
      "53": 0,
      "54": 0,
      "55": 0,
      "56": 0,
      "57": 0,
      "58": 0,
      "59": 0,
      "60": 0,
      "61": 0,
      "62": 0,
      "63": 0,
      "64": 0,
      "65": 0,
      "66": 0,
      "67": 0,
      "68": 0,
      "69": 0,
      "70": 0,
      "71": 0,
      "72": 0,
      "73": 0,
      "74": 1
    },
    "f": {
      "0": 0,
      "1": 0,
      "2": 0,
      "3": 0,
      "4": 0,
      "5": 0,
      "6": 0,
      "7": 0,
      "8": 0,
      "9": 0,
      "10": 0,
      "11": 0,
      "12": 0,
      "13": 0,
      "14": 0,
      "15": 0,
      "16": 0,
      "17": 0,
      "18": 0,
      "19": 0,
      "20": 0,
      "21": 0,
      "22": 0,
      "23": 0,
      "24": 0,
      "25": 0,
      "26": 0,
      "27": 0,
      "28": 0,
      "29": 0,
      "30": 0,
      "31": 0,
      "32": 0,
      "33": 0,
      "34": 0,
      "35": 0
    },
    "b": {
      "0": [0],
      "1": [0],
      "2": [0, 0],
      "3": [0],
      "4": [0, 0],
      "5": [0],
      "6": [0],
      "7": [0],
      "8": [0],
      "9": [0],
      "10": [0, 0],
      "11": [0, 0],
      "12": [0, 0],
      "13": [0, 0],
      "14": [0, 0],
      "15": [0, 0],
      "16": [0, 0],
      "17": [0, 0],
      "18": [0, 0],
      "19": [0, 0],
      "20": [0, 0],
      "21": [0, 0],
      "22": [0, 0],
      "23": [0, 0],
      "24": [0],
      "25": [0, 0],
      "26": [0, 0],
      "27": [0, 0],
      "28": [0, 0],
      "29": [0, 0],
      "30": [0],
      "31": [0],
      "32": [0, 0],
      "33": [0, 0],
      "34": [0, 0],
      "35": [0, 0],
      "36": [0, 0],
      "37": [0, 0],
      "38": [0, 0],
      "39": [0, 0],
      "40": [0, 0],
      "41": [0, 0],
      "42": [0, 0],
      "43": [0, 0],
      "44": [0, 0],
      "45": [0, 0],
      "46": [0, 0],
      "47": [0, 0],
      "48": [0, 0, 0],
      "49": [0, 0],
      "50": [0, 0],
      "51": [0, 0],
      "52": [0, 0],
      "53": [0, 0, 0],
      "54": [0, 0],
      "55": [0, 0],
      "56": [0, 0],
      "57": [0, 0],
      "58": [0, 0],
      "59": [0, 0, 0],
      "60": [0, 0],
      "61": [0, 0],
      "62": [0, 0],
      "63": [0, 0],
      "64": [0, 0, 0],
      "65": [0, 0],
      "66": [0, 0],
      "67": [0, 0],
      "68": [0, 0, 0],
      "69": [0, 0],
      "70": [0, 0],
      "71": [0, 0],
      "72": [0, 0, 0, 0, 0]
    }
  },
  "/Users/gklainert/Documents/gaia-webplugin/src/js/components/AgentLogSidebar.tsx": {
    "path": "/Users/gklainert/Documents/gaia-webplugin/src/js/components/AgentLogSidebar.tsx",
    "statementMap": {
      "0": {
        "start": { "line": 1, "column": 0 },
        "end": { "line": 1, "column": 59 }
      },
      "1": {
        "start": { "line": 2, "column": 0 },
        "end": { "line": 2, "column": 61 }
      },
      "2": {
        "start": { "line": 3, "column": 0 },
        "end": { "line": 3, "column": 114 }
      },
      "3": {
        "start": { "line": 28, "column": 50 },
        "end": { "line": 53, "column": 1 }
      },
      "4": {
        "start": { "line": 33, "column": 42 },
        "end": { "line": 33, "column": 54 }
      },
      "5": {
        "start": { "line": 34, "column": 44 },
        "end": { "line": 34, "column": 55 }
      },
      "6": {
        "start": { "line": 35, "column": 42 },
        "end": { "line": 35, "column": 56 }
      },
      "7": {
        "start": { "line": 37, "column": 4 },
        "end": { "line": 50, "column": 53 }
      },
      "8": {
        "start": { "line": 38, "column": 8 },
        "end": { "line": 38, "column": 33 }
      },
      "9": {
        "start": { "line": 38, "column": 26 },
        "end": { "line": 38, "column": 33 }
      },
      "10": {
        "start": { "line": 40, "column": 8 },
        "end": { "line": 47, "column": null }
      },
      "11": {
        "start": { "line": 41, "column": 26 },
        "end": { "line": 44, "column": 25 }
      },
      "12": {
        "start": { "line": 42, "column": 16 },
        "end": { "line": 42, "column": 66 }
      },
      "13": {
        "start": { "line": 42, "column": 39 },
        "end": { "line": 42, "column": 64 }
      },
      "14": {
        "start": { "line": 43, "column": 16 },
        "end": { "line": 43, "column": 50 }
      },
      "15": {
        "start": { "line": 43, "column": 40 },
        "end": { "line": 43, "column": 48 }
      },
      "16": {
        "start": { "line": 46, "column": 12 },
        "end": { "line": 46, "column": 50 }
      },
      "17": {
        "start": { "line": 46, "column": 27 },
        "end": { "line": 46, "column": 47 }
      },
      "18": {
        "start": { "line": 49, "column": 8 },
        "end": { "line": 49, "column": 30 }
      },
      "19": {
        "start": { "line": 52, "column": 4 },
        "end": { "line": 52, "column": 92 }
      },
      "20": {
        "start": { "line": 55, "column": 0 },
        "end": { "line": 58, "column": 2 }
      },
      "21": {
        "start": { "line": 64, "column": 24 },
        "end": { "line": 83, "column": 1 }
      },
      "22": {
        "start": { "line": 65, "column": 38 },
        "end": { "line": 65, "column": 52 }
      },
      "23": {
        "start": { "line": 67, "column": 4 },
        "end": { "line": 70, "column": 11 }
      },
      "24": {
        "start": { "line": 68, "column": 22 },
        "end": { "line": 68, "column": 92 }
      },
      "25": {
        "start": { "line": 68, "column": 39 },
        "end": { "line": 68, "column": 58 }
      },
      "26": {
        "start": { "line": 69, "column": 8 },
        "end": { "line": 69, "column": 41 }
      },
      "27": {
        "start": { "line": 69, "column": 21 },
        "end": { "line": 69, "column": 40 }
      },
      "28": {
        "start": { "line": 72, "column": 4 },
        "end": { "line": 72, "column": 32 }
      },
      "29": {
        "start": { "line": 72, "column": 20 },
        "end": { "line": 72, "column": 32 }
      },
      "30": {
        "start": { "line": 74, "column": 4 },
        "end": { "line": 82, "column": 6 }
      },
      "31": {
        "start": { "line": 95, "column": 56 },
        "end": { "line": 376, "column": 1 }
      },
      "32": {
        "start": { "line": 96, "column": 28 },
        "end": { "line": 96, "column": 56 }
      },
      "33": {
        "start": { "line": 97, "column": 23 },
        "end": { "line": 97, "column": 51 }
      },
      "34": {
        "start": { "line": 98, "column": 26 },
        "end": { "line": 98, "column": 54 }
      },
      "35": {
        "start": { "line": 99, "column": 26 },
        "end": { "line": 99, "column": 39 }
      },
      "36": {
        "start": { "line": 100, "column": 22 },
        "end": { "line": 100, "column": 31 }
      },
      "37": {
        "start": { "line": 101, "column": 26 },
        "end": { "line": 101, "column": 35 }
      },
      "38": {
        "start": { "line": 102, "column": 42 },
        "end": { "line": 102, "column": 66 }
      },
      "39": {
        "start": { "line": 103, "column": 50 },
        "end": { "line": 103, "column": 61 }
      },
      "40": {
        "start": { "line": 104, "column": 26 },
        "end": { "line": 104, "column": 61 }
      },
      "41": {
        "start": { "line": 105, "column": 32 },
        "end": { "line": 105, "column": 47 }
      },
      "42": {
        "start": { "line": 106, "column": 44 },
        "end": { "line": 106, "column": 60 }
      },
      "43": {
        "start": { "line": 107, "column": 38 },
        "end": { "line": 107, "column": 91 }
      },
      "44": {
        "start": { "line": 112, "column": 27 },
        "end": { "line": 124, "column": 6 }
      },
      "45": {
        "start": { "line": 112, "column": 38 },
        "end": { "line": 124, "column": 6 }
      },
      "46": {
        "start": { "line": 113, "column": 24 },
        "end": { "line": 115, "column": 20 }
      },
      "47": {
        "start": { "line": 114, "column": 12 },
        "end": { "line": 114, "column": 78 }
      },
      "48": {
        "start": { "line": 116, "column": 8 },
        "end": { "line": 123, "column": null }
      },
      "49": {
        "start": { "line": 117, "column": 12 },
        "end": { "line": 117, "column": 57 }
      },
      "50": {
        "start": { "line": 118, "column": 12 },
        "end": { "line": 118, "column": 28 }
      },
      "51": {
        "start": { "line": 119, "column": 12 },
        "end": { "line": 119, "column": 53 }
      },
      "52": {
        "start": { "line": 119, "column": 29 },
        "end": { "line": 119, "column": 45 }
      },
      "53": {
        "start": { "line": 120, "column": 12 },
        "end": { "line": 120, "column": 41 }
      },
      "54": {
        "start": { "line": 120, "column": 28 },
        "end": { "line": 120, "column": 41 }
      },
      "55": {
        "start": { "line": 126, "column": 4 },
        "end": { "line": 153, "column": 62 }
      },
      "56": {
        "start": { "line": 127, "column": 8 },
        "end": { "line": 145, "column": null }
      },
      "57": {
        "start": { "line": 132, "column": 12 },
        "end": { "line": 144, "column": 51 }
      },
      "58": {
        "start": { "line": 133, "column": 16 },
        "end": { "line": 139, "column": null }
      },
      "59": {
        "start": { "line": 134, "column": 20 },
        "end": { "line": 137, "column": null }
      },
      "60": {
        "start": { "line": 135, "column": 24 },
        "end": { "line": 135, "column": 60 }
      },
      "61": {
        "start": { "line": 136, "column": 24 },
        "end": { "line": 136, "column": 53 }
      },
      "62": {
        "start": { "line": 138, "column": 20 },
        "end": { "line": 138, "column": 27 }
      },
      "63": {
        "start": { "line": 140, "column": 35 },
        "end": { "line": 140, "column": 56 }
      },
      "64": {
        "start": { "line": 141, "column": 16 },
        "end": { "line": 141, "column": 62 }
      },
      "65": {
        "start": { "line": 141, "column": 39 },
        "end": { "line": 141, "column": 60 }
      },
      "66": {
        "start": { "line": 142, "column": 16 },
        "end": { "line": 142, "column": 53 }
      },
      "67": {
        "start": { "line": 142, "column": 43 },
        "end": { "line": 142, "column": 51 }
      },
      "68": {
        "start": { "line": 143, "column": 16 },
        "end": { "line": 143, "column": 63 }
      },
      "69": {
        "start": { "line": 143, "column": 36 },
        "end": { "line": 143, "column": 63 }
      },
      "70": {
        "start": { "line": 147, "column": 8 },
        "end": { "line": 152, "column": 10 }
      },
      "71": {
        "start": { "line": 148, "column": 12 },
        "end": { "line": 151, "column": null }
      },
      "72": {
        "start": { "line": 149, "column": 16 },
        "end": { "line": 149, "column": 52 }
      },
      "73": {
        "start": { "line": 150, "column": 16 },
        "end": { "line": 150, "column": 45 }
      },
      "74": {
        "start": { "line": 156, "column": 4 },
        "end": { "line": 165, "column": 28 }
      },
      "75": {
        "start": { "line": 157, "column": 8 },
        "end": { "line": 164, "column": null }
      },
      "76": {
        "start": { "line": 158, "column": 12 },
        "end": { "line": 158, "column": 34 }
      },
      "77": {
        "start": { "line": 159, "column": 12 },
        "end": { "line": 159, "column": 31 }
      },
      "78": {
        "start": { "line": 160, "column": 12 },
        "end": { "line": 163, "column": null }
      },
      "79": {
        "start": { "line": 161, "column": 16 },
        "end": { "line": 161, "column": 52 }
      },
      "80": {
        "start": { "line": 162, "column": 16 },
        "end": { "line": 162, "column": 45 }
      },
      "81": {
        "start": { "line": 167, "column": 4 },
        "end": { "line": 196, "column": 11 }
      },
      "82": {
        "start": { "line": 172, "column": 32 },
        "end": { "line": 180, "column": 9 }
      },
      "83": {
        "start": { "line": 173, "column": 12 },
        "end": { "line": 175, "column": null }
      },
      "84": {
        "start": { "line": 174, "column": 16 },
        "end": { "line": 174, "column": 23 }
      },
      "85": {
        "start": { "line": 176, "column": 23 },
        "end": { "line": 176, "column": 52 }
      },
      "86": {
        "start": { "line": 178, "column": 29 },
        "end": { "line": 178, "column": 135 }
      },
      "87": {
        "start": { "line": 179, "column": 12 },
        "end": { "line": 179, "column": 61 }
      },
      "88": {
        "start": { "line": 185, "column": 30 },
        "end": { "line": 187, "column": 9 }
      },
      "89": {
        "start": { "line": 186, "column": 12 },
        "end": { "line": 186, "column": 42 }
      },
      "90": {
        "start": { "line": 189, "column": 8 },
        "end": { "line": 189, "column": 64 }
      },
      "91": {
        "start": { "line": 190, "column": 8 },
        "end": { "line": 190, "column": 60 }
      },
      "92": {
        "start": { "line": 192, "column": 8 },
        "end": { "line": 195, "column": 10 }
      },
      "93": {
        "start": { "line": 193, "column": 12 },
        "end": { "line": 193, "column": 71 }
      },
      "94": {
        "start": { "line": 194, "column": 12 },
        "end": { "line": 194, "column": 67 }
      },
      "95": {
        "start": { "line": 198, "column": 4 },
        "end": { "line": 207, "column": 31 }
      },
      "96": {
        "start": { "line": 199, "column": 8 },
        "end": { "line": 206, "column": null }
      },
      "97": {
        "start": { "line": 200, "column": 12 },
        "end": { "line": 200, "column": 34 }
      },
      "98": {
        "start": { "line": 201, "column": 12 },
        "end": { "line": 201, "column": 42 }
      },
      "99": {
        "start": { "line": 202, "column": 15 },
        "end": { "line": 206, "column": null }
      },
      "100": {
        "start": { "line": 203, "column": 12 },
        "end": { "line": 203, "column": 43 }
      },
      "101": {
        "start": { "line": 204, "column": 28 },
        "end": { "line": 204, "column": 73 }
      },
      "102": {
        "start": { "line": 204, "column": 45 },
        "end": { "line": 204, "column": 67 }
      },
      "103": {
        "start": { "line": 205, "column": 12 },
        "end": { "line": 205, "column": 47 }
      },
      "104": {
        "start": { "line": 205, "column": 25 },
        "end": { "line": 205, "column": 46 }
      },
      "105": {
        "start": { "line": 214, "column": 28 },
        "end": { "line": 226, "column": 5 }
      },
      "106": {
        "start": { "line": 215, "column": 8 },
        "end": { "line": 225, "column": null }
      },
      "107": {
        "start": { "line": 217, "column": 16 },
        "end": { "line": 217, "column": 40 }
      },
      "108": {
        "start": { "line": 219, "column": 16 },
        "end": { "line": 219, "column": 38 }
      },
      "109": {
        "start": { "line": 221, "column": 16 },
        "end": { "line": 221, "column": 41 }
      },
      "110": {
        "start": { "line": 224, "column": 16 },
        "end": { "line": 224, "column": 39 }
      },
      "111": {
        "start": { "line": 233, "column": 26 },
        "end": { "line": 233, "column": 99 }
      },
      "112": {
        "start": { "line": 233, "column": 57 },
        "end": { "line": 233, "column": 99 }
      },
      "113": {
        "start": { "line": 240, "column": 26 },
        "end": { "line": 254, "column": 5 }
      },
      "114": {
        "start": { "line": 241, "column": 27 },
        "end": { "line": 241, "column": 52 }
      },
      "115": {
        "start": { "line": 242, "column": 31 },
        "end": { "line": 242, "column": 38 }
      },
      "116": {
        "start": { "line": 244, "column": 8 },
        "end": { "line": 251, "column": 11 }
      },
      "117": {
        "start": { "line": 245, "column": 26 },
        "end": { "line": 245, "column": 52 }
      },
      "118": {
        "start": { "line": 246, "column": 26 },
        "end": { "line": 246, "column": 50 }
      },
      "119": {
        "start": { "line": 247, "column": 12 },
        "end": { "line": 250, "column": 14 }
      },
      "120": {
        "start": { "line": 253, "column": 8 },
        "end": { "line": 253, "column": 32 }
      },
      "121": {
        "start": { "line": 256, "column": 4 },
        "end": { "line": 256, "column": 35 }
      },
      "122": {
        "start": { "line": 256, "column": 23 },
        "end": { "line": 256, "column": 35 }
      },
      "123": {
        "start": { "line": 258, "column": 4 },
        "end": { "line": 375, "column": 6 }
      },
      "124": {
        "start": { "line": 298, "column": 24 },
        "end": { "line": 298, "column": 53 }
      },
      "125": {
        "start": { "line": 299, "column": 24 },
        "end": { "line": 299, "column": 54 }
      },
      "126": {
        "start": { "line": 300, "column": 24 },
        "end": { "line": 300, "column": 87 }
      },
      "127": {
        "start": { "line": 301, "column": 24 },
        "end": { "line": 301, "column": 64 }
      },
      "128": {
        "start": { "line": 359, "column": 24 },
        "end": { "line": 359, "column": 69 }
      },
      "129": {
        "start": { "line": 378, "column": 0 },
        "end": { "line": 381, "column": 2 }
      },
      "130": {
        "start": { "line": 383, "column": 0 },
        "end": { "line": 383, "column": 31 }
      }
    },
    "fnMap": {
      "0": {
        "name": "(anonymous_13)",
        "decl": {
          "start": { "line": 28, "column": 50 },
          "end": { "line": 28, "column": 51 }
        },
        "loc": {
          "start": { "line": 32, "column": 5 },
          "end": { "line": 53, "column": 1 }
        }
      },
      "1": {
        "name": "(anonymous_14)",
        "decl": {
          "start": { "line": 37, "column": 14 },
          "end": { "line": 37, "column": 17 }
        },
        "loc": {
          "start": { "line": 37, "column": 19 },
          "end": { "line": 50, "column": 5 }
        }
      },
      "2": {
        "name": "(anonymous_15)",
        "decl": {
          "start": { "line": 41, "column": 37 },
          "end": { "line": 41, "column": 40 }
        },
        "loc": {
          "start": { "line": 41, "column": 42 },
          "end": { "line": 44, "column": 13 }
        }
      },
      "3": {
        "name": "(anonymous_16)",
        "decl": {
          "start": { "line": 42, "column": 31 },
          "end": { "line": 42, "column": 35 }
        },
        "loc": {
          "start": { "line": 42, "column": 39 },
          "end": { "line": 42, "column": 64 }
        }
      },
      "4": {
        "name": "(anonymous_17)",
        "decl": {
          "start": { "line": 43, "column": 32 },
          "end": { "line": 43, "column": 36 }
        },
        "loc": {
          "start": { "line": 43, "column": 40 },
          "end": { "line": 43, "column": 48 }
        }
      },
      "5": {
        "name": "(anonymous_18)",
        "decl": {
          "start": { "line": 46, "column": 19 },
          "end": { "line": 46, "column": 22 }
        },
        "loc": {
          "start": { "line": 46, "column": 24 },
          "end": { "line": 46, "column": 49 }
        }
      },
      "6": {
        "name": "(anonymous_19)",
        "decl": {
          "start": { "line": 64, "column": 24 },
          "end": { "line": 64, "column": 27 }
        },
        "loc": {
          "start": { "line": 64, "column": 29 },
          "end": { "line": 83, "column": 1 }
        }
      },
      "7": {
        "name": "(anonymous_20)",
        "decl": {
          "start": { "line": 67, "column": 14 },
          "end": { "line": 67, "column": 17 }
        },
        "loc": {
          "start": { "line": 67, "column": 19 },
          "end": { "line": 70, "column": 5 }
        }
      },
      "8": {
        "name": "(anonymous_21)",
        "decl": {
          "start": { "line": 68, "column": 33 },
          "end": { "line": 68, "column": 36 }
        },
        "loc": {
          "start": { "line": 68, "column": 39 },
          "end": { "line": 68, "column": 58 }
        }
      },
      "9": {
        "name": "(anonymous_22)",
        "decl": {
          "start": { "line": 69, "column": 15 },
          "end": { "line": 69, "column": 18 }
        },
        "loc": {
          "start": { "line": 69, "column": 21 },
          "end": { "line": 69, "column": 40 }
        }
      },
      "10": {
        "name": "(anonymous_23)",
        "decl": {
          "start": { "line": 95, "column": 56 },
          "end": { "line": 95, "column": 57 }
        },
        "loc": {
          "start": { "line": 95, "column": 141 },
          "end": { "line": 376, "column": 1 }
        }
      },
      "11": {
        "name": "(anonymous_24)",
        "decl": {
          "start": { "line": 112, "column": 27 },
          "end": { "line": 112, "column": 36 }
        },
        "loc": {
          "start": { "line": 112, "column": 38 },
          "end": { "line": 124, "column": 6 }
        }
      },
      "12": {
        "name": "(anonymous_25)",
        "decl": {
          "start": { "line": 112, "column": 38 },
          "end": { "line": 112, "column": null }
        },
        "loc": {
          "start": { "line": 112, "column": 38 },
          "end": { "line": 124, "column": 5 }
        }
      },
      "13": {
        "name": "(anonymous_26)",
        "decl": {
          "start": { "line": 113, "column": 33 },
          "end": { "line": 113, "column": 36 }
        },
        "loc": {
          "start": { "line": 114, "column": 12 },
          "end": { "line": 114, "column": 78 }
        }
      },
      "14": {
        "name": "(anonymous_27)",
        "decl": {
          "start": { "line": 119, "column": 23 },
          "end": { "line": 119, "column": 26 }
        },
        "loc": {
          "start": { "line": 119, "column": 29 },
          "end": { "line": 119, "column": 45 }
        }
      },
      "15": {
        "name": "(anonymous_28)",
        "decl": {
          "start": { "line": 126, "column": 14 },
          "end": { "line": 126, "column": 17 }
        },
        "loc": {
          "start": { "line": 126, "column": 19 },
          "end": { "line": 153, "column": 5 }
        }
      },
      "16": {
        "name": "(anonymous_29)",
        "decl": {
          "start": { "line": 132, "column": 47 },
          "end": { "line": 132, "column": 50 }
        },
        "loc": {
          "start": { "line": 132, "column": 52 },
          "end": { "line": 144, "column": 13 }
        }
      },
      "17": {
        "name": "(anonymous_30)",
        "decl": {
          "start": { "line": 141, "column": 31 },
          "end": { "line": 141, "column": 35 }
        },
        "loc": {
          "start": { "line": 141, "column": 39 },
          "end": { "line": 141, "column": 60 }
        }
      },
      "18": {
        "name": "(anonymous_31)",
        "decl": {
          "start": { "line": 142, "column": 35 },
          "end": { "line": 142, "column": 39 }
        },
        "loc": {
          "start": { "line": 142, "column": 43 },
          "end": { "line": 142, "column": 51 }
        }
      },
      "19": {
        "name": "(anonymous_32)",
        "decl": {
          "start": { "line": 147, "column": 15 },
          "end": { "line": 147, "column": 18 }
        },
        "loc": {
          "start": { "line": 147, "column": 20 },
          "end": { "line": 152, "column": 9 }
        }
      },
      "20": {
        "name": "(anonymous_33)",
        "decl": {
          "start": { "line": 156, "column": 14 },
          "end": { "line": 156, "column": 17 }
        },
        "loc": {
          "start": { "line": 156, "column": 19 },
          "end": { "line": 165, "column": 5 }
        }
      },
      "21": {
        "name": "(anonymous_34)",
        "decl": {
          "start": { "line": 167, "column": 14 },
          "end": { "line": 167, "column": 17 }
        },
        "loc": {
          "start": { "line": 167, "column": 19 },
          "end": { "line": 196, "column": 5 }
        }
      },
      "22": {
        "name": "(anonymous_35)",
        "decl": {
          "start": { "line": 172, "column": 32 },
          "end": { "line": 172, "column": 33 }
        },
        "loc": {
          "start": { "line": 172, "column": 50 },
          "end": { "line": 180, "column": 9 }
        }
      },
      "23": {
        "name": "(anonymous_36)",
        "decl": {
          "start": { "line": 185, "column": 30 },
          "end": { "line": 185, "column": 33 }
        },
        "loc": {
          "start": { "line": 185, "column": 35 },
          "end": { "line": 187, "column": 9 }
        }
      },
      "24": {
        "name": "(anonymous_37)",
        "decl": {
          "start": { "line": 192, "column": 15 },
          "end": { "line": 192, "column": 18 }
        },
        "loc": {
          "start": { "line": 192, "column": 20 },
          "end": { "line": 195, "column": 9 }
        }
      },
      "25": {
        "name": "(anonymous_38)",
        "decl": {
          "start": { "line": 198, "column": 14 },
          "end": { "line": 198, "column": 17 }
        },
        "loc": {
          "start": { "line": 198, "column": 19 },
          "end": { "line": 207, "column": 5 }
        }
      },
      "26": {
        "name": "(anonymous_39)",
        "decl": {
          "start": { "line": 204, "column": 39 },
          "end": { "line": 204, "column": 42 }
        },
        "loc": {
[...]
          "end": { "line": 291, "column": 62 }
        },
        "type": "cond-expr",
        "locations": [
          {
            "start": { "line": 291, "column": 39 },
            "end": { "line": 291, "column": 41 }
          },
          {
            "start": { "line": 291, "column": 31 },
            "end": { "line": 291, "column": 62 }
          }
        ]
      },
      "151": {
        "loc": {
          "start": { "line": 291, "column": 31 },
          "end": { "line": 291, "column": 41 }
        },
        "type": "binary-expr",
        "locations": [
          {
            "start": { "line": 291, "column": 31 },
            "end": { "line": 291, "column": 41 }
          },
          {
            "start": { "line": 291, "column": 31 },
            "end": { "line": 291, "column": 41 }
          }
        ]
      }
    },
    "s": {
      "0": 1,
      "1": 1,
      "2": 64,
      "3": 64,
      "4": 0,
      "5": 0,
      "6": 0,
      "7": 64,
      "8": 17,
      "9": 17,
      "10": 17,
      "11": 17,
      "12": 17,
      "13": 17,
      "14": 47,
      "15": 18,
      "16": 0,
      "17": 0,
      "18": 29,
      "19": 15,
      "20": 0,
      "21": 0,
      "22": 14,
      "23": 14,
      "24": 0,
      "25": 0,
      "26": 0,
      "27": 0,
      "28": 47,
      "29": 1,
      "30": 18,
      "31": 18,
      "32": 18,
      "33": 18,
      "34": 0,
      "35": 0,
      "36": 0,
      "37": 18,
      "38": 0,
      "39": 18,
      "40": 0,
      "41": 1,
      "42": 15,
      "43": 15,
      "44": 0,
      "45": 15,
      "46": 15,
      "47": 0,
      "48": 0,
      "49": 15,
      "50": 15,
      "51": 0,
      "52": 15,
      "53": 15,
      "54": 15,
      "55": 0,
      "56": 15,
      "57": 0,
      "58": 15,
      "59": 0,
      "60": 15,
      "61": 15,
      "62": 0,
      "63": 0,
      "64": 0,
      "65": 0,
      "66": 0,
      "67": 0,
      "68": 0,
      "69": 0,
      "70": 0,
      "71": 15,
      "72": 0,
      "73": 1,
      "74": 14,
      "75": 14,
      "76": 14,
      "77": 0,
      "78": 0,
      "79": 14,
      "80": 14,
      "81": 0,
      "82": 14,
      "83": 14,
      "84": 14,
      "85": 0,
      "86": 14,
      "87": 0,
      "88": 0,
      "89": 1,
      "90": 0,
      "91": 0,
      "92": 0,
      "93": 0,
      "94": 0,
      "95": 1
    },
    "f": {
      "0": 64,
      "1": 18,
      "2": 0,
      "3": 0,
      "4": 15,
      "5": 0,
      "6": 0,
      "7": 0,
      "8": 0,
      "9": 14,
      "10": 0,
      "11": 0,
      "12": 0,
      "13": 0
    },
    "b": {
      "0": [0],
      "1": [17, 47],
      "2": [17, 0, 0],
      "3": [17, 0, 0],
      "4": [17],
      "5": [17, 17],
      "6": [18, 29],
      "7": [0],
      "8": [15, 14],
      "9": [0],
      "10": [15, 15, 0],
      "11": [14, 0],
      "12": [0],
      "13": [18, 0],
      "14": [0, 18],
      "15": [18, 18],
      "16": [18, 18],
      "17": [18, 18],
      "18": [0],
      "19": [0, 0],
      "20": [0, 0],
      "21": [0, 0],
      "22": [0, 0],
      "23": [0, 18],
      "24": [18, 0],
      "25": [18, 18],
      "26": [0, 18],
      "27": [18, 18],
      "28": [0, 0],
      "29": [0, 18],
      "30": [0, 18],
      "31": [18, 18],
      "32": [18, 0],
      "33": [18, 18],
      "34": [0, 18],
      "35": [18, 18],
      "36": [18, 0],
      "37": [0, 18],
      "38": [18, 18],
      "39": [18, 18],
      "40": [0, 18],
      "41": [18, 18],
      "42": [0, 15],
      "43": [0, 15],
      "44": [15, 15],
      "45": [15, 0],
      "46": [0, 15],
      "47": [15, 15],
      "48": [0],
      "49": [0, 0],
      "50": [0, 0],
      "51": [0, 15],
      "52": [0, 15],
      "53": [15, 15],
      "54": [15],
      "55": [0, 15],
      "56": [15, 15],
      "57": [15, 15],
      "58": [15, 0],
      "59": [15, 15],
      "60": [0, 15],
      "61": [15, 15],
      "62": [0, 0],
      "63": [15, 15],
      "64": [15, 0],
      "65": [15, 15],
      "66": [0, 15],
      "67": [15, 15],
      "68": [0, 0],
      "69": [0, 15],
      "70": [15, 0],
      "71": [15, 15],
      "72": [0, 15],
      "73": [15, 15],
      "74": [0, 0],
      "75": [0],
      "76": [0, 15],
      "77": [15, 15],
      "78": [0, 0],
      "79": [0, 0],
      "80": [0, 0],
      "81": [0, 15],
      "82": [0, 15],
      "83": [15, 15],
      "84": [15, 0],
      "85": [15, 15],
      "86": [0, 15],
      "87": [15, 15],
      "88": [15, 0],
      "89": [0, 15],
      "90": [15, 15],
      "91": [15, 15],
      "92": [0, 15],
      "93": [15, 15],
      "94": [0, 15],
      "95": [15, 15],
      "96": [0, 15],
      "97": [0, 15],
      "98": [15, 15],
      "99": [0, 15],
      "100": [15, 15],
      "101": [0, 15],
      "102": [15, 15],
      "103": [0, 15],
      "104": [15, 15],
      "105": [14, 0],
      "106": [0, 14],
      "107": [14, 14],
      "108": [0],
      "109": [0, 0],
      "110": [0, 0],
      "111": [0, 14],
      "112": [0, 14],
      "113": [14, 14],
      "114": [14],
      "115": [0, 14],
      "116": [14, 14],
      "117": [0, 14],
      "118": [14, 0],
      "119": [14, 14],
      "120": [0, 14],
      "121": [14, 14],
      "122": [0, 0],
      "123": [14, 0],
      "124": [14, 0],
      "125": [14, 14],
      "126": [14, 0],
      "127": [14, 14],
      "128": [14, 0],
      "129": [14, 14],
      "130": [14, 0],
      "131": [14, 14],
      "132": [14, 0],
      "133": [14, 14],
      "134": [0, 14],
      "135": [14, 14],
      "136": [14, 14],
      "137": [0, 14],
      "138": [14, 14],
      "139": [0],
      "140": [0, 0],
      "141": [0, 0],
      "142": [0, 0],
      "143": [0, 0],
      "144": [0, 0],
      "145": [0, 0],
      "146": [0, 0],
      "147": [0, 0],
      "148": [0, 0],
      "149": [0, 0],
      "150": [0, 0],
      "151": [0, 0]
    }
  },
  "/Users/gklainert/Documents/gaia-webplugin/src/js/utils/investigationStepsConfig.ts": {
    "path": "/Users/gklainert/Documents/gaia-webplugin/src/js/utils/investigationStepsConfig.ts",
    "statementMap": {
      "0": {
        "start": { "line": 1, "column": 0 },
        "end": { "line": 1, "column": 93 }
      },
      "1": {
        "start": { "line": 3, "column": 13 },
        "end": { "line": 40, "column": 2 }
      },
      "2": {
        "start": { "line": 42, "column": 13 },
        "end": { "line": 62, "column": 2 }
      },
      "3": {
        "start": { "line": 74, "column": 4 },
        "end": { "line": 78, "column": null }
      },
      "4": {
        "start": { "line": 64, "column": 0 },
        "end": { "line": 64, "column": 16 }
      }
    },
    "fnMap": {
      "0": {
        "name": "createStep",
        "decl": {
          "start": { "line": 64, "column": 16 },
          "end": { "line": 64, "column": 26 }
        },
        "loc": {
          "start": { "line": 72, "column": 21 },
          "end": { "line": 80, "column": 1 }
        }
      }
    },
    "branchMap": {
      "0": {
        "loc": {
          "start": { "line": 71, "column": 4 },
          "end": { "line": 71, "column": 43 }
        },
        "type": "default-arg",
        "locations": [
          {
            "start": { "line": 71, "column": 25 },
            "end": { "line": 71, "column": 43 }
          }
        ]
      },
      "1": {
        "loc": {
          "start": { "line": 72, "column": 4 },
          "end": { "line": 72, "column": 21 }
        },
        "type": "default-arg",
        "locations": [
          {
            "start": { "line": 72, "column": 19 },
            "end": { "line": 72, "column": 21 }
          }
        ]
      }
    },
    "s": { "0": 1, "1": 1, "2": 1, "3": 144, "4": 1 },
    "f": { "0": 144 },
    "b": { "0": [0], "1": [144] }
  },
  "/Users/gklainert/Documents/gaia-webplugin/src/js/widgets/gaia/OlorinWidget.tsx": {
    "path": "/Users/gklainert/Documents/gaia-webplugin/src/js/widgets/gaia/OlorinWidget.tsx",
    "statementMap": {
      "0": {
        "start": { "line": 1, "column": 0 },
        "end": { "line": 1, "column": 26 }
      },
      "1": {
        "start": { "line": 3, "column": 0 },
        "end": { "line": 3, "column": 80 }
      },
      "2": {
        "start": { "line": 4, "column": 0 },
        "end": { "line": 4, "column": 62 }
      },
      "3": {
        "start": { "line": 5, "column": 0 },
        "end": { "line": 5, "column": 63 }
      },
      "4": {
        "start": { "line": 6, "column": 0 },
        "end": { "line": 6, "column": 57 }
      },
      "5": {
        "start": { "line": 7, "column": 0 },
        "end": { "line": 7, "column": 60 }
      },
      "6": {
        "start": { "line": 8, "column": 0 },
        "end": { "line": 8, "column": 31 }
      },
      "7": {
        "start": { "line": 11, "column": 0 },
        "end": { "line": 11, "column": 35 }
      },
      "8": {
        "start": { "line": 12, "column": 0 },
        "end": { "line": 12, "column": 52 }
      },
      "9": {
        "start": { "line": 23, "column": 26 },
        "end": { "line": 24, "column": 65 }
      },
      "10": {
        "start": { "line": 23, "column": 54 },
        "end": { "line": 24, "column": 65 }
      },
      "11": {
        "start": { "line": 24, "column": 2 },
        "end": { "line": 24, "column": 65 }
      },
      "12": {
        "start": { "line": 36, "column": 17 },
        "end": { "line": 36, "column": 60 }
      },
      "13": {
        "start": { "line": 37, "column": 2 },
        "end": { "line": 37, "column": 39 }
      },
      "14": {
        "start": { "line": 45, "column": 17 },
        "end": { "line": 45, "column": 60 }
      },
      "15": {
        "start": { "line": 46, "column": 2 },
        "end": { "line": 46, "column": 36 }
      },
      "16": {
        "start": { "line": 47, "column": 17 },
        "end": { "line": 47, "column": 67 }
      },
      "17": {
        "start": { "line": 48, "column": 2 },
        "end": { "line": 48, "column": 46 }
      },
      "18": {
        "start": { "line": 59, "column": 4 },
        "end": { "line": 59, "column": 17 }
      },
      "19": {
        "start": { "line": 116, "column": 2 },
        "end": { "line": 122, "column": 4 }
      },
      "20": {
        "start": { "line": 117, "column": 4 },
        "end": { "line": 117, "column": 35 }
      },
      "21": {
        "start": { "line": 118, "column": 4 },
        "end": { "line": 121, "column": 7 }
      },
      "22": {
        "start": { "line": 60, "column": 4 },
        "end": { "line": 64, "column": 6 }
      },
      "23": {
        "start": { "line": 65, "column": 4 },
        "end": { "line": 65, "column": 61 }
      },
      "24": {
        "start": { "line": 66, "column": 4 },
        "end": { "line": 66, "column": 63 }
      },
      "25": {
        "start": { "line": 74, "column": 24 },
        "end": { "line": 74, "column": 34 }
      },
      "26": {
        "start": { "line": 76, "column": 4 },
        "end": { "line": 85, "column": 7 }
      },
      "27": {
        "start": { "line": 80, "column": 6 },
        "end": { "line": 80, "column": 19 }
      },
      "28": {
        "start": { "line": 86, "column": 4 },
        "end": { "line": 86, "column": 47 }
      },
      "29": {
        "start": { "line": 97, "column": 4 },
        "end": { "line": 97, "column": 16 }
      },
      "30": {
        "start": { "line": 109, "column": 4 },
        "end": { "line": 109, "column": 20 }
      },
      "31": {
        "start": { "line": 130, "column": 24 },
        "end": { "line": 130, "column": 34 }
      },
      "32": {
        "start": { "line": 133, "column": 26 },
        "end": { "line": 133, "column": 59 }
      },
      "33": {
        "start": { "line": 134, "column": 4 },
        "end": { "line": 141, "column": null }
      },
      "34": {
        "start": { "line": 135, "column": 18 },
        "end": { "line": 135, "column": 45 }
      },
      "35": {
        "start": { "line": 136, "column": 6 },
        "end": { "line": 139, "column": null }
      },
      "36": {
        "start": { "line": 137, "column": 8 },
        "end": { "line": 137, "column": 71 }
      },
      "37": {
        "start": { "line": 138, "column": 8 },
        "end": { "line": 138, "column": 39 }
      },
      "38": {
        "start": { "line": 140, "column": 6 },
        "end": { "line": 140, "column": 30 }
      },
      "39": {
        "start": { "line": 143, "column": 4 },
        "end": { "line": 170, "column": 6 }
      },
      "40": {
        "start": { "line": 157, "column": 14 },
        "end": { "line": 165, "column": null }
      },
      "41": {
        "start": { "line": 159, "column": 31 },
        "end": { "line": 159, "column": 74 }
      },
      "42": {
        "start": { "line": 160, "column": 16 },
        "end": { "line": 160, "column": 49 }
      },
      "43": {
        "start": { "line": 161, "column": 16 },
        "end": { "line": 161, "column": 104 }
      },
      "44": {
        "start": { "line": 162, "column": 16 },
        "end": { "line": 162, "column": 80 }
      },
      "45": {
        "start": { "line": 164, "column": 16 },
        "end": { "line": 164, "column": 50 }
      },
      "46": {
        "start": { "line": 174, "column": 0 },
        "end": { "line": 174, "column": 26 }
      }
    },
    "fnMap": {
      "0": {
        "name": "(anonymous_8)",
        "decl": {
          "start": { "line": 23, "column": 26 },
          "end": { "line": 23, "column": 52 }
        },
        "loc": {
          "start": { "line": 23, "column": 54 },
          "end": { "line": 24, "column": 65 }
        }
      },
      "1": {
        "name": "(anonymous_9)",
        "decl": {
          "start": { "line": 23, "column": 54 },
          "end": { "line": 23, "column": null }
        },
        "loc": {
          "start": { "line": 23, "column": 54 },
          "end": { "line": 24, "column": 65 }
        }
      },
      "2": {
        "name": "getInvestigationIdFromUrl",
        "decl": {
          "start": { "line": 35, "column": 9 },
          "end": { "line": 35, "column": 34 }
        },
        "loc": {
          "start": { "line": 35, "column": 34 },
          "end": { "line": 38, "column": 1 }
        }
      },
      "3": {
        "name": "setInvestigationIdInUrl",
        "decl": {
          "start": { "line": 44, "column": 9 },
          "end": { "line": 44, "column": 32 }
        },
        "loc": {
          "start": { "line": 44, "column": 43 },
          "end": { "line": 49, "column": 1 }
        }
      },
      "4": {
        "name": "(anonymous_12)",
        "decl": {
          "start": { "line": 58, "column": 2 },
          "end": { "line": 58, "column": 14 }
        },
        "loc": {
          "start": { "line": 58, "column": 36 },
          "end": { "line": 67, "column": 3 }
        }
      },
      "5": {
        "name": "(anonymous_13)",
        "decl": {
          "start": { "line": 116, "column": 30 },
          "end": { "line": 116, "column": 31 }
        },
        "loc": {
          "start": { "line": 116, "column": 48 },
          "end": { "line": 122, "column": 3 }
        }
      },
      "6": {
        "name": "(anonymous_14)",
        "decl": {
          "start": { "line": 73, "column": 2 },
          "end": { "line": 73, "column": 19 }
        },
        "loc": {
          "start": { "line": 73, "column": 19 },
          "end": { "line": 87, "column": 3 }
        }
      },
      "7": {
        "name": "(anonymous_15)",
        "decl": {
          "start": { "line": 76, "column": 29 },
          "end": { "line": 76, "column": 30 }
        },
        "loc": {
          "start": { "line": 76, "column": 46 },
          "end": { "line": 85, "column": 5 }
        }
      },
      "8": {
        "name": "(anonymous_16)",
        "decl": {
          "start": { "line": 96, "column": 2 },
          "end": { "line": 96, "column": 18 }
        },
        "loc": {
          "start": { "line": 96, "column": 18 },
          "end": { "line": 98, "column": 3 }
        }
      },
      "9": {
        "name": "(anonymous_17)",
        "decl": {
          "start": { "line": 108, "column": 2 },
          "end": { "line": 108, "column": 19 }
        },
        "loc": {
          "start": { "line": 108, "column": 33 },
          "end": { "line": 110, "column": 3 }
        }
      },
      "10": {
        "name": "(anonymous_18)",
        "decl": {
          "start": { "line": 129, "column": 2 },
          "end": { "line": 129, "column": 8 }
        },
        "loc": {
          "start": { "line": 129, "column": 8 },
          "end": { "line": 171, "column": 3 }
        }
      },
      "11": {
        "name": "(anonymous_19)",
        "decl": {
          "start": { "line": 156, "column": 25 },
          "end": { "line": 156, "column": 26 }
        },
        "loc": {
          "start": { "line": 156, "column": 33 },
          "end": { "line": 166, "column": 13 }
        }
      }
    },
    "branchMap": {
      "0": {
        "loc": {
          "start": { "line": 134, "column": 4 },
          "end": { "line": 141, "column": null }
        },
        "type": "if",
        "locations": [
          {
            "start": { "line": 134, "column": 4 },
            "end": { "line": 141, "column": null }
          }
        ]
      },
      "1": {
        "loc": {
          "start": { "line": 136, "column": 6 },
          "end": { "line": 139, "column": null }
        },
        "type": "if",
        "locations": [
          {
            "start": { "line": 136, "column": 6 },
            "end": { "line": 139, "column": null }
          }
        ]
      },
      "2": {
        "loc": {
          "start": { "line": 147, "column": 13 },
          "end": { "line": 148, "column": null }
        },
        "type": "binary-expr",
        "locations": [
          {
            "start": { "line": 147, "column": 13 },
            "end": { "line": 147, "column": 53 }
          },
          {
            "start": { "line": 148, "column": 14 },
            "end": { "line": 148, "column": 69 }
          }
        ]
      },
      "3": {
        "loc": {
          "start": { "line": 150, "column": 13 },
          "end": { "line": 151, "column": null }
        },
        "type": "binary-expr",
        "locations": [
          {
            "start": { "line": 150, "column": 13 },
            "end": { "line": 150, "column": 54 }
          },
          {
            "start": { "line": 151, "column": 14 },
            "end": { "line": 151, "column": 87 }
          }
        ]
      },
      "4": {
        "loc": {
          "start": { "line": 157, "column": 14 },
          "end": { "line": 165, "column": null }
        },
        "type": "if",
        "locations": [
          {
            "start": { "line": 157, "column": 14 },
            "end": { "line": 165, "column": null }
          },
          {
            "start": { "line": 163, "column": 21 },
            "end": { "line": 165, "column": null }
          }
        ]
      }
    },
    "s": {
      "0": 0,
      "1": 0,
      "2": 0,
      "3": 0,
      "4": 0,
      "5": 0,
      "6": 0,
      "7": 0,
      "8": 0,
      "9": 0,
      "10": 0,
      "11": 0,
      "12": 0,
      "13": 0,
      "14": 0,
      "15": 0,
      "16": 0,
      "17": 0,
      "18": 0,
      "19": 0,
      "20": 0,
      "21": 0,
      "22": 0,
      "23": 0,
      "24": 0,
      "25": 0,
      "26": 0,
      "27": 0,
      "28": 0,
      "29": 0,
      "30": 0,
      "31": 0,
      "32": 0,
      "33": 0,
      "34": 0,
      "35": 0,
      "36": 0,
      "37": 0,
      "38": 0,
      "39": 0,
      "40": 0,
      "41": 0,
      "42": 0,
      "43": 0,
      "44": 0,
      "45": 0,
      "46": 0
    },
    "f": {
      "0": 0,
      "1": 0,
      "2": 0,
      "3": 0,
      "4": 0,
      "5": 0,
      "6": 0,
      "7": 0,
      "8": 0,
      "9": 0,
      "10": 0,
      "11": 0
    },
    "b": { "0": [0], "1": [0], "2": [0, 0], "3": [0, 0], "4": [0, 0] }
  }
}
