TN:
SF:src/bootstrap.tsx
FN:9,(anonymous_0)
FN:181,(anonymous_1)
FN:187,(anonymous_2)
FN:193,(anonymous_3)
FNF:4
FNH:0
FNDA:0,(anonymous_0)
FNDA:0,(anonymous_1)
FNDA:0,(anonymous_2)
FNDA:0,(anonymous_3)
DA:6,0
DA:9,0
DA:10,0
DA:12,0
DA:15,0
DA:17,0
DA:18,0
DA:19,0
DA:22,0
DA:23,0
DA:24,0
DA:27,0
DA:28,0
DA:29,0
DA:32,0
DA:33,0
DA:34,0
DA:37,0
DA:38,0
DA:39,0
DA:42,0
DA:43,0
DA:44,0
DA:47,0
DA:48,0
DA:49,0
DA:52,0
DA:56,0
DA:57,0
DA:58,0
DA:61,0
DA:64,0
DA:72,0
DA:75,0
DA:76,0
DA:80,0
DA:83,0
DA:84,0
DA:85,0
DA:154,0
DA:155,0
DA:161,0
DA:166,0
DA:167,0
DA:181,0
DA:182,0
DA:183,0
DA:187,0
DA:188,0
DA:193,0
DA:194,0
LF:51
LH:0
BRDA:6,0,0,0
BRDA:6,0,1,0
BRDA:15,1,0,0
BRDA:15,1,1,0
BRDA:15,1,2,0
BRDA:15,1,3,0
BRDA:15,1,4,0
BRDA:15,1,5,0
BRDA:15,1,6,0
BRDA:15,1,7,0
BRDA:57,2,0,0
BRDA:57,2,1,0
BRDA:75,3,0,0
BRDA:75,3,1,0
BRDA:84,4,0,0
BRDA:84,4,1,0
BRDA:140,5,0,0
BRDA:140,5,1,0
BRDA:144,6,0,0
BRDA:144,6,1,0
BRDA:154,7,0,0
BRDA:154,7,1,0
BRDA:157,8,0,0
BRDA:157,8,1,0
BRDA:166,9,0,0
BRDA:166,9,1,0
BRDA:168,10,0,0
BRDA:168,10,1,0
BRDA:169,11,0,0
BRDA:169,11,1,0
BRDA:174,12,0,0
BRDA:174,12,1,0
BRDA:175,13,0,0
BRDA:175,13,1,0
BRF:34
BRH:0
end_of_record
TN:
SF:src/firebase.ts
FNF:0
FNH:0
DA:10,0
DA:21,0
DA:24,0
DA:25,0
DA:27,0
DA:28,0
DA:29,0
DA:30,0
DA:31,0
DA:34,0
LF:10
LH:0
BRDA:11,0,0,0
BRDA:11,0,1,0
BRDA:12,1,0,0
BRDA:12,1,1,0
BRDA:13,2,0,0
BRDA:13,2,1,0
BRDA:14,3,0,0
BRDA:14,3,1,0
BRDA:15,4,0,0
BRDA:15,4,1,0
BRDA:16,5,0,0
BRDA:16,5,1,0
BRDA:17,6,0,0
BRDA:17,6,1,0
BRDA:27,7,0,0
BRDA:27,7,1,0
BRDA:27,8,0,0
BRDA:27,8,1,0
BRDA:30,9,0,0
BRDA:30,9,1,0
BRF:20
BRH:0
end_of_record
TN:
SF:src/index.tsx
FNF:0
FNH:0
DA:7,0
DA:11,0
DA:20,0
LF:3
LH:0
BRF:0
BRH:0
end_of_record
TN:
SF:src/reportWebVitals.ts
FN:3,(anonymous_0)
FN:5,(anonymous_1)
FNF:2
FNH:0
FNDA:0,(anonymous_0)
FNDA:0,(anonymous_1)
DA:3,0
DA:4,0
DA:5,0
DA:6,0
DA:7,0
DA:8,0
DA:9,0
DA:10,0
LF:8
LH:0
BRDA:4,0,0,0
BRDA:4,0,1,0
BRDA:4,1,0,0
BRDA:4,1,1,0
BRF:4
BRH:0
end_of_record
TN:
SF:src/config/environment.ts
FN:29,(anonymous_0)
FNF:1
FNH:0
FNDA:0,(anonymous_0)
DA:29,0
DA:31,0
DA:32,0
DA:36,0
DA:38,0
DA:41,0
DA:44,0
DA:48,0
DA:70,0
DA:81,0
DA:84,0
DA:85,0
LF:12
LH:0
BRDA:36,0,0,0
BRDA:36,0,1,0
BRDA:38,1,0,0
BRDA:38,1,1,0
BRDA:84,2,0,0
BRDA:84,2,1,0
BRDA:89,3,0,0
BRDA:89,3,1,0
BRF:8
BRH:0
end_of_record
TN:
SF:src/hooks/usePerformanceOptimization.ts
FN:42,useOptimizedCallback
FN:51,(anonymous_1)
FN:80,useOptimizedMemo
FN:88,(anonymous_3)
FN:115,useRenderPerformance
FN:129,(anonymous_5)
FN:160,useIntersectionObserver
FN:175,(anonymous_7)
FN:182,(anonymous_8)
FN:196,(anonymous_9)
FN:218,useDebounce
FN:236,(anonymous_11)
FN:244,(anonymous_12)
FN:256,(anonymous_13)
FN:269,(anonymous_14)
FN:279,(anonymous_15)
FN:293,(anonymous_16)
FN:303,useVirtualScrolling
FN:311,(anonymous_18)
FN:321,(anonymous_19)
FN:322,(anonymous_20)
FN:336,(anonymous_21)
FN:358,useLazyImage
FN:377,(anonymous_23)
FN:385,(anonymous_24)
FN:390,(anonymous_25)
FN:397,(anonymous_26)
FN:414,usePerformanceContext
FN:422,(anonymous_28)
FN:423,(anonymous_29)
FN:431,(anonymous_30)
FNF:31
FNH:0
FNDA:0,useOptimizedCallback
FNDA:0,(anonymous_1)
FNDA:0,useOptimizedMemo
FNDA:0,(anonymous_3)
FNDA:0,useRenderPerformance
FNDA:0,(anonymous_5)
FNDA:0,useIntersectionObserver
FNDA:0,(anonymous_7)
FNDA:0,(anonymous_8)
FNDA:0,(anonymous_9)
FNDA:0,useDebounce
FNDA:0,(anonymous_11)
FNDA:0,(anonymous_12)
FNDA:0,(anonymous_13)
FNDA:0,(anonymous_14)
FNDA:0,(anonymous_15)
FNDA:0,(anonymous_16)
FNDA:0,useVirtualScrolling
FNDA:0,(anonymous_18)
FNDA:0,(anonymous_19)
FNDA:0,(anonymous_20)
FNDA:0,(anonymous_21)
FNDA:0,useLazyImage
FNDA:0,(anonymous_23)
FNDA:0,(anonymous_24)
FNDA:0,(anonymous_25)
FNDA:0,(anonymous_26)
FNDA:0,usePerformanceContext
FNDA:0,(anonymous_28)
FNDA:0,(anonymous_29)
FNDA:0,(anonymous_30)
DA:47,0
DA:48,0
DA:50,0
DA:52,0
DA:53,0
DA:55,0
DA:56,0
DA:58,0
DA:59,0
DA:61,0
DA:62,0
DA:67,0
DA:69,0
DA:70,0
DA:85,0
DA:86,0
DA:88,0
DA:89,0
DA:90,0
DA:92,0
DA:93,0
DA:95,0
DA:96,0
DA:98,0
DA:99,0
DA:104,0
DA:106,0
DA:107,0
DA:119,0
DA:127,0
DA:129,0
DA:130,0
DA:131,0
DA:133,0
DA:134,0
DA:135,0
DA:136,0
DA:140,0
DA:141,0
DA:144,0
DA:145,0
DA:151,0
DA:154,0
DA:165,0
DA:166,0
DA:167,0
DA:173,0
DA:175,0
DA:176,0
DA:177,0
DA:178,0
DA:182,0
DA:183,0
DA:184,0
DA:187,0
DA:188,0
DA:189,0
DA:190,0
DA:193,0
DA:195,0
DA:197,0
DA:198,0
DA:200,0
DA:201,0
DA:207,0
DA:209,0
DA:212,0
DA:227,0
DA:229,0
DA:230,0
DA:231,0
DA:232,0
DA:233,0
DA:235,0
DA:237,0
DA:238,0
DA:244,0
DA:245,0
DA:246,0
DA:247,0
DA:249,0
DA:250,0
DA:251,0
DA:255,0
DA:257,0
DA:258,0
DA:260,0
DA:262,0
DA:263,0
DA:264,0
DA:267,0
DA:269,0
DA:270,0
DA:271,0
DA:275,0
DA:278,0
DA:279,0
DA:280,0
DA:281,0
DA:282,0
DA:286,0
DA:293,0
DA:294,0
DA:297,0
DA:309,0
DA:311,0
DA:312,0
DA:313,0
DA:318,0
DA:321,0
DA:322,0
DA:334,0
DA:336,0
DA:337,0
DA:340,0
DA:367,0
DA:368,0
DA:369,0
DA:370,0
DA:372,0
DA:377,0
DA:378,0
DA:380,0
DA:381,0
DA:383,0
DA:385,0
DA:386,0
DA:387,0
DA:390,0
DA:391,0
DA:392,0
DA:395,0
DA:397,0
DA:398,0
DA:399,0
DA:403,0
DA:415,0
DA:422,0
DA:423,0
DA:431,0
DA:441,0
LF:141
LH:0
BRDA:61,0,0,0
BRDA:61,0,1,0
BRDA:61,1,0,0
BRDA:61,1,1,0
BRDA:98,2,0,0
BRDA:98,2,1,0
BRDA:98,3,0,0
BRDA:98,3,1,0
BRDA:117,4,0,0
BRDA:140,5,0,0
BRDA:140,5,1,0
BRDA:144,6,0,0
BRDA:144,6,1,0
BRDA:144,7,0,0
BRDA:144,7,1,0
BRDA:162,8,0,0
BRDA:163,9,0,0
BRDA:170,10,0,0
BRDA:171,11,0,0
BRDA:172,12,0,0
BRDA:176,13,0,0
BRDA:176,13,1,0
BRDA:183,14,0,0
BRDA:183,14,1,0
BRDA:183,15,0,0
BRDA:183,15,1,0
BRDA:183,15,2,0
BRDA:183,15,3,0
BRDA:187,16,0,0
BRDA:187,16,1,0
BRDA:200,17,0,0
BRDA:200,17,1,0
BRDA:200,18,0,0
BRDA:200,18,1,0
BRDA:221,19,0,0
BRDA:224,20,0,0
BRDA:225,21,0,0
BRDA:245,22,0,0
BRDA:245,22,1,0
BRDA:249,23,0,0
BRDA:249,23,1,0
BRDA:260,24,0,0
BRDA:260,24,1,0
BRDA:262,25,0,0
BRDA:262,25,1,0
BRDA:270,26,0,0
BRDA:270,26,1,0
BRDA:270,27,0,0
BRDA:270,27,1,0
BRDA:278,28,0,0
BRDA:278,28,1,0
BRDA:278,29,0,0
BRDA:278,29,1,0
BRDA:281,30,0,0
BRDA:281,30,1,0
BRDA:307,31,0,0
BRDA:368,32,0,0
BRDA:368,32,1,0
BRDA:378,33,0,0
BRDA:378,33,1,0
BRDA:378,34,0,0
BRDA:378,34,1,0
BRDA:406,35,0,0
BRDA:406,35,1,0
BRDA:426,36,0,0
BRDA:426,36,1,0
BRDA:427,37,0,0
BRDA:427,37,1,0
BRDA:433,38,0,0
BRDA:433,38,1,0
BRDA:436,39,0,0
BRDA:436,39,1,0
BRF:72
BRH:0
end_of_record
TN:
SF:src/legacy/archived-20251014/autonomous-investigation/App.tsx
FN:5,(anonymous_0)
FN:145,(anonymous_1)
FN:278,(anonymous_2)
FN:426,(anonymous_3)
FN:566,(anonymous_4)
FN:621,(anonymous_5)
FN:630,(anonymous_6)
FN:673,(anonymous_7)
FN:678,(anonymous_8)
FN:709,(anonymous_9)
FN:743,(anonymous_10)
FNF:11
FNH:0
FNDA:0,(anonymous_0)
FNDA:0,(anonymous_1)
FNDA:0,(anonymous_2)
FNDA:0,(anonymous_3)
FNDA:0,(anonymous_4)
FNDA:0,(anonymous_5)
FNDA:0,(anonymous_6)
FNDA:0,(anonymous_7)
FNDA:0,(anonymous_8)
FNDA:0,(anonymous_9)
FNDA:0,(anonymous_10)
DA:5,0
DA:6,0
DA:7,0
DA:8,0
DA:10,0
DA:145,0
DA:146,0
DA:147,0
DA:149,0
DA:278,0
DA:279,0
DA:426,0
DA:427,0
DA:429,0
DA:566,0
DA:567,0
DA:569,0
DA:620,0
DA:621,0
DA:623,0
DA:630,0
DA:658,0
DA:674,0
DA:678,0
DA:710,0
DA:743,0
DA:744,0
LF:27
LH:0
BRDA:620,0,0,0
BRDA:620,0,1,0
BRDA:650,1,0,0
BRDA:650,1,1,0
BRDA:651,2,0,0
BRDA:651,2,1,0
BRDA:652,3,0,0
BRDA:652,3,1,0
BRDA:653,4,0,0
BRDA:653,4,1,0
BRDA:683,5,0,0
BRDA:683,5,1,0
BRDA:684,6,0,0
BRDA:684,6,1,0
BRDA:685,7,0,0
BRDA:685,7,1,0
BRDA:686,8,0,0
BRDA:686,8,1,0
BRF:18
BRH:0
end_of_record
TN:
SF:src/legacy/archived-20251014/autonomous-investigation/AutonomousInvestigationApp.tsx
FN:20,(anonymous_0)
FN:39,(anonymous_1)
FN:40,(anonymous_2)
FN:61,(anonymous_3)
FN:66,(anonymous_4)
FN:73,(anonymous_5)
FN:82,(anonymous_6)
FN:95,(anonymous_7)
FN:100,(anonymous_8)
FN:105,(anonymous_9)
FN:110,(anonymous_10)
FN:158,(anonymous_11)
FN:201,(anonymous_12)
FN:202,(anonymous_13)
FN:213,(anonymous_14)
FN:214,(anonymous_15)
FN:224,(anonymous_16)
FN:232,(anonymous_17)
FN:233,(anonymous_18)
FN:247,(anonymous_19)
FNF:20
FNH:0
FNDA:0,(anonymous_0)
FNDA:0,(anonymous_1)
FNDA:0,(anonymous_2)
FNDA:0,(anonymous_3)
FNDA:0,(anonymous_4)
FNDA:0,(anonymous_5)
FNDA:0,(anonymous_6)
FNDA:0,(anonymous_7)
FNDA:0,(anonymous_8)
FNDA:0,(anonymous_9)
FNDA:0,(anonymous_10)
FNDA:0,(anonymous_11)
FNDA:0,(anonymous_12)
FNDA:0,(anonymous_13)
FNDA:0,(anonymous_14)
FNDA:0,(anonymous_15)
FNDA:0,(anonymous_16)
FNDA:0,(anonymous_17)
FNDA:0,(anonymous_18)
FNDA:0,(anonymous_19)
DA:20,0
DA:21,0
DA:22,0
DA:23,0
DA:36,0
DA:39,0
DA:40,0
DA:41,0
DA:43,0
DA:45,0
DA:51,0
DA:52,0
DA:54,0
DA:58,0
DA:61,0
DA:62,0
DA:66,0
DA:67,0
DA:68,0
DA:73,0
DA:74,0
DA:75,0
DA:76,0
DA:77,0
DA:79,0
DA:82,0
DA:83,0
DA:84,0
DA:85,0
DA:86,0
DA:87,0
DA:89,0
DA:90,0
DA:91,0
DA:95,0
DA:96,0
DA:97,0
DA:100,0
DA:101,0
DA:102,0
DA:105,0
DA:106,0
DA:107,0
DA:110,0
DA:111,0
DA:112,0
DA:122,0
DA:123,0
DA:140,0
DA:141,0
DA:158,0
DA:172,0
DA:173,0
DA:191,0
DA:201,0
DA:202,0
DA:213,0
DA:214,0
DA:224,0
DA:232,0
DA:233,0
DA:247,0
LF:62
LH:0
BRDA:75,0,0,0
BRDA:75,0,1,0
BRDA:122,1,0,0
BRDA:122,1,1,0
BRDA:140,2,0,0
BRDA:140,2,1,0
BRDA:140,3,0,0
BRDA:140,3,1,0
BRDA:140,3,2,0
BRDA:144,4,0,0
BRDA:144,4,1,0
BRDA:149,5,0,0
BRDA:149,5,1,0
BRDA:160,6,0,0
BRDA:160,6,1,0
BRDA:172,7,0,0
BRDA:172,7,1,0
BRF:17
BRH:0
end_of_record
TN:
SF:src/legacy/archived-20251014/autonomous-investigation/index.tsx
FN:7,(anonymous_0)
FN:90,(anonymous_1)
FN:95,(anonymous_2)
FN:101,(anonymous_3)
FNF:4
FNH:0
FNDA:0,(anonymous_0)
FNDA:0,(anonymous_1)
FNDA:0,(anonymous_2)
FNDA:0,(anonymous_3)
DA:7,0
DA:8,0
DA:10,0
DA:12,0
DA:13,0
DA:14,0
DA:17,0
DA:20,0
DA:26,0
DA:29,0
DA:30,0
DA:34,0
DA:37,0
DA:38,0
DA:39,0
DA:71,0
DA:76,0
DA:77,0
DA:90,0
DA:91,0
DA:92,0
DA:95,0
DA:96,0
DA:101,0
DA:102,0
LF:25
LH:0
BRDA:13,0,0,0
BRDA:13,0,1,0
BRDA:29,1,0,0
BRDA:29,1,1,0
BRDA:38,2,0,0
BRDA:38,2,1,0
BRDA:76,3,0,0
BRDA:76,3,1,0
BRDA:78,4,0,0
BRDA:78,4,1,0
BRDA:79,5,0,0
BRDA:79,5,1,0
BRDA:84,6,0,0
BRDA:84,6,1,0
BRDA:85,7,0,0
BRDA:85,7,1,0
BRF:16
BRH:0
end_of_record
TN:
SF:src/legacy/archived-20251014/autonomous-investigation/components/AgentConfiguration.tsx
FN:190,(anonymous_0)
FN:223,(anonymous_1)
FN:233,(anonymous_2)
FN:237,(anonymous_3)
FN:246,(anonymous_4)
FN:247,(anonymous_5)
FN:250,(anonymous_6)
FN:251,(anonymous_7)
FN:254,(anonymous_8)
FN:255,(anonymous_9)
FN:256,(anonymous_10)
FN:262,(anonymous_11)
FN:263,(anonymous_12)
FN:264,(anonymous_13)
FN:272,(anonymous_14)
FN:279,(anonymous_15)
FN:288,(anonymous_16)
FN:289,(anonymous_17)
FN:291,(anonymous_18)
FN:296,(anonymous_19)
FN:304,(anonymous_20)
FN:307,(anonymous_21)
FN:311,(anonymous_22)
FN:312,(anonymous_23)
FN:318,(anonymous_24)
FN:327,(anonymous_25)
FN:357,(anonymous_26)
FN:363,(anonymous_27)
FN:382,(anonymous_28)
FN:396,(anonymous_29)
FN:416,(anonymous_30)
FN:427,(anonymous_31)
FN:436,(anonymous_32)
FN:453,(anonymous_33)
FN:469,(anonymous_34)
FN:492,(anonymous_35)
FN:505,(anonymous_36)
FN:514,(anonymous_37)
FN:548,(anonymous_38)
FN:561,(anonymous_39)
FN:574,(anonymous_40)
FN:588,(anonymous_41)
FN:604,(anonymous_42)
FN:640,(anonymous_43)
FN:650,(anonymous_44)
FN:661,(anonymous_45)
FN:682,(anonymous_46)
FN:706,(anonymous_47)
FNF:48
FNH:0
FNDA:0,(anonymous_0)
FNDA:0,(anonymous_1)
FNDA:0,(anonymous_2)
FNDA:0,(anonymous_3)
FNDA:0,(anonymous_4)
FNDA:0,(anonymous_5)
FNDA:0,(anonymous_6)
FNDA:0,(anonymous_7)
FNDA:0,(anonymous_8)
FNDA:0,(anonymous_9)
FNDA:0,(anonymous_10)
FNDA:0,(anonymous_11)
FNDA:0,(anonymous_12)
FNDA:0,(anonymous_13)
FNDA:0,(anonymous_14)
FNDA:0,(anonymous_15)
FNDA:0,(anonymous_16)
FNDA:0,(anonymous_17)
FNDA:0,(anonymous_18)
FNDA:0,(anonymous_19)
FNDA:0,(anonymous_20)
FNDA:0,(anonymous_21)
FNDA:0,(anonymous_22)
FNDA:0,(anonymous_23)
FNDA:0,(anonymous_24)
FNDA:0,(anonymous_25)
FNDA:0,(anonymous_26)
FNDA:0,(anonymous_27)
FNDA:0,(anonymous_28)
FNDA:0,(anonymous_29)
FNDA:0,(anonymous_30)
FNDA:0,(anonymous_31)
FNDA:0,(anonymous_32)
FNDA:0,(anonymous_33)
FNDA:0,(anonymous_34)
FNDA:0,(anonymous_35)
FNDA:0,(anonymous_36)
FNDA:0,(anonymous_37)
FNDA:0,(anonymous_38)
FNDA:0,(anonymous_39)
FNDA:0,(anonymous_40)
FNDA:0,(anonymous_41)
FNDA:0,(anonymous_42)
FNDA:0,(anonymous_43)
FNDA:0,(anonymous_44)
FNDA:0,(anonymous_45)
FNDA:0,(anonymous_46)
FNDA:0,(anonymous_47)
DA:25,0
DA:184,0
DA:190,0
DA:223,0
DA:228,0
DA:229,0
DA:230,0
DA:231,0
DA:233,0
DA:235,0
DA:236,0
DA:237,0
DA:246,0
DA:247,0
DA:250,0
DA:251,0
DA:254,0
DA:255,0
DA:256,0
DA:257,0
DA:262,0
DA:263,0
DA:264,0
DA:265,0
DA:272,0
DA:273,0
DA:274,0
DA:275,0
DA:279,0
DA:280,0
DA:281,0
DA:282,0
DA:288,0
DA:289,0
DA:290,0
DA:291,0
DA:292,0
DA:296,0
DA:297,0
DA:298,0
DA:299,0
DA:304,0
DA:307,0
DA:311,0
DA:312,0
DA:318,0
DA:319,0
DA:321,0
DA:327,0
DA:357,0
DA:363,0
DA:382,0
DA:396,0
DA:416,0
DA:427,0
DA:436,0
DA:453,0
DA:469,0
DA:492,0
DA:505,0
DA:514,0
DA:548,0
DA:561,0
DA:574,0
DA:589,0
DA:604,0
DA:606,0
DA:641,0
DA:650,0
DA:661,0
DA:683,0
DA:684,0
DA:685,0
DA:706,0
LF:74
LH:0
BRDA:226,0,0,0
BRDA:235,1,0,0
BRDA:235,1,1,0
BRDA:257,2,0,0
BRDA:257,2,1,0
BRDA:265,3,0,0
BRDA:265,3,1,0
BRDA:274,4,0,0
BRDA:274,4,1,0
BRDA:281,5,0,0
BRDA:281,5,1,0
BRDA:290,6,0,0
BRDA:290,6,1,0
BRDA:298,7,0,0
BRDA:298,7,1,0
BRDA:330,8,0,0
BRDA:330,8,1,0
BRDA:336,9,0,0
BRDA:336,9,1,0
BRDA:347,10,0,0
BRDA:347,10,1,0
BRDA:349,11,0,0
BRDA:349,11,1,0
BRDA:360,12,0,0
BRDA:360,12,1,0
BRDA:371,13,0,0
BRDA:371,13,1,0
BRDA:374,14,0,0
BRDA:374,14,1,0
BRDA:381,15,0,0
BRDA:381,15,1,0
BRDA:395,16,0,0
BRDA:395,16,1,0
BRDA:407,17,0,0
BRDA:407,17,1,0
BRDA:415,18,0,0
BRDA:415,18,1,0
BRDA:426,19,0,0
BRDA:426,19,1,0
BRDA:435,20,0,0
BRDA:435,20,1,0
BRDA:445,21,0,0
BRDA:445,21,1,0
BRDA:452,22,0,0
BRDA:452,22,1,0
BRDA:468,23,0,0
BRDA:468,23,1,0
BRDA:480,24,0,0
BRDA:480,24,1,0
BRDA:484,25,0,0
BRDA:484,25,1,0
BRDA:491,26,0,0
BRDA:491,26,1,0
BRDA:504,27,0,0
BRDA:504,27,1,0
BRDA:513,28,0,0
BRDA:513,28,1,0
BRDA:524,29,0,0
BRDA:524,29,1,0
BRDA:547,30,0,0
BRDA:547,30,1,0
BRDA:560,31,0,0
BRDA:560,31,1,0
BRDA:573,32,0,0
BRDA:573,32,1,0
BRDA:645,33,0,0
BRDA:645,33,1,0
BRDA:663,34,0,0
BRDA:663,34,1,0
BRDA:670,35,0,0
BRDA:670,35,1,0
BRDA:684,36,0,0
BRDA:684,36,1,0
BRDA:716,37,0,0
BRDA:716,37,1,0
BRF:75
BRH:0
end_of_record
TN:
SF:src/legacy/archived-20251014/autonomous-investigation/components/AlertCenter.tsx
FN:34,(anonymous_0)
FN:48,(anonymous_1)
FN:51,(anonymous_2)
FN:64,(anonymous_3)
FN:65,(anonymous_4)
FN:72,(anonymous_5)
FN:81,(anonymous_6)
FN:90,(anonymous_7)
FN:99,(anonymous_8)
FN:108,(anonymous_9)
FN:118,(anonymous_10)
FN:127,(anonymous_11)
FN:136,(anonymous_12)
FN:146,(anonymous_13)
FN:156,(anonymous_14)
FN:165,(anonymous_15)
FN:174,(anonymous_16)
FN:200,(anonymous_17)
FN:219,(anonymous_18)
FN:220,(anonymous_19)
FN:221,(anonymous_20)
FN:221,(anonymous_21)
FN:231,(anonymous_22)
FN:234,(anonymous_23)
FN:256,(anonymous_24)
FN:257,(anonymous_25)
FN:259,(anonymous_26)
FN:272,(anonymous_27)
FN:281,(anonymous_28)
FN:282,(anonymous_29)
FN:282,(anonymous_30)
FN:287,(anonymous_31)
FN:288,(anonymous_32)
FN:288,(anonymous_33)
FN:291,(anonymous_34)
FN:292,(anonymous_35)
FN:292,(anonymous_36)
FN:295,(anonymous_37)
FN:299,(anonymous_38)
FN:331,(anonymous_39)
FN:364,(anonymous_40)
FN:369,(anonymous_41)
FN:371,(anonymous_42)
FN:373,(anonymous_43)
FN:373,(anonymous_44)
FN:388,(anonymous_45)
FN:388,(anonymous_46)
FN:401,(anonymous_47)
FN:401,(anonymous_48)
FN:405,(anonymous_49)
FN:417,(anonymous_50)
FN:460,(anonymous_51)
FN:468,(anonymous_52)
FNF:53
FNH:0
FNDA:0,(anonymous_0)
FNDA:0,(anonymous_1)
FNDA:0,(anonymous_2)
FNDA:0,(anonymous_3)
FNDA:0,(anonymous_4)
FNDA:0,(anonymous_5)
FNDA:0,(anonymous_6)
FNDA:0,(anonymous_7)
FNDA:0,(anonymous_8)
FNDA:0,(anonymous_9)
FNDA:0,(anonymous_10)
FNDA:0,(anonymous_11)
FNDA:0,(anonymous_12)
FNDA:0,(anonymous_13)
FNDA:0,(anonymous_14)
FNDA:0,(anonymous_15)
FNDA:0,(anonymous_16)
FNDA:0,(anonymous_17)
FNDA:0,(anonymous_18)
FNDA:0,(anonymous_19)
FNDA:0,(anonymous_20)
FNDA:0,(anonymous_21)
FNDA:0,(anonymous_22)
FNDA:0,(anonymous_23)
FNDA:0,(anonymous_24)
FNDA:0,(anonymous_25)
FNDA:0,(anonymous_26)
FNDA:0,(anonymous_27)
FNDA:0,(anonymous_28)
FNDA:0,(anonymous_29)
FNDA:0,(anonymous_30)
FNDA:0,(anonymous_31)
FNDA:0,(anonymous_32)
FNDA:0,(anonymous_33)
FNDA:0,(anonymous_34)
FNDA:0,(anonymous_35)
FNDA:0,(anonymous_36)
FNDA:0,(anonymous_37)
FNDA:0,(anonymous_38)
FNDA:0,(anonymous_39)
FNDA:0,(anonymous_40)
FNDA:0,(anonymous_41)
FNDA:0,(anonymous_42)
FNDA:0,(anonymous_43)
FNDA:0,(anonymous_44)
FNDA:0,(anonymous_45)
FNDA:0,(anonymous_46)
FNDA:0,(anonymous_47)
FNDA:0,(anonymous_48)
FNDA:0,(anonymous_49)
FNDA:0,(anonymous_50)
FNDA:0,(anonymous_51)
FNDA:0,(anonymous_52)
DA:34,0
DA:38,0
DA:39,0
DA:40,0
DA:46,0
DA:48,0
DA:49,0
DA:51,0
DA:64,0
DA:65,0
DA:66,0
DA:67,0
DA:72,0
DA:73,0
DA:81,0
DA:82,0
DA:90,0
DA:91,0
DA:99,0
DA:100,0
DA:108,0
DA:109,0
DA:118,0
DA:119,0
DA:127,0
DA:128,0
DA:136,0
DA:137,0
DA:138,0
DA:146,0
DA:147,0
DA:156,0
DA:157,0
DA:165,0
DA:166,0
DA:174,0
DA:175,0
DA:184,0
DA:185,0
DA:186,0
DA:187,0
DA:188,0
DA:190,0
DA:191,0
DA:192,0
DA:193,0
DA:195,0
DA:196,0
DA:197,0
DA:200,0
DA:201,0
DA:202,0
DA:203,0
DA:204,0
DA:205,0
DA:207,0
DA:208,0
DA:209,0
DA:210,0
DA:212,0
DA:213,0
DA:214,0
DA:219,0
DA:220,0
DA:221,0
DA:222,0
DA:224,0
DA:225,0
DA:227,0
DA:231,0
DA:234,0
DA:236,0
DA:237,0
DA:241,0
DA:242,0
DA:244,0
DA:245,0
DA:249,0
DA:250,0
DA:253,0
DA:256,0
DA:257,0
DA:259,0
DA:260,0
DA:262,0
DA:264,0
DA:266,0
DA:268,0
DA:272,0
DA:273,0
DA:274,0
DA:275,0
DA:276,0
DA:277,0
DA:281,0
DA:282,0
DA:283,0
DA:287,0
DA:288,0
DA:291,0
DA:292,0
DA:295,0
DA:296,0
DA:299,0
DA:300,0
DA:301,0
DA:302,0
DA:304,0
DA:305,0
DA:306,0
DA:307,0
DA:310,0
DA:331,0
DA:365,0
DA:370,0
DA:371,0
DA:373,0
DA:388,0
DA:401,0
DA:406,0
DA:418,0
DA:460,0
DA:468,0
LF:123
LH:0
BRDA:36,0,0,0
BRDA:49,1,0,0
BRDA:49,1,1,0
BRDA:76,2,0,0
BRDA:76,2,1,0
BRDA:137,3,0,0
BRDA:137,3,1,0
BRDA:158,4,0,0
BRDA:158,4,1,0
BRDA:159,5,0,0
BRDA:159,5,1,0
BRDA:222,6,0,0
BRDA:222,6,1,0
BRDA:222,7,0,0
BRDA:222,7,1,0
BRDA:225,8,0,0
BRDA:225,8,1,0
BRDA:225,9,0,0
BRDA:225,9,1,0
BRDA:236,10,0,0
BRDA:236,10,1,0
BRDA:236,11,0,0
BRDA:236,11,1,0
BRDA:241,12,0,0
BRDA:241,12,1,0
BRDA:241,13,0,0
BRDA:241,13,1,0
BRDA:244,14,0,0
BRDA:244,14,1,0
BRDA:244,15,0,0
BRDA:244,15,1,0
BRDA:249,16,0,0
BRDA:249,16,1,0
BRDA:249,17,0,0
BRDA:249,17,1,0
BRDA:257,18,0,0
BRDA:257,18,1,0
BRDA:260,19,0,0
BRDA:260,19,1,0
BRDA:260,19,2,0
BRDA:260,19,3,0
BRDA:273,20,0,0
BRDA:273,20,1,0
BRDA:273,20,2,0
BRDA:273,20,3,0
BRDA:283,21,0,0
BRDA:283,21,1,0
BRDA:304,22,0,0
BRDA:304,22,1,0
BRDA:305,23,0,0
BRDA:305,23,1,0
BRDA:306,24,0,0
BRDA:306,24,1,0
BRDA:317,25,0,0
BRDA:317,25,1,0
BRDA:322,26,0,0
BRDA:322,26,1,0
BRDA:338,27,0,0
BRDA:338,27,1,0
BRDA:358,28,0,0
BRDA:358,28,1,0
BRDA:370,29,0,0
BRDA:370,29,1,0
BRDA:416,30,0,0
BRDA:416,30,1,0
BRDA:421,31,0,0
BRDA:421,31,1,0
BRDA:430,32,0,0
BRDA:430,32,1,0
BRDA:435,33,0,0
BRDA:435,33,1,0
BRDA:447,34,0,0
BRDA:447,34,1,0
BRDA:450,35,0,0
BRDA:450,35,1,0
BRDA:458,36,0,0
BRDA:458,36,1,0
BRDA:483,37,0,0
BRDA:483,37,1,0
BRDA:492,38,0,0
BRDA:492,38,1,0
BRDA:492,38,2,0
BRF:82
BRH:0
end_of_record
TN:
SF:src/legacy/archived-20251014/autonomous-investigation/components/CreateInvestigation.tsx
FN:82,(anonymous_0)
FN:106,(anonymous_1)
FN:107,(anonymous_2)
FN:108,(anonymous_3)
FN:113,(anonymous_4)
FN:117,(anonymous_5)
FN:137,(anonymous_6)
FN:142,(anonymous_7)
FN:151,(anonymous_8)
FN:152,(anonymous_9)
FN:154,(anonymous_10)
FN:158,(anonymous_11)
FN:176,(anonymous_12)
FN:199,(anonymous_13)
FN:238,(anonymous_14)
FN:280,(anonymous_15)
FN:280,(anonymous_16)
FN:292,(anonymous_17)
FN:292,(anonymous_18)
FN:305,(anonymous_19)
FN:305,(anonymous_20)
FN:320,(anonymous_21)
FN:327,(anonymous_22)
FN:338,(anonymous_23)
FN:355,(anonymous_24)
FN:356,(anonymous_25)
FN:367,(anonymous_26)
FN:409,(anonymous_27)
FN:409,(anonymous_28)
FN:433,(anonymous_29)
FN:433,(anonymous_30)
FN:450,(anonymous_31)
FN:450,(anonymous_32)
FN:463,(anonymous_33)
FN:463,(anonymous_34)
FN:484,(anonymous_35)
FN:484,(anonymous_36)
FN:500,(anonymous_37)
FN:500,(anonymous_38)
FN:516,(anonymous_39)
FN:516,(anonymous_40)
FN:551,(anonymous_41)
FN:552,(anonymous_42)
FN:595,(anonymous_43)
FN:595,(anonymous_44)
FN:613,(anonymous_45)
FN:613,(anonymous_46)
FNF:47
FNH:0
FNDA:0,(anonymous_0)
FNDA:0,(anonymous_1)
FNDA:0,(anonymous_2)
FNDA:0,(anonymous_3)
FNDA:0,(anonymous_4)
FNDA:0,(anonymous_5)
FNDA:0,(anonymous_6)
FNDA:0,(anonymous_7)
FNDA:0,(anonymous_8)
FNDA:0,(anonymous_9)
FNDA:0,(anonymous_10)
FNDA:0,(anonymous_11)
FNDA:0,(anonymous_12)
FNDA:0,(anonymous_13)
FNDA:0,(anonymous_14)
FNDA:0,(anonymous_15)
FNDA:0,(anonymous_16)
FNDA:0,(anonymous_17)
FNDA:0,(anonymous_18)
FNDA:0,(anonymous_19)
FNDA:0,(anonymous_20)
FNDA:0,(anonymous_21)
FNDA:0,(anonymous_22)
FNDA:0,(anonymous_23)
FNDA:0,(anonymous_24)
FNDA:0,(anonymous_25)
FNDA:0,(anonymous_26)
FNDA:0,(anonymous_27)
FNDA:0,(anonymous_28)
FNDA:0,(anonymous_29)
FNDA:0,(anonymous_30)
FNDA:0,(anonymous_31)
FNDA:0,(anonymous_32)
FNDA:0,(anonymous_33)
FNDA:0,(anonymous_34)
FNDA:0,(anonymous_35)
FNDA:0,(anonymous_36)
FNDA:0,(anonymous_37)
FNDA:0,(anonymous_38)
FNDA:0,(anonymous_39)
FNDA:0,(anonymous_40)
FNDA:0,(anonymous_41)
FNDA:0,(anonymous_42)
FNDA:0,(anonymous_43)
FNDA:0,(anonymous_44)
FNDA:0,(anonymous_45)
FNDA:0,(anonymous_46)
DA:37,0
DA:82,0
DA:86,0
DA:102,0
DA:103,0
DA:104,0
DA:106,0
DA:107,0
DA:108,0
DA:109,0
DA:111,0
DA:113,0
DA:117,0
DA:118,0
DA:119,0
DA:131,0
DA:137,0
DA:138,0
DA:139,0
DA:140,0
DA:141,0
DA:142,0
DA:147,0
DA:151,0
DA:152,0
DA:154,0
DA:158,0
DA:159,0
DA:160,0
DA:161,0
DA:164,0
DA:165,0
DA:166,0
DA:169,0
DA:171,0
DA:172,0
DA:176,0
DA:190,0
DA:192,0
DA:193,0
DA:195,0
DA:199,0
DA:200,0
DA:202,0
DA:204,0
DA:206,0
DA:208,0
DA:212,0
DA:239,0
DA:280,0
DA:292,0
DA:305,0
DA:321,0
DA:327,0
DA:338,0
DA:356,0
DA:357,0
DA:367,0
DA:409,0
DA:433,0
DA:450,0
DA:463,0
DA:484,0
DA:500,0
DA:516,0
DA:552,0
DA:553,0
DA:595,0
DA:613,0
LF:69
LH:0
BRDA:109,0,0,0
BRDA:109,0,1,0
BRDA:118,1,0,0
BRDA:118,1,1,0
BRDA:138,2,0,0
BRDA:138,2,1,0
BRDA:138,3,0,0
BRDA:138,3,1,0
BRDA:141,4,0,0
BRDA:141,4,1,0
BRDA:159,5,0,0
BRDA:159,5,1,0
BRDA:164,6,0,0
BRDA:164,6,1,0
BRDA:200,7,0,0
BRDA:200,7,1,0
BRDA:200,7,2,0
BRDA:200,7,3,0
BRDA:243,8,0,0
BRDA:243,8,1,0
BRDA:249,9,0,0
BRDA:249,9,1,0
BRDA:256,10,0,0
BRDA:256,10,1,0
BRDA:269,11,0,0
BRDA:269,11,1,0
BRDA:347,12,0,0
BRDA:347,12,1,0
BRDA:362,13,0,0
BRDA:362,13,1,0
BRDA:379,14,0,0
BRDA:379,14,1,0
BRDA:381,15,0,0
BRDA:381,15,1,0
BRDA:395,16,0,0
BRDA:395,16,1,0
BRDA:483,17,0,0
BRDA:483,17,1,0
BRDA:499,18,0,0
BRDA:499,18,1,0
BRDA:515,19,0,0
BRDA:515,19,1,0
BRDA:529,20,0,0
BRDA:529,20,1,0
BRDA:539,21,0,0
BRDA:539,21,1,0
BRDA:542,22,0,0
BRDA:542,22,1,0
BRDA:570,23,0,0
BRDA:570,23,1,0
BRDA:571,24,0,0
BRDA:571,24,1,0
BRDA:593,25,0,0
BRDA:593,25,1,0
BRDA:611,26,0,0
BRDA:611,26,1,0
BRDA:625,27,0,0
BRDA:625,27,1,0
BRF:58
BRH:0
end_of_record
TN:
SF:src/legacy/archived-20251014/autonomous-investigation/components/ExportHistory.tsx
FN:27,(anonymous_0)
FN:38,(anonymous_1)
FN:51,(anonymous_2)
FN:66,(anonymous_3)
FN:75,(anonymous_4)
FN:88,(anonymous_5)
FN:101,(anonymous_6)
FN:106,(anonymous_7)
FN:116,(anonymous_8)
FN:120,(anonymous_9)
FN:144,(anonymous_10)
FN:145,(anonymous_11)
FN:176,(anonymous_12)
FN:201,(anonymous_13)
FN:211,(anonymous_14)
FN:224,(anonymous_15)
FN:244,(anonymous_16)
FN:274,(anonymous_17)
FN:288,(anonymous_18)
FNF:19
FNH:0
FNDA:0,(anonymous_0)
FNDA:0,(anonymous_1)
FNDA:0,(anonymous_2)
FNDA:0,(anonymous_3)
FNDA:0,(anonymous_4)
FNDA:0,(anonymous_5)
FNDA:0,(anonymous_6)
FNDA:0,(anonymous_7)
FNDA:0,(anonymous_8)
FNDA:0,(anonymous_9)
FNDA:0,(anonymous_10)
FNDA:0,(anonymous_11)
FNDA:0,(anonymous_12)
FNDA:0,(anonymous_13)
FNDA:0,(anonymous_14)
FNDA:0,(anonymous_15)
FNDA:0,(anonymous_16)
FNDA:0,(anonymous_17)
FNDA:0,(anonymous_18)
DA:27,0
DA:33,0
DA:34,0
DA:35,0
DA:36,0
DA:38,0
DA:39,0
DA:41,0
DA:43,0
DA:45,0
DA:47,0
DA:51,0
DA:52,0
DA:54,0
DA:56,0
DA:58,0
DA:60,0
DA:62,0
DA:66,0
DA:67,0
DA:68,0
DA:75,0
DA:76,0
DA:77,0
DA:78,0
DA:79,0
DA:80,0
DA:82,0
DA:83,0
DA:84,0
DA:85,0
DA:88,0
DA:89,0
DA:91,0
DA:93,0
DA:95,0
DA:97,0
DA:101,0
DA:102,0
DA:105,0
DA:106,0
DA:107,0
DA:115,0
DA:116,0
DA:120,0
DA:121,0
DA:123,0
DA:125,0
DA:126,0
DA:128,0
DA:129,0
DA:131,0
DA:132,0
DA:134,0
DA:135,0
DA:138,0
DA:141,0
DA:144,0
DA:145,0
DA:146,0
DA:147,0
DA:152,0
DA:177,0
DA:201,0
DA:211,0
DA:225,0
DA:226,0
DA:227,0
DA:245,0
DA:246,0
DA:274,0
DA:288,0
LF:72
LH:0
BRDA:39,0,0,0
BRDA:39,0,1,0
BRDA:39,0,2,0
BRDA:39,0,3,0
BRDA:52,1,0,0
BRDA:52,1,1,0
BRDA:52,1,2,0
BRDA:52,1,3,0
BRDA:52,1,4,0
BRDA:82,2,0,0
BRDA:82,2,1,0
BRDA:83,3,0,0
BRDA:83,3,1,0
BRDA:84,4,0,0
BRDA:84,4,1,0
BRDA:89,5,0,0
BRDA:89,5,1,0
BRDA:89,5,2,0
BRDA:89,5,3,0
BRDA:105,6,0,0
BRDA:105,6,1,0
BRDA:107,7,0,0
BRDA:107,7,1,0
BRDA:107,7,2,0
BRDA:107,7,3,0
BRDA:115,8,0,0
BRDA:115,8,1,0
BRDA:123,9,0,0
BRDA:123,9,1,0
BRDA:123,9,2,0
BRDA:123,9,3,0
BRDA:138,10,0,0
BRDA:138,10,1,0
BRDA:146,11,0,0
BRDA:146,11,1,0
BRDA:180,12,0,0
BRDA:180,12,1,0
BRDA:181,13,0,0
BRDA:181,13,1,0
BRDA:182,14,0,0
BRDA:182,14,1,0
BRDA:243,15,0,0
BRDA:243,15,1,0
BRDA:272,16,0,0
BRDA:272,16,1,0
BRDA:272,16,2,0
BRDA:281,17,0,0
BRDA:281,17,1,0
BRDA:296,18,0,0
BRDA:296,18,1,0
BRDA:302,19,0,0
BRDA:302,19,1,0
BRDA:315,20,0,0
BRDA:315,20,1,0
BRDA:315,21,0,0
BRDA:315,21,1,0
BRF:56
BRH:0
end_of_record
TN:
SF:src/legacy/archived-20251014/autonomous-investigation/components/ExportReporting.tsx
FN:109,(anonymous_0)
FN:153,(anonymous_1)
FN:163,(anonymous_2)
FN:165,(anonymous_3)
FN:175,(anonymous_4)
FN:176,(anonymous_5)
FN:185,(anonymous_6)
FN:198,(anonymous_7)
FN:210,(anonymous_8)
FN:216,(anonymous_9)
FN:269,(anonymous_10)
FN:277,(anonymous_11)
FN:302,(anonymous_12)
FN:305,(anonymous_13)
FN:305,(anonymous_14)
FN:323,(anonymous_15)
FN:328,(anonymous_16)
FN:345,(anonymous_17)
FN:345,(anonymous_18)
FN:354,(anonymous_19)
FN:354,(anonymous_20)
FN:370,(anonymous_21)
FN:381,(anonymous_22)
FN:392,(anonymous_23)
FN:409,(anonymous_24)
FNF:25
FNH:0
FNDA:0,(anonymous_0)
FNDA:0,(anonymous_1)
FNDA:0,(anonymous_2)
FNDA:0,(anonymous_3)
FNDA:0,(anonymous_4)
FNDA:0,(anonymous_5)
FNDA:0,(anonymous_6)
FNDA:0,(anonymous_7)
FNDA:0,(anonymous_8)
FNDA:0,(anonymous_9)
FNDA:0,(anonymous_10)
FNDA:0,(anonymous_11)
FNDA:0,(anonymous_12)
FNDA:0,(anonymous_13)
FNDA:0,(anonymous_14)
FNDA:0,(anonymous_15)
FNDA:0,(anonymous_16)
FNDA:0,(anonymous_17)
FNDA:0,(anonymous_18)
FNDA:0,(anonymous_19)
FNDA:0,(anonymous_20)
FNDA:0,(anonymous_21)
FNDA:0,(anonymous_22)
FNDA:0,(anonymous_23)
FNDA:0,(anonymous_24)
DA:48,0
DA:109,0
DA:113,0
DA:114,0
DA:129,0
DA:130,0
DA:153,0
DA:154,0
DA:155,0
DA:156,0
DA:157,0
DA:158,0
DA:159,0
DA:163,0
DA:164,0
DA:165,0
DA:175,0
DA:176,0
DA:185,0
DA:186,0
DA:187,0
DA:188,0
DA:191,0
DA:198,0
DA:201,0
DA:203,0
DA:210,0
DA:212,0
DA:216,0
DA:217,0
DA:220,0
DA:221,0
DA:234,0
DA:270,0
DA:277,0
DA:303,0
DA:305,0
DA:324,0
DA:328,0
DA:345,0
DA:354,0
DA:370,0
DA:381,0
DA:392,0
DA:410,0
LF:45
LH:0
BRDA:154,0,0,0
BRDA:154,0,1,0
BRDA:154,0,2,0
BRDA:154,0,3,0
BRDA:154,0,4,0
BRDA:195,1,0,0
BRDA:195,1,1,0
BRDA:207,2,0,0
BRDA:207,2,1,0
BRDA:220,3,0,0
BRDA:220,3,1,0
BRDA:226,4,0,0
BRDA:226,4,1,0
BRDA:248,5,0,0
BRDA:248,5,1,0
BRDA:273,6,0,0
BRDA:273,6,1,0
BRDA:307,7,0,0
BRDA:307,7,1,0
BRDA:408,8,0,0
BRDA:408,8,1,0
BRDA:419,9,0,0
BRDA:419,9,1,0
BRDA:451,10,0,0
BRDA:451,10,1,0
BRF:25
BRH:0
end_of_record
TN:
SF:src/legacy/archived-20251014/autonomous-investigation/components/InvestigationDashboard.tsx
FN:29,(anonymous_0)
FN:30,(anonymous_1)
FN:102,(anonymous_2)
FN:103,(anonymous_3)
FN:122,(anonymous_4)
FN:138,(anonymous_5)
FN:152,(anonymous_6)
FN:194,(anonymous_7)
FN:201,(anonymous_8)
FN:212,(anonymous_9)
FN:219,(anonymous_10)
FN:221,(anonymous_11)
FN:225,(anonymous_12)
FN:226,(anonymous_13)
FN:312,(anonymous_14)
FN:321,(anonymous_15)
FNF:16
FNH:0
FNDA:0,(anonymous_0)
FNDA:0,(anonymous_1)
FNDA:0,(anonymous_2)
FNDA:0,(anonymous_3)
FNDA:0,(anonymous_4)
FNDA:0,(anonymous_5)
FNDA:0,(anonymous_6)
FNDA:0,(anonymous_7)
FNDA:0,(anonymous_8)
FNDA:0,(anonymous_9)
FNDA:0,(anonymous_10)
FNDA:0,(anonymous_11)
FNDA:0,(anonymous_12)
FNDA:0,(anonymous_13)
FNDA:0,(anonymous_14)
FNDA:0,(anonymous_15)
DA:29,0
DA:30,0
DA:31,0
DA:33,0
DA:42,0
DA:51,0
DA:60,0
DA:69,0
DA:80,0
DA:81,0
DA:83,0
DA:102,0
DA:103,0
DA:104,0
DA:114,0
DA:115,0
DA:122,0
DA:123,0
DA:130,0
DA:131,0
DA:138,0
DA:139,0
DA:140,0
DA:141,0
DA:143,0
DA:144,0
DA:145,0
DA:146,0
DA:149,0
DA:152,0
DA:194,0
DA:201,0
DA:202,0
DA:212,0
DA:213,0
DA:216,0
DA:219,0
DA:220,0
DA:221,0
DA:225,0
DA:226,0
DA:229,0
DA:230,0
DA:231,0
DA:233,0
DA:312,0
DA:322,0
LF:47
LH:0
BRDA:31,0,0,0
BRDA:31,0,1,0
BRDA:31,0,2,0
BRDA:31,0,3,0
BRDA:31,0,4,0
BRDA:81,1,0,0
BRDA:81,1,1,0
BRDA:130,2,0,0
BRDA:130,2,1,0
BRDA:143,3,0,0
BRDA:143,3,1,0
BRDA:144,4,0,0
BRDA:144,4,1,0
BRDA:145,5,0,0
BRDA:145,5,1,0
BRDA:169,6,0,0
BRDA:169,6,1,0
BRDA:176,7,0,0
BRDA:176,7,1,0
BRDA:176,7,2,0
BRDA:213,8,0,0
BRDA:213,8,1,0
BRDA:226,9,0,0
BRDA:226,9,1,0
BRDA:247,10,0,0
BRDA:247,10,1,0
BRDA:260,11,0,0
BRDA:260,11,1,0
BRDA:289,12,0,0
BRDA:289,12,1,0
BRDA:319,13,0,0
BRDA:319,13,1,0
BRF:32
BRH:0
end_of_record
TN:
SF:src/legacy/archived-20251014/autonomous-investigation/components/InvestigationDetails.tsx
FN:36,(anonymous_0)
FN:52,(anonymous_1)
FN:74,(anonymous_2)
FN:85,(anonymous_3)
FN:102,(anonymous_4)
FN:119,(anonymous_5)
FN:123,(anonymous_6)
FN:164,(anonymous_7)
FN:164,(anonymous_8)
FN:174,(anonymous_9)
FN:174,(anonymous_10)
FN:184,(anonymous_11)
FN:184,(anonymous_12)
FN:194,(anonymous_13)
FN:194,(anonymous_14)
FN:204,(anonymous_15)
FN:204,(anonymous_16)
FN:258,(anonymous_17)
FN:263,(anonymous_18)
FN:349,(anonymous_19)
FN:388,(anonymous_20)
FN:416,(anonymous_21)
FNF:22
FNH:0
FNDA:0,(anonymous_0)
FNDA:0,(anonymous_1)
FNDA:0,(anonymous_2)
FNDA:0,(anonymous_3)
FNDA:0,(anonymous_4)
FNDA:0,(anonymous_5)
FNDA:0,(anonymous_6)
FNDA:0,(anonymous_7)
FNDA:0,(anonymous_8)
FNDA:0,(anonymous_9)
FNDA:0,(anonymous_10)
FNDA:0,(anonymous_11)
FNDA:0,(anonymous_12)
FNDA:0,(anonymous_13)
FNDA:0,(anonymous_14)
FNDA:0,(anonymous_15)
FNDA:0,(anonymous_16)
FNDA:0,(anonymous_17)
FNDA:0,(anonymous_18)
FNDA:0,(anonymous_19)
FNDA:0,(anonymous_20)
FNDA:0,(anonymous_21)
DA:36,0
DA:45,0
DA:46,0
DA:47,0
DA:49,0
DA:50,0
DA:52,0
DA:53,0
DA:55,0
DA:56,0
DA:74,0
DA:75,0
DA:76,0
DA:77,0
DA:79,0
DA:81,0
DA:85,0
DA:86,0
DA:88,0
DA:90,0
DA:92,0
DA:94,0
DA:96,0
DA:98,0
DA:102,0
DA:103,0
DA:104,0
DA:105,0
DA:106,0
DA:107,0
DA:108,0
DA:109,0
DA:113,0
DA:114,0
DA:115,0
DA:116,0
DA:117,0
DA:119,0
DA:120,0
DA:123,0
DA:124,0
DA:125,0
DA:126,0
DA:128,0
DA:129,0
DA:130,0
DA:131,0
DA:134,0
DA:164,0
DA:174,0
DA:184,0
DA:194,0
DA:204,0
DA:259,0
DA:260,0
DA:263,0
DA:350,0
DA:389,0
DA:416,0
LF:59
LH:0
BRDA:53,0,0,0
BRDA:53,0,1,0
BRDA:55,1,0,0
BRDA:55,1,1,0
BRDA:86,2,0,0
BRDA:86,2,1,0
BRDA:86,2,2,0
BRDA:86,2,3,0
BRDA:86,2,4,0
BRDA:86,2,5,0
BRDA:103,3,0,0
BRDA:103,3,1,0
BRDA:103,3,2,0
BRDA:103,3,3,0
BRDA:103,3,4,0
BRDA:103,3,5,0
BRDA:113,4,0,0
BRDA:113,4,1,0
BRDA:116,5,0,0
BRDA:116,5,1,0
BRDA:125,6,0,0
BRDA:125,6,1,0
BRDA:128,7,0,0
BRDA:128,7,1,0
BRDA:162,8,0,0
BRDA:162,8,1,0
BRDA:172,9,0,0
BRDA:172,9,1,0
BRDA:182,10,0,0
BRDA:182,10,1,0
BRDA:192,11,0,0
BRDA:192,11,1,0
BRDA:202,12,0,0
BRDA:202,12,1,0
BRDA:216,13,0,0
BRDA:216,13,1,0
BRDA:265,14,0,0
BRDA:265,14,1,0
BRDA:280,15,0,0
BRDA:280,15,1,0
BRDA:301,16,0,0
BRDA:301,16,1,0
BRDA:318,17,0,0
BRDA:318,17,1,0
BRDA:324,18,0,0
BRDA:324,18,1,0
BRDA:330,19,0,0
BRDA:330,19,1,0
BRDA:338,20,0,0
BRDA:338,20,1,0
BRDA:342,21,0,0
BRDA:342,21,1,0
BRDA:368,22,0,0
BRDA:368,22,1,0
BRDA:380,23,0,0
BRDA:380,23,1,0
BRDA:386,24,0,0
BRDA:386,24,1,0
BRDA:409,25,0,0
BRDA:409,25,1,0
BRDA:413,26,0,0
BRDA:413,26,1,0
BRDA:421,27,0,0
BRDA:421,27,1,0
BRF:64
BRH:0
end_of_record
TN:
SF:src/legacy/archived-20251014/autonomous-investigation/components/InvestigationList.tsx
FN:35,(anonymous_0)
FN:53,(anonymous_1)
FN:54,(anonymous_2)
FN:100,(anonymous_3)
FN:135,(anonymous_4)
FN:152,(anonymous_5)
FN:163,(anonymous_6)
FN:172,(anonymous_7)
FN:223,(anonymous_8)
FN:223,(anonymous_9)
FN:231,(anonymous_10)
FN:240,(anonymous_11)
FN:263,(anonymous_12)
FN:268,(anonymous_13)
FN:270,(anonymous_14)
FN:272,(anonymous_15)
FN:272,(anonymous_16)
FN:286,(anonymous_17)
FN:291,(anonymous_18)
FN:293,(anonymous_19)
FN:295,(anonymous_20)
FN:295,(anonymous_21)
FN:310,(anonymous_22)
FN:310,(anonymous_23)
FN:333,(anonymous_24)
FN:348,(anonymous_25)
FN:390,(anonymous_26)
FN:399,(anonymous_27)
FNF:28
FNH:0
FNDA:0,(anonymous_0)
FNDA:0,(anonymous_1)
FNDA:0,(anonymous_2)
FNDA:0,(anonymous_3)
FNDA:0,(anonymous_4)
FNDA:0,(anonymous_5)
FNDA:0,(anonymous_6)
FNDA:0,(anonymous_7)
FNDA:0,(anonymous_8)
FNDA:0,(anonymous_9)
FNDA:0,(anonymous_10)
FNDA:0,(anonymous_11)
FNDA:0,(anonymous_12)
FNDA:0,(anonymous_13)
FNDA:0,(anonymous_14)
FNDA:0,(anonymous_15)
FNDA:0,(anonymous_16)
FNDA:0,(anonymous_17)
FNDA:0,(anonymous_18)
FNDA:0,(anonymous_19)
FNDA:0,(anonymous_20)
FNDA:0,(anonymous_21)
FNDA:0,(anonymous_22)
FNDA:0,(anonymous_23)
FNDA:0,(anonymous_24)
FNDA:0,(anonymous_25)
FNDA:0,(anonymous_26)
FNDA:0,(anonymous_27)
DA:35,0
DA:43,0
DA:49,0
DA:50,0
DA:51,0
DA:53,0
DA:54,0
DA:56,0
DA:57,0
DA:58,0
DA:63,0
DA:68,0
DA:69,0
DA:73,0
DA:74,0
DA:78,0
DA:79,0
DA:80,0
DA:81,0
DA:83,0
DA:85,0
DA:86,0
DA:88,0
DA:89,0
DA:91,0
DA:92,0
DA:96,0
DA:100,0
DA:103,0
DA:105,0
DA:106,0
DA:107,0
DA:109,0
DA:110,0
DA:111,0
DA:113,0
DA:114,0
DA:115,0
DA:116,0
DA:118,0
DA:119,0
DA:120,0
DA:122,0
DA:125,0
DA:126,0
DA:128,0
DA:132,0
DA:135,0
DA:136,0
DA:138,0
DA:140,0
DA:142,0
DA:144,0
DA:146,0
DA:148,0
DA:152,0
DA:153,0
DA:154,0
DA:155,0
DA:156,0
DA:157,0
DA:158,0
DA:159,0
DA:163,0
DA:164,0
DA:165,0
DA:166,0
DA:167,0
DA:168,0
DA:172,0
DA:173,0
DA:174,0
DA:175,0
DA:177,0
DA:178,0
DA:179,0
DA:180,0
DA:183,0
DA:184,0
DA:186,0
DA:223,0
DA:231,0
DA:241,0
DA:242,0
DA:243,0
DA:264,0
DA:269,0
DA:270,0
DA:272,0
DA:287,0
DA:292,0
DA:293,0
DA:295,0
DA:310,0
DA:333,0
DA:349,0
DA:390,0
DA:399,0
LF:98
LH:0
BRDA:56,0,0,0
BRDA:56,0,1,0
BRDA:58,1,0,0
BRDA:58,1,1,0
BRDA:59,2,0,0
BRDA:59,2,1,0
BRDA:59,2,2,0
BRDA:68,3,0,0
BRDA:68,3,1,0
BRDA:68,4,0,0
BRDA:68,4,1,0
BRDA:73,5,0,0
BRDA:73,5,1,0
BRDA:73,6,0,0
BRDA:73,6,1,0
BRDA:78,7,0,0
BRDA:78,7,1,0
BRDA:83,8,0,0
BRDA:83,8,1,0
BRDA:83,8,2,0
BRDA:85,9,0,0
BRDA:85,9,1,0
BRDA:88,10,0,0
BRDA:88,10,1,0
BRDA:91,11,0,0
BRDA:91,11,1,0
BRDA:103,12,0,0
BRDA:103,12,1,0
BRDA:103,12,2,0
BRDA:103,12,3,0
BRDA:103,12,4,0
BRDA:125,13,0,0
BRDA:125,13,1,0
BRDA:126,14,0,0
BRDA:126,14,1,0
BRDA:126,15,0,0
BRDA:126,15,1,0
BRDA:128,16,0,0
BRDA:128,16,1,0
BRDA:128,17,0,0
BRDA:128,17,1,0
BRDA:136,18,0,0
BRDA:136,18,1,0
BRDA:136,18,2,0
BRDA:136,18,3,0
BRDA:136,18,4,0
BRDA:136,18,5,0
BRDA:153,19,0,0
BRDA:153,19,1,0
BRDA:153,19,2,0
BRDA:153,19,3,0
BRDA:153,19,4,0
BRDA:153,19,5,0
BRDA:164,20,0,0
BRDA:164,20,1,0
BRDA:164,20,2,0
BRDA:164,20,3,0
BRDA:177,21,0,0
BRDA:177,21,1,0
BRDA:178,22,0,0
BRDA:178,22,1,0
BRDA:179,23,0,0
BRDA:179,23,1,0
BRDA:200,24,0,0
BRDA:200,24,1,0
BRDA:257,25,0,0
BRDA:257,25,1,0
BRDA:269,26,0,0
BRDA:269,26,1,0
BRDA:292,27,0,0
BRDA:292,27,1,0
BRDA:329,28,0,0
BRDA:329,28,1,0
BRDA:331,29,0,0
BRDA:331,29,1,0
BRDA:331,29,2,0
BRDA:331,29,3,0
BRDA:331,29,4,0
BRDA:342,30,0,0
BRDA:342,30,1,0
BRDA:346,31,0,0
BRDA:346,31,1,0
BRDA:366,32,0,0
BRDA:366,32,1,0
BRDA:372,33,0,0
BRDA:372,33,1,0
BRDA:372,33,2,0
BRDA:397,34,0,0
BRDA:397,34,1,0
BRDA:416,35,0,0
BRDA:416,35,1,0
BRDA:416,36,0,0
BRDA:416,36,1,0
BRDA:416,36,2,0
BRDA:416,36,3,0
BRDA:421,37,0,0
BRDA:421,37,1,0
BRDA:421,38,0,0
BRDA:421,38,1,0
BRDA:421,38,2,0
BRDA:421,38,3,0
BRF:101
BRH:0
end_of_record
TN:
SF:src/legacy/archived-20251014/autonomous-investigation/components/LiveMetricsDisplay.tsx
FN:51,(anonymous_0)
FN:61,(anonymous_1)
FN:63,(anonymous_2)
FN:66,(anonymous_3)
FN:67,(anonymous_4)
FN:71,(anonymous_5)
FN:84,(anonymous_6)
FN:101,(anonymous_7)
FN:166,(anonymous_8)
FN:176,(anonymous_9)
FN:177,(anonymous_10)
FN:192,(anonymous_11)
FN:195,(anonymous_12)
FN:198,(anonymous_13)
FN:203,(anonymous_14)
FN:206,(anonymous_15)
FN:219,(anonymous_16)
FN:226,(anonymous_17)
FN:304,(anonymous_18)
FNF:19
FNH:0
FNDA:0,(anonymous_0)
FNDA:0,(anonymous_1)
FNDA:0,(anonymous_2)
FNDA:0,(anonymous_3)
FNDA:0,(anonymous_4)
FNDA:0,(anonymous_5)
FNDA:0,(anonymous_6)
FNDA:0,(anonymous_7)
FNDA:0,(anonymous_8)
FNDA:0,(anonymous_9)
FNDA:0,(anonymous_10)
FNDA:0,(anonymous_11)
FNDA:0,(anonymous_12)
FNDA:0,(anonymous_13)
FNDA:0,(anonymous_14)
FNDA:0,(anonymous_15)
FNDA:0,(anonymous_16)
FNDA:0,(anonymous_17)
FNDA:0,(anonymous_18)
DA:51,0
DA:55,0
DA:56,0
DA:57,0
DA:59,0
DA:61,0
DA:62,0
DA:63,0
DA:64,0
DA:66,0
DA:67,0
DA:70,0
DA:72,0
DA:73,0
DA:75,0
DA:80,0
DA:81,0
DA:84,0
DA:85,0
DA:86,0
DA:87,0
DA:89,0
DA:92,0
DA:101,0
DA:102,0
DA:103,0
DA:105,0
DA:106,0
DA:108,0
DA:117,0
DA:119,0
DA:122,0
DA:123,0
DA:124,0
DA:125,0
DA:127,0
DA:166,0
DA:176,0
DA:177,0
DA:178,0
DA:179,0
DA:180,0
DA:181,0
DA:182,0
DA:184,0
DA:185,0
DA:189,0
DA:190,0
DA:192,0
DA:195,0
DA:196,0
DA:198,0
DA:199,0
DA:202,0
DA:203,0
DA:206,0
DA:207,0
DA:209,0
DA:211,0
DA:213,0
DA:219,0
DA:220,0
DA:222,0
DA:223,0
DA:226,0
DA:227,0
DA:229,0
DA:231,0
DA:233,0
DA:235,0
DA:239,0
DA:240,0
DA:248,0
DA:305,0
LF:74
LH:0
BRDA:53,0,0,0
BRDA:64,1,0,0
BRDA:64,1,1,0
BRDA:70,2,0,0
BRDA:70,2,1,0
BRDA:72,3,0,0
BRDA:72,3,1,0
BRDA:72,4,0,0
BRDA:72,4,1,0
BRDA:81,5,0,0
BRDA:81,5,1,0
BRDA:85,6,0,0
BRDA:85,6,1,0
BRDA:92,7,0,0
BRDA:92,7,1,0
BRDA:105,8,0,0
BRDA:105,8,1,0
BRDA:106,9,0,0
BRDA:106,9,1,0
BRDA:117,10,0,0
BRDA:117,10,1,0
BRDA:119,11,0,0
BRDA:119,11,1,0
BRDA:120,12,0,0
BRDA:120,12,1,0
BRDA:123,13,0,0
BRDA:123,13,1,0
BRDA:124,14,0,0
BRDA:124,14,1,0
BRDA:125,15,0,0
BRDA:125,15,1,0
BRDA:130,16,0,0
BRDA:130,16,1,0
BRDA:131,17,0,0
BRDA:131,17,1,0
BRDA:135,18,0,0
BRDA:135,18,1,0
BRDA:136,19,0,0
BRDA:136,19,1,0
BRDA:139,20,0,0
BRDA:139,20,1,0
BRDA:140,21,0,0
BRDA:140,21,1,0
BRDA:141,22,0,0
BRDA:141,22,1,0
BRDA:145,23,0,0
BRDA:145,23,1,0
BRDA:146,24,0,0
BRDA:146,24,1,0
BRDA:150,25,0,0
BRDA:150,25,1,0
BRDA:151,26,0,0
BRDA:151,26,1,0
BRDA:155,27,0,0
BRDA:155,27,1,0
BRDA:156,28,0,0
BRDA:156,28,1,0
BRDA:196,29,0,0
BRDA:196,29,1,0
BRDA:207,30,0,0
BRDA:207,30,1,0
BRDA:207,30,2,0
BRDA:219,31,0,0
BRDA:220,32,0,0
BRDA:220,32,1,0
BRDA:222,33,0,0
BRDA:222,33,1,0
BRDA:223,34,0,0
BRDA:223,34,1,0
BRDA:227,35,0,0
BRDA:227,35,1,0
BRDA:227,35,2,0
BRDA:227,35,3,0
BRDA:239,36,0,0
BRDA:239,36,1,0
BRDA:255,37,0,0
BRDA:255,37,1,0
BRDA:257,38,0,0
BRDA:257,38,1,0
BRDA:271,39,0,0
BRDA:271,39,1,0
BRDA:272,40,0,0
BRDA:272,40,1,0
BRDA:273,41,0,0
BRDA:273,41,1,0
BRDA:275,42,0,0
BRDA:275,42,1,0
BRDA:276,43,0,0
BRDA:276,43,1,0
BRDA:292,44,0,0
BRDA:292,44,1,0
BRDA:293,45,0,0
BRDA:293,45,1,0
BRDA:302,46,0,0
BRDA:302,46,1,0
BRDA:333,47,0,0
BRDA:333,47,1,0
BRDA:353,48,0,0
BRDA:353,48,1,0
BRDA:373,49,0,0
BRDA:373,49,1,0
BRDA:393,50,0,0
BRDA:393,50,1,0
BRDA:413,51,0,0
BRDA:413,51,1,0
BRF:105
BRH:0
end_of_record
TN:
SF:src/legacy/archived-20251014/autonomous-investigation/components/ProgressMonitor.tsx
FN:50,(anonymous_0)
FN:63,(anonymous_1)
FN:67,(anonymous_2)
FN:70,(anonymous_3)
FN:73,(anonymous_4)
FN:80,(anonymous_5)
FN:87,(anonymous_6)
FN:100,(anonymous_7)
FN:109,(anonymous_8)
FN:111,(anonymous_9)
FN:135,(anonymous_10)
FN:136,(anonymous_11)
FN:137,(anonymous_12)
FN:138,(anonymous_13)
FN:158,(anonymous_14)
FN:159,(anonymous_15)
FN:171,(anonymous_16)
FN:186,(anonymous_17)
FN:196,(anonymous_18)
FN:206,(anonymous_19)
FN:241,(anonymous_20)
FN:339,(anonymous_21)
FN:479,(anonymous_22)
FNF:23
FNH:0
FNDA:0,(anonymous_0)
FNDA:0,(anonymous_1)
FNDA:0,(anonymous_2)
FNDA:0,(anonymous_3)
FNDA:0,(anonymous_4)
FNDA:0,(anonymous_5)
FNDA:0,(anonymous_6)
FNDA:0,(anonymous_7)
FNDA:0,(anonymous_8)
FNDA:0,(anonymous_9)
FNDA:0,(anonymous_10)
FNDA:0,(anonymous_11)
FNDA:0,(anonymous_12)
FNDA:0,(anonymous_13)
FNDA:0,(anonymous_14)
FNDA:0,(anonymous_15)
FNDA:0,(anonymous_16)
FNDA:0,(anonymous_17)
FNDA:0,(anonymous_18)
FNDA:0,(anonymous_19)
FNDA:0,(anonymous_20)
FNDA:0,(anonymous_21)
FNDA:0,(anonymous_22)
DA:50,0
DA:54,0
DA:55,0
DA:56,0
DA:57,0
DA:58,0
DA:60,0
DA:61,0
DA:63,0
DA:64,0
DA:65,0
DA:67,0
DA:70,0
DA:71,0
DA:73,0
DA:74,0
DA:75,0
DA:76,0
DA:80,0
DA:81,0
DA:82,0
DA:83,0
DA:87,0
DA:88,0
DA:89,0
DA:90,0
DA:94,0
DA:95,0
DA:96,0
DA:97,0
DA:98,0
DA:100,0
DA:101,0
DA:102,0
DA:103,0
DA:104,0
DA:105,0
DA:109,0
DA:111,0
DA:112,0
DA:114,0
DA:131,0
DA:134,0
DA:135,0
DA:136,0
DA:137,0
DA:138,0
DA:142,0
DA:143,0
DA:144,0
DA:145,0
DA:146,0
DA:149,0
DA:158,0
DA:159,0
DA:164,0
DA:167,0
DA:168,0
DA:171,0
DA:172,0
DA:174,0
DA:176,0
DA:178,0
DA:180,0
DA:182,0
DA:186,0
DA:187,0
DA:188,0
DA:189,0
DA:190,0
DA:191,0
DA:192,0
DA:196,0
DA:197,0
DA:198,0
DA:199,0
DA:201,0
DA:202,0
DA:203,0
DA:206,0
DA:207,0
DA:208,0
DA:209,0
DA:211,0
DA:212,0
DA:213,0
DA:216,0
DA:217,0
DA:225,0
DA:241,0
DA:340,0
DA:480,0
LF:92
LH:0
BRDA:71,0,0,0
BRDA:71,0,1,0
BRDA:74,1,0,0
BRDA:74,1,1,0
BRDA:81,2,0,0
BRDA:81,2,1,0
BRDA:88,3,0,0
BRDA:88,3,1,0
BRDA:116,4,0,0
BRDA:116,4,1,0
BRDA:117,5,0,0
BRDA:117,5,1,0
BRDA:120,6,0,0
BRDA:120,6,1,0
BRDA:120,7,0,0
BRDA:120,7,1,0
BRDA:123,8,0,0
BRDA:123,8,1,0
BRDA:142,9,0,0
BRDA:142,9,1,0
BRDA:142,10,0,0
BRDA:142,10,1,0
BRDA:142,10,2,0
BRDA:158,11,0,0
BRDA:158,11,1,0
BRDA:159,12,0,0
BRDA:159,12,1,0
BRDA:172,13,0,0
BRDA:172,13,1,0
BRDA:172,13,2,0
BRDA:172,13,3,0
BRDA:172,13,4,0
BRDA:187,14,0,0
BRDA:187,14,1,0
BRDA:187,14,2,0
BRDA:187,14,3,0
BRDA:187,14,4,0
BRDA:201,15,0,0
BRDA:201,15,1,0
BRDA:202,16,0,0
BRDA:202,16,1,0
BRDA:211,17,0,0
BRDA:211,17,1,0
BRDA:212,18,0,0
BRDA:212,18,1,0
BRDA:216,19,0,0
BRDA:216,19,1,0
BRDA:232,20,0,0
BRDA:232,20,1,0
BRDA:234,21,0,0
BRDA:234,21,1,0
BRDA:243,22,0,0
BRDA:243,22,1,0
BRDA:248,23,0,0
BRDA:248,23,1,0
BRDA:250,24,0,0
BRDA:250,24,1,0
BRDA:297,25,0,0
BRDA:297,25,1,0
BRDA:317,26,0,0
BRDA:317,26,1,0
BRDA:318,27,0,0
BRDA:318,27,1,0
BRDA:321,28,0,0
BRDA:321,28,1,0
BRDA:322,29,0,0
BRDA:322,29,1,0
BRDA:351,30,0,0
BRDA:351,30,1,0
BRDA:374,31,0,0
BRDA:374,31,1,0
BRDA:379,32,0,0
BRDA:379,32,1,0
BRDA:387,33,0,0
BRDA:387,33,1,0
BRDA:392,34,0,0
BRDA:392,34,1,0
BRDA:400,35,0,0
BRDA:400,35,1,0
BRDA:403,36,0,0
BRDA:403,36,1,0
BRDA:408,37,0,0
BRDA:408,37,1,0
BRDA:411,38,0,0
BRDA:411,38,1,0
BRDA:477,39,0,0
BRDA:477,39,1,0
BRF:87
BRH:0
end_of_record
TN:
SF:src/legacy/archived-20251014/autonomous-investigation/components/ReportViewer.tsx
FN:26,(anonymous_0)
FN:42,(anonymous_1)
FN:43,(anonymous_2)
FN:46,(anonymous_3)
FN:47,(anonymous_4)
FN:50,(anonymous_5)
FN:51,(anonymous_6)
FN:54,(anonymous_7)
FN:55,(anonymous_8)
FN:58,(anonymous_9)
FN:251,(anonymous_10)
FN:258,(anonymous_11)
FN:266,(anonymous_12)
FN:320,(anonymous_13)
FNF:14
FNH:0
FNDA:0,(anonymous_0)
FNDA:0,(anonymous_1)
FNDA:0,(anonymous_2)
FNDA:0,(anonymous_3)
FNDA:0,(anonymous_4)
FNDA:0,(anonymous_5)
FNDA:0,(anonymous_6)
FNDA:0,(anonymous_7)
FNDA:0,(anonymous_8)
FNDA:0,(anonymous_9)
FNDA:0,(anonymous_10)
FNDA:0,(anonymous_11)
FNDA:0,(anonymous_12)
FNDA:0,(anonymous_13)
DA:26,0
DA:35,0
DA:36,0
DA:37,0
DA:38,0
DA:40,0
DA:42,0
DA:43,0
DA:46,0
DA:47,0
DA:50,0
DA:51,0
DA:54,0
DA:55,0
DA:58,0
DA:59,0
DA:61,0
DA:251,0
DA:258,0
DA:266,0
DA:295,0
DA:320,0
LF:22
LH:0
BRDA:59,0,0,0
BRDA:59,0,1,0
BRDA:262,1,0,0
BRDA:262,1,1,0
BRDA:403,2,0,0
BRDA:403,2,1,0
BRDA:403,3,0,0
BRDA:403,3,1,0
BRF:8
BRH:0
end_of_record
TN:
SF:src/legacy/archived-20251014/autonomous-investigation/components/ResultsVisualization.tsx
FN:34,(anonymous_0)
FN:41,(anonymous_1)
FN:48,(anonymous_2)
FN:54,(anonymous_3)
FN:60,(anonymous_4)
FN:66,(anonymous_5)
FN:71,(anonymous_6)
FN:84,(anonymous_7)
FN:94,(anonymous_8)
FN:104,(anonymous_9)
FN:110,(anonymous_10)
FN:114,(anonymous_11)
FN:125,(anonymous_12)
FN:189,(anonymous_13)
FN:194,(anonymous_14)
FN:262,(anonymous_15)
FN:279,(anonymous_16)
FN:303,(anonymous_17)
FN:334,(anonymous_18)
FN:356,(anonymous_19)
FN:358,(anonymous_20)
FN:404,(anonymous_21)
FN:452,(anonymous_22)
FN:500,(anonymous_23)
FN:516,(anonymous_24)
FN:549,(anonymous_25)
FNF:26
FNH:0
FNDA:0,(anonymous_0)
FNDA:0,(anonymous_1)
FNDA:0,(anonymous_2)
FNDA:0,(anonymous_3)
FNDA:0,(anonymous_4)
FNDA:0,(anonymous_5)
FNDA:0,(anonymous_6)
FNDA:0,(anonymous_7)
FNDA:0,(anonymous_8)
FNDA:0,(anonymous_9)
FNDA:0,(anonymous_10)
FNDA:0,(anonymous_11)
FNDA:0,(anonymous_12)
FNDA:0,(anonymous_13)
FNDA:0,(anonymous_14)
FNDA:0,(anonymous_15)
FNDA:0,(anonymous_16)
FNDA:0,(anonymous_17)
FNDA:0,(anonymous_18)
FNDA:0,(anonymous_19)
FNDA:0,(anonymous_20)
FNDA:0,(anonymous_21)
FNDA:0,(anonymous_22)
FNDA:0,(anonymous_23)
FNDA:0,(anonymous_24)
FNDA:0,(anonymous_25)
DA:34,0
DA:37,0
DA:38,0
DA:39,0
DA:41,0
DA:43,0
DA:48,0
DA:54,0
DA:60,0
DA:66,0
DA:71,0
DA:77,0
DA:84,0
DA:85,0
DA:86,0
DA:87,0
DA:88,0
DA:89,0
DA:90,0
DA:94,0
DA:95,0
DA:96,0
DA:97,0
DA:98,0
DA:99,0
DA:100,0
DA:104,0
DA:105,0
DA:106,0
DA:107,0
DA:110,0
DA:111,0
DA:114,0
DA:118,0
DA:119,0
DA:120,0
DA:121,0
DA:122,0
DA:123,0
DA:125,0
DA:126,0
DA:127,0
DA:128,0
DA:129,0
DA:132,0
DA:178,0
DA:190,0
DA:191,0
DA:194,0
DA:263,0
DA:280,0
DA:304,0
DA:335,0
DA:357,0
DA:358,0
DA:404,0
DA:453,0
DA:501,0
DA:517,0
DA:550,0
LF:60
LH:0
BRDA:48,0,0,0
BRDA:48,0,1,0
BRDA:54,1,0,0
BRDA:54,1,1,0
BRDA:60,2,0,0
BRDA:60,2,1,0
BRDA:66,3,0,0
BRDA:66,3,1,0
BRDA:78,4,0,0
BRDA:78,4,1,0
BRDA:85,5,0,0
BRDA:85,5,1,0
BRDA:85,5,2,0
BRDA:85,5,3,0
BRDA:85,5,4,0
BRDA:95,6,0,0
BRDA:95,6,1,0
BRDA:95,6,2,0
BRDA:95,6,3,0
BRDA:95,6,4,0
BRDA:105,7,0,0
BRDA:105,7,1,0
BRDA:106,8,0,0
BRDA:106,8,1,0
BRDA:116,9,0,0
BRDA:118,10,0,0
BRDA:118,10,1,0
BRDA:118,11,0,0
BRDA:118,11,1,0
BRDA:119,12,0,0
BRDA:119,12,1,0
BRDA:119,13,0,0
BRDA:119,13,1,0
BRDA:126,14,0,0
BRDA:126,14,1,0
BRDA:127,15,0,0
BRDA:127,15,1,0
BRDA:128,16,0,0
BRDA:128,16,1,0
BRDA:136,17,0,0
BRDA:136,17,1,0
BRDA:136,18,0,0
BRDA:136,18,1,0
BRDA:163,19,0,0
BRDA:163,19,1,0
BRDA:163,20,0,0
BRDA:163,20,1,0
BRDA:168,21,0,0
BRDA:168,21,1,0
BRDA:196,22,0,0
BRDA:196,22,1,0
BRDA:210,23,0,0
BRDA:210,23,1,0
BRDA:215,24,0,0
BRDA:215,24,1,0
BRDA:220,25,0,0
BRDA:220,25,1,0
BRDA:236,26,0,0
BRDA:236,26,1,0
BRDA:237,27,0,0
BRDA:237,27,1,0
BRDA:238,28,0,0
BRDA:238,28,1,0
BRDA:242,29,0,0
BRDA:242,29,1,0
BRDA:243,30,0,0
BRDA:243,30,1,0
BRDA:255,31,0,0
BRDA:255,31,1,0
BRDA:260,32,0,0
BRDA:260,32,1,0
BRDA:262,33,0,0
BRDA:262,33,1,0
BRDA:268,34,0,0
BRDA:268,34,1,0
BRDA:268,35,0,0
BRDA:268,35,1,0
BRDA:270,36,0,0
BRDA:270,36,1,0
BRDA:277,37,0,0
BRDA:277,37,1,0
BRDA:279,38,0,0
BRDA:279,38,1,0
BRDA:285,39,0,0
BRDA:285,39,1,0
BRDA:285,40,0,0
BRDA:285,40,1,0
BRDA:287,41,0,0
BRDA:287,41,1,0
BRDA:299,42,0,0
BRDA:299,42,1,0
BRDA:315,43,0,0
BRDA:315,43,1,0
BRDA:316,44,0,0
BRDA:316,44,1,0
BRDA:317,45,0,0
BRDA:317,45,1,0
BRDA:323,46,0,0
BRDA:323,46,1,0
BRDA:352,47,0,0
BRDA:352,47,1,0
BRDA:356,48,0,0
BRDA:356,48,1,0
BRDA:362,49,0,0
BRDA:362,49,1,0
BRDA:381,50,0,0
BRDA:381,50,1,0
BRDA:398,51,0,0
BRDA:398,51,1,0
BRDA:450,52,0,0
BRDA:450,52,1,0
BRDA:452,53,0,0
BRDA:452,53,1,0
BRDA:458,54,0,0
BRDA:458,54,1,0
BRDA:459,55,0,0
BRDA:459,55,1,0
BRDA:482,56,0,0
BRDA:482,56,1,0
BRDA:506,57,0,0
BRDA:506,57,1,0
BRDA:513,58,0,0
BRDA:513,58,1,0
BRDA:514,59,0,0
BRDA:514,59,1,0
BRDA:514,60,0,0
BRDA:514,60,1,0
BRDA:524,61,0,0
BRDA:524,61,1,0
BRDA:544,62,0,0
BRDA:544,62,1,0
BRDA:547,63,0,0
BRDA:547,63,1,0
BRDA:547,64,0,0
BRDA:547,64,1,0
BRDA:562,65,0,0
BRDA:562,65,1,0
BRF:137
BRH:0
end_of_record
TN:
SF:src/legacy/archived-20251014/autonomous-investigation/components/VisualizationCharts.tsx
FN:22,(anonymous_0)
FN:27,(anonymous_1)
FN:33,(anonymous_2)
FN:61,(anonymous_3)
FN:68,(anonymous_4)
FN:69,(anonymous_5)
FN:72,(anonymous_6)
FN:84,(anonymous_7)
FN:106,(anonymous_8)
FN:139,(anonymous_9)
FN:144,(anonymous_10)
FN:163,(anonymous_11)
FN:194,(anonymous_12)
FN:216,(anonymous_13)
FN:220,(anonymous_14)
FN:229,(anonymous_15)
FN:234,(anonymous_16)
FNF:17
FNH:0
FNDA:0,(anonymous_0)
FNDA:0,(anonymous_1)
FNDA:0,(anonymous_2)
FNDA:0,(anonymous_3)
FNDA:0,(anonymous_4)
FNDA:0,(anonymous_5)
FNDA:0,(anonymous_6)
FNDA:0,(anonymous_7)
FNDA:0,(anonymous_8)
FNDA:0,(anonymous_9)
FNDA:0,(anonymous_10)
FNDA:0,(anonymous_11)
FNDA:0,(anonymous_12)
FNDA:0,(anonymous_13)
FNDA:0,(anonymous_14)
FNDA:0,(anonymous_15)
FNDA:0,(anonymous_16)
DA:22,0
DA:27,0
DA:29,0
DA:34,0
DA:61,0
DA:66,0
DA:68,0
DA:69,0
DA:70,0
DA:72,0
DA:73,0
DA:74,0
DA:75,0
DA:78,0
DA:85,0
DA:107,0
DA:108,0
DA:109,0
DA:139,0
DA:144,0
DA:145,0
DA:146,0
DA:147,0
DA:148,0
DA:150,0
DA:152,0
DA:157,0
DA:164,0
DA:165,0
DA:166,0
DA:167,0
DA:169,0
DA:195,0
DA:216,0
DA:220,0
DA:229,0
DA:230,0
DA:231,0
DA:234,0
DA:244,0
DA:253,0
LF:41
LH:0
BRDA:25,0,0,0
BRDA:39,1,0,0
BRDA:39,1,1,0
BRDA:64,2,0,0
BRDA:66,3,0,0
BRDA:66,3,1,0
BRDA:70,4,0,0
BRDA:70,4,1,0
BRDA:172,5,0,0
BRDA:172,5,1,0
BRDA:186,6,0,0
BRDA:186,6,1,0
BRDA:198,7,0,0
BRDA:198,7,1,0
BRDA:223,8,0,0
BRDA:223,8,1,0
BRDA:224,9,0,0
BRDA:224,9,1,0
BRDA:225,10,0,0
BRDA:225,10,1,0
BRDA:230,11,0,0
BRDA:230,11,1,0
BRDA:237,12,0,0
BRDA:237,12,1,0
BRDA:238,13,0,0
BRDA:238,13,1,0
BRDA:239,14,0,0
BRDA:239,14,1,0
BRDA:240,15,0,0
BRDA:240,15,1,0
BRF:30
BRH:0
end_of_record
TN:
SF:src/legacy/archived-20251014/autonomous-investigation/components/index.ts
FNF:0
FNH:0
LF:0
LH:0
BRF:0
BRH:0
end_of_record
TN:
SF:src/legacy/archived-20251014/autonomous-investigation/components/concepts/command-center/CommandCenterView.tsx
FN:81,(anonymous_0)
FN:173,(anonymous_1)
FN:174,(anonymous_2)
FN:175,(anonymous_3)
FN:176,(anonymous_4)
FN:180,(anonymous_5)
FN:181,(anonymous_6)
FN:182,(anonymous_7)
FN:183,(anonymous_8)
FN:184,(anonymous_9)
FN:190,(anonymous_10)
FN:194,(anonymous_11)
FN:198,(anonymous_12)
FN:213,(anonymous_13)
FN:314,(anonymous_14)
FN:320,(anonymous_15)
FN:324,(anonymous_16)
FN:391,(anonymous_17)
FN:449,(anonymous_18)
FN:459,(anonymous_19)
FN:463,(anonymous_20)
FN:487,(anonymous_21)
FN:492,(anonymous_22)
FN:518,(anonymous_23)
FN:524,(anonymous_24)
FN:526,(anonymous_25)
FN:535,(anonymous_26)
FNF:27
FNH:0
FNDA:0,(anonymous_0)
FNDA:0,(anonymous_1)
FNDA:0,(anonymous_2)
FNDA:0,(anonymous_3)
FNDA:0,(anonymous_4)
FNDA:0,(anonymous_5)
FNDA:0,(anonymous_6)
FNDA:0,(anonymous_7)
FNDA:0,(anonymous_8)
FNDA:0,(anonymous_9)
FNDA:0,(anonymous_10)
FNDA:0,(anonymous_11)
FNDA:0,(anonymous_12)
FNDA:0,(anonymous_13)
FNDA:0,(anonymous_14)
FNDA:0,(anonymous_15)
FNDA:0,(anonymous_16)
FNDA:0,(anonymous_17)
FNDA:0,(anonymous_18)
FNDA:0,(anonymous_19)
FNDA:0,(anonymous_20)
FNDA:0,(anonymous_21)
FNDA:0,(anonymous_22)
FNDA:0,(anonymous_23)
FNDA:0,(anonymous_24)
FNDA:0,(anonymous_25)
FNDA:0,(anonymous_26)
DA:81,0
DA:83,0
DA:90,0
DA:93,0
DA:99,0
DA:100,0
DA:101,0
DA:107,0
DA:117,0
DA:169,0
DA:172,0
DA:173,0
DA:174,0
DA:175,0
DA:176,0
DA:180,0
DA:181,0
DA:182,0
DA:183,0
DA:184,0
DA:187,0
DA:190,0
DA:191,0
DA:194,0
DA:195,0
DA:198,0
DA:199,0
DA:201,0
DA:202,0
DA:207,0
DA:208,0
DA:213,0
DA:219,0
DA:315,0
DA:320,0
DA:324,0
DA:392,0
DA:449,0
DA:459,0
DA:460,0
DA:463,0
DA:464,0
DA:465,0
DA:468,0
DA:488,0
DA:492,0
DA:518,0
DA:524,0
DA:526,0
DA:527,0
DA:528,0
DA:529,0
DA:530,0
DA:531,0
DA:535,0
DA:536,0
DA:537,0
DA:538,0
DA:539,0
DA:540,0
DA:541,0
DA:545,0
LF:62
LH:0
BRDA:199,0,0,0
BRDA:199,0,1,0
BRDA:207,1,0,0
BRDA:207,1,1,0
BRDA:231,2,0,0
BRDA:231,2,1,0
BRDA:240,3,0,0
BRDA:240,3,1,0
BRDA:241,4,0,0
BRDA:241,4,1,0
BRDA:242,5,0,0
BRDA:242,5,1,0
BRDA:362,6,0,0
BRDA:362,6,1,0
BRDA:363,7,0,0
BRDA:363,7,1,0
BRDA:398,8,0,0
BRDA:398,8,1,0
BRDA:399,9,0,0
BRDA:399,9,1,0
BRDA:400,10,0,0
BRDA:400,10,1,0
BRDA:486,11,0,0
BRDA:486,11,1,0
BRDA:527,12,0,0
BRDA:527,12,1,0
BRDA:527,12,2,0
BRDA:527,12,3,0
BRDA:536,13,0,0
BRDA:536,13,1,0
BRDA:536,13,2,0
BRDA:536,13,3,0
BRDA:536,13,4,0
BRDA:557,14,0,0
BRDA:557,14,1,0
BRDA:575,15,0,0
BRDA:575,15,1,0
BRDA:594,16,0,0
BRDA:594,16,1,0
BRF:39
BRH:0
end_of_record
TN:
SF:src/legacy/archived-20251014/autonomous-investigation/components/concepts/evidence-trail/EvidenceTrailView.tsx
FN:83,(anonymous_0)
FN:181,(anonymous_1)
FN:182,(anonymous_2)
FN:193,(anonymous_3)
FN:205,(anonymous_4)
FN:210,(anonymous_5)
FN:211,(anonymous_6)
FN:221,(anonymous_7)
FN:256,(anonymous_8)
FN:330,(anonymous_9)
FN:341,(anonymous_10)
FN:365,(anonymous_11)
FN:372,(anonymous_12)
FN:437,(anonymous_13)
FN:439,(anonymous_14)
FN:453,(anonymous_15)
FN:456,(anonymous_16)
FN:483,(anonymous_17)
FN:501,(anonymous_18)
FN:508,(anonymous_19)
FN:520,(anonymous_20)
FN:589,(anonymous_21)
FN:645,(anonymous_22)
FN:683,(anonymous_23)
FNF:24
FNH:0
FNDA:0,(anonymous_0)
FNDA:0,(anonymous_1)
FNDA:0,(anonymous_2)
FNDA:0,(anonymous_3)
FNDA:0,(anonymous_4)
FNDA:0,(anonymous_5)
FNDA:0,(anonymous_6)
FNDA:0,(anonymous_7)
FNDA:0,(anonymous_8)
FNDA:0,(anonymous_9)
FNDA:0,(anonymous_10)
FNDA:0,(anonymous_11)
FNDA:0,(anonymous_12)
FNDA:0,(anonymous_13)
FNDA:0,(anonymous_14)
FNDA:0,(anonymous_15)
FNDA:0,(anonymous_16)
FNDA:0,(anonymous_17)
FNDA:0,(anonymous_18)
FNDA:0,(anonymous_19)
FNDA:0,(anonymous_20)
FNDA:0,(anonymous_21)
FNDA:0,(anonymous_22)
FNDA:0,(anonymous_23)
DA:83,0
DA:85,0
DA:93,0
DA:96,0
DA:102,0
DA:103,0
DA:104,0
DA:105,0
DA:106,0
DA:109,0
DA:179,0
DA:181,0
DA:182,0
DA:190,0
DA:193,0
DA:194,0
DA:198,0
DA:201,0
DA:205,0
DA:206,0
DA:210,0
DA:211,0
DA:215,0
DA:216,0
DA:221,0
DA:227,0
DA:256,0
DA:330,0
DA:341,0
DA:366,0
DA:372,0
DA:437,0
DA:439,0
DA:454,0
DA:456,0
DA:483,0
DA:501,0
DA:508,0
DA:509,0
DA:510,0
DA:511,0
DA:512,0
DA:513,0
DA:514,0
DA:515,0
DA:516,0
DA:520,0
DA:521,0
DA:522,0
DA:523,0
DA:524,0
DA:525,0
DA:526,0
DA:530,0
DA:589,0
DA:594,0
DA:646,0
DA:684,0
LF:58
LH:0
BRDA:181,0,0,0
BRDA:181,0,1,0
BRDA:194,1,0,0
BRDA:194,1,1,0
BRDA:194,1,2,0
BRDA:198,2,0,0
BRDA:198,2,1,0
BRDA:198,2,2,0
BRDA:201,3,0,0
BRDA:201,3,1,0
BRDA:215,4,0,0
BRDA:215,4,1,0
BRDA:239,5,0,0
BRDA:239,5,1,0
BRDA:240,6,0,0
BRDA:240,6,1,0
BRDA:248,7,0,0
BRDA:248,7,1,0
BRDA:266,8,0,0
BRDA:266,8,1,0
BRDA:270,9,0,0
BRDA:270,9,1,0
BRDA:286,10,0,0
BRDA:286,10,1,0
BRDA:291,11,0,0
BRDA:291,11,1,0
BRDA:291,12,0,0
BRDA:291,12,1,0
BRDA:292,13,0,0
BRDA:292,13,1,0
BRDA:305,14,0,0
BRDA:305,14,1,0
BRDA:306,15,0,0
BRDA:306,15,1,0
BRDA:335,16,0,0
BRDA:335,16,1,0
BRDA:361,17,0,0
BRDA:361,17,1,0
BRDA:386,18,0,0
BRDA:386,18,1,0
BRDA:396,19,0,0
BRDA:396,19,1,0
BRDA:397,20,0,0
BRDA:397,20,1,0
BRDA:435,21,0,0
BRDA:435,21,1,0
BRDA:458,22,0,0
BRDA:458,22,1,0
BRDA:459,23,0,0
BRDA:459,23,1,0
BRDA:460,24,0,0
BRDA:460,24,1,0
BRDA:466,25,0,0
BRDA:466,25,1,0
BRDA:481,26,0,0
BRDA:481,26,1,0
BRDA:509,27,0,0
BRDA:509,27,1,0
BRDA:509,27,2,0
BRDA:509,27,3,0
BRDA:509,27,4,0
BRDA:509,27,5,0
BRDA:509,27,6,0
BRDA:521,28,0,0
BRDA:521,28,1,0
BRDA:521,28,2,0
BRDA:521,28,3,0
BRDA:521,28,4,0
BRDA:534,29,0,0
BRDA:534,29,1,0
BRDA:543,30,0,0
BRDA:543,30,1,0
BRDA:544,31,0,0
BRDA:544,31,1,0
BRDA:545,32,0,0
BRDA:545,32,1,0
BRDA:546,33,0,0
BRDA:546,33,1,0
BRDA:547,34,0,0
BRDA:547,34,1,0
BRDA:554,35,0,0
BRDA:554,35,1,0
BRDA:571,36,0,0
BRDA:571,36,1,0
BRDA:572,37,0,0
BRDA:572,37,1,0
BRDA:619,38,0,0
BRDA:619,38,1,0
BRDA:631,39,0,0
BRDA:631,39,1,0
BRDA:651,40,0,0
BRDA:651,40,1,0
BRDA:660,41,0,0
BRDA:660,41,1,0
BRDA:670,42,0,0
BRDA:670,42,1,0
BRF:96
BRH:0
end_of_record
TN:
SF:src/legacy/archived-20251014/autonomous-investigation/components/concepts/network-explorer/NetworkExplorerView.tsx
FN:131,(anonymous_0)
FN:282,(anonymous_1)
FN:285,(anonymous_2)
FN:286,(anonymous_3)
FN:287,(anonymous_4)
FN:291,(anonymous_5)
FN:296,(anonymous_6)
FN:301,(anonymous_7)
FN:302,(anonymous_8)
FN:314,(anonymous_9)
FN:337,(anonymous_10)
FN:370,(anonymous_11)
FN:377,(anonymous_12)
FN:387,(anonymous_13)
FN:446,(anonymous_14)
FN:449,(anonymous_15)
FN:472,(anonymous_16)
FN:477,(anonymous_17)
FN:495,(anonymous_18)
FN:517,(anonymous_19)
FN:523,(anonymous_20)
FN:552,(anonymous_21)
FN:618,(anonymous_22)
FN:622,(anonymous_23)
FN:632,(anonymous_24)
FN:633,(anonymous_25)
FN:643,(anonymous_26)
FN:659,(anonymous_27)
FN:689,(anonymous_28)
FN:690,(anonymous_29)
FN:693,(anonymous_30)
FN:718,(anonymous_31)
FN:722,(anonymous_32)
FN:727,(anonymous_33)
FN:747,(anonymous_34)
FN:821,(anonymous_35)
FN:832,(anonymous_36)
FN:863,(anonymous_37)
FN:903,(anonymous_38)
FNF:39
FNH:0
FNDA:0,(anonymous_0)
FNDA:0,(anonymous_1)
FNDA:0,(anonymous_2)
FNDA:0,(anonymous_3)
FNDA:0,(anonymous_4)
FNDA:0,(anonymous_5)
FNDA:0,(anonymous_6)
FNDA:0,(anonymous_7)
FNDA:0,(anonymous_8)
FNDA:0,(anonymous_9)
FNDA:0,(anonymous_10)
FNDA:0,(anonymous_11)
FNDA:0,(anonymous_12)
FNDA:0,(anonymous_13)
FNDA:0,(anonymous_14)
FNDA:0,(anonymous_15)
FNDA:0,(anonymous_16)
FNDA:0,(anonymous_17)
FNDA:0,(anonymous_18)
FNDA:0,(anonymous_19)
FNDA:0,(anonymous_20)
FNDA:0,(anonymous_21)
FNDA:0,(anonymous_22)
FNDA:0,(anonymous_23)
FNDA:0,(anonymous_24)
FNDA:0,(anonymous_25)
FNDA:0,(anonymous_26)
FNDA:0,(anonymous_27)
FNDA:0,(anonymous_28)
FNDA:0,(anonymous_29)
FNDA:0,(anonymous_30)
FNDA:0,(anonymous_31)
FNDA:0,(anonymous_32)
FNDA:0,(anonymous_33)
FNDA:0,(anonymous_34)
FNDA:0,(anonymous_35)
FNDA:0,(anonymous_36)
FNDA:0,(anonymous_37)
FNDA:0,(anonymous_38)
DA:131,0
DA:133,0
DA:134,0
DA:143,0
DA:146,0
DA:152,0
DA:153,0
DA:154,0
DA:155,0
DA:156,0
DA:157,0
DA:158,0
DA:159,0
DA:162,0
DA:163,0
DA:164,0
DA:167,0
DA:216,0
DA:255,0
DA:277,0
DA:280,0
DA:282,0
DA:285,0
DA:286,0
DA:287,0
DA:291,0
DA:292,0
DA:296,0
DA:297,0
DA:301,0
DA:302,0
DA:303,0
DA:304,0
DA:305,0
DA:307,0
DA:309,0
DA:314,0
DA:316,0
DA:331,0
DA:332,0
DA:337,0
DA:343,0
DA:370,0
DA:377,0
DA:387,0
DA:447,0
DA:449,0
DA:473,0
DA:477,0
DA:495,0
DA:517,0
DA:524,0
DA:552,0
DA:619,0
DA:620,0
DA:623,0
DA:632,0
DA:633,0
DA:643,0
DA:659,0
DA:689,0
DA:691,0
DA:693,0
DA:718,0
DA:722,0
DA:727,0
DA:747,0
DA:748,0
DA:750,0
DA:752,0
DA:821,0
DA:822,0
DA:833,0
DA:863,0
DA:864,0
DA:866,0
LF:76
LH:0
BRDA:282,0,0,0
BRDA:282,0,1,0
BRDA:287,1,0,0
BRDA:287,1,1,0
BRDA:304,2,0,0
BRDA:304,2,1,0
BRDA:331,3,0,0
BRDA:331,3,1,0
BRDA:355,4,0,0
BRDA:355,4,1,0
BRDA:356,5,0,0
BRDA:356,5,1,0
BRDA:379,6,0,0
BRDA:379,6,1,0
BRDA:389,7,0,0
BRDA:389,7,1,0
BRDA:427,8,0,0
BRDA:427,8,1,0
BRDA:451,9,0,0
BRDA:451,9,1,0
BRDA:584,10,0,0
BRDA:584,10,1,0
BRDA:585,11,0,0
BRDA:585,11,1,0
BRDA:605,12,0,0
BRDA:605,12,1,0
BRDA:629,13,0,0
BRDA:629,13,1,0
BRDA:629,13,2,0
BRDA:639,14,0,0
BRDA:639,14,1,0
BRDA:658,15,0,0
BRDA:658,15,1,0
BRDA:727,16,0,0
BRDA:727,16,1,0
BRDA:748,17,0,0
BRDA:748,17,1,0
BRDA:759,18,0,0
BRDA:759,18,1,0
BRDA:768,19,0,0
BRDA:768,19,1,0
BRDA:768,20,0,0
BRDA:768,20,1,0
BRDA:781,21,0,0
BRDA:781,21,1,0
BRDA:781,22,0,0
BRDA:781,22,1,0
BRDA:794,23,0,0
BRDA:794,23,1,0
BRDA:804,24,0,0
BRDA:804,24,1,0
BRDA:839,25,0,0
BRDA:839,25,1,0
BRDA:840,26,0,0
BRDA:840,26,1,0
BRDA:864,27,0,0
BRDA:864,27,1,0
BRDA:887,28,0,0
BRDA:887,28,1,0
BRDA:900,29,0,0
BRDA:900,29,1,0
BRF:61
BRH:0
end_of_record
TN:
SF:src/legacy/archived-20251014/autonomous-investigation/components/concepts/power-grid/PowerGridView.tsx
FN:62,(anonymous_0)
FN:100,(anonymous_1)
FN:102,(anonymous_2)
FN:103,(anonymous_3)
FN:104,(anonymous_4)
FN:106,(anonymous_5)
FN:108,(anonymous_6)
FN:120,(anonymous_7)
FN:126,(anonymous_8)
FN:131,(anonymous_9)
FN:143,(anonymous_10)
FN:177,(anonymous_11)
FN:252,(anonymous_12)
FN:257,(anonymous_13)
FN:345,(anonymous_14)
FN:357,(anonymous_15)
FN:358,(anonymous_16)
FN:370,(anonymous_17)
FNF:18
FNH:0
FNDA:0,(anonymous_0)
FNDA:0,(anonymous_1)
FNDA:0,(anonymous_2)
FNDA:0,(anonymous_3)
FNDA:0,(anonymous_4)
FNDA:0,(anonymous_5)
FNDA:0,(anonymous_6)
FNDA:0,(anonymous_7)
FNDA:0,(anonymous_8)
FNDA:0,(anonymous_9)
FNDA:0,(anonymous_10)
FNDA:0,(anonymous_11)
FNDA:0,(anonymous_12)
FNDA:0,(anonymous_13)
FNDA:0,(anonymous_14)
FNDA:0,(anonymous_15)
FNDA:0,(anonymous_16)
FNDA:0,(anonymous_17)
DA:62,0
DA:64,0
DA:65,0
DA:74,0
DA:77,0
DA:83,0
DA:84,0
DA:93,0
DA:94,0
DA:97,0
DA:100,0
DA:101,0
DA:102,0
DA:103,0
DA:104,0
DA:106,0
DA:108,0
DA:120,0
DA:121,0
DA:126,0
DA:127,0
DA:131,0
DA:133,0
DA:137,0
DA:138,0
DA:143,0
DA:149,0
DA:177,0
DA:253,0
DA:257,0
DA:346,0
DA:347,0
DA:357,0
DA:358,0
DA:370,0
LF:35
LH:0
BRDA:101,0,0,0
BRDA:101,0,1,0
BRDA:101,1,0,0
BRDA:101,1,1,0
BRDA:103,2,0,0
BRDA:103,2,1,0
BRDA:109,3,0,0
BRDA:109,3,1,0
BRDA:137,4,0,0
BRDA:137,4,1,0
BRDA:161,5,0,0
BRDA:161,5,1,0
BRDA:161,6,0,0
BRDA:161,6,1,0
BRDA:169,7,0,0
BRDA:169,7,1,0
BRDA:171,8,0,0
BRDA:171,8,1,0
BRDA:195,9,0,0
BRDA:195,9,1,0
BRDA:201,10,0,0
BRDA:201,10,1,0
BRDA:206,11,0,0
BRDA:206,11,1,0
BRDA:206,12,0,0
BRDA:206,12,1,0
BRDA:207,13,0,0
BRDA:207,13,1,0
BRDA:212,14,0,0
BRDA:212,14,1,0
BRDA:216,15,0,0
BRDA:216,15,1,0
BRDA:248,16,0,0
BRDA:248,16,1,0
BRDA:260,17,0,0
BRDA:260,17,1,0
BRDA:275,18,0,0
BRDA:275,18,1,0
BRDA:289,19,0,0
BRDA:289,19,1,0
BRDA:331,20,0,0
BRDA:331,20,1,0
BRDA:357,21,0,0
BRDA:357,21,1,0
BRF:44
BRH:0
end_of_record
TN:
SF:src/legacy/archived-20251014/autonomous-investigation/components/monitoring/LogMonitor.tsx
FN:34,(anonymous_0)
FN:42,(anonymous_1)
FN:46,(anonymous_2)
FN:47,(anonymous_3)
FN:50,(anonymous_4)
FN:57,(anonymous_5)
FN:61,(anonymous_6)
FN:79,(anonymous_7)
FN:82,(anonymous_8)
FN:83,(anonymous_9)
FN:84,(anonymous_10)
FN:94,(anonymous_11)
FN:111,(anonymous_12)
FN:118,(anonymous_13)
FN:120,(anonymous_14)
FN:121,(anonymous_15)
FN:122,(anonymous_16)
FN:125,(anonymous_17)
FN:130,(anonymous_18)
FN:138,(anonymous_19)
FN:140,(anonymous_20)
FN:148,(anonymous_21)
FN:156,(anonymous_22)
FN:188,(anonymous_23)
FN:206,(anonymous_24)
FN:221,(anonymous_25)
FN:284,(anonymous_26)
FN:285,(anonymous_27)
FN:287,(anonymous_28)
FN:288,(anonymous_29)
FN:305,(anonymous_30)
FNF:31
FNH:0
FNDA:0,(anonymous_0)
FNDA:0,(anonymous_1)
FNDA:0,(anonymous_2)
FNDA:0,(anonymous_3)
FNDA:0,(anonymous_4)
FNDA:0,(anonymous_5)
FNDA:0,(anonymous_6)
FNDA:0,(anonymous_7)
FNDA:0,(anonymous_8)
FNDA:0,(anonymous_9)
FNDA:0,(anonymous_10)
FNDA:0,(anonymous_11)
FNDA:0,(anonymous_12)
FNDA:0,(anonymous_13)
FNDA:0,(anonymous_14)
FNDA:0,(anonymous_15)
FNDA:0,(anonymous_16)
FNDA:0,(anonymous_17)
FNDA:0,(anonymous_18)
FNDA:0,(anonymous_19)
FNDA:0,(anonymous_20)
FNDA:0,(anonymous_21)
FNDA:0,(anonymous_22)
FNDA:0,(anonymous_23)
FNDA:0,(anonymous_24)
FNDA:0,(anonymous_25)
FNDA:0,(anonymous_26)
FNDA:0,(anonymous_27)
FNDA:0,(anonymous_28)
FNDA:0,(anonymous_29)
FNDA:0,(anonymous_30)
DA:34,0
DA:39,0
DA:40,0
DA:42,0
DA:43,0
DA:45,0
DA:46,0
DA:47,0
DA:50,0
DA:52,0
DA:57,0
DA:58,0
DA:61,0
DA:62,0
DA:67,0
DA:75,0
DA:79,0
DA:80,0
DA:82,0
DA:83,0
DA:84,0
DA:87,0
DA:89,0
DA:94,0
DA:105,0
DA:106,0
DA:107,0
DA:108,0
DA:111,0
DA:112,0
DA:113,0
DA:118,0
DA:119,0
DA:120,0
DA:121,0
DA:122,0
DA:125,0
DA:130,0
DA:131,0
DA:132,0
DA:133,0
DA:138,0
DA:139,0
DA:141,0
DA:145,0
DA:146,0
DA:147,0
DA:148,0
DA:149,0
DA:151,0
DA:156,0
DA:157,0
DA:159,0
DA:164,0
DA:169,0
DA:174,0
DA:180,0
DA:188,0
DA:190,0
DA:205,0
DA:206,0
DA:207,0
DA:208,0
DA:211,0
DA:214,0
DA:216,0
DA:222,0
DA:284,0
DA:285,0
DA:287,0
DA:288,0
DA:306,0
DA:308,0
LF:73
LH:0
BRDA:36,0,0,0
BRDA:37,1,0,0
BRDA:43,2,0,0
BRDA:43,2,1,0
BRDA:45,3,0,0
BRDA:45,3,1,0
BRDA:87,4,0,0
BRDA:87,4,1,0
BRDA:100,5,0,0
BRDA:101,6,0,0
BRDA:102,7,0,0
BRDA:112,8,0,0
BRDA:112,8,1,0
BRDA:119,9,0,0
BRDA:119,9,1,0
BRDA:131,10,0,0
BRDA:131,10,1,0
BRDA:149,11,0,0
BRDA:149,11,1,0
BRDA:157,12,0,0
BRDA:157,12,1,0
BRDA:157,12,2,0
BRDA:157,12,3,0
BRDA:157,12,4,0
BRDA:157,12,5,0
BRDA:214,13,0,0
BRDA:214,13,1,0
BRDA:247,14,0,0
BRDA:247,14,1,0
BRDA:280,15,0,0
BRDA:280,15,1,0
BRDA:284,16,0,0
BRDA:284,16,1,0
BRDA:287,17,0,0
BRDA:287,17,1,0
BRDA:299,18,0,0
BRDA:299,18,1,0
BRDA:320,19,0,0
BRDA:320,19,1,0
BRDA:331,20,0,0
BRDA:331,20,1,0
BRDA:341,21,0,0
BRDA:341,21,1,0
BRDA:341,21,2,0
BRDA:341,21,3,0
BRF:45
BRH:0
end_of_record
TN:
SF:src/legacy/archived-20251014/autonomous-investigation/components/setup/InvestigationSetup.tsx
FN:15,(anonymous_0)
FN:44,(anonymous_1)
FN:68,(anonymous_2)
FN:122,(anonymous_3)
FN:132,(anonymous_4)
FN:156,(anonymous_5)
FN:167,(anonymous_6)
FN:191,(anonymous_7)
FN:195,(anonymous_8)
FN:217,(anonymous_9)
FN:243,(anonymous_10)
FN:257,(anonymous_11)
FNF:12
FNH:0
FNDA:0,(anonymous_0)
FNDA:0,(anonymous_1)
FNDA:0,(anonymous_2)
FNDA:0,(anonymous_3)
FNDA:0,(anonymous_4)
FNDA:0,(anonymous_5)
FNDA:0,(anonymous_6)
FNDA:0,(anonymous_7)
FNDA:0,(anonymous_8)
FNDA:0,(anonymous_9)
FNDA:0,(anonymous_10)
FNDA:0,(anonymous_11)
DA:15,0
DA:21,0
DA:22,0
DA:23,0
DA:24,0
DA:25,0
DA:26,0
DA:29,0
DA:32,0
DA:44,0
DA:45,0
DA:47,0
DA:49,0
DA:50,0
DA:59,0
DA:68,0
DA:69,0
DA:70,0
DA:74,0
DA:122,0
DA:132,0
DA:156,0
DA:167,0
DA:191,0
DA:196,0
DA:217,0
DA:243,0
DA:257,0
LF:28
LH:0
BRDA:17,0,0,0
BRDA:18,1,0,0
BRDA:47,2,0,0
BRDA:47,2,1,0
BRDA:47,3,0,0
BRDA:47,3,1,0
BRDA:55,4,0,0
BRDA:55,4,1,0
BRDA:56,5,0,0
BRDA:56,5,1,0
BRDA:69,6,0,0
BRDA:69,6,1,0
BRDA:69,7,0,0
BRDA:69,7,1,0
BRDA:69,7,2,0
BRDA:105,8,0,0
BRDA:105,8,1,0
BRDA:175,9,0,0
BRDA:175,9,1,0
BRDA:211,10,0,0
BRDA:211,10,1,0
BRDA:220,11,0,0
BRDA:220,11,1,0
BRDA:271,12,0,0
BRDA:271,12,1,0
BRDA:274,13,0,0
BRDA:274,13,1,0
BRDA:274,14,0,0
BRDA:274,14,1,0
BRDA:280,15,0,0
BRDA:280,15,1,0
BRF:31
BRH:0
end_of_record
TN:
SF:src/legacy/archived-20251014/autonomous-investigation/components/setup/StepManager.tsx
FN:72,(anonymous_0)
FN:92,(anonymous_1)
FN:98,(anonymous_2)
FN:98,(anonymous_3)
FN:102,(anonymous_4)
FN:107,(anonymous_5)
FN:113,(anonymous_6)
FN:117,(anonymous_7)
FN:120,(anonymous_8)
FN:120,(anonymous_9)
FN:128,(anonymous_10)
FN:138,(anonymous_11)
FN:146,(anonymous_12)
FN:156,(anonymous_13)
FN:164,(anonymous_14)
FN:169,(anonymous_15)
FN:170,(anonymous_16)
FN:170,(anonymous_17)
FN:175,(anonymous_18)
FN:189,(anonymous_19)
FN:195,(anonymous_20)
FN:196,(anonymous_21)
FN:232,(anonymous_22)
FN:247,(anonymous_23)
FN:273,(anonymous_24)
FN:276,(anonymous_25)
FN:307,(anonymous_26)
FN:317,(anonymous_27)
FN:328,(anonymous_28)
FN:359,(anonymous_29)
FN:375,(anonymous_30)
FN:384,(anonymous_31)
FNF:32
FNH:0
FNDA:0,(anonymous_0)
FNDA:0,(anonymous_1)
FNDA:0,(anonymous_2)
FNDA:0,(anonymous_3)
FNDA:0,(anonymous_4)
FNDA:0,(anonymous_5)
FNDA:0,(anonymous_6)
FNDA:0,(anonymous_7)
FNDA:0,(anonymous_8)
FNDA:0,(anonymous_9)
FNDA:0,(anonymous_10)
FNDA:0,(anonymous_11)
FNDA:0,(anonymous_12)
FNDA:0,(anonymous_13)
FNDA:0,(anonymous_14)
FNDA:0,(anonymous_15)
FNDA:0,(anonymous_16)
FNDA:0,(anonymous_17)
FNDA:0,(anonymous_18)
FNDA:0,(anonymous_19)
FNDA:0,(anonymous_20)
FNDA:0,(anonymous_21)
FNDA:0,(anonymous_22)
FNDA:0,(anonymous_23)
FNDA:0,(anonymous_24)
FNDA:0,(anonymous_25)
FNDA:0,(anonymous_26)
FNDA:0,(anonymous_27)
FNDA:0,(anonymous_28)
FNDA:0,(anonymous_29)
FNDA:0,(anonymous_30)
FNDA:0,(anonymous_31)
DA:26,0
DA:70,0
DA:72,0
DA:80,0
DA:81,0
DA:82,0
DA:92,0
DA:93,0
DA:97,0
DA:98,0
DA:102,0
DA:103,0
DA:107,0
DA:108,0
DA:113,0
DA:117,0
DA:118,0
DA:120,0
DA:122,0
DA:123,0
DA:128,0
DA:129,0
DA:131,0
DA:132,0
DA:134,0
DA:135,0
DA:138,0
DA:139,0
DA:142,0
DA:146,0
DA:147,0
DA:149,0
DA:150,0
DA:152,0
DA:153,0
DA:156,0
DA:157,0
DA:160,0
DA:164,0
DA:165,0
DA:169,0
DA:170,0
DA:171,0
DA:173,0
DA:174,0
DA:175,0
DA:178,0
DA:189,0
DA:190,0
DA:191,0
DA:195,0
DA:196,0
DA:197,0
DA:200,0
DA:202,0
DA:233,0
DA:247,0
DA:274,0
DA:276,0
DA:308,0
DA:309,0
DA:318,0
DA:319,0
DA:329,0
DA:330,0
DA:359,0
DA:376,0
DA:377,0
DA:384,0
LF:69
LH:0
BRDA:78,0,0,0
BRDA:97,1,0,0
BRDA:97,1,1,0
BRDA:118,2,0,0
BRDA:118,2,1,0
BRDA:122,3,0,0
BRDA:122,3,1,0
BRDA:129,4,0,0
BRDA:129,4,1,0
BRDA:132,5,0,0
BRDA:132,5,1,0
BRDA:147,6,0,0
BRDA:147,6,1,0
BRDA:150,7,0,0
BRDA:150,7,1,0
BRDA:165,8,0,0
BRDA:165,8,1,0
BRDA:171,9,0,0
BRDA:171,9,1,0
BRDA:173,10,0,0
BRDA:173,10,1,0
BRDA:174,11,0,0
BRDA:174,11,1,0
BRDA:197,12,0,0
BRDA:197,12,1,0
BRDA:200,13,0,0
BRDA:200,13,1,0
BRDA:226,14,0,0
BRDA:226,14,1,0
BRDA:267,15,0,0
BRDA:267,15,1,0
BRDA:280,16,0,0
BRDA:280,16,1,0
BRDA:284,17,0,0
BRDA:284,17,1,0
BRDA:293,18,0,0
BRDA:293,18,1,0
BRDA:296,19,0,0
BRDA:296,19,1,0
BRDA:301,20,0,0
BRDA:301,20,1,0
BRDA:311,21,0,0
BRDA:311,21,1,0
BRDA:321,22,0,0
BRDA:321,22,1,0
BRDA:326,23,0,0
BRDA:326,23,1,0
BRDA:348,24,0,0
BRDA:348,24,1,0
BRDA:387,25,0,0
BRDA:387,25,1,0
BRF:51
BRH:0
end_of_record
TN:
SF:src/legacy/archived-20251014/autonomous-investigation/components/shared/ConceptSwitcher.tsx
FN:94,(anonymous_0)
FN:122,(anonymous_1)
FN:123,(anonymous_2)
FN:126,(anonymous_3)
FN:135,(anonymous_4)
FN:138,(anonymous_5)
FN:145,(anonymous_6)
FN:153,(anonymous_7)
FN:162,(anonymous_8)
FN:169,(anonymous_9)
FN:180,(anonymous_10)
FN:195,(anonymous_11)
FN:208,(anonymous_12)
FN:221,(anonymous_13)
FN:231,(anonymous_14)
FN:232,(anonymous_15)
FN:233,(anonymous_16)
FN:255,(anonymous_17)
FN:282,(anonymous_18)
FN:325,(anonymous_19)
FN:332,(anonymous_20)
FN:363,(anonymous_21)
FN:371,(anonymous_22)
FN:425,(anonymous_23)
FN:426,(anonymous_24)
FN:434,(anonymous_25)
FN:442,(anonymous_26)
FN:447,(anonymous_27)
FN:486,(anonymous_28)
FN:493,(anonymous_29)
FNF:30
FNH:0
FNDA:0,(anonymous_0)
FNDA:0,(anonymous_1)
FNDA:0,(anonymous_2)
FNDA:0,(anonymous_3)
FNDA:0,(anonymous_4)
FNDA:0,(anonymous_5)
FNDA:0,(anonymous_6)
FNDA:0,(anonymous_7)
FNDA:0,(anonymous_8)
FNDA:0,(anonymous_9)
FNDA:0,(anonymous_10)
FNDA:0,(anonymous_11)
FNDA:0,(anonymous_12)
FNDA:0,(anonymous_13)
FNDA:0,(anonymous_14)
FNDA:0,(anonymous_15)
FNDA:0,(anonymous_16)
FNDA:0,(anonymous_17)
FNDA:0,(anonymous_18)
FNDA:0,(anonymous_19)
FNDA:0,(anonymous_20)
FNDA:0,(anonymous_21)
FNDA:0,(anonymous_22)
FNDA:0,(anonymous_23)
FNDA:0,(anonymous_24)
FNDA:0,(anonymous_25)
FNDA:0,(anonymous_26)
FNDA:0,(anonymous_27)
FNDA:0,(anonymous_28)
FNDA:0,(anonymous_29)
DA:57,0
DA:64,0
DA:71,0
DA:94,0
DA:107,0
DA:108,0
DA:109,0
DA:110,0
DA:113,0
DA:114,0
DA:115,0
DA:116,0
DA:117,0
DA:119,0
DA:122,0
DA:123,0
DA:124,0
DA:125,0
DA:126,0
DA:127,0
DA:128,0
DA:129,0
DA:134,0
DA:135,0
DA:138,0
DA:139,0
DA:140,0
DA:141,0
DA:145,0
DA:146,0
DA:148,0
DA:149,0
DA:152,0
DA:153,0
DA:154,0
DA:156,0
DA:158,0
DA:162,0
DA:163,0
DA:164,0
DA:165,0
DA:166,0
DA:169,0
DA:170,0
DA:172,0
DA:174,0
DA:176,0
DA:180,0
DA:181,0
DA:183,0
DA:185,0
DA:187,0
DA:189,0
DA:191,0
DA:195,0
DA:196,0
DA:198,0
DA:200,0
DA:202,0
DA:204,0
DA:208,0
DA:209,0
DA:211,0
DA:213,0
DA:215,0
DA:217,0
DA:221,0
DA:222,0
DA:223,0
DA:224,0
DA:225,0
DA:226,0
DA:228,0
DA:231,0
DA:232,0
DA:233,0
DA:255,0
DA:283,0
DA:325,0
DA:326,0
DA:328,0
DA:329,0
DA:332,0
DA:350,0
DA:363,0
DA:371,0
DA:425,0
DA:427,0
DA:428,0
DA:429,0
DA:431,0
DA:434,0
DA:442,0
DA:447,0
DA:487,0
DA:488,0
DA:493,0
DA:509,0
DA:510,0
DA:513,0
LF:100
LH:0
BRDA:95,0,0,0
BRDA:96,1,0,0
BRDA:97,2,0,0
BRDA:98,3,0,0
BRDA:99,4,0,0
BRDA:100,5,0,0
BRDA:101,6,0,0
BRDA:102,7,0,0
BRDA:103,8,0,0
BRDA:104,9,0,0
BRDA:124,10,0,0
BRDA:124,10,1,0
BRDA:124,11,0,0
BRDA:124,11,1,0
BRDA:127,12,0,0
BRDA:127,12,1,0
BRDA:127,13,0,0
BRDA:127,13,1,0
BRDA:139,14,0,0
BRDA:139,14,1,0
BRDA:139,15,0,0
BRDA:139,15,1,0
BRDA:148,16,0,0
BRDA:148,16,1,0
BRDA:152,17,0,0
BRDA:152,17,1,0
BRDA:152,18,0,0
BRDA:152,18,1,0
BRDA:152,18,2,0
BRDA:164,19,0,0
BRDA:164,19,1,0
BRDA:165,20,0,0
BRDA:165,20,1,0
BRDA:170,21,0,0
BRDA:170,21,1,0
BRDA:170,21,2,0
BRDA:181,22,0,0
BRDA:181,22,1,0
BRDA:181,22,2,0
BRDA:181,22,3,0
BRDA:181,22,4,0
BRDA:196,23,0,0
BRDA:196,23,1,0
BRDA:196,23,2,0
BRDA:196,23,3,0
BRDA:209,24,0,0
BRDA:209,24,1,0
BRDA:209,24,2,0
BRDA:209,24,3,0
BRDA:240,25,0,0
BRDA:240,25,1,0
BRDA:257,26,0,0
BRDA:257,26,1,0
BRDA:257,26,2,0
BRDA:259,27,0,0
BRDA:259,27,1,0
BRDA:268,28,0,0
BRDA:268,28,1,0
BRDA:270,29,0,0
BRDA:270,29,1,0
BRDA:272,30,0,0
BRDA:272,30,1,0
BRDA:273,31,0,0
BRDA:273,31,1,0
BRDA:274,32,0,0
BRDA:274,32,1,0
BRDA:275,33,0,0
BRDA:275,33,1,0
BRDA:280,34,0,0
BRDA:280,34,1,0
BRDA:280,34,2,0
BRDA:286,35,0,0
BRDA:286,35,1,0
BRDA:291,36,0,0
BRDA:291,36,1,0
BRDA:299,37,0,0
BRDA:299,37,1,0
BRDA:304,38,0,0
BRDA:304,38,1,0
BRDA:304,38,2,0
BRDA:311,39,0,0
BRDA:311,39,1,0
BRDA:318,40,0,0
BRDA:318,40,1,0
BRDA:318,40,2,0
BRDA:328,41,0,0
BRDA:328,41,1,0
BRDA:336,42,0,0
BRDA:336,42,1,0
BRDA:342,43,0,0
BRDA:342,43,1,0
BRDA:361,44,0,0
BRDA:361,44,1,0
BRDA:382,45,0,0
BRDA:382,45,1,0
BRDA:408,46,0,0
BRDA:408,46,1,0
BRDA:449,47,0,0
BRDA:449,47,1,0
BRDA:451,48,0,0
BRDA:451,48,1,0
BRDA:452,49,0,0
BRDA:452,49,1,0
BRDA:453,50,0,0
BRDA:453,50,1,0
BRDA:454,51,0,0
BRDA:454,51,1,0
BRDA:459,52,0,0
BRDA:459,52,1,0
BRDA:464,53,0,0
BRDA:464,53,1,0
BRDA:464,53,2,0
BRDA:476,54,0,0
BRDA:476,54,1,0
BRDA:476,54,2,0
BRDA:509,55,0,0
BRDA:509,55,1,0
BRF:117
BRH:0
end_of_record
TN:
SF:src/legacy/archived-20251014/autonomous-investigation/components/shared/DomainCard.tsx
FN:85,(anonymous_0)
FN:105,(anonymous_1)
FN:111,(anonymous_2)
FN:116,(anonymous_3)
FN:121,(anonymous_4)
FN:126,(anonymous_5)
FN:131,(anonymous_6)
FN:133,(anonymous_7)
FN:136,(anonymous_8)
FN:151,(anonymous_9)
FN:158,(anonymous_10)
FN:168,(anonymous_11)
FN:169,(anonymous_12)
FN:171,(anonymous_13)
FN:179,(anonymous_14)
FN:200,(anonymous_15)
FN:323,(anonymous_16)
FN:353,(anonymous_17)
FN:367,(anonymous_18)
FN:392,(anonymous_19)
FN:395,(anonymous_20)
FNF:21
FNH:0
FNDA:0,(anonymous_0)
FNDA:0,(anonymous_1)
FNDA:0,(anonymous_2)
FNDA:0,(anonymous_3)
FNDA:0,(anonymous_4)
FNDA:0,(anonymous_5)
FNDA:0,(anonymous_6)
FNDA:0,(anonymous_7)
FNDA:0,(anonymous_8)
FNDA:0,(anonymous_9)
FNDA:0,(anonymous_10)
FNDA:0,(anonymous_11)
FNDA:0,(anonymous_12)
FNDA:0,(anonymous_13)
FNDA:0,(anonymous_14)
FNDA:0,(anonymous_15)
FNDA:0,(anonymous_16)
FNDA:0,(anonymous_17)
FNDA:0,(anonymous_18)
FNDA:0,(anonymous_19)
FNDA:0,(anonymous_20)
DA:85,0
DA:103,0
DA:105,0
DA:106,0
DA:107,0
DA:108,0
DA:111,0
DA:112,0
DA:113,0
DA:116,0
DA:117,0
DA:118,0
DA:121,0
DA:122,0
DA:123,0
DA:126,0
DA:127,0
DA:128,0
DA:131,0
DA:132,0
DA:133,0
DA:136,0
DA:137,0
DA:139,0
DA:140,0
DA:141,0
DA:142,0
DA:143,0
DA:144,0
DA:145,0
DA:146,0
DA:147,0
DA:151,0
DA:152,0
DA:153,0
DA:154,0
DA:155,0
DA:158,0
DA:159,0
DA:160,0
DA:161,0
DA:162,0
DA:163,0
DA:164,0
DA:168,0
DA:169,0
DA:171,0
DA:172,0
DA:173,0
DA:174,0
DA:175,0
DA:179,0
DA:180,0
DA:182,0
DA:183,0
DA:184,0
DA:185,0
DA:187,0
DA:189,0
DA:192,0
DA:200,0
DA:324,0
DA:354,0
DA:368,0
DA:393,0
DA:395,0
LF:66
LH:0
BRDA:87,0,0,0
BRDA:88,1,0,0
BRDA:89,2,0,0
BRDA:90,3,0,0
BRDA:91,4,0,0
BRDA:92,5,0,0
BRDA:93,6,0,0
BRDA:101,7,0,0
BRDA:106,8,0,0
BRDA:106,8,1,0
BRDA:112,9,0,0
BRDA:112,9,1,0
BRDA:117,10,0,0
BRDA:117,10,1,0
BRDA:137,11,0,0
BRDA:137,11,1,0
BRDA:139,12,0,0
BRDA:139,12,1,0
BRDA:139,12,2,0
BRDA:139,12,3,0
BRDA:139,12,4,0
BRDA:139,12,5,0
BRDA:139,12,6,0
BRDA:139,12,7,0
BRDA:152,13,0,0
BRDA:152,13,1,0
BRDA:153,14,0,0
BRDA:153,14,1,0
BRDA:154,15,0,0
BRDA:154,15,1,0
BRDA:159,16,0,0
BRDA:159,16,1,0
BRDA:159,16,2,0
BRDA:159,16,3,0
BRDA:159,16,4,0
BRDA:172,17,0,0
BRDA:172,17,1,0
BRDA:172,17,2,0
BRDA:183,18,0,0
BRDA:183,18,1,0
BRDA:184,19,0,0
BRDA:184,19,1,0
BRDA:187,20,0,0
BRDA:187,20,1,0
BRDA:198,21,0,0
BRDA:198,21,1,0
BRDA:199,22,0,0
BRDA:199,22,1,0
BRDA:200,23,0,0
BRDA:200,23,1,0
BRDA:200,23,2,0
BRDA:211,24,0,0
BRDA:211,24,1,0
BRDA:211,25,0,0
BRDA:211,25,1,0
BRDA:216,26,0,0
BRDA:216,26,1,0
BRDA:223,27,0,0
BRDA:223,27,1,0
BRDA:233,28,0,0
BRDA:233,28,1,0
BRDA:235,29,0,0
BRDA:235,29,1,0
BRDA:246,30,0,0
BRDA:246,30,1,0
BRDA:261,31,0,0
BRDA:261,31,1,0
BRDA:262,32,0,0
BRDA:262,32,1,0
BRDA:263,33,0,0
BRDA:263,33,1,0
BRDA:272,34,0,0
BRDA:272,34,1,0
BRDA:281,35,0,0
BRDA:281,35,1,0
BRDA:281,36,0,0
BRDA:281,36,1,0
BRDA:291,37,0,0
BRDA:291,37,1,0
BRDA:306,38,0,0
BRDA:306,38,1,0
BRDA:312,39,0,0
BRDA:312,39,1,0
BRDA:312,39,2,0
BRDA:314,40,0,0
BRDA:314,40,1,0
BRDA:315,41,0,0
BRDA:315,41,1,0
BRDA:321,42,0,0
BRDA:321,42,1,0
BRDA:321,42,2,0
BRDA:321,42,3,0
BRDA:323,43,0,0
BRDA:323,43,1,0
BRDA:331,44,0,0
BRDA:331,44,1,0
BRDA:331,44,2,0
BRDA:340,45,0,0
BRDA:340,45,1,0
BRDA:340,45,2,0
BRDA:340,45,3,0
BRDA:342,46,0,0
BRDA:342,46,1,0
BRDA:349,47,0,0
BRDA:349,47,1,0
BRDA:349,47,2,0
BRDA:363,48,0,0
BRDA:363,48,1,0
BRDA:363,48,2,0
BRDA:380,49,0,0
BRDA:380,49,1,0
BRDA:380,49,2,0
BRDA:380,49,3,0
BRDA:401,50,0,0
BRDA:401,50,1,0
BRDA:414,51,0,0
BRDA:414,51,1,0
BRDA:414,51,2,0
BRDA:419,52,0,0
BRDA:419,52,1,0
BRF:120
BRH:0
end_of_record
TN:
SF:src/legacy/archived-20251014/autonomous-investigation/components/shared/ErrorAlert.tsx
FN:52,(anonymous_0)
FN:74,(anonymous_1)
FN:76,(anonymous_2)
FN:80,(anonymous_3)
FN:84,(anonymous_4)
FN:89,(anonymous_5)
FN:93,(anonymous_6)
FN:94,(anonymous_7)
FN:99,(anonymous_8)
FN:140,(anonymous_9)
FN:155,(anonymous_10)
FN:163,(anonymous_11)
FN:225,(anonymous_12)
FNF:13
FNH:0
FNDA:0,(anonymous_0)
FNDA:0,(anonymous_1)
FNDA:0,(anonymous_2)
FNDA:0,(anonymous_3)
FNDA:0,(anonymous_4)
FNDA:0,(anonymous_5)
FNDA:0,(anonymous_6)
FNDA:0,(anonymous_7)
FNDA:0,(anonymous_8)
FNDA:0,(anonymous_9)
FNDA:0,(anonymous_10)
FNDA:0,(anonymous_11)
FNDA:0,(anonymous_12)
DA:52,0
DA:70,0
DA:71,0
DA:74,0
DA:75,0
DA:76,0
DA:77,0
DA:80,0
DA:84,0
DA:85,0
DA:86,0
DA:89,0
DA:90,0
DA:93,0
DA:94,0
DA:97,0
DA:99,0
DA:100,0
DA:102,0
DA:111,0
DA:120,0
DA:129,0
DA:140,0
DA:141,0
DA:143,0
DA:145,0
DA:147,0
DA:149,0
DA:153,0
DA:155,0
DA:156,0
DA:157,0
DA:158,0
DA:160,0
DA:163,0
DA:164,0
DA:165,0
DA:166,0
DA:168,0
DA:173,0
DA:226,0
DA:283,0
DA:284,0
DA:293,0
LF:44
LH:0
BRDA:55,0,0,0
BRDA:56,1,0,0
BRDA:57,2,0,0
BRDA:58,3,0,0
BRDA:60,4,0,0
BRDA:61,5,0,0
BRDA:65,6,0,0
BRDA:68,7,0,0
BRDA:75,8,0,0
BRDA:75,8,1,0
BRDA:75,9,0,0
BRDA:75,9,1,0
BRDA:97,10,0,0
BRDA:97,10,1,0
BRDA:100,11,0,0
BRDA:100,11,1,0
BRDA:100,11,2,0
BRDA:100,11,3,0
BRDA:141,12,0,0
BRDA:141,12,1,0
BRDA:141,12,2,0
BRDA:141,12,3,0
BRDA:156,13,0,0
BRDA:156,13,1,0
BRDA:157,14,0,0
BRDA:157,14,1,0
BRDA:164,15,0,0
BRDA:164,15,1,0
BRDA:180,16,0,0
BRDA:180,16,1,0
BRDA:187,17,0,0
BRDA:187,17,1,0
BRDA:198,18,0,0
BRDA:198,18,1,0
BRDA:198,18,2,0
BRDA:200,19,0,0
BRDA:200,19,1,0
BRDA:205,20,0,0
BRDA:205,20,1,0
BRDA:214,21,0,0
BRDA:214,21,1,0
BRDA:214,21,2,0
BRDA:216,22,0,0
BRDA:216,22,1,0
BRDA:216,22,2,0
BRDA:230,23,0,0
BRDA:230,23,1,0
BRDA:232,24,0,0
BRDA:232,24,1,0
BRDA:241,25,0,0
BRDA:241,25,1,0
BRDA:241,25,2,0
BRDA:246,26,0,0
BRDA:246,26,1,0
BRDA:253,27,0,0
BRDA:253,27,1,0
BRDA:253,27,2,0
BRDA:267,28,0,0
BRDA:267,28,1,0
BRDA:283,29,0,0
BRDA:283,29,1,0
BRF:61
BRH:0
end_of_record
TN:
SF:src/legacy/archived-20251014/autonomous-investigation/components/shared/ErrorBoundary.tsx
FN:17,(anonymous_0)
FN:26,(anonymous_1)
FN:33,(anonymous_2)
FN:46,(anonymous_3)
FN:54,(anonymous_4)
FN:58,(anonymous_5)
FNF:6
FNH:0
FNDA:0,(anonymous_0)
FNDA:0,(anonymous_1)
FNDA:0,(anonymous_2)
FNDA:0,(anonymous_3)
FNDA:0,(anonymous_4)
FNDA:0,(anonymous_5)
DA:18,0
DA:19,0
DA:27,0
DA:34,0
DA:40,0
DA:43,0
DA:46,0
DA:47,0
DA:54,0
DA:55,0
DA:59,0
DA:60,0
DA:61,0
DA:64,0
DA:113,0
LF:15
LH:0
BRDA:59,0,0,0
BRDA:59,0,1,0
BRDA:60,1,0,0
BRDA:60,1,1,0
BRDA:79,2,0,0
BRDA:79,2,1,0
BRDA:79,2,2,0
BRF:7
BRH:0
end_of_record
TN:
SF:src/legacy/archived-20251014/autonomous-investigation/components/shared/EvidencePanel.tsx
FN:47,(anonymous_0)
FN:87,(anonymous_1)
FN:92,(anonymous_2)
FN:100,(anonymous_3)
FN:122,(anonymous_4)
FN:136,(anonymous_5)
FN:139,(anonymous_6)
FN:155,(anonymous_7)
FN:158,(anonymous_8)
FN:204,(anonymous_9)
FN:214,(anonymous_10)
FN:214,(anonymous_11)
FN:241,(anonymous_12)
FNF:13
FNH:0
FNDA:0,(anonymous_0)
FNDA:0,(anonymous_1)
FNDA:0,(anonymous_2)
FNDA:0,(anonymous_3)
FNDA:0,(anonymous_4)
FNDA:0,(anonymous_5)
FNDA:0,(anonymous_6)
FNDA:0,(anonymous_7)
FNDA:0,(anonymous_8)
FNDA:0,(anonymous_9)
FNDA:0,(anonymous_10)
FNDA:0,(anonymous_11)
FNDA:0,(anonymous_12)
DA:47,0
DA:63,0
DA:84,0
DA:87,0
DA:88,0
DA:89,0
DA:92,0
DA:93,0
DA:97,0
DA:100,0
DA:102,0
DA:122,0
DA:137,0
DA:139,0
DA:156,0
DA:158,0
DA:204,0
DA:214,0
DA:242,0
LF:19
LH:0
BRDA:49,0,0,0
BRDA:50,1,0,0
BRDA:51,2,0,0
BRDA:52,3,0,0
BRDA:53,4,0,0
BRDA:54,5,0,0
BRDA:55,6,0,0
BRDA:56,7,0,0
BRDA:61,8,0,0
BRDA:97,9,0,0
BRDA:97,9,1,0
BRDA:105,10,0,0
BRDA:105,10,1,0
BRDA:106,11,0,0
BRDA:106,11,1,0
BRDA:116,12,0,0
BRDA:116,12,1,0
BRDA:131,13,0,0
BRDA:131,13,1,0
BRDA:141,14,0,0
BRDA:141,14,1,0
BRDA:152,15,0,0
BRDA:152,15,1,0
BRDA:160,16,0,0
BRDA:160,16,1,0
BRDA:168,17,0,0
BRDA:168,17,1,0
BRDA:175,18,0,0
BRDA:175,18,1,0
BRDA:175,18,2,0
BRDA:177,19,0,0
BRDA:177,19,1,0
BRDA:185,20,0,0
BRDA:185,20,1,0
BRDA:199,21,0,0
BRDA:199,21,1,0
BRDA:214,22,0,0
BRDA:214,22,1,0
BRDA:217,23,0,0
BRDA:217,23,1,0
BRDA:226,24,0,0
BRDA:226,24,1,0
BRDA:226,24,2,0
BRDA:226,24,3,0
BRDA:239,25,0,0
BRDA:239,25,1,0
BRDA:261,26,0,0
BRDA:261,26,1,0
BRDA:261,26,2,0
BRDA:261,26,3,0
BRF:50
BRH:0
end_of_record
TN:
SF:src/legacy/archived-20251014/autonomous-investigation/components/shared/GraphVisualization.tsx
FN:55,(anonymous_0)
FN:105,(anonymous_1)
FN:118,(anonymous_2)
FN:128,(anonymous_3)
FN:136,(anonymous_4)
FN:144,(anonymous_5)
FN:151,(anonymous_6)
FN:158,(anonymous_7)
FN:166,(anonymous_8)
FN:174,(anonymous_9)
FN:179,(anonymous_10)
FN:184,(anonymous_11)
FN:192,(anonymous_12)
FN:193,(anonymous_13)
FN:196,(anonymous_14)
FN:197,(anonymous_15)
FN:200,(anonymous_16)
FN:205,(anonymous_17)
FN:213,(anonymous_18)
FN:228,(anonymous_19)
FN:244,(anonymous_20)
FN:256,(anonymous_21)
FN:257,(anonymous_22)
FN:258,(anonymous_23)
FN:277,(anonymous_24)
FN:283,(anonymous_25)
FN:299,(anonymous_26)
FN:300,(anonymous_27)
FN:301,(anonymous_28)
FN:380,(anonymous_29)
FN:410,(anonymous_30)
FNF:31
FNH:0
FNDA:0,(anonymous_0)
FNDA:0,(anonymous_1)
FNDA:0,(anonymous_2)
FNDA:0,(anonymous_3)
FNDA:0,(anonymous_4)
FNDA:0,(anonymous_5)
FNDA:0,(anonymous_6)
FNDA:0,(anonymous_7)
FNDA:0,(anonymous_8)
FNDA:0,(anonymous_9)
FNDA:0,(anonymous_10)
FNDA:0,(anonymous_11)
FNDA:0,(anonymous_12)
FNDA:0,(anonymous_13)
FNDA:0,(anonymous_14)
FNDA:0,(anonymous_15)
FNDA:0,(anonymous_16)
FNDA:0,(anonymous_17)
FNDA:0,(anonymous_18)
FNDA:0,(anonymous_19)
FNDA:0,(anonymous_20)
FNDA:0,(anonymous_21)
FNDA:0,(anonymous_22)
FNDA:0,(anonymous_23)
FNDA:0,(anonymous_24)
FNDA:0,(anonymous_25)
FNDA:0,(anonymous_26)
FNDA:0,(anonymous_27)
FNDA:0,(anonymous_28)
FNDA:0,(anonymous_29)
FNDA:0,(anonymous_30)
DA:55,0
DA:73,0
DA:74,0
DA:75,0
DA:76,0
DA:77,0
DA:85,0
DA:88,0
DA:89,0
DA:98,0
DA:101,0
DA:102,0
DA:105,0
DA:106,0
DA:108,0
DA:109,0
[...]
BRDA:116,11,1,0
BRDA:139,12,0,0
BRDA:140,13,0,0
BRDA:145,14,0,0
BRDA:145,14,1,0
BRDA:169,15,0,0
BRDA:169,15,1,0
BRDA:169,16,0,0
BRDA:169,16,1,0
BRDA:171,17,0,0
BRDA:171,17,1,0
BRDA:207,18,0,0
BRDA:207,18,1,0
BRDA:207,19,0,0
BRDA:207,19,1,0
BRDA:228,20,0,0
BRDA:228,20,1,0
BRDA:229,21,0,0
BRDA:229,21,1,0
BRDA:241,22,0,0
BRDA:241,22,1,0
BRDA:245,23,0,0
BRDA:245,23,1,0
BRDA:245,23,2,0
BRDA:264,24,0,0
BRDA:264,24,1,0
BRF:50
BRH:0
end_of_record
TN:
SF:src/shared/utils/mockAgentsAndTools.ts
FN:361,getMockToolsForAgent
FN:363,(anonymous_1)
FN:373,getRecommendedMockTools
FN:374,(anonymous_3)
FNF:4
FNH:0
FNDA:0,getMockToolsForAgent
FNDA:0,(anonymous_1)
FNDA:0,getRecommendedMockTools
FNDA:0,(anonymous_3)
DA:21,0
DA:109,0
DA:115,0
DA:121,0
DA:127,0
DA:133,0
DA:142,0
DA:362,0
DA:364,0
DA:374,0
DA:375,0
LF:11
LH:0
BRDA:364,0,0,0
BRDA:364,0,1,0
BRDA:364,0,2,0
BRDA:375,1,0,0
BRDA:375,1,1,0
BRF:5
BRH:0
end_of_record
TN:
SF:src/shared/utils/radarGeometry.ts
FN:30,polarToCartesian
FN:44,cartesianToPolar
FN:66,calculateToolAngle
FN:74,calculateToolTickPosition
FN:92,calculateAgentRingRadius
FN:103,calculateAllAgentRingRadii
FN:108,(anonymous_6)
FN:121,calculateAnomalyPosition
FN:146,validateAndClampRiskLevel
FN:158,riskLevelToColor
FN:169,severityToRiskLevel
FN:182,getAgentColor
FN:203,isAnomalyInScanningRange
FN:209,(anonymous_13)
FN:227,calculateScanAngle
FNF:15
FNH:0
FNDA:0,polarToCartesian
FNDA:0,cartesianToPolar
FNDA:0,calculateToolAngle
FNDA:0,calculateToolTickPosition
FNDA:0,calculateAgentRingRadius
FNDA:0,calculateAllAgentRingRadii
FNDA:0,(anonymous_6)
FNDA:0,calculateAnomalyPosition
FNDA:0,validateAndClampRiskLevel
FNDA:0,riskLevelToColor
FNDA:0,severityToRiskLevel
FNDA:0,getAgentColor
FNDA:0,isAnomalyInScanningRange
FNDA:0,(anonymous_13)
FNDA:0,calculateScanAngle
DA:15,0
DA:16,0
DA:17,0
DA:18,0
DA:19,0
DA:20,0
DA:21,0
DA:35,0
DA:50,0
DA:51,0
DA:52,0
DA:67,0
DA:68,0
DA:81,0
DA:82,0
DA:97,0
DA:108,0
DA:109,0
DA:129,0
DA:130,0
DA:132,0
DA:147,0
DA:148,0
DA:149,0
DA:151,0
DA:159,0
DA:160,0
DA:161,0
DA:162,0
DA:163,0
DA:170,0
DA:176,0
DA:184,0
DA:192,0
DA:209,0
DA:210,0
DA:211,0
DA:214,0
DA:215,0
DA:218,0
DA:219,0
DA:221,0
DA:232,0
DA:233,0
DA:234,0
LF:45
LH:0
BRDA:32,0,0,0
BRDA:33,1,0,0
BRDA:47,2,0,0
BRDA:48,3,0,0
BRDA:67,4,0,0
BRDA:67,4,1,0
BRDA:78,5,0,0
BRDA:79,6,0,0
BRDA:94,7,0,0
BRDA:95,8,0,0
BRDA:105,9,0,0
BRDA:106,10,0,0
BRDA:125,11,0,0
BRDA:126,12,0,0
BRDA:127,13,0,0
BRDA:147,14,0,0
BRDA:147,14,1,0
BRDA:147,15,0,0
BRDA:147,15,1,0
BRDA:160,16,0,0
BRDA:160,16,1,0
BRDA:161,17,0,0
BRDA:161,17,1,0
BRDA:162,18,0,0
BRDA:162,18,1,0
BRDA:176,19,0,0
BRDA:176,19,1,0
BRDA:206,20,0,0
BRDA:211,21,0,0
BRDA:211,21,1,0
BRDA:230,22,0,0
BRF:31
BRH:0
end_of_record
TN:
SF:src/shared/utils/validation.ts
FN:17,validateInvestigationSettings
FN:67,(anonymous_1)
FN:82,validateEntityValue
FN:100,(anonymous_3)
FN:131,validateTimeRange
FN:158,validateRiskThreshold
FN:172,isValidUUID
FNF:7
FNH:0
FNDA:0,validateInvestigationSettings
FNDA:0,(anonymous_1)
FNDA:0,validateEntityValue
FNDA:0,(anonymous_3)
FNDA:0,validateTimeRange
FNDA:0,validateRiskThreshold
FNDA:0,isValidUUID
DA:20,0
DA:23,0
DA:24,0
DA:25,0
DA:30,0
DA:31,0
DA:33,0
DA:34,0
DA:38,0
DA:39,0
DA:43,0
DA:44,0
DA:47,0
DA:48,0
DA:50,0
DA:51,0
DA:53,0
DA:54,0
DA:55,0
DA:56,0
DA:62,0
DA:64,0
DA:65,0
DA:67,0
DA:68,0
DA:69,0
DA:73,0
DA:86,0
DA:88,0
DA:90,0
DA:91,0
DA:93,0
DA:96,0
DA:97,0
DA:99,0
DA:100,0
DA:101,0
DA:103,0
DA:106,0
DA:107,0
DA:109,0
DA:115,0
DA:116,0
DA:118,0
DA:121,0
DA:135,0
DA:136,0
DA:138,0
DA:139,0
DA:142,0
DA:143,0
DA:146,0
DA:147,0
DA:150,0
DA:161,0
DA:162,0
DA:164,0
DA:173,0
DA:174,0
LF:59
LH:0
BRDA:23,0,0,0
BRDA:23,0,1,0
BRDA:30,1,0,0
BRDA:30,1,1,0
BRDA:33,2,0,0
BRDA:33,2,1,0
BRDA:33,3,0,0
BRDA:33,3,1,0
BRDA:38,4,0,0
BRDA:38,4,1,0
BRDA:38,5,0,0
BRDA:38,5,1,0
BRDA:38,5,2,0
BRDA:43,6,0,0
BRDA:43,6,1,0
BRDA:47,7,0,0
BRDA:47,7,1,0
BRDA:47,7,2,0
BRDA:48,8,0,0
BRDA:48,8,1,0
BRDA:48,8,2,0
BRDA:50,9,0,0
BRDA:50,9,1,0
BRDA:50,10,0,0
BRDA:50,10,1,0
BRDA:55,11,0,0
BRDA:55,11,1,0
BRDA:62,12,0,0
BRDA:62,12,1,0
BRDA:62,12,2,0
BRDA:64,13,0,0
BRDA:64,13,1,0
BRDA:67,14,0,0
BRDA:67,14,1,0
BRDA:68,15,0,0
BRDA:68,15,1,0
BRDA:88,16,0,0
BRDA:88,16,1,0
BRDA:88,16,2,0
BRDA:88,16,3,0
BRDA:88,16,4,0
BRDA:88,16,5,0
BRDA:88,16,6,0
BRDA:88,16,7,0
BRDA:90,17,0,0
BRDA:90,17,1,0
BRDA:96,18,0,0
BRDA:96,18,1,0
BRDA:100,19,0,0
BRDA:100,19,1,0
BRDA:106,20,0,0
BRDA:106,20,1,0
BRDA:115,21,0,0
BRDA:115,21,1,0
BRDA:138,22,0,0
BRDA:138,22,1,0
BRDA:142,23,0,0
BRDA:142,23,1,0
BRDA:146,24,0,0
BRDA:146,24,1,0
BRDA:161,25,0,0
BRDA:161,25,1,0
BRDA:161,26,0,0
BRDA:161,26,1,0
BRF:64
BRH:0
end_of_record
TN:
SF:src/shell/App-minimal-working.tsx
FN:13,(anonymous_0)
FN:19,(anonymous_1)
FN:23,(anonymous_2)
FN:63,(anonymous_3)
FNF:4
FNH:0
FNDA:0,(anonymous_0)
FNDA:0,(anonymous_1)
FNDA:0,(anonymous_2)
FNDA:0,(anonymous_3)
DA:13,0
DA:14,0
DA:19,0
DA:20,0
DA:23,0
DA:24,0
DA:26,0
DA:27,0
DA:28,0
DA:30,0
DA:32,0
DA:37,0
DA:39,0
DA:40,0
DA:47,0
DA:48,0
DA:63,0
DA:73,0
DA:74,0
DA:81,0
LF:20
LH:0
BRDA:42,0,0,0
BRDA:42,0,1,0
BRDA:47,1,0,0
BRDA:47,1,1,0
BRDA:73,2,0,0
BRDA:73,2,1,0
BRDA:120,3,0,0
BRDA:120,3,1,0
BRF:8
BRH:0
end_of_record
TN:
SF:src/shell/App.tsx
FN:82,(anonymous_0)
FN:124,(anonymous_1)
FN:170,(anonymous_2)
FN:188,(anonymous_3)
FN:194,(anonymous_4)
FN:218,(anonymous_5)
FN:247,(anonymous_6)
FN:301,(anonymous_7)
FN:323,(anonymous_8)
FN:366,(anonymous_9)
FN:373,(anonymous_10)
FN:377,(anonymous_11)
FN:387,(anonymous_12)
FN:449,(anonymous_13)
FN:515,(anonymous_14)
FNF:15
FNH:0
FNDA:0,(anonymous_0)
FNDA:0,(anonymous_1)
FNDA:0,(anonymous_2)
FNDA:0,(anonymous_3)
FNDA:0,(anonymous_4)
FNDA:0,(anonymous_5)
FNDA:0,(anonymous_6)
FNDA:0,(anonymous_7)
FNDA:0,(anonymous_8)
FNDA:0,(anonymous_9)
FNDA:0,(anonymous_10)
FNDA:0,(anonymous_11)
FNDA:0,(anonymous_12)
FNDA:0,(anonymous_13)
FNDA:0,(anonymous_14)
DA:25,0
DA:82,0
DA:83,0
DA:84,0
DA:85,0
DA:87,0
DA:125,0
DA:126,0
DA:170,0
DA:189,0
DA:190,0
DA:194,0
DA:218,0
DA:219,0
DA:248,0
DA:302,0
DA:323,0
DA:324,0
DA:366,0
DA:367,0
DA:373,0
DA:374,0
DA:377,0
DA:378,0
DA:379,0
DA:381,0
DA:382,0
DA:383,0
DA:385,0
DA:387,0
DA:388,0
DA:389,0
DA:392,0
DA:398,0
DA:400,0
DA:401,0
DA:409,0
DA:410,0
DA:433,0
DA:434,0
DA:449,0
DA:459,0
DA:516,0
LF:43
LH:0
BRDA:122,0,0,0
BRDA:122,0,1,0
BRDA:131,1,0,0
BRDA:131,1,1,0
BRDA:168,2,0,0
BRDA:168,2,1,0
BRDA:184,3,0,0
BRDA:184,3,1,0
BRDA:184,3,2,0
BRDA:196,4,0,0
BRDA:196,4,1,0
BRDA:264,5,0,0
BRDA:264,5,1,0
BRDA:265,6,0,0
BRDA:265,6,1,0
BRDA:278,7,0,0
BRDA:278,7,1,0
BRDA:279,8,0,0
BRDA:279,8,1,0
BRDA:403,9,0,0
BRDA:403,9,1,0
BRDA:409,10,0,0
BRDA:409,10,1,0
BRDA:409,11,0,0
BRDA:409,11,1,0
BRDA:433,12,0,0
BRDA:433,12,1,0
BRDA:528,13,0,0
BRDA:528,13,1,0
BRDA:529,14,0,0
BRDA:529,14,1,0
BRDA:536,15,0,0
BRDA:536,15,1,0
BRDA:537,16,0,0
BRDA:537,16,1,0
BRDA:539,17,0,0
BRDA:539,17,1,0
BRDA:540,18,0,0
BRDA:540,18,1,0
BRF:39
BRH:0
end_of_record
TN:
SF:src/shell/Router.tsx
FN:10,(anonymous_0)
FN:13,(anonymous_1)
FN:16,(anonymous_2)
FN:19,(anonymous_3)
FN:22,(anonymous_4)
FN:25,(anonymous_5)
FN:73,(anonymous_6)
FN:74,(anonymous_7)
FN:101,(anonymous_8)
FN:157,(anonymous_9)
FN:190,(anonymous_10)
FNF:11
FNH:0
FNDA:0,(anonymous_0)
FNDA:0,(anonymous_1)
FNDA:0,(anonymous_2)
FNDA:0,(anonymous_3)
FNDA:0,(anonymous_4)
FNDA:0,(anonymous_5)
FNDA:0,(anonymous_6)
FNDA:0,(anonymous_7)
FNDA:0,(anonymous_8)
FNDA:0,(anonymous_9)
FNDA:0,(anonymous_10)
DA:10,0
DA:13,0
DA:16,0
DA:19,0
DA:22,0
DA:25,0
DA:34,0
DA:73,0
DA:74,0
DA:75,0
DA:77,0
DA:101,0
DA:102,0
DA:105,0
DA:106,0
DA:114,0
DA:158,0
DA:190,0
LF:18
LH:0
BRDA:105,0,0,0
BRDA:105,0,1,0
BRDA:140,1,0,0
BRDA:140,1,1,0
BRDA:162,2,0,0
BRDA:162,2,1,0
BRDA:163,3,0,0
BRDA:163,3,1,0
BRDA:171,4,0,0
BRDA:171,4,1,0
BRDA:172,5,0,0
BRDA:172,5,1,0
BRF:12
BRH:0
end_of_record
TN:
SF:src/shell/bootstrap.tsx
FNF:0
FNH:0
LF:0
LH:0
BRF:0
BRH:0
end_of_record
TN:
SF:src/shell/globals.ts
FN:27,(anonymous_0)
FN:30,(anonymous_1)
FNF:2
FNH:0
FNDA:0,(anonymous_0)
FNDA:0,(anonymous_1)
DA:22,0
DA:23,0
DA:28,0
DA:31,0
LF:4
LH:0
BRDA:22,0,0,0
BRDA:22,0,1,0
BRF:2
BRH:0
end_of_record
TN:
SF:src/shell/index.tsx
FN:11,(anonymous_0)
FN:16,(anonymous_1)
FN:20,(anonymous_2)
FN:32,(anonymous_3)
FN:50,(anonymous_4)
FN:56,(anonymous_5)
FN:109,(anonymous_6)
FN:115,(anonymous_7)
FN:134,(anonymous_8)
FN:136,(anonymous_9)
FN:139,(anonymous_10)
FN:148,(anonymous_11)
FN:159,(anonymous_12)
FNF:13
FNH:0
FNDA:0,(anonymous_0)
FNDA:0,(anonymous_1)
FNDA:0,(anonymous_2)
FNDA:0,(anonymous_3)
FNDA:0,(anonymous_4)
FNDA:0,(anonymous_5)
FNDA:0,(anonymous_6)
FNDA:0,(anonymous_7)
FNDA:0,(anonymous_8)
FNDA:0,(anonymous_9)
FNDA:0,(anonymous_10)
FNDA:0,(anonymous_11)
FNDA:0,(anonymous_12)
DA:12,0
DA:13,0
DA:17,0
DA:21,0
DA:24,0
DA:25,0
DA:33,0
DA:34,0
DA:50,0
DA:56,0
DA:77,0
DA:95,0
DA:109,0
DA:110,0
DA:111,0
DA:115,0
DA:116,0
DA:120,0
DA:124,0
DA:133,0
DA:134,0
DA:135,0
DA:137,0
DA:140,0
DA:146,0
DA:148,0
DA:149,0
DA:150,0
DA:151,0
DA:152,0
DA:153,0
DA:158,0
DA:159,0
DA:160,0
DA:161,0
LF:35
LH:0
BRDA:24,0,0,0
BRDA:24,0,1,0
BRDA:33,1,0,0
BRDA:33,1,1,0
BRDA:62,2,0,0
BRDA:62,2,1,0
BRDA:62,2,2,0
BRDA:96,3,0,0
BRDA:96,3,1,0
BRDA:97,4,0,0
BRDA:97,4,1,0
BRDA:102,5,0,0
BRDA:102,5,1,0
BRDA:103,6,0,0
BRDA:103,6,1,0
BRDA:133,7,0,0
BRDA:133,7,1,0
BRDA:133,8,0,0
BRDA:133,8,1,0
BRDA:146,9,0,0
BRDA:146,9,1,0
BRDA:158,10,0,0
BRDA:158,10,1,0
BRDA:158,11,0,0
BRDA:158,11,1,0
BRF:25
BRH:0
end_of_record
TN:
SF:src/shell/services/ServiceDiscovery.ts
FN:24,(anonymous_0)
FN:28,(anonymous_1)
FN:175,(anonymous_2)
FN:179,(anonymous_3)
FN:183,(anonymous_4)
FN:193,(anonymous_5)
FN:205,(anonymous_6)
FN:254,(anonymous_7)
FN:258,(anonymous_8)
FN:262,(anonymous_9)
FN:263,(anonymous_10)
FN:266,(anonymous_11)
FN:267,(anonymous_12)
FN:270,(anonymous_13)
FN:275,(anonymous_14)
FN:282,(anonymous_15)
FN:285,(anonymous_16)
FN:288,(anonymous_17)
FN:290,(anonymous_18)
FN:296,(anonymous_19)
FN:301,(anonymous_20)
FN:302,(anonymous_21)
FN:305,(anonymous_22)
FNF:23
FNH:0
FNDA:0,(anonymous_0)
FNDA:0,(anonymous_1)
FNDA:0,(anonymous_2)
FNDA:0,(anonymous_3)
FNDA:0,(anonymous_4)
FNDA:0,(anonymous_5)
FNDA:0,(anonymous_6)
FNDA:0,(anonymous_7)
FNDA:0,(anonymous_8)
FNDA:0,(anonymous_9)
FNDA:0,(anonymous_10)
FNDA:0,(anonymous_11)
FNDA:0,(anonymous_12)
FNDA:0,(anonymous_13)
FNDA:0,(anonymous_14)
FNDA:0,(anonymous_15)
FNDA:0,(anonymous_16)
FNDA:0,(anonymous_17)
FNDA:0,(anonymous_18)
FNDA:0,(anonymous_19)
FNDA:0,(anonymous_20)
FNDA:0,(anonymous_21)
FNDA:0,(anonymous_22)
DA:21,0
DA:22,0
DA:25,0
DA:29,0
DA:33,0
DA:176,0
DA:178,0
DA:179,0
DA:181,0
DA:182,0
DA:183,0
DA:185,0
DA:186,0
DA:188,0
DA:189,0
DA:194,0
DA:195,0
DA:196,0
DA:199,0
DA:201,0
DA:203,0
DA:204,0
DA:205,0
DA:207,0
DA:216,0
DA:218,0
DA:220,0
DA:221,0
DA:222,0
DA:228,0
DA:229,0
DA:231,0
DA:234,0
DA:236,0
DA:237,0
DA:238,0
DA:240,0
DA:241,0
DA:244,0
DA:250,0
DA:255,0
DA:259,0
DA:263,0
DA:267,0
DA:271,0
DA:272,0
DA:276,0
DA:277,0
DA:278,0
DA:283,0
DA:284,0
DA:285,0
DA:289,0
DA:290,0
DA:291,0
DA:293,0
DA:297,0
DA:298,0
DA:302,0
DA:303,0
DA:305,0
DA:306,0
DA:307,0
DA:308,0
DA:309,0
DA:310,0
DA:311,0
LF:67
LH:0
BRDA:29,0,0,0
BRDA:29,0,1,0
BRDA:194,1,0,0
BRDA:194,1,1,0
BRDA:220,2,0,0
BRDA:220,2,1,0
BRDA:236,3,0,0
BRDA:236,3,1,0
BRDA:236,4,0,0
BRDA:236,4,1,0
BRDA:276,5,0,0
BRDA:276,5,1,0
BRDA:298,6,0,0
BRDA:298,6,1,0
BRDA:301,7,0,0
BRDA:306,8,0,0
BRDA:306,8,1,0
BRDA:309,9,0,0
BRDA:309,9,1,0
BRF:19
BRH:0
end_of_record
TN:
SF:src/shell/services/ServiceHealthMonitor.ts
FN:46,(anonymous_0)
FN:52,(anonymous_1)
FN:62,(anonymous_2)
FN:67,(anonymous_3)
FN:72,(anonymous_4)
FN:81,(anonymous_5)
FN:84,(anonymous_6)
FN:91,(anonymous_7)
FN:137,(anonymous_8)
FN:142,(anonymous_9)
FN:185,(anonymous_10)
FN:204,(anonymous_11)
FN:233,(anonymous_12)
FN:242,(anonymous_13)
FN:244,(anonymous_14)
FN:270,(anonymous_15)
FN:289,(anonymous_16)
FN:293,(anonymous_17)
FN:306,(anonymous_18)
FN:310,(anonymous_19)
FN:316,(anonymous_20)
FN:320,(anonymous_21)
FN:321,(anonymous_22)
FN:325,(anonymous_23)
FN:328,(anonymous_24)
FN:332,(anonymous_25)
FN:333,(anonymous_26)
FN:336,(anonymous_27)
FN:340,(anonymous_28)
FN:352,(anonymous_29)
FN:363,(anonymous_30)
FN:364,(anonymous_31)
FN:365,(anonymous_32)
FN:366,(anonymous_33)
FN:371,(anonymous_34)
FN:375,(anonymous_35)
FN:379,(anonymous_36)
FN:384,(anonymous_37)
FNF:38
FNH:0
FNDA:0,(anonymous_0)
FNDA:0,(anonymous_1)
FNDA:0,(anonymous_2)
FNDA:0,(anonymous_3)
FNDA:0,(anonymous_4)
FNDA:0,(anonymous_5)
FNDA:0,(anonymous_6)
FNDA:0,(anonymous_7)
FNDA:0,(anonymous_8)
FNDA:0,(anonymous_9)
FNDA:0,(anonymous_10)
FNDA:0,(anonymous_11)
FNDA:0,(anonymous_12)
FNDA:0,(anonymous_13)
FNDA:0,(anonymous_14)
FNDA:0,(anonymous_15)
FNDA:0,(anonymous_16)
FNDA:0,(anonymous_17)
FNDA:0,(anonymous_18)
FNDA:0,(anonymous_19)
FNDA:0,(anonymous_20)
FNDA:0,(anonymous_21)
FNDA:0,(anonymous_22)
FNDA:0,(anonymous_23)
FNDA:0,(anonymous_24)
FNDA:0,(anonymous_25)
FNDA:0,(anonymous_26)
FNDA:0,(anonymous_27)
FNDA:0,(anonymous_28)
FNDA:0,(anonymous_29)
FNDA:0,(anonymous_30)
FNDA:0,(anonymous_31)
FNDA:0,(anonymous_32)
FNDA:0,(anonymous_33)
FNDA:0,(anonymous_34)
FNDA:0,(anonymous_35)
FNDA:0,(anonymous_36)
FNDA:0,(anonymous_37)
DA:37,0
DA:38,0
DA:40,0
DA:41,0
DA:42,0
DA:43,0
DA:44,0
DA:47,0
DA:48,0
DA:53,0
DA:54,0
DA:56,0
DA:59,0
DA:62,0
DA:63,0
DA:67,0
DA:68,0
DA:73,0
DA:74,0
DA:75,0
DA:76,0
DA:78,0
DA:82,0
DA:84,0
DA:85,0
DA:88,0
DA:92,0
DA:95,0
DA:96,0
DA:98,0
DA:107,0
DA:111,0
DA:114,0
DA:117,0
DA:120,0
DA:122,0
DA:131,0
DA:132,0
DA:133,0
DA:138,0
DA:139,0
DA:141,0
DA:142,0
DA:144,0
DA:145,0
DA:154,0
DA:155,0
DA:157,0
DA:158,0
DA:159,0
DA:171,0
DA:174,0
DA:175,0
DA:177,0
DA:178,0
DA:181,0
DA:187,0
DA:190,0
DA:193,0
DA:196,0
DA:199,0
DA:201,0
DA:205,0
DA:207,0
DA:209,0
DA:210,0
DA:212,0
DA:213,0
DA:216,0
DA:217,0
DA:221,0
DA:228,0
DA:229,0
DA:234,0
DA:237,0
DA:238,0
DA:243,0
DA:244,0
DA:247,0
DA:249,0
DA:250,0
DA:251,0
DA:252,0
DA:256,0
DA:257,0
DA:261,0
DA:271,0
DA:280,0
DA:281,0
DA:284,0
DA:285,0
DA:290,0
DA:291,0
DA:293,0
DA:302,0
DA:308,0
DA:309,0
DA:310,0
DA:314,0
DA:315,0
DA:316,0
DA:321,0
DA:322,0
DA:326,0
DA:327,0
DA:328,0
DA:333,0
DA:337,0
DA:348,0
DA:349,0
DA:352,0
DA:353,0
DA:354,0
DA:355,0
DA:359,0
DA:361,0
DA:363,0
DA:364,0
DA:365,0
DA:366,0
DA:372,0
DA:376,0
DA:380,0
DA:382,0
DA:383,0
DA:384,0
DA:385,0
DA:388,0
LF:128
LH:0
BRDA:47,0,0,0
BRDA:47,0,1,0
BRDA:74,1,0,0
BRDA:74,1,1,0
BRDA:82,2,0,0
BRDA:82,2,1,0
BRDA:96,3,0,0
BRDA:96,3,1,0
BRDA:157,4,0,0
BRDA:157,4,1,0
BRDA:164,5,0,0
BRDA:164,5,1,0
BRDA:165,6,0,0
BRDA:165,6,1,0
BRDA:177,7,0,0
BRDA:177,7,1,0
BRDA:177,8,0,0
BRDA:177,8,1,0
BRDA:187,9,0,0
BRDA:187,9,1,0
BRDA:190,10,0,0
BRDA:190,10,1,0
BRDA:190,11,0,0
BRDA:190,11,1,0
BRDA:193,12,0,0
BRDA:193,12,1,0
BRDA:193,13,0,0
BRDA:193,13,1,0
BRDA:193,13,2,0
BRDA:196,14,0,0
BRDA:196,14,1,0
BRDA:196,15,0,0
BRDA:196,15,1,0
BRDA:199,16,0,0
BRDA:199,16,1,0
BRDA:199,17,0,0
BRDA:199,17,1,0
BRDA:207,18,0,0
BRDA:207,18,1,0
BRDA:207,18,2,0
BRDA:207,18,3,0
BRDA:228,19,0,0
BRDA:228,19,1,0
BRDA:237,20,0,0
BRDA:237,20,1,0
BRDA:244,21,0,0
BRDA:244,21,1,0
BRDA:247,22,0,0
BRDA:247,22,1,0
BRDA:249,23,0,0
BRDA:249,23,1,0
BRDA:256,24,0,0
BRDA:256,24,1,0
BRDA:257,25,0,0
BRDA:257,25,1,0
BRDA:258,26,0,0
BRDA:258,26,1,0
BRDA:284,27,0,0
BRDA:284,27,1,0
BRDA:290,28,0,0
BRDA:290,28,1,0
BRDA:316,29,0,0
BRDA:316,29,1,0
BRDA:322,30,0,0
BRDA:322,30,1,0
BRDA:325,31,0,0
BRDA:354,32,0,0
BRDA:354,32,1,0
BRDA:354,33,0,0
BRDA:354,33,1,0
BRDA:382,34,0,0
BRDA:382,34,1,0
BRDA:382,35,0,0
BRDA:382,35,1,0
BRF:74
BRH:0
end_of_record
TN:
SF:src/types/AutonomousDisplayTypes.ts
FNF:0
FNH:0
LF:0
LH:0
BRF:0
BRH:0
end_of_record
TN:
SF:src/types/investigation.ts
FNF:0
FNH:0
LF:0
LH:0
BRF:0
BRH:0
end_of_record
TN:
SF:src/utils/security.ts
FN:36,(anonymous_0)
FN:43,(anonymous_1)
FN:67,(anonymous_2)
FN:84,(anonymous_3)
FN:97,(anonymous_4)
FN:121,(anonymous_5)
FN:155,(anonymous_6)
FN:190,(anonymous_7)
FN:236,(anonymous_8)
FN:265,(anonymous_9)
FN:317,(anonymous_10)
FN:320,(anonymous_11)
FN:332,(anonymous_12)
FN:351,(anonymous_13)
FN:367,(anonymous_14)
FN:375,(anonymous_15)
FN:383,(anonymous_16)
FN:398,(anonymous_17)
FN:408,(anonymous_18)
FN:414,(anonymous_19)
FN:419,(anonymous_20)
FN:424,(anonymous_21)
FN:429,(anonymous_22)
FN:445,(anonymous_23)
FN:446,(anonymous_24)
FN:463,(anonymous_25)
FN:489,(anonymous_26)
FN:503,(anonymous_27)
FN:531,(anonymous_28)
FN:533,(anonymous_29)
FN:546,(anonymous_30)
FN:558,(anonymous_31)
FN:572,(anonymous_32)
FNF:33
FNH:0
FNDA:0,(anonymous_0)
FNDA:0,(anonymous_1)
FNDA:0,(anonymous_2)
FNDA:0,(anonymous_3)
FNDA:0,(anonymous_4)
FNDA:0,(anonymous_5)
FNDA:0,(anonymous_6)
FNDA:0,(anonymous_7)
FNDA:0,(anonymous_8)
FNDA:0,(anonymous_9)
FNDA:0,(anonymous_10)
FNDA:0,(anonymous_11)
FNDA:0,(anonymous_12)
FNDA:0,(anonymous_13)
FNDA:0,(anonymous_14)
FNDA:0,(anonymous_15)
FNDA:0,(anonymous_16)
FNDA:0,(anonymous_17)
FNDA:0,(anonymous_18)
FNDA:0,(anonymous_19)
FNDA:0,(anonymous_20)
FNDA:0,(anonymous_21)
FNDA:0,(anonymous_22)
FNDA:0,(anonymous_23)
FNDA:0,(anonymous_24)
FNDA:0,(anonymous_25)
FNDA:0,(anonymous_26)
FNDA:0,(anonymous_27)
FNDA:0,(anonymous_28)
FNDA:0,(anonymous_29)
FNDA:0,(anonymous_30)
FNDA:0,(anonymous_31)
FNDA:0,(anonymous_32)
DA:22,0
DA:34,0
DA:37,0
DA:47,0
DA:48,0
DA:51,0
DA:61,0
DA:68,0
DA:69,0
DA:73,0
DA:85,0
DA:86,0
DA:89,0
DA:90,0
DA:91,0
DA:92,0
DA:96,0
DA:97,0
DA:98,0
DA:102,0
DA:103,0
DA:104,0
DA:108,0
DA:110,0
DA:111,0
DA:122,0
DA:124,0
DA:125,0
DA:128,0
DA:129,0
DA:132,0
DA:133,0
DA:137,0
DA:143,0
DA:144,0
DA:145,0
DA:149,0
DA:156,0
DA:157,0
DA:160,0
DA:161,0
DA:164,0
DA:165,0
DA:169,0
DA:170,0
DA:171,0
DA:175,0
DA:180,0
DA:181,0
DA:184,0
DA:196,0
DA:197,0
DA:199,0
DA:200,0
DA:209,0
DA:210,0
DA:211,0
DA:212,0
DA:214,0
DA:218,0
DA:219,0
DA:221,0
DA:222,0
DA:224,0
DA:225,0
DA:227,0
DA:228,0
DA:231,0
DA:236,0
DA:237,0
DA:238,0
DA:243,0
DA:244,0
DA:245,0
DA:246,0
DA:249,0
DA:254,0
DA:277,0
DA:279,0
DA:280,0
DA:284,0
DA:292,0
DA:293,0
DA:294,0
DA:299,0
DA:300,0
DA:301,0
DA:303,0
DA:306,0
DA:312,0
DA:318,0
DA:319,0
DA:320,0
DA:321,0
DA:324,0
DA:326,0
DA:333,0
DA:334,0
DA:338,0
DA:339,0
DA:340,0
DA:341,0
DA:345,0
DA:352,0
DA:361,0
DA:362,0
DA:368,0
DA:369,0
DA:376,0
DA:377,0
DA:384,0
DA:385,0
DA:386,0
DA:389,0
DA:390,0
DA:392,0
DA:399,0
DA:400,0
DA:401,0
DA:402,0
DA:410,0
DA:412,0
DA:414,0
DA:415,0
DA:416,0
DA:419,0
DA:420,0
DA:424,0
DA:425,0
DA:429,0
DA:430,0
DA:431,0
DA:432,0
DA:434,0
DA:446,0
DA:447,0
DA:474,0
DA:477,0
DA:478,0
DA:490,0
DA:498,0
DA:504,0
DA:505,0
DA:508,0
DA:509,0
DA:513,0
DA:516,0
DA:519,0
DA:522,0
DA:524,0
DA:525,0
DA:533,0
DA:535,0
DA:539,0
DA:540,0
DA:544,0
DA:545,0
DA:546,0
DA:547,0
DA:548,0
DA:549,0
DA:551,0
DA:564,0
DA:573,0
DA:574,0
DA:575,0
DA:578,0
DA:579,0
DA:580,0
DA:582,0
LF:170
LH:0
BRDA:47,0,0,0
BRDA:47,0,1,0
BRDA:52,1,0,0
BRDA:52,1,1,0
BRDA:55,2,0,0
BRDA:55,2,1,0
BRDA:68,3,0,0
BRDA:68,3,1,0
BRDA:90,4,0,0
BRDA:90,4,1,0
BRDA:96,5,0,0
BRDA:96,5,1,0
BRDA:98,6,0,0
BRDA:98,6,1,0
BRDA:102,7,0,0
BRDA:102,7,1,0
BRDA:102,8,0,0
BRDA:102,8,1,0
BRDA:124,9,0,0
BRDA:124,9,1,0
BRDA:128,10,0,0
BRDA:128,10,1,0
BRDA:132,11,0,0
BRDA:132,11,1,0
BRDA:144,12,0,0
BRDA:144,12,1,0
BRDA:156,13,0,0
BRDA:156,13,1,0
BRDA:160,14,0,0
BRDA:160,14,1,0
BRDA:164,15,0,0
BRDA:164,15,1,0
BRDA:170,16,0,0
BRDA:170,16,1,0
BRDA:180,17,0,0
BRDA:180,17,1,0
BRDA:199,18,0,0
BRDA:199,18,1,0
BRDA:209,19,0,0
BRDA:209,19,1,0
BRDA:211,20,0,0
BRDA:211,20,1,0
BRDA:218,21,0,0
BRDA:218,21,1,0
BRDA:221,22,0,0
BRDA:221,22,1,0
BRDA:224,23,0,0
BRDA:224,23,1,0
BRDA:227,24,0,0
BRDA:227,24,1,0
BRDA:236,25,0,0
BRDA:236,25,1,0
BRDA:243,26,0,0
BRDA:243,26,1,0
BRDA:244,27,0,0
BRDA:244,27,1,0
BRDA:245,28,0,0
BRDA:245,28,1,0
BRDA:249,29,0,0
BRDA:249,29,1,0
BRDA:249,29,2,0
BRDA:249,29,3,0
BRDA:256,30,0,0
BRDA:256,30,1,0
BRDA:267,31,0,0
BRDA:274,32,0,0
BRDA:275,33,0,0
BRDA:276,34,0,0
BRDA:279,35,0,0
BRDA:279,35,1,0
BRDA:293,36,0,0
BRDA:293,36,1,0
BRDA:300,37,0,0
BRDA:300,37,1,0
BRDA:333,38,0,0
BRDA:333,38,1,0
BRDA:339,39,0,0
BRDA:339,39,1,0
BRDA:351,40,0,0
BRDA:385,41,0,0
BRDA:385,41,1,0
BRDA:415,42,0,0
BRDA:415,42,1,0
BRDA:430,43,0,0
BRDA:430,43,1,0
BRDA:477,44,0,0
BRDA:477,44,1,0
BRDA:504,45,0,0
BRDA:504,45,1,0
BRDA:508,46,0,0
BRDA:508,46,1,0
BRDA:539,47,0,0
BRDA:539,47,1,0
BRDA:547,48,0,0
BRDA:547,48,1,0
BRDA:547,49,0,0
BRDA:547,49,1,0
BRDA:574,50,0,0
BRDA:574,50,1,0
BRF:99
BRH:0
end_of_record
